[ 25%] [32mBuilding CXX object CMakeFiles/imu_node.dir/src/imu_node.cpp.o[0m
[ 75%] Built target encoder_node
[100%] [32m[1mLinking CXX executable imu_node[0m
[100%] Built target imu_node
-- Install configuration: ""
-- Installing: /home/skulikk/robot/src/install/sensors_pkg/lib/sensors_pkg/imu_node
-- Set runtime path of "/home/skulikk/robot/src/install/sensors_pkg/lib/sensors_pkg/imu_node" to ""
-- Up-to-date: /home/skulikk/robot/src/install/sensors_pkg/lib/sensors_pkg/encoder_node
-- Up-to-date: /home/skulikk/robot/src/install/sensors_pkg/share/ament_index/resource_index/package_run_dependencies/sensors_pkg
-- Up-to-date: /home/skulikk/robot/src/install/sensors_pkg/share/ament_index/resource_index/parent_prefix_path/sensors_pkg
-- Up-to-date: /home/skulikk/robot/src/install/sensors_pkg/share/sensors_pkg/environment/ament_prefix_path.sh
-- Up-to-date: /home/skulikk/robot/src/install/sensors_pkg/share/sensors_pkg/environment/ament_prefix_path.dsv
-- Up-to-date: /home/skulikk/robot/src/install/sensors_pkg/share/sensors_pkg/environment/path.sh
-- Up-to-date: /home/skulikk/robot/src/install/sensors_pkg/share/sensors_pkg/environment/path.dsv
-- Up-to-date: /home/skulikk/robot/src/install/sensors_pkg/share/sensors_pkg/local_setup.bash
-- Up-to-date: /home/skulikk/robot/src/install/sensors_pkg/share/sensors_pkg/local_setup.sh
-- Up-to-date: /home/skulikk/robot/src/install/sensors_pkg/share/sensors_pkg/local_setup.zsh
-- Up-to-date: /home/skulikk/robot/src/install/sensors_pkg/share/sensors_pkg/local_setup.dsv
-- Installing: /home/skulikk/robot/src/install/sensors_pkg/share/sensors_pkg/package.dsv
-- Up-to-date: /home/skulikk/robot/src/install/sensors_pkg/share/ament_index/resource_index/packages/sensors_pkg
-- Up-to-date: /home/skulikk/robot/src/install/sensors_pkg/share/sensors_pkg/cmake/sensors_pkgConfig.cmake
-- Up-to-date: /home/skulikk/robot/src/install/sensors_pkg/share/sensors_pkg/cmake/sensors_pkgConfig-version.cmake
-- Up-to-date: /home/skulikk/robot/src/install/sensors_pkg/share/sensors_pkg/package.xml
