[0.682s] DEBUG:colcon:Command line arguments: ['/usr/bin/colcon', 'build', '--symlink-install']
[0.683s] DEBUG:colcon:Parsed command line arguments: Namespace(log_base=None, log_level=None, verb_name='build', build_base='build', install_base='install', merge_install=False, symlink_install=True, test_result_base=None, continue_on_error=False, executor='parallel', parallel_workers=4, event_handlers=None, ignore_user_meta=False, metas=['./colcon.meta'], base_paths=['.'], packages_ignore=None, packages_ignore_regex=None, paths=None, packages_up_to=None, packages_up_to_regex=None, packages_above=None, packages_above_and_dependencies=None, packages_above_depth=None, packages_select_by_dep=None, packages_skip_by_dep=None, packages_skip_up_to=None, packages_select_build_failed=False, packages_skip_build_finished=False, packages_select_test_failures=False, packages_skip_test_passed=False, packages_select=None, packages_skip=None, packages_select_regex=None, packages_skip_regex=None, packages_start=None, packages_end=None, allow_overriding=[], cmake_args=None, cmake_target=None, cmake_target_skip_unavailable=False, cmake_clean_cache=False, cmake_clean_first=False, cmake_force_configure=False, ament_cmake_args=None, catkin_cmake_args=None, catkin_skip_building_tests=False, verb_parser=<colcon_defaults.argument_parser.defaults.DefaultArgumentsDecorator object at 0xffffa199df90>, verb_extension=<colcon_core.verb.build.BuildVerb object at 0xffffa1aab400>, main=<bound method BuildVerb.main of <colcon_core.verb.build.BuildVerb object at 0xffffa1aab400>>)
[1.440s] Level 1:colcon.colcon_core.package_discovery:discover_packages(colcon_meta) check parameters
[1.441s] Level 1:colcon.colcon_core.package_discovery:discover_packages(recursive) check parameters
[1.441s] Level 1:colcon.colcon_core.package_discovery:discover_packages(ignore) check parameters
[1.441s] Level 1:colcon.colcon_core.package_discovery:discover_packages(path) check parameters
[1.441s] Level 1:colcon.colcon_core.package_discovery:discover_packages(colcon_meta) discover
[1.441s] Level 1:colcon.colcon_core.package_discovery:discover_packages(recursive) discover
[1.442s] INFO:colcon.colcon_core.package_discovery:Crawling recursively for packages in '/home/skulikk/robot'
[1.442s] Level 1:colcon.colcon_core.package_identification:_identify(.) by extensions ['ignore', 'ignore_ament_install']
[1.442s] Level 1:colcon.colcon_core.package_identification:_identify(.) by extension 'ignore'
[1.443s] Level 1:colcon.colcon_core.package_identification:_identify(.) by extension 'ignore_ament_install'
[1.443s] Level 1:colcon.colcon_core.package_identification:_identify(.) by extensions ['colcon_pkg']
[1.443s] Level 1:colcon.colcon_core.package_identification:_identify(.) by extension 'colcon_pkg'
[1.443s] Level 1:colcon.colcon_core.package_identification:_identify(.) by extensions ['colcon_meta']
[1.444s] Level 1:colcon.colcon_core.package_identification:_identify(.) by extension 'colcon_meta'
[1.444s] Level 1:colcon.colcon_core.package_identification:_identify(.) by extensions ['ros']
[1.444s] Level 1:colcon.colcon_core.package_identification:_identify(.) by extension 'ros'
[1.490s] Level 1:colcon.colcon_core.package_identification:_identify(.) by extensions ['cmake', 'python']
[1.490s] Level 1:colcon.colcon_core.package_identification:_identify(.) by extension 'cmake'
[1.490s] Level 1:colcon.colcon_core.package_identification:_identify(.) by extension 'python'
[1.490s] Level 1:colcon.colcon_core.package_identification:_identify(.) by extensions ['python_setup_py']
[1.490s] Level 1:colcon.colcon_core.package_identification:_identify(.) by extension 'python_setup_py'
[1.491s] Level 1:colcon.colcon_core.package_identification:_identify(build) by extensions ['ignore', 'ignore_ament_install']
[1.491s] Level 1:colcon.colcon_core.package_identification:_identify(build) by extension 'ignore'
[1.492s] Level 1:colcon.colcon_core.package_identification:_identify(build) ignored
[1.492s] Level 1:colcon.colcon_core.package_identification:_identify(install) by extensions ['ignore', 'ignore_ament_install']
[1.493s] Level 1:colcon.colcon_core.package_identification:_identify(install) by extension 'ignore'
[1.493s] Level 1:colcon.colcon_core.package_identification:_identify(install) ignored
[1.493s] Level 1:colcon.colcon_core.package_identification:_identify(log) by extensions ['ignore', 'ignore_ament_install']
[1.494s] Level 1:colcon.colcon_core.package_identification:_identify(log) by extension 'ignore'
[1.494s] Level 1:colcon.colcon_core.package_identification:_identify(log) ignored
[1.494s] Level 1:colcon.colcon_core.package_identification:_identify(src) by extensions ['ignore', 'ignore_ament_install']
[1.495s] Level 1:colcon.colcon_core.package_identification:_identify(src) by extension 'ignore'
[1.495s] Level 1:colcon.colcon_core.package_identification:_identify(src) by extension 'ignore_ament_install'
[1.495s] Level 1:colcon.colcon_core.package_identification:_identify(src) by extensions ['colcon_pkg']
[1.495s] Level 1:colcon.colcon_core.package_identification:_identify(src) by extension 'colcon_pkg'
[1.496s] Level 1:colcon.colcon_core.package_identification:_identify(src) by extensions ['colcon_meta']
[1.496s] Level 1:colcon.colcon_core.package_identification:_identify(src) by extension 'colcon_meta'
[1.496s] Level 1:colcon.colcon_core.package_identification:_identify(src) by extensions ['ros']
[1.496s] Level 1:colcon.colcon_core.package_identification:_identify(src) by extension 'ros'
[1.496s] Level 1:colcon.colcon_core.package_identification:_identify(src) by extensions ['cmake', 'python']
[1.497s] Level 1:colcon.colcon_core.package_identification:_identify(src) by extension 'cmake'
[1.497s] Level 1:colcon.colcon_core.package_identification:_identify(src) by extension 'python'
[1.497s] Level 1:colcon.colcon_core.package_identification:_identify(src) by extensions ['python_setup_py']
[1.497s] Level 1:colcon.colcon_core.package_identification:_identify(src) by extension 'python_setup_py'
[1.498s] Level 1:colcon.colcon_core.package_identification:_identify(src/build) by extensions ['ignore', 'ignore_ament_install']
[1.498s] Level 1:colcon.colcon_core.package_identification:_identify(src/build) by extension 'ignore'
[1.498s] Level 1:colcon.colcon_core.package_identification:_identify(src/build) ignored
[1.499s] Level 1:colcon.colcon_core.package_identification:_identify(src/control_pkg) by extensions ['ignore', 'ignore_ament_install']
[1.499s] Level 1:colcon.colcon_core.package_identification:_identify(src/control_pkg) by extension 'ignore'
[1.499s] Level 1:colcon.colcon_core.package_identification:_identify(src/control_pkg) by extension 'ignore_ament_install'
[1.500s] Level 1:colcon.colcon_core.package_identification:_identify(src/control_pkg) by extensions ['colcon_pkg']
[1.500s] Level 1:colcon.colcon_core.package_identification:_identify(src/control_pkg) by extension 'colcon_pkg'
[1.500s] Level 1:colcon.colcon_core.package_identification:_identify(src/control_pkg) by extensions ['colcon_meta']
[1.500s] Level 1:colcon.colcon_core.package_identification:_identify(src/control_pkg) by extension 'colcon_meta'
[1.500s] Level 1:colcon.colcon_core.package_identification:_identify(src/control_pkg) by extensions ['ros']
[1.501s] Level 1:colcon.colcon_core.package_identification:_identify(src/control_pkg) by extension 'ros'
[1.515s] DEBUG:colcon.colcon_core.package_identification:Package 'src/control_pkg' with type 'ros.ament_cmake' and name 'control_pkg'
[1.516s] Level 1:colcon.colcon_core.package_identification:_identify(src/install) by extensions ['ignore', 'ignore_ament_install']
[1.516s] Level 1:colcon.colcon_core.package_identification:_identify(src/install) by extension 'ignore'
[1.516s] Level 1:colcon.colcon_core.package_identification:_identify(src/install) ignored
[1.517s] Level 1:colcon.colcon_core.package_identification:_identify(src/log) by extensions ['ignore', 'ignore_ament_install']
[1.518s] Level 1:colcon.colcon_core.package_identification:_identify(src/log) by extension 'ignore'
[1.518s] Level 1:colcon.colcon_core.package_identification:_identify(src/log) ignored
[1.519s] Level 1:colcon.colcon_core.package_identification:_identify(src/sensors_pkg) by extensions ['ignore', 'ignore_ament_install']
[1.519s] Level 1:colcon.colcon_core.package_identification:_identify(src/sensors_pkg) by extension 'ignore'
[1.520s] Level 1:colcon.colcon_core.package_identification:_identify(src/sensors_pkg) by extension 'ignore_ament_install'
[1.520s] Level 1:colcon.colcon_core.package_identification:_identify(src/sensors_pkg) by extensions ['colcon_pkg']
[1.520s] Level 1:colcon.colcon_core.package_identification:_identify(src/sensors_pkg) by extension 'colcon_pkg'
[1.520s] Level 1:colcon.colcon_core.package_identification:_identify(src/sensors_pkg) by extensions ['colcon_meta']
[1.520s] Level 1:colcon.colcon_core.package_identification:_identify(src/sensors_pkg) by extension 'colcon_meta'
[1.521s] Level 1:colcon.colcon_core.package_identification:_identify(src/sensors_pkg) by extensions ['ros']
[1.521s] Level 1:colcon.colcon_core.package_identification:_identify(src/sensors_pkg) by extension 'ros'
[1.524s] DEBUG:colcon.colcon_core.package_identification:Package 'src/sensors_pkg' with type 'ros.ament_cmake' and name 'sensors_pkg'
[1.524s] Level 1:colcon.colcon_core.package_discovery:discover_packages(recursive) using defaults
[1.524s] Level 1:colcon.colcon_core.package_discovery:discover_packages(ignore) discover
[1.524s] Level 1:colcon.colcon_core.package_discovery:discover_packages(ignore) using defaults
[1.524s] Level 1:colcon.colcon_core.package_discovery:discover_packages(path) discover
[1.524s] Level 1:colcon.colcon_core.package_discovery:discover_packages(path) using defaults
[1.613s] Level 1:colcon.colcon_core.package_discovery:discover_packages(prefix_path) check parameters
[1.613s] Level 1:colcon.colcon_core.package_discovery:discover_packages(prefix_path) discover
[1.625s] DEBUG:colcon.colcon_installed_package_information.package_discovery:Found 2 installed packages in /home/skulikk/robot/install
[1.633s] DEBUG:colcon.colcon_installed_package_information.package_discovery:Found 224 installed packages in /opt/ros/humble
[1.638s] Level 1:colcon.colcon_core.package_discovery:discover_packages(prefix_path) using defaults
[1.808s] Level 5:colcon.colcon_core.verb:set package 'control_pkg' build argument 'cmake_args' from command line to 'None'
[1.809s] Level 5:colcon.colcon_core.verb:set package 'control_pkg' build argument 'cmake_target' from command line to 'None'
[1.809s] Level 5:colcon.colcon_core.verb:set package 'control_pkg' build argument 'cmake_target_skip_unavailable' from command line to 'False'
[1.809s] Level 5:colcon.colcon_core.verb:set package 'control_pkg' build argument 'cmake_clean_cache' from command line to 'False'
[1.809s] Level 5:colcon.colcon_core.verb:set package 'control_pkg' build argument 'cmake_clean_first' from command line to 'False'
[1.809s] Level 5:colcon.colcon_core.verb:set package 'control_pkg' build argument 'cmake_force_configure' from command line to 'False'
[1.809s] Level 5:colcon.colcon_core.verb:set package 'control_pkg' build argument 'ament_cmake_args' from command line to 'None'
[1.809s] Level 5:colcon.colcon_core.verb:set package 'control_pkg' build argument 'catkin_cmake_args' from command line to 'None'
[1.809s] Level 5:colcon.colcon_core.verb:set package 'control_pkg' build argument 'catkin_skip_building_tests' from command line to 'False'
[1.810s] DEBUG:colcon.colcon_core.verb:Building package 'control_pkg' with the following arguments: {'ament_cmake_args': None, 'build_base': '/home/skulikk/robot/build/control_pkg', 'catkin_cmake_args': None, 'catkin_skip_building_tests': False, 'cmake_args': None, 'cmake_clean_cache': False, 'cmake_clean_first': False, 'cmake_force_configure': False, 'cmake_target': None, 'cmake_target_skip_unavailable': False, 'install_base': '/home/skulikk/robot/install/control_pkg', 'merge_install': False, 'path': '/home/skulikk/robot/src/control_pkg', 'symlink_install': True, 'test_result_base': None}
[1.811s] Level 5:colcon.colcon_core.verb:set package 'sensors_pkg' build argument 'cmake_args' from command line to 'None'
[1.811s] Level 5:colcon.colcon_core.verb:set package 'sensors_pkg' build argument 'cmake_target' from command line to 'None'
[1.811s] Level 5:colcon.colcon_core.verb:set package 'sensors_pkg' build argument 'cmake_target_skip_unavailable' from command line to 'False'
[1.812s] Level 5:colcon.colcon_core.verb:set package 'sensors_pkg' build argument 'cmake_clean_cache' from command line to 'False'
[1.812s] Level 5:colcon.colcon_core.verb:set package 'sensors_pkg' build argument 'cmake_clean_first' from command line to 'False'
[1.812s] Level 5:colcon.colcon_core.verb:set package 'sensors_pkg' build argument 'cmake_force_configure' from command line to 'False'
[1.812s] Level 5:colcon.colcon_core.verb:set package 'sensors_pkg' build argument 'ament_cmake_args' from command line to 'None'
[1.812s] Level 5:colcon.colcon_core.verb:set package 'sensors_pkg' build argument 'catkin_cmake_args' from command line to 'None'
[1.812s] Level 5:colcon.colcon_core.verb:set package 'sensors_pkg' build argument 'catkin_skip_building_tests' from command line to 'False'
[1.812s] DEBUG:colcon.colcon_core.verb:Building package 'sensors_pkg' with the following arguments: {'ament_cmake_args': None, 'build_base': '/home/skulikk/robot/build/sensors_pkg', 'catkin_cmake_args': None, 'catkin_skip_building_tests': False, 'cmake_args': None, 'cmake_clean_cache': False, 'cmake_clean_first': False, 'cmake_force_configure': False, 'cmake_target': None, 'cmake_target_skip_unavailable': False, 'install_base': '/home/skulikk/robot/install/sensors_pkg', 'merge_install': False, 'path': '/home/skulikk/robot/src/sensors_pkg', 'symlink_install': True, 'test_result_base': None}
[1.813s] INFO:colcon.colcon_core.executor:Executing jobs using 'parallel' executor
[1.816s] DEBUG:colcon.colcon_parallel_executor.executor.parallel:run_until_complete
[1.817s] INFO:colcon.colcon_ros.task.ament_cmake.build:Building ROS package in '/home/skulikk/robot/src/control_pkg' with build type 'ament_cmake'
[1.818s] INFO:colcon.colcon_cmake.task.cmake.build:Building CMake package in '/home/skulikk/robot/src/control_pkg'
[1.831s] INFO:colcon.colcon_core.plugin_system:Skipping extension 'colcon_core.shell.bat': Not used on non-Windows systems
[1.832s] INFO:colcon.colcon_core.shell:Skip shell extension 'powershell' for command environment: Not usable outside of PowerShell
[1.832s] DEBUG:colcon.colcon_core.shell:Skip shell extension 'dsv' for command environment
[1.852s] INFO:colcon.colcon_ros.task.ament_cmake.build:Building ROS package in '/home/skulikk/robot/src/sensors_pkg' with build type 'ament_cmake'
[1.853s] INFO:colcon.colcon_cmake.task.cmake.build:Building CMake package in '/home/skulikk/robot/src/sensors_pkg'
[1.854s] INFO:colcon.colcon_core.shell:Skip shell extension 'powershell' for command environment: Not usable outside of PowerShell
[1.854s] DEBUG:colcon.colcon_core.shell:Skip shell extension 'dsv' for command environment
[1.893s] DEBUG:colcon.colcon_core.event_handler.log_command:Invoking command in '/home/skulikk/robot/build/control_pkg': CMAKE_PREFIX_PATH=${CMAKE_PREFIX_PATH}:/opt/ros/humble /usr/bin/cmake --build /home/skulikk/robot/build/control_pkg -- -j4 -l4
[1.933s] DEBUG:colcon.colcon_core.event_handler.log_command:Invoking command in '/home/skulikk/robot/build/sensors_pkg': CMAKE_PREFIX_PATH=${CMAKE_PREFIX_PATH}:/opt/ros/humble /usr/bin/cmake --build /home/skulikk/robot/build/sensors_pkg -- -j4 -l4
[2.656s] DEBUG:colcon.colcon_core.event_handler.log_command:Invoked command in '/home/skulikk/robot/build/control_pkg' returned '0': CMAKE_PREFIX_PATH=${CMAKE_PREFIX_PATH}:/opt/ros/humble /usr/bin/cmake --build /home/skulikk/robot/build/control_pkg -- -j4 -l4
[2.773s] DEBUG:colcon.colcon_core.event_handler.log_command:Invoking command in '/home/skulikk/robot/build/control_pkg': CMAKE_PREFIX_PATH=${CMAKE_PREFIX_PATH}:/opt/ros/humble /usr/bin/cmake --install /home/skulikk/robot/build/control_pkg
[3.158s] Level 1:colcon.colcon_core.environment:create_environment_scripts_only(control_pkg)
[3.163s] DEBUG:colcon.colcon_core.event_handler.log_command:Invoked command in '/home/skulikk/robot/build/control_pkg' returned '0': CMAKE_PREFIX_PATH=${CMAKE_PREFIX_PATH}:/opt/ros/humble /usr/bin/cmake --install /home/skulikk/robot/build/control_pkg
[3.197s] Level 1:colcon.colcon_core.environment:checking '/home/skulikk/robot/install/control_pkg' for CMake module files
[3.206s] Level 1:colcon.colcon_core.environment:checking '/home/skulikk/robot/install/control_pkg' for CMake config files
[3.215s] Level 1:colcon.colcon_core.shell:create_environment_hook('control_pkg', 'cmake_prefix_path')
[3.218s] INFO:colcon.colcon_core.shell:Creating environment hook '/home/skulikk/robot/install/control_pkg/share/control_pkg/hook/cmake_prefix_path.ps1'
[3.229s] INFO:colcon.colcon_core.shell:Creating environment descriptor '/home/skulikk/robot/install/control_pkg/share/control_pkg/hook/cmake_prefix_path.dsv'
[3.247s] INFO:colcon.colcon_core.shell:Creating environment hook '/home/skulikk/robot/install/control_pkg/share/control_pkg/hook/cmake_prefix_path.sh'
[3.257s] Level 1:colcon.colcon_core.environment:checking '/home/skulikk/robot/install/control_pkg/lib'
[3.260s] Level 1:colcon.colcon_core.environment:checking '/home/skulikk/robot/install/control_pkg/bin'
[3.261s] Level 1:colcon.colcon_core.environment:checking '/home/skulikk/robot/install/control_pkg/lib/pkgconfig/control_pkg.pc'
[3.264s] Level 1:colcon.colcon_core.environment:checking '/home/skulikk/robot/install/control_pkg/lib/python3.10/site-packages'
[3.267s] Level 1:colcon.colcon_core.environment:checking '/home/skulikk/robot/install/control_pkg/bin'
[3.270s] INFO:colcon.colcon_core.shell:Creating package script '/home/skulikk/robot/install/control_pkg/share/control_pkg/package.ps1'
[3.281s] INFO:colcon.colcon_core.shell:Creating package descriptor '/home/skulikk/robot/install/control_pkg/share/control_pkg/package.dsv'
[3.293s] INFO:colcon.colcon_core.shell:Creating package script '/home/skulikk/robot/install/control_pkg/share/control_pkg/package.sh'
[3.305s] INFO:colcon.colcon_core.shell:Creating package script '/home/skulikk/robot/install/control_pkg/share/control_pkg/package.bash'
[3.317s] INFO:colcon.colcon_core.shell:Creating package script '/home/skulikk/robot/install/control_pkg/share/control_pkg/package.zsh'
[3.328s] Level 1:colcon.colcon_core.environment:create_file_with_runtime_dependencies(/home/skulikk/robot/install/control_pkg/share/colcon-core/packages/control_pkg)
[3.338s] Level 1:colcon.colcon_core.environment:create_environment_scripts_only(control_pkg)
[3.341s] Level 1:colcon.colcon_core.environment:checking '/home/skulikk/robot/install/control_pkg' for CMake module files
[3.350s] Level 1:colcon.colcon_core.environment:checking '/home/skulikk/robot/install/control_pkg' for CMake config files
[3.358s] Level 1:colcon.colcon_core.shell:create_environment_hook('control_pkg', 'cmake_prefix_path')
[3.361s] INFO:colcon.colcon_core.shell:Creating environment hook '/home/skulikk/robot/install/control_pkg/share/control_pkg/hook/cmake_prefix_path.ps1'
[3.366s] INFO:colcon.colcon_core.shell:Creating environment descriptor '/home/skulikk/robot/install/control_pkg/share/control_pkg/hook/cmake_prefix_path.dsv'
[3.372s] INFO:colcon.colcon_core.shell:Creating environment hook '/home/skulikk/robot/install/control_pkg/share/control_pkg/hook/cmake_prefix_path.sh'
[3.380s] Level 1:colcon.colcon_core.environment:checking '/home/skulikk/robot/install/control_pkg/lib'
[3.382s] Level 1:colcon.colcon_core.environment:checking '/home/skulikk/robot/install/control_pkg/bin'
[3.383s] Level 1:colcon.colcon_core.environment:checking '/home/skulikk/robot/install/control_pkg/lib/pkgconfig/control_pkg.pc'
[3.386s] Level 1:colcon.colcon_core.environment:checking '/home/skulikk/robot/install/control_pkg/lib/python3.10/site-packages'
[3.389s] Level 1:colcon.colcon_core.environment:checking '/home/skulikk/robot/install/control_pkg/bin'
[3.392s] INFO:colcon.colcon_core.shell:Creating package script '/home/skulikk/robot/install/control_pkg/share/control_pkg/package.ps1'
[3.398s] INFO:colcon.colcon_core.shell:Creating package descriptor '/home/skulikk/robot/install/control_pkg/share/control_pkg/package.dsv'
[3.405s] INFO:colcon.colcon_core.shell:Creating package script '/home/skulikk/robot/install/control_pkg/share/control_pkg/package.sh'
[3.412s] INFO:colcon.colcon_core.shell:Creating package script '/home/skulikk/robot/install/control_pkg/share/control_pkg/package.bash'
[3.418s] INFO:colcon.colcon_core.shell:Creating package script '/home/skulikk/robot/install/control_pkg/share/control_pkg/package.zsh'
[3.425s] Level 1:colcon.colcon_core.environment:create_file_with_runtime_dependencies(/home/skulikk/robot/install/control_pkg/share/colcon-core/packages/control_pkg)
[22.532s] DEBUG:colcon.colcon_core.event_handler.log_command:Invoked command in '/home/skulikk/robot/build/sensors_pkg' returned '0': CMAKE_PREFIX_PATH=${CMAKE_PREFIX_PATH}:/opt/ros/humble /usr/bin/cmake --build /home/skulikk/robot/build/sensors_pkg -- -j4 -l4
[22.543s] DEBUG:colcon.colcon_core.event_handler.log_command:Invoking command in '/home/skulikk/robot/build/sensors_pkg': CMAKE_PREFIX_PATH=${CMAKE_PREFIX_PATH}:/opt/ros/humble /usr/bin/cmake --install /home/skulikk/robot/build/sensors_pkg
[22.876s] Level 1:colcon.colcon_core.environment:create_environment_scripts_only(sensors_pkg)
[22.877s] Level 1:colcon.colcon_core.environment:checking '/home/skulikk/robot/install/sensors_pkg' for CMake module files
[22.878s] DEBUG:colcon.colcon_core.event_handler.log_command:Invoked command in '/home/skulikk/robot/build/sensors_pkg' returned '0': CMAKE_PREFIX_PATH=${CMAKE_PREFIX_PATH}:/opt/ros/humble /usr/bin/cmake --install /home/skulikk/robot/build/sensors_pkg
[22.882s] Level 1:colcon.colcon_core.environment:checking '/home/skulikk/robot/install/sensors_pkg' for CMake config files
[22.889s] Level 1:colcon.colcon_core.shell:create_environment_hook('sensors_pkg', 'cmake_prefix_path')
[22.890s] INFO:colcon.colcon_core.shell:Creating environment hook '/home/skulikk/robot/install/sensors_pkg/share/sensors_pkg/hook/cmake_prefix_path.ps1'
[22.893s] INFO:colcon.colcon_core.shell:Creating environment descriptor '/home/skulikk/robot/install/sensors_pkg/share/sensors_pkg/hook/cmake_prefix_path.dsv'
[22.894s] INFO:colcon.colcon_core.shell:Creating environment hook '/home/skulikk/robot/install/sensors_pkg/share/sensors_pkg/hook/cmake_prefix_path.sh'
[22.898s] Level 1:colcon.colcon_core.environment:checking '/home/skulikk/robot/install/sensors_pkg/lib'
[22.898s] Level 1:colcon.colcon_core.shell:create_environment_hook('sensors_pkg', 'ld_library_path_lib')
[22.899s] INFO:colcon.colcon_core.shell:Creating environment hook '/home/skulikk/robot/install/sensors_pkg/share/sensors_pkg/hook/ld_library_path_lib.ps1'
[22.901s] INFO:colcon.colcon_core.shell:Creating environment descriptor '/home/skulikk/robot/install/sensors_pkg/share/sensors_pkg/hook/ld_library_path_lib.dsv'
[22.903s] INFO:colcon.colcon_core.shell:Creating environment hook '/home/skulikk/robot/install/sensors_pkg/share/sensors_pkg/hook/ld_library_path_lib.sh'
[22.905s] Level 1:colcon.colcon_core.environment:checking '/home/skulikk/robot/install/sensors_pkg/bin'
[22.906s] Level 1:colcon.colcon_core.environment:checking '/home/skulikk/robot/install/sensors_pkg/lib/pkgconfig/sensors_pkg.pc'
[22.907s] Level 1:colcon.colcon_core.environment:checking '/home/skulikk/robot/install/sensors_pkg/lib/python3.10/site-packages'
[22.907s] Level 1:colcon.colcon_core.environment:checking '/home/skulikk/robot/install/sensors_pkg/bin'
[22.909s] INFO:colcon.colcon_core.shell:Creating package script '/home/skulikk/robot/install/sensors_pkg/share/sensors_pkg/package.ps1'
[22.911s] INFO:colcon.colcon_core.shell:Creating package descriptor '/home/skulikk/robot/install/sensors_pkg/share/sensors_pkg/package.dsv'
[22.913s] INFO:colcon.colcon_core.shell:Creating package script '/home/skulikk/robot/install/sensors_pkg/share/sensors_pkg/package.sh'
[22.915s] INFO:colcon.colcon_core.shell:Creating package script '/home/skulikk/robot/install/sensors_pkg/share/sensors_pkg/package.bash'
[22.917s] INFO:colcon.colcon_core.shell:Creating package script '/home/skulikk/robot/install/sensors_pkg/share/sensors_pkg/package.zsh'
[22.919s] Level 1:colcon.colcon_core.environment:create_file_with_runtime_dependencies(/home/skulikk/robot/install/sensors_pkg/share/colcon-core/packages/sensors_pkg)
[22.922s] Level 1:colcon.colcon_core.environment:create_environment_scripts_only(sensors_pkg)
[22.923s] Level 1:colcon.colcon_core.environment:checking '/home/skulikk/robot/install/sensors_pkg' for CMake module files
[22.927s] Level 1:colcon.colcon_core.environment:checking '/home/skulikk/robot/install/sensors_pkg' for CMake config files
[22.935s] Level 1:colcon.colcon_core.shell:create_environment_hook('sensors_pkg', 'cmake_prefix_path')
[22.936s] INFO:colcon.colcon_core.shell:Creating environment hook '/home/skulikk/robot/install/sensors_pkg/share/sensors_pkg/hook/cmake_prefix_path.ps1'
[22.938s] INFO:colcon.colcon_core.shell:Creating environment descriptor '/home/skulikk/robot/install/sensors_pkg/share/sensors_pkg/hook/cmake_prefix_path.dsv'
[22.940s] INFO:colcon.colcon_core.shell:Creating environment hook '/home/skulikk/robot/install/sensors_pkg/share/sensors_pkg/hook/cmake_prefix_path.sh'
[22.943s] Level 1:colcon.colcon_core.environment:checking '/home/skulikk/robot/install/sensors_pkg/lib'
[22.944s] Level 1:colcon.colcon_core.shell:create_environment_hook('sensors_pkg', 'ld_library_path_lib')
[22.945s] INFO:colcon.colcon_core.shell:Creating environment hook '/home/skulikk/robot/install/sensors_pkg/share/sensors_pkg/hook/ld_library_path_lib.ps1'
[22.947s] INFO:colcon.colcon_core.shell:Creating environment descriptor '/home/skulikk/robot/install/sensors_pkg/share/sensors_pkg/hook/ld_library_path_lib.dsv'
[22.949s] INFO:colcon.colcon_core.shell:Creating environment hook '/home/skulikk/robot/install/sensors_pkg/share/sensors_pkg/hook/ld_library_path_lib.sh'
[22.951s] Level 1:colcon.colcon_core.environment:checking '/home/skulikk/robot/install/sensors_pkg/bin'
[22.951s] Level 1:colcon.colcon_core.environment:checking '/home/skulikk/robot/install/sensors_pkg/lib/pkgconfig/sensors_pkg.pc'
[22.952s] Level 1:colcon.colcon_core.environment:checking '/home/skulikk/robot/install/sensors_pkg/lib/python3.10/site-packages'
[22.953s] Level 1:colcon.colcon_core.environment:checking '/home/skulikk/robot/install/sensors_pkg/bin'
[22.954s] INFO:colcon.colcon_core.shell:Creating package script '/home/skulikk/robot/install/sensors_pkg/share/sensors_pkg/package.ps1'
[22.957s] INFO:colcon.colcon_core.shell:Creating package descriptor '/home/skulikk/robot/install/sensors_pkg/share/sensors_pkg/package.dsv'
[22.959s] INFO:colcon.colcon_core.shell:Creating package script '/home/skulikk/robot/install/sensors_pkg/share/sensors_pkg/package.sh'
[22.962s] INFO:colcon.colcon_core.shell:Creating package script '/home/skulikk/robot/install/sensors_pkg/share/sensors_pkg/package.bash'
[22.964s] INFO:colcon.colcon_core.shell:Creating package script '/home/skulikk/robot/install/sensors_pkg/share/sensors_pkg/package.zsh'
[22.967s] Level 1:colcon.colcon_core.environment:create_file_with_runtime_dependencies(/home/skulikk/robot/install/sensors_pkg/share/colcon-core/packages/sensors_pkg)
[22.968s] DEBUG:colcon.colcon_parallel_executor.executor.parallel:closing loop
[22.969s] DEBUG:colcon.colcon_parallel_executor.executor.parallel:loop closed
[22.970s] DEBUG:colcon.colcon_parallel_executor.executor.parallel:run_until_complete finished with '0'
[22.970s] DEBUG:colcon.colcon_core.event_reactor:joining thread
[22.991s] INFO:colcon.colcon_core.plugin_system:Skipping extension 'colcon_notification.desktop_notification.terminal_notifier': Not used on non-Darwin systems
[22.992s] INFO:colcon.colcon_core.plugin_system:Skipping extension 'colcon_notification.desktop_notification.win32': Not used on non-Windows systems
[22.992s] INFO:colcon.colcon_notification.desktop_notification:Sending desktop notification using 'notify2'
[23.030s] DEBUG:colcon.colcon_core.event_reactor:joined thread
[23.031s] INFO:colcon.colcon_core.shell:Creating prefix script '/home/skulikk/robot/install/local_setup.ps1'
[23.035s] INFO:colcon.colcon_core.shell:Creating prefix util module '/home/skulikk/robot/install/_local_setup_util_ps1.py'
[23.041s] INFO:colcon.colcon_core.shell:Creating prefix chain script '/home/skulikk/robot/install/setup.ps1'
[23.045s] INFO:colcon.colcon_core.shell:Creating prefix script '/home/skulikk/robot/install/local_setup.sh'
[23.048s] INFO:colcon.colcon_core.shell:Creating prefix util module '/home/skulikk/robot/install/_local_setup_util_sh.py'
[23.051s] INFO:colcon.colcon_core.shell:Creating prefix chain script '/home/skulikk/robot/install/setup.sh'
[23.056s] INFO:colcon.colcon_core.shell:Creating prefix script '/home/skulikk/robot/install/local_setup.bash'
[23.059s] INFO:colcon.colcon_core.shell:Creating prefix chain script '/home/skulikk/robot/install/setup.bash'
[23.063s] INFO:colcon.colcon_core.shell:Creating prefix script '/home/skulikk/robot/install/local_setup.zsh'
[23.066s] INFO:colcon.colcon_core.shell:Creating prefix chain script '/home/skulikk/robot/install/setup.zsh'
