[0.057s] Invoking command in '/home/skulikk/robot/build/sensors_pkg': CMAKE_PREFIX_PATH=${CMAKE_PREFIX_PATH}:/opt/ros/humble /usr/bin/cmake --build /home/skulikk/robot/build/sensors_pkg -- -j4 -l4
[0.413s] [  2%] Built target sensors_pkg__cpp
[0.442s] [ 11%] Built target sensors_pkg__rosidl_generator_c
[0.568s] [ 11%] Built target ament_cmake_python_symlink_sensors_pkg
[0.635s] [ 17%] Built target imu_node
[0.860s] [ 25%] Built target sensors_pkg__rosidl_typesupport_fastrtps_cpp
[0.896s] [ 34%] Built target sensors_pkg__rosidl_typesupport_cpp
[0.983s] [ 42%] Built target sensors_pkg__rosidl_typesupport_c
[1.039s] [ 51%] Built target sensors_pkg__rosidl_typesupport_introspection_c
[1.402s] [ 60%] Built target sensors_pkg__rosidl_typesupport_introspection_cpp
[1.440s] [ 68%] Built target sensors_pkg__rosidl_typesupport_fastrtps_c
[1.704s] [ 68%] Built target sensors_pkg
[1.938s] [35m[1mConsolidate compiler generated dependencies of target encoder_node[0m
[2.098s] [ 71%] Built target sensors_pkg__py
[2.389s] [ 77%] Built target encoder_node
[2.498s] [ 82%] Built target sensors_pkg__rosidl_generator_py
[2.939s] [ 88%] Built target sensors_pkg__rosidl_typesupport_introspection_c__pyext
[2.960s] [ 94%] Built target sensors_pkg__rosidl_typesupport_fastrtps_c__pyext
[3.111s] [100%] Built target sensors_pkg__rosidl_typesupport_c__pyext
[5.034s] running egg_info
[5.043s] writing sensors_pkg.egg-info/PKG-INFO
[5.046s] writing dependency_links to sensors_pkg.egg-info/dependency_links.txt
[5.048s] writing top-level names to sensors_pkg.egg-info/top_level.txt
[5.072s] reading manifest file 'sensors_pkg.egg-info/SOURCES.txt'
[5.080s] writing manifest file 'sensors_pkg.egg-info/SOURCES.txt'
[5.371s] [100%] Built target ament_cmake_python_build_sensors_pkg_egg
[5.516s] Invoked command in '/home/skulikk/robot/build/sensors_pkg' returned '0': CMAKE_PREFIX_PATH=${CMAKE_PREFIX_PATH}:/opt/ros/humble /usr/bin/cmake --build /home/skulikk/robot/build/sensors_pkg -- -j4 -l4
[5.636s] Invoking command in '/home/skulikk/robot/build/sensors_pkg': CMAKE_PREFIX_PATH=${CMAKE_PREFIX_PATH}:/opt/ros/humble /usr/bin/cmake --install /home/skulikk/robot/build/sensors_pkg
[5.745s] -- Install configuration: ""
[5.754s] -- Execute custom install script
[5.758s] -- Up-to-date symlink: /home/skulikk/robot/install/sensors_pkg/share/ament_index/resource_index/rosidl_interfaces/sensors_pkg
[5.762s] -- Up-to-date symlink: /home/skulikk/robot/install/sensors_pkg/include/sensors_pkg/sensors_pkg/msg/detail/encoder_data__functions.h
[5.765s] -- Up-to-date symlink: /home/skulikk/robot/install/sensors_pkg/include/sensors_pkg/sensors_pkg/msg/detail/encoder_data__struct.h
[5.771s] -- Up-to-date symlink: /home/skulikk/robot/install/sensors_pkg/include/sensors_pkg/sensors_pkg/msg/detail/encoder_data__type_support.h
[5.775s] -- Up-to-date symlink: /home/skulikk/robot/install/sensors_pkg/include/sensors_pkg/sensors_pkg/msg/encoder_data.h
[5.777s] -- Up-to-date symlink: /home/skulikk/robot/install/sensors_pkg/include/sensors_pkg/sensors_pkg/msg/rosidl_generator_c__visibility_control.h
[5.780s] -- Up-to-date symlink: /home/skulikk/robot/install/sensors_pkg/share/sensors_pkg/environment/library_path.sh
[5.781s] -- Up-to-date symlink: /home/skulikk/robot/install/sensors_pkg/share/sensors_pkg/environment/library_path.dsv
[5.789s] -- Up-to-date symlink: /home/skulikk/robot/install/sensors_pkg/include/sensors_pkg/sensors_pkg/msg/detail/encoder_data__rosidl_typesupport_fastrtps_c.h
[5.793s] -- Up-to-date symlink: /home/skulikk/robot/install/sensors_pkg/include/sensors_pkg/sensors_pkg/msg/rosidl_typesupport_fastrtps_c__visibility_control.h
[5.798s] -- Up-to-date symlink: /home/skulikk/robot/install/sensors_pkg/include/sensors_pkg/sensors_pkg/msg/detail/encoder_data__builder.hpp
[5.803s] -- Up-to-date symlink: /home/skulikk/robot/install/sensors_pkg/include/sensors_pkg/sensors_pkg/msg/detail/encoder_data__struct.hpp
[5.806s] -- Up-to-date symlink: /home/skulikk/robot/install/sensors_pkg/include/sensors_pkg/sensors_pkg/msg/detail/encoder_data__traits.hpp
[5.809s] -- Up-to-date symlink: /home/skulikk/robot/install/sensors_pkg/include/sensors_pkg/sensors_pkg/msg/detail/encoder_data__type_support.hpp
[5.811s] -- Up-to-date symlink: /home/skulikk/robot/install/sensors_pkg/include/sensors_pkg/sensors_pkg/msg/encoder_data.hpp
[5.814s] -- Up-to-date symlink: /home/skulikk/robot/install/sensors_pkg/include/sensors_pkg/sensors_pkg/msg/rosidl_generator_cpp__visibility_control.hpp
[5.823s] -- Up-to-date symlink: /home/skulikk/robot/install/sensors_pkg/include/sensors_pkg/sensors_pkg/msg/detail/encoder_data__rosidl_typesupport_fastrtps_cpp.hpp
[5.826s] -- Up-to-date symlink: /home/skulikk/robot/install/sensors_pkg/include/sensors_pkg/sensors_pkg/msg/rosidl_typesupport_fastrtps_cpp__visibility_control.h
[5.832s] -- Up-to-date symlink: /home/skulikk/robot/install/sensors_pkg/include/sensors_pkg/sensors_pkg/msg/detail/encoder_data__rosidl_typesupport_introspection_c.h
[5.835s] -- Up-to-date symlink: /home/skulikk/robot/install/sensors_pkg/include/sensors_pkg/sensors_pkg/msg/rosidl_typesupport_introspection_c__visibility_control.h
[5.841s] -- Up-to-date symlink: /home/skulikk/robot/install/sensors_pkg/include/sensors_pkg/sensors_pkg/msg/detail/encoder_data__rosidl_typesupport_introspection_cpp.hpp
[5.844s] -- Up-to-date symlink: /home/skulikk/robot/install/sensors_pkg/share/sensors_pkg/environment/pythonpath.sh
[5.846s] -- Up-to-date symlink: /home/skulikk/robot/install/sensors_pkg/share/sensors_pkg/environment/pythonpath.dsv
[5.852s] -- Up-to-date symlink: /home/skulikk/robot/install/sensors_pkg/local/lib/python3.10/dist-packages/sensors_pkg-0.0.0-py3.10.egg-info/PKG-INFO
[5.855s] -- Up-to-date symlink: /home/skulikk/robot/install/sensors_pkg/local/lib/python3.10/dist-packages/sensors_pkg-0.0.0-py3.10.egg-info/SOURCES.txt
[5.859s] -- Up-to-date symlink: /home/skulikk/robot/install/sensors_pkg/local/lib/python3.10/dist-packages/sensors_pkg-0.0.0-py3.10.egg-info/dependency_links.txt
[5.861s] -- Up-to-date symlink: /home/skulikk/robot/install/sensors_pkg/local/lib/python3.10/dist-packages/sensors_pkg-0.0.0-py3.10.egg-info/top_level.txt
[5.874s] -- Up-to-date symlink: /home/skulikk/robot/install/sensors_pkg/local/lib/python3.10/dist-packages/sensors_pkg/__init__.py
[5.877s] -- Up-to-date symlink: /home/skulikk/robot/install/sensors_pkg/local/lib/python3.10/dist-packages/sensors_pkg/_sensors_pkg_s.ep.rosidl_typesupport_c.c
[5.879s] -- Up-to-date symlink: /home/skulikk/robot/install/sensors_pkg/local/lib/python3.10/dist-packages/sensors_pkg/_sensors_pkg_s.ep.rosidl_typesupport_fastrtps_c.c
[5.882s] -- Up-to-date symlink: /home/skulikk/robot/install/sensors_pkg/local/lib/python3.10/dist-packages/sensors_pkg/_sensors_pkg_s.ep.rosidl_typesupport_introspection_c.c
[5.885s] -- Up-to-date symlink: /home/skulikk/robot/install/sensors_pkg/local/lib/python3.10/dist-packages/sensors_pkg/libsensors_pkg__rosidl_generator_py.so
[5.887s] -- Up-to-date symlink: /home/skulikk/robot/install/sensors_pkg/local/lib/python3.10/dist-packages/sensors_pkg/msg/__init__.py
[5.889s] -- Up-to-date symlink: /home/skulikk/robot/install/sensors_pkg/local/lib/python3.10/dist-packages/sensors_pkg/msg/_encoder_data.py
[5.892s] -- Up-to-date symlink: /home/skulikk/robot/install/sensors_pkg/local/lib/python3.10/dist-packages/sensors_pkg/msg/_encoder_data_s.c
[5.894s] -- Up-to-date symlink: /home/skulikk/robot/install/sensors_pkg/local/lib/python3.10/dist-packages/sensors_pkg/sensors_pkg_s__rosidl_typesupport_c.cpython-310-aarch64-linux-gnu.so
[5.897s] -- Up-to-date symlink: /home/skulikk/robot/install/sensors_pkg/local/lib/python3.10/dist-packages/sensors_pkg/sensors_pkg_s__rosidl_typesupport_fastrtps_c.cpython-310-aarch64-linux-gnu.so
[5.900s] -- Up-to-date symlink: /home/skulikk/robot/install/sensors_pkg/local/lib/python3.10/dist-packages/sensors_pkg/sensors_pkg_s__rosidl_typesupport_introspection_c.cpython-310-aarch64-linux-gnu.so
[5.904s] -- Up-to-date symlink: /home/skulikk/robot/install/sensors_pkg/local/lib/python3.10/dist-packages/sensors_pkg/sensors_pkg_s__rosidl_typesupport_fastrtps_c.cpython-310-aarch64-linux-gnu.so
[5.909s] -- Up-to-date symlink: /home/skulikk/robot/install/sensors_pkg/local/lib/python3.10/dist-packages/sensors_pkg/sensors_pkg_s__rosidl_typesupport_introspection_c.cpython-310-aarch64-linux-gnu.so
[5.913s] -- Up-to-date symlink: /home/skulikk/robot/install/sensors_pkg/local/lib/python3.10/dist-packages/sensors_pkg/sensors_pkg_s__rosidl_typesupport_c.cpython-310-aarch64-linux-gnu.so
[5.916s] -- Up-to-date symlink: /home/skulikk/robot/install/sensors_pkg/share/sensors_pkg/msg/EncoderData.idl
[5.921s] -- Up-to-date symlink: /home/skulikk/robot/install/sensors_pkg/share/sensors_pkg/msg/EncoderData.msg
[5.924s] -- Up-to-date symlink: /home/skulikk/robot/install/sensors_pkg/lib/sensors_pkg/imu_node
[5.927s] -- Up-to-date symlink: /home/skulikk/robot/install/sensors_pkg/lib/sensors_pkg/encoder_node
[5.932s] -- Up-to-date symlink: /home/skulikk/robot/install/sensors_pkg/share/ament_index/resource_index/package_run_dependencies/sensors_pkg
[5.934s] -- Up-to-date symlink: /home/skulikk/robot/install/sensors_pkg/share/ament_index/resource_index/parent_prefix_path/sensors_pkg
[5.938s] -- Up-to-date symlink: /home/skulikk/robot/install/sensors_pkg/share/sensors_pkg/environment/ament_prefix_path.sh
[5.940s] -- Up-to-date symlink: /home/skulikk/robot/install/sensors_pkg/share/sensors_pkg/environment/ament_prefix_path.dsv
[5.942s] -- Up-to-date symlink: /home/skulikk/robot/install/sensors_pkg/share/sensors_pkg/environment/path.sh
[5.945s] -- Up-to-date symlink: /home/skulikk/robot/install/sensors_pkg/share/sensors_pkg/environment/path.dsv
[5.948s] -- Up-to-date symlink: /home/skulikk/robot/install/sensors_pkg/share/sensors_pkg/local_setup.bash
[5.950s] -- Up-to-date symlink: /home/skulikk/robot/install/sensors_pkg/share/sensors_pkg/local_setup.sh
[5.953s] -- Up-to-date symlink: /home/skulikk/robot/install/sensors_pkg/share/sensors_pkg/local_setup.zsh
[5.957s] -- Up-to-date symlink: /home/skulikk/robot/install/sensors_pkg/share/sensors_pkg/local_setup.dsv
[5.958s] -- Symlinking: /home/skulikk/robot/install/sensors_pkg/share/sensors_pkg/package.dsv
[6.045s] -- Up-to-date symlink: /home/skulikk/robot/install/sensors_pkg/share/ament_index/resource_index/packages/sensors_pkg
[6.048s] -- Up-to-date symlink: /home/skulikk/robot/install/sensors_pkg/share/sensors_pkg/cmake/rosidl_cmake-extras.cmake
[6.060s] -- Up-to-date symlink: /home/skulikk/robot/install/sensors_pkg/share/sensors_pkg/cmake/ament_cmake_export_dependencies-extras.cmake
[6.061s] -- Up-to-date symlink: /home/skulikk/robot/install/sensors_pkg/share/sensors_pkg/cmake/ament_cmake_export_include_directories-extras.cmake
[6.067s] -- Up-to-date symlink: /home/skulikk/robot/install/sensors_pkg/share/sensors_pkg/cmake/ament_cmake_export_libraries-extras.cmake
[6.068s] -- Up-to-date symlink: /home/skulikk/robot/install/sensors_pkg/share/sensors_pkg/cmake/ament_cmake_export_targets-extras.cmake
[6.073s] -- Up-to-date symlink: /home/skulikk/robot/install/sensors_pkg/share/sensors_pkg/cmake/rosidl_cmake_export_typesupport_targets-extras.cmake
[6.077s] -- Up-to-date symlink: /home/skulikk/robot/install/sensors_pkg/share/sensors_pkg/cmake/rosidl_cmake_export_typesupport_libraries-extras.cmake
[6.079s] -- Up-to-date symlink: /home/skulikk/robot/install/sensors_pkg/share/sensors_pkg/cmake/sensors_pkgConfig.cmake
[6.081s] -- Up-to-date symlink: /home/skulikk/robot/install/sensors_pkg/share/sensors_pkg/cmake/sensors_pkgConfig-version.cmake
[6.082s] -- Up-to-date symlink: /home/skulikk/robot/install/sensors_pkg/share/sensors_pkg/package.xml
[6.085s] -- Up-to-date: /home/skulikk/robot/install/sensors_pkg/lib/libsensors_pkg__rosidl_generator_c.so
[6.092s] -- Up-to-date: /home/skulikk/robot/install/sensors_pkg/lib/libsensors_pkg__rosidl_typesupport_fastrtps_c.so
[6.108s] -- Up-to-date: /home/skulikk/robot/install/sensors_pkg/lib/libsensors_pkg__rosidl_typesupport_fastrtps_cpp.so
[6.116s] -- Up-to-date: /home/skulikk/robot/install/sensors_pkg/lib/libsensors_pkg__rosidl_typesupport_introspection_c.so
[6.122s] -- Up-to-date: /home/skulikk/robot/install/sensors_pkg/lib/libsensors_pkg__rosidl_typesupport_c.so
[6.134s] -- Up-to-date: /home/skulikk/robot/install/sensors_pkg/lib/libsensors_pkg__rosidl_typesupport_introspection_cpp.so
[6.140s] -- Up-to-date: /home/skulikk/robot/install/sensors_pkg/lib/libsensors_pkg__rosidl_typesupport_cpp.so
[6.634s] Listing '/home/skulikk/robot/install/sensors_pkg/local/lib/python3.10/dist-packages/sensors_pkg'...
[6.636s] Listing '/home/skulikk/robot/install/sensors_pkg/local/lib/python3.10/dist-packages/sensors_pkg/msg'...
[6.691s] -- Up-to-date: /home/skulikk/robot/install/sensors_pkg/lib/libsensors_pkg__rosidl_generator_py.so
[6.697s] -- Up-to-date: /home/skulikk/robot/install/sensors_pkg/share/sensors_pkg/cmake/export_sensors_pkg__rosidl_generator_cExport.cmake
[6.700s] -- Up-to-date: /home/skulikk/robot/install/sensors_pkg/share/sensors_pkg/cmake/export_sensors_pkg__rosidl_generator_cExport-noconfig.cmake
[6.701s] -- Up-to-date: /home/skulikk/robot/install/sensors_pkg/share/sensors_pkg/cmake/export_sensors_pkg__rosidl_typesupport_fastrtps_cExport.cmake
[6.706s] -- Up-to-date: /home/skulikk/robot/install/sensors_pkg/share/sensors_pkg/cmake/export_sensors_pkg__rosidl_typesupport_fastrtps_cExport-noconfig.cmake
[6.708s] -- Up-to-date: /home/skulikk/robot/install/sensors_pkg/share/sensors_pkg/cmake/export_sensors_pkg__rosidl_generator_cppExport.cmake
[6.713s] -- Up-to-date: /home/skulikk/robot/install/sensors_pkg/share/sensors_pkg/cmake/export_sensors_pkg__rosidl_typesupport_fastrtps_cppExport.cmake
[6.716s] -- Up-to-date: /home/skulikk/robot/install/sensors_pkg/share/sensors_pkg/cmake/export_sensors_pkg__rosidl_typesupport_fastrtps_cppExport-noconfig.cmake
[6.719s] -- Up-to-date: /home/skulikk/robot/install/sensors_pkg/share/sensors_pkg/cmake/sensors_pkg__rosidl_typesupport_introspection_cExport.cmake
[6.721s] -- Up-to-date: /home/skulikk/robot/install/sensors_pkg/share/sensors_pkg/cmake/sensors_pkg__rosidl_typesupport_introspection_cExport-noconfig.cmake
[6.722s] -- Up-to-date: /home/skulikk/robot/install/sensors_pkg/share/sensors_pkg/cmake/sensors_pkg__rosidl_typesupport_cExport.cmake
[6.729s] -- Up-to-date: /home/skulikk/robot/install/sensors_pkg/share/sensors_pkg/cmake/sensors_pkg__rosidl_typesupport_cExport-noconfig.cmake
[6.737s] -- Up-to-date: /home/skulikk/robot/install/sensors_pkg/share/sensors_pkg/cmake/sensors_pkg__rosidl_typesupport_introspection_cppExport.cmake
[6.743s] -- Up-to-date: /home/skulikk/robot/install/sensors_pkg/share/sensors_pkg/cmake/sensors_pkg__rosidl_typesupport_introspection_cppExport-noconfig.cmake
[6.744s] -- Up-to-date: /home/skulikk/robot/install/sensors_pkg/share/sensors_pkg/cmake/sensors_pkg__rosidl_typesupport_cppExport.cmake
[6.745s] -- Up-to-date: /home/skulikk/robot/install/sensors_pkg/share/sensors_pkg/cmake/sensors_pkg__rosidl_typesupport_cppExport-noconfig.cmake
[6.747s] -- Up-to-date: /home/skulikk/robot/install/sensors_pkg/share/sensors_pkg/cmake/export_sensors_pkg__rosidl_generator_pyExport.cmake
[6.751s] -- Up-to-date: /home/skulikk/robot/install/sensors_pkg/share/sensors_pkg/cmake/export_sensors_pkg__rosidl_generator_pyExport-noconfig.cmake
[6.767s] Invoked command in '/home/skulikk/robot/build/sensors_pkg' returned '0': CMAKE_PREFIX_PATH=${CMAKE_PREFIX_PATH}:/opt/ros/humble /usr/bin/cmake --install /home/skulikk/robot/build/sensors_pkg
