[35m[1mConsolidate compiler generated dependencies of target imu_node[0m
[35m[1mConsolidate compiler generated dependencies of target encoder_node[0m
[ 50%] Built target imu_node
[100%] Built target encoder_node
-- Install configuration: ""
-- Installing: /home/skulikk/robot/src/install/sensors_pkg/lib/sensors_pkg/imu_node
-- Set runtime path of "/home/skulikk/robot/src/install/sensors_pkg/lib/sensors_pkg/imu_node" to ""
-- Installing: /home/skulikk/robot/src/install/sensors_pkg/lib/sensors_pkg/encoder_node
-- Set runtime path of "/home/skulikk/robot/src/install/sensors_pkg/lib/sensors_pkg/encoder_node" to ""
-- Installing: /home/skulikk/robot/src/install/sensors_pkg/share/ament_index/resource_index/package_run_dependencies/sensors_pkg
-- Installing: /home/skulikk/robot/src/install/sensors_pkg/share/ament_index/resource_index/parent_prefix_path/sensors_pkg
-- Installing: /home/skulikk/robot/src/install/sensors_pkg/share/sensors_pkg/environment/ament_prefix_path.sh
-- Installing: /home/skulikk/robot/src/install/sensors_pkg/share/sensors_pkg/environment/ament_prefix_path.dsv
-- Installing: /home/skulikk/robot/src/install/sensors_pkg/share/sensors_pkg/environment/path.sh
-- Installing: /home/skulikk/robot/src/install/sensors_pkg/share/sensors_pkg/environment/path.dsv
-- Installing: /home/skulikk/robot/src/install/sensors_pkg/share/sensors_pkg/local_setup.bash
-- Installing: /home/skulikk/robot/src/install/sensors_pkg/share/sensors_pkg/local_setup.sh
-- Installing: /home/skulikk/robot/src/install/sensors_pkg/share/sensors_pkg/local_setup.zsh
-- Installing: /home/skulikk/robot/src/install/sensors_pkg/share/sensors_pkg/local_setup.dsv
-- Installing: /home/skulikk/robot/src/install/sensors_pkg/share/sensors_pkg/package.dsv
-- Installing: /home/skulikk/robot/src/install/sensors_pkg/share/ament_index/resource_index/packages/sensors_pkg
-- Installing: /home/skulikk/robot/src/install/sensors_pkg/share/sensors_pkg/cmake/sensors_pkgConfig.cmake
-- Installing: /home/skulikk/robot/src/install/sensors_pkg/share/sensors_pkg/cmake/sensors_pkgConfig-version.cmake
-- Installing: /home/skulikk/robot/src/install/sensors_pkg/share/sensors_pkg/package.xml
