[0.091s] Invoking command in '/home/skulikk/robot/src/build/sensors_pkg': CMAKE_PREFIX_PATH=${CMAKE_PREFIX_PATH}:/opt/ros/humble /usr/bin/cmake --build /home/skulikk/robot/src/build/sensors_pkg -- -j4 -l4
[0.548s] [35m[1mConsolidate compiler generated dependencies of target imu_node[0m
[0.553s] [35m[1mConsolidate compiler generated dependencies of target encoder_node[0m
[0.882s] [ 50%] Built target imu_node
[0.902s] [100%] Built target encoder_node
[1.016s] Invoked command in '/home/skulikk/robot/src/build/sensors_pkg' returned '0': CMAKE_PREFIX_PATH=${CMAKE_PREFIX_PATH}:/opt/ros/humble /usr/bin/cmake --build /home/skulikk/robot/src/build/sensors_pkg -- -j4 -l4
[1.118s] Invoking command in '/home/skulikk/robot/src/build/sensors_pkg': CMAKE_PREFIX_PATH=${CMAKE_PREFIX_PATH}:/opt/ros/humble /usr/bin/cmake --install /home/skulikk/robot/src/build/sensors_pkg
[1.207s] -- Install configuration: ""
[1.209s] -- Installing: /home/skulikk/robot/src/install/sensors_pkg/lib/sensors_pkg/imu_node
[1.242s] -- Set runtime path of "/home/skulikk/robot/src/install/sensors_pkg/lib/sensors_pkg/imu_node" to ""
[1.244s] -- Installing: /home/skulikk/robot/src/install/sensors_pkg/lib/sensors_pkg/encoder_node
[1.266s] -- Set runtime path of "/home/skulikk/robot/src/install/sensors_pkg/lib/sensors_pkg/encoder_node" to ""
[1.269s] -- Installing: /home/skulikk/robot/src/install/sensors_pkg/share/ament_index/resource_index/package_run_dependencies/sensors_pkg
[1.275s] -- Installing: /home/skulikk/robot/src/install/sensors_pkg/share/ament_index/resource_index/parent_prefix_path/sensors_pkg
[1.283s] -- Installing: /home/skulikk/robot/src/install/sensors_pkg/share/sensors_pkg/environment/ament_prefix_path.sh
[1.287s] -- Installing: /home/skulikk/robot/src/install/sensors_pkg/share/sensors_pkg/environment/ament_prefix_path.dsv
[1.290s] -- Installing: /home/skulikk/robot/src/install/sensors_pkg/share/sensors_pkg/environment/path.sh
[1.294s] -- Installing: /home/skulikk/robot/src/install/sensors_pkg/share/sensors_pkg/environment/path.dsv
[1.302s] -- Installing: /home/skulikk/robot/src/install/sensors_pkg/share/sensors_pkg/local_setup.bash
[1.303s] -- Installing: /home/skulikk/robot/src/install/sensors_pkg/share/sensors_pkg/local_setup.sh
[1.307s] -- Installing: /home/skulikk/robot/src/install/sensors_pkg/share/sensors_pkg/local_setup.zsh
[1.311s] -- Installing: /home/skulikk/robot/src/install/sensors_pkg/share/sensors_pkg/local_setup.dsv
[1.315s] -- Installing: /home/skulikk/robot/src/install/sensors_pkg/share/sensors_pkg/package.dsv
[1.320s] -- Installing: /home/skulikk/robot/src/install/sensors_pkg/share/ament_index/resource_index/packages/sensors_pkg
[1.324s] -- Installing: /home/skulikk/robot/src/install/sensors_pkg/share/sensors_pkg/cmake/sensors_pkgConfig.cmake
[1.328s] -- Installing: /home/skulikk/robot/src/install/sensors_pkg/share/sensors_pkg/cmake/sensors_pkgConfig-version.cmake
[1.332s] -- Installing: /home/skulikk/robot/src/install/sensors_pkg/share/sensors_pkg/package.xml
[1.357s] Invoked command in '/home/skulikk/robot/src/build/sensors_pkg' returned '0': CMAKE_PREFIX_PATH=${CMAKE_PREFIX_PATH}:/opt/ros/humble /usr/bin/cmake --install /home/skulikk/robot/src/build/sensors_pkg
