[0.062s] Invoking command in '/home/skulikk/robot/src/build/control_pkg': CMAKE_PREFIX_PATH=${CMAKE_PREFIX_PATH}:/opt/ros/humble /usr/bin/cmake --build /home/skulikk/robot/src/build/control_pkg -- -j4 -l4
[0.348s] [100%] Built target motor_controller_node
[0.412s] Invoked command in '/home/skulikk/robot/src/build/control_pkg' returned '0': CMAKE_PREFIX_PATH=${CMAKE_PREFIX_PATH}:/opt/ros/humble /usr/bin/cmake --build /home/skulikk/robot/src/build/control_pkg -- -j4 -l4
[0.457s] Invoking command in '/home/skulikk/robot/src/build/control_pkg': CMAKE_PREFIX_PATH=${CMAKE_PREFIX_PATH}:/opt/ros/humble /usr/bin/cmake --install /home/skulikk/robot/src/build/control_pkg
[0.482s] -- Install configuration: ""
[0.483s] -- Up-to-date: /home/skulikk/robot/src/install/control_pkg/lib/control_pkg/motor_controller_node
[0.485s] -- Up-to-date: /home/skulikk/robot/src/install/control_pkg/share/ament_index/resource_index/package_run_dependencies/control_pkg
[0.485s] -- Up-to-date: /home/skulikk/robot/src/install/control_pkg/share/ament_index/resource_index/parent_prefix_path/control_pkg
[0.486s] -- Up-to-date: /home/skulikk/robot/src/install/control_pkg/share/control_pkg/environment/ament_prefix_path.sh
[0.487s] -- Up-to-date: /home/skulikk/robot/src/install/control_pkg/share/control_pkg/environment/ament_prefix_path.dsv
[0.487s] -- Up-to-date: /home/skulikk/robot/src/install/control_pkg/share/control_pkg/environment/path.sh
[0.487s] -- Up-to-date: /home/skulikk/robot/src/install/control_pkg/share/control_pkg/environment/path.dsv
[0.488s] -- Up-to-date: /home/skulikk/robot/src/install/control_pkg/share/control_pkg/local_setup.bash
[0.488s] -- Up-to-date: /home/skulikk/robot/src/install/control_pkg/share/control_pkg/local_setup.sh
[0.489s] -- Up-to-date: /home/skulikk/robot/src/install/control_pkg/share/control_pkg/local_setup.zsh
[0.490s] -- Up-to-date: /home/skulikk/robot/src/install/control_pkg/share/control_pkg/local_setup.dsv
[0.491s] -- Installing: /home/skulikk/robot/src/install/control_pkg/share/control_pkg/package.dsv
[0.491s] -- Up-to-date: /home/skulikk/robot/src/install/control_pkg/share/ament_index/resource_index/packages/control_pkg
[0.492s] -- Up-to-date: /home/skulikk/robot/src/install/control_pkg/share/control_pkg/cmake/control_pkgConfig.cmake
[0.492s] -- Up-to-date: /home/skulikk/robot/src/install/control_pkg/share/control_pkg/cmake/control_pkgConfig-version.cmake
[0.493s] -- Up-to-date: /home/skulikk/robot/src/install/control_pkg/share/control_pkg/package.xml
[0.498s] Invoked command in '/home/skulikk/robot/src/build/control_pkg' returned '0': CMAKE_PREFIX_PATH=${CMAKE_PREFIX_PATH}:/opt/ros/humble /usr/bin/cmake --install /home/skulikk/robot/src/build/control_pkg
