[0.061s] Invoking command in '/home/skulikk/robot/build/control_pkg': CMAKE_PREFIX_PATH=${CMAKE_PREFIX_PATH}:/opt/ros/humble /usr/bin/cmake --build /home/skulikk/robot/build/control_pkg -- -j4 -l4
[0.485s] [100%] Built target motor_controller_node
[0.627s] Invoked command in '/home/skulikk/robot/build/control_pkg' returned '0': CMAKE_PREFIX_PATH=${CMAKE_PREFIX_PATH}:/opt/ros/humble /usr/bin/cmake --build /home/skulikk/robot/build/control_pkg -- -j4 -l4
[0.736s] Invoking command in '/home/skulikk/robot/build/control_pkg': CMAKE_PREFIX_PATH=${CMAKE_PREFIX_PATH}:/opt/ros/humble /usr/bin/cmake --install /home/skulikk/robot/build/control_pkg
[0.834s] -- Install configuration: ""
[0.841s] -- Execute custom install script
[0.848s] -- Up-to-date symlink: /home/skulikk/robot/install/control_pkg/lib/control_pkg/motor_controller_node
[0.854s] -- Up-to-date symlink: /home/skulikk/robot/install/control_pkg/share/ament_index/resource_index/package_run_dependencies/control_pkg
[0.859s] -- Up-to-date symlink: /home/skulikk/robot/install/control_pkg/share/ament_index/resource_index/parent_prefix_path/control_pkg
[0.865s] -- Up-to-date symlink: /home/skulikk/robot/install/control_pkg/share/control_pkg/environment/ament_prefix_path.sh
[0.878s] -- Up-to-date symlink: /home/skulikk/robot/install/control_pkg/share/control_pkg/environment/ament_prefix_path.dsv
[0.884s] -- Up-to-date symlink: /home/skulikk/robot/install/control_pkg/share/control_pkg/environment/path.sh
[0.889s] -- Up-to-date symlink: /home/skulikk/robot/install/control_pkg/share/control_pkg/environment/path.dsv
[0.900s] -- Up-to-date symlink: /home/skulikk/robot/install/control_pkg/share/control_pkg/local_setup.bash
[0.920s] -- Up-to-date symlink: /home/skulikk/robot/install/control_pkg/share/control_pkg/local_setup.sh
[0.925s] -- Up-to-date symlink: /home/skulikk/robot/install/control_pkg/share/control_pkg/local_setup.zsh
[0.931s] -- Up-to-date symlink: /home/skulikk/robot/install/control_pkg/share/control_pkg/local_setup.dsv
[0.936s] -- Symlinking: /home/skulikk/robot/install/control_pkg/share/control_pkg/package.dsv
[1.031s] -- Up-to-date symlink: /home/skulikk/robot/install/control_pkg/share/ament_index/resource_index/packages/control_pkg
[1.036s] -- Up-to-date symlink: /home/skulikk/robot/install/control_pkg/share/control_pkg/cmake/control_pkgConfig.cmake
[1.041s] -- Up-to-date symlink: /home/skulikk/robot/install/control_pkg/share/control_pkg/cmake/control_pkgConfig-version.cmake
[1.050s] -- Up-to-date symlink: /home/skulikk/robot/install/control_pkg/share/control_pkg/package.xml
[1.071s] Invoked command in '/home/skulikk/robot/build/control_pkg' returned '0': CMAKE_PREFIX_PATH=${CMAKE_PREFIX_PATH}:/opt/ros/humble /usr/bin/cmake --install /home/skulikk/robot/build/control_pkg
