[0.058s] Invoking command in '/home/skulikk/robot/build/control_pkg': CMAKE_PREFIX_PATH=${CMAKE_PREFIX_PATH}:/opt/ros/humble /usr/bin/cmake /home/skulikk/robot/src/control_pkg -DAMENT_CMAKE_SYMLINK_INSTALL=1 -DCMAKE_INSTALL_PREFIX=/home/skulikk/robot/install/control_pkg
[1.310s] -- The C compiler identification is GNU 11.4.0
[2.505s] -- The CXX compiler identification is GNU 11.4.0
[2.618s] -- Detecting C compiler ABI info
[3.575s] -- Detecting C compiler ABI info - done
[3.669s] -- Check for working C compiler: /usr/bin/cc - skipped
[3.672s] -- Detecting C compile features
[3.677s] -- Detecting C compile features - done
[3.717s] -- Detecting CXX compiler ABI info
[5.039s] -- Detecting CXX compiler ABI info - done
[5.141s] -- Check for working CXX compiler: /usr/bin/c++ - skipped
[5.143s] -- Detecting CXX compile features
[5.153s] -- Detecting CXX compile features - done
[5.246s] -- Found ament_cmake: 1.3.11 (/opt/ros/humble/share/ament_cmake/cmake)
[7.131s] -- Found Python3: /usr/bin/python3 (found version "3.10.12") found components: Interpreter 
[8.069s] -- Override CMake install command with custom implementation using symlinks instead of copying resources
[8.873s] -- Found rclcpp: 16.0.11 (/opt/ros/humble/share/rclcpp/cmake)
[9.910s] -- Found rosidl_generator_c: 3.1.6 (/opt/ros/humble/share/rosidl_generator_c/cmake)
[10.028s] -- Found rosidl_adapter: 3.1.6 (/opt/ros/humble/share/rosidl_adapter/cmake)
[10.195s] -- Found rosidl_generator_cpp: 3.1.6 (/opt/ros/humble/share/rosidl_generator_cpp/cmake)
[10.372s] -- Using all available rosidl_typesupport_c: rosidl_typesupport_fastrtps_c;rosidl_typesupport_introspection_c
[10.606s] -- Using all available rosidl_typesupport_cpp: rosidl_typesupport_fastrtps_cpp;rosidl_typesupport_introspection_cpp
[11.322s] -- Found rmw_implementation_cmake: 6.1.2 (/opt/ros/humble/share/rmw_implementation_cmake/cmake)
[11.346s] -- Found rmw_fastrtps_cpp: 6.2.7 (/opt/ros/humble/share/rmw_fastrtps_cpp/cmake)
[12.164s] -- Found OpenSSL: /usr/lib/aarch64-linux-gnu/libcrypto.so (found version "3.0.2")  
[12.425s] -- Found FastRTPS: /opt/ros/humble/include  
[13.226s] -- Using RMW implementation 'rmw_fastrtps_cpp' as default
[13.417s] -- Looking for pthread.h
[14.371s] -- Looking for pthread.h - found
[14.372s] -- Performing Test CMAKE_HAVE_LIBC_PTHREAD
[15.474s] -- Performing Test CMAKE_HAVE_LIBC_PTHREAD - Success
[15.504s] -- Found Threads: TRUE  
[16.656s] -- Found ament_lint_auto: 0.12.11 (/opt/ros/humble/share/ament_lint_auto/cmake)
[18.032s] -- Added test 'cppcheck' to perform static code analysis on C / C++ code
[18.034s] -- Configured cppcheck include dirs: $<BUILD_INTERFACE:/home/skulikk/robot/src/control_pkg/include>
[18.036s] -- Configured cppcheck exclude dirs and/or files: 
[18.052s] -- Added test 'lint_cmake' to check CMake code style
[18.083s] -- Added test 'uncrustify' to check C / C++ code style
[18.085s] -- Configured uncrustify additional arguments: 
[18.099s] -- Added test 'xmllint' to check XML markup files
[18.171s] -- Configuring done
[18.396s] -- Generating done
[18.452s] -- Build files have been written to: /home/skulikk/robot/build/control_pkg
[18.548s] Invoked command in '/home/skulikk/robot/build/control_pkg' returned '0': CMAKE_PREFIX_PATH=${CMAKE_PREFIX_PATH}:/opt/ros/humble /usr/bin/cmake /home/skulikk/robot/src/control_pkg -DAMENT_CMAKE_SYMLINK_INSTALL=1 -DCMAKE_INSTALL_PREFIX=/home/skulikk/robot/install/control_pkg
[18.555s] Invoking command in '/home/skulikk/robot/build/control_pkg': CMAKE_PREFIX_PATH=${CMAKE_PREFIX_PATH}:/opt/ros/humble /usr/bin/cmake --build /home/skulikk/robot/build/control_pkg -- -j4 -l4
[19.278s] [ 50%] [32mBuilding CXX object CMakeFiles/motor_controller_node.dir/src/motor_controller_node.cpp.o[0m
[121.638s] [100%] [32m[1mLinking CXX executable motor_controller_node[0m
[125.381s] [100%] Built target motor_controller_node
[125.431s] Invoked command in '/home/skulikk/robot/build/control_pkg' returned '0': CMAKE_PREFIX_PATH=${CMAKE_PREFIX_PATH}:/opt/ros/humble /usr/bin/cmake --build /home/skulikk/robot/build/control_pkg -- -j4 -l4
[125.477s] Invoking command in '/home/skulikk/robot/build/control_pkg': CMAKE_PREFIX_PATH=${CMAKE_PREFIX_PATH}:/opt/ros/humble /usr/bin/cmake --install /home/skulikk/robot/build/control_pkg
[125.505s] -- Install configuration: ""
[125.508s] -- Execute custom install script
[125.510s] -- Symlinking: /home/skulikk/robot/install/control_pkg/lib/control_pkg/motor_controller_node
[125.546s] -- Symlinking: /home/skulikk/robot/install/control_pkg/share/ament_index/resource_index/package_run_dependencies/control_pkg
[125.580s] -- Symlinking: /home/skulikk/robot/install/control_pkg/share/ament_index/resource_index/parent_prefix_path/control_pkg
[125.614s] -- Symlinking: /home/skulikk/robot/install/control_pkg/share/control_pkg/environment/ament_prefix_path.sh
[125.649s] -- Symlinking: /home/skulikk/robot/install/control_pkg/share/control_pkg/environment/ament_prefix_path.dsv
[125.684s] -- Symlinking: /home/skulikk/robot/install/control_pkg/share/control_pkg/environment/path.sh
[125.722s] -- Symlinking: /home/skulikk/robot/install/control_pkg/share/control_pkg/environment/path.dsv
[125.804s] -- Symlinking: /home/skulikk/robot/install/control_pkg/share/control_pkg/local_setup.bash
[125.904s] -- Symlinking: /home/skulikk/robot/install/control_pkg/share/control_pkg/local_setup.sh
[125.995s] -- Symlinking: /home/skulikk/robot/install/control_pkg/share/control_pkg/local_setup.zsh
[126.086s] -- Symlinking: /home/skulikk/robot/install/control_pkg/share/control_pkg/local_setup.dsv
[126.193s] -- Symlinking: /home/skulikk/robot/install/control_pkg/share/control_pkg/package.dsv
[126.288s] -- Symlinking: /home/skulikk/robot/install/control_pkg/share/ament_index/resource_index/packages/control_pkg
[126.394s] -- Symlinking: /home/skulikk/robot/install/control_pkg/share/control_pkg/cmake/control_pkgConfig.cmake
[126.491s] -- Symlinking: /home/skulikk/robot/install/control_pkg/share/control_pkg/cmake/control_pkgConfig-version.cmake
[126.587s] -- Symlinking: /home/skulikk/robot/install/control_pkg/share/control_pkg/package.xml
[126.700s] Invoked command in '/home/skulikk/robot/build/control_pkg' returned '0': CMAKE_PREFIX_PATH=${CMAKE_PREFIX_PATH}:/opt/ros/humble /usr/bin/cmake --install /home/skulikk/robot/build/control_pkg
