[0.049s] Invoking command in '/home/skulikk/robot/build/control_pkg': CMAKE_PREFIX_PATH=${CMAKE_PREFIX_PATH}:/opt/ros/humble /usr/bin/cmake --build /home/skulikk/robot/build/control_pkg -- -j4 -l4
[0.148s] -- Found ament_cmake: 1.3.11 (/opt/ros/humble/share/ament_cmake/cmake)
[0.652s] -- Override CMake install command with custom implementation using symlinks instead of copying resources
[0.684s] -- Found rclcpp: 16.0.11 (/opt/ros/humble/share/rclcpp/cmake)
[0.830s] -- Found rosidl_generator_c: 3.1.6 (/opt/ros/humble/share/rosidl_generator_c/cmake)
[0.840s] -- Found rosidl_adapter: 3.1.6 (/opt/ros/humble/share/rosidl_adapter/cmake)
[0.863s] -- Found rosidl_generator_cpp: 3.1.6 (/opt/ros/humble/share/rosidl_generator_cpp/cmake)
[0.901s] -- Using all available rosidl_typesupport_c: rosidl_typesupport_fastrtps_c;rosidl_typesupport_introspection_c
[0.949s] -- Using all available rosidl_typesupport_cpp: rosidl_typesupport_fastrtps_cpp;rosidl_typesupport_introspection_cpp
[1.074s] -- Found rmw_implementation_cmake: 6.1.2 (/opt/ros/humble/share/rmw_implementation_cmake/cmake)
[1.080s] -- Found rmw_fastrtps_cpp: 6.2.7 (/opt/ros/humble/share/rmw_fastrtps_cpp/cmake)
[1.725s] -- Using RMW implementation 'rmw_fastrtps_cpp' as default
[1.911s] -- Found sensors_pkg: 0.0.0 (/home/skulikk/robot/install/sensors_pkg/share/sensors_pkg/cmake)
[2.321s] -- Found ament_lint_auto: 0.12.11 (/opt/ros/humble/share/ament_lint_auto/cmake)
[2.627s] -- Added test 'cppcheck' to perform static code analysis on C / C++ code
[2.627s] -- Configured cppcheck include dirs: $<BUILD_INTERFACE:/home/skulikk/robot/src/control_pkg/include>
[2.627s] -- Configured cppcheck exclude dirs and/or files: 
[2.630s] -- Added test 'lint_cmake' to check CMake code style
[2.637s] -- Added test 'uncrustify' to check C / C++ code style
[2.638s] -- Configured uncrustify additional arguments: 
[2.639s] -- Added test 'xmllint' to check XML markup files
[2.644s] -- Configuring done
[2.700s] -- Generating done
[2.746s] -- Build files have been written to: /home/skulikk/robot/build/control_pkg
[2.849s] [35m[1mConsolidate compiler generated dependencies of target motor_controller_node[0m
[2.942s] [ 50%] [32mBuilding CXX object CMakeFiles/motor_controller_node.dir/src/motor_controller_node.cpp.o[0m
[35.029s] [100%] [32m[1mLinking CXX executable motor_controller_node[0m
[36.727s] [100%] Built target motor_controller_node
[36.764s] Invoked command in '/home/skulikk/robot/build/control_pkg' returned '0': CMAKE_PREFIX_PATH=${CMAKE_PREFIX_PATH}:/opt/ros/humble /usr/bin/cmake --build /home/skulikk/robot/build/control_pkg -- -j4 -l4
[36.776s] Invoking command in '/home/skulikk/robot/build/control_pkg': CMAKE_PREFIX_PATH=${CMAKE_PREFIX_PATH}:/opt/ros/humble /usr/bin/cmake --install /home/skulikk/robot/build/control_pkg
[36.803s] -- Install configuration: ""
[36.804s] -- Execute custom install script
[36.806s] -- Up-to-date symlink: /home/skulikk/robot/install/control_pkg/lib/control_pkg/motor_controller_node
[36.807s] -- Up-to-date symlink: /home/skulikk/robot/install/control_pkg/share/ament_index/resource_index/package_run_dependencies/control_pkg
[36.809s] -- Up-to-date symlink: /home/skulikk/robot/install/control_pkg/share/ament_index/resource_index/parent_prefix_path/control_pkg
[36.809s] -- Up-to-date symlink: /home/skulikk/robot/install/control_pkg/share/control_pkg/environment/ament_prefix_path.sh
[36.811s] -- Up-to-date symlink: /home/skulikk/robot/install/control_pkg/share/control_pkg/environment/ament_prefix_path.dsv
[36.811s] -- Up-to-date symlink: /home/skulikk/robot/install/control_pkg/share/control_pkg/environment/path.sh
[36.812s] -- Up-to-date symlink: /home/skulikk/robot/install/control_pkg/share/control_pkg/environment/path.dsv
[36.813s] -- Up-to-date symlink: /home/skulikk/robot/install/control_pkg/share/control_pkg/local_setup.bash
[36.814s] -- Up-to-date symlink: /home/skulikk/robot/install/control_pkg/share/control_pkg/local_setup.sh
[36.815s] -- Up-to-date symlink: /home/skulikk/robot/install/control_pkg/share/control_pkg/local_setup.zsh
[36.816s] -- Up-to-date symlink: /home/skulikk/robot/install/control_pkg/share/control_pkg/local_setup.dsv
[36.816s] -- Symlinking: /home/skulikk/robot/install/control_pkg/share/control_pkg/package.dsv
[36.850s] -- Up-to-date symlink: /home/skulikk/robot/install/control_pkg/share/ament_index/resource_index/packages/control_pkg
[36.850s] -- Up-to-date symlink: /home/skulikk/robot/install/control_pkg/share/control_pkg/cmake/control_pkgConfig.cmake
[36.851s] -- Up-to-date symlink: /home/skulikk/robot/install/control_pkg/share/control_pkg/cmake/control_pkgConfig-version.cmake
[36.852s] -- Up-to-date symlink: /home/skulikk/robot/install/control_pkg/share/control_pkg/package.xml
[36.859s] Invoked command in '/home/skulikk/robot/build/control_pkg' returned '0': CMAKE_PREFIX_PATH=${CMAKE_PREFIX_PATH}:/opt/ros/humble /usr/bin/cmake --install /home/skulikk/robot/build/control_pkg
