[0.428s] DEBUG:colcon:Command line arguments: ['/usr/bin/colcon', 'build']
[0.429s] DEBUG:colcon:Parsed command line arguments: Namespace(log_base=None, log_level=None, verb_name='build', build_base='build', install_base='install', merge_install=False, symlink_install=False, test_result_base=None, continue_on_error=False, executor='parallel', parallel_workers=4, event_handlers=None, ignore_user_meta=False, metas=['./colcon.meta'], base_paths=['.'], packages_ignore=None, packages_ignore_regex=None, paths=None, packages_up_to=None, packages_up_to_regex=None, packages_above=None, packages_above_and_dependencies=None, packages_above_depth=None, packages_select_by_dep=None, packages_skip_by_dep=None, packages_skip_up_to=None, packages_select_build_failed=False, packages_skip_build_finished=False, packages_select_test_failures=False, packages_skip_test_passed=False, packages_select=None, packages_skip=None, packages_select_regex=None, packages_skip_regex=None, packages_start=None, packages_end=None, allow_overriding=[], cmake_args=None, cmake_target=None, cmake_target_skip_unavailable=False, cmake_clean_cache=False, cmake_clean_first=False, cmake_force_configure=False, ament_cmake_args=None, catkin_cmake_args=None, catkin_skip_building_tests=False, verb_parser=<colcon_defaults.argument_parser.defaults.DefaultArgumentsDecorator object at 0xffffbc5add50>, verb_extension=<colcon_core.verb.build.BuildVerb object at 0xffffbc6bb1c0>, main=<bound method BuildVerb.main of <colcon_core.verb.build.BuildVerb object at 0xffffbc6bb1c0>>)
[1.130s] Level 1:colcon.colcon_core.package_discovery:discover_packages(colcon_meta) check parameters
[1.130s] Level 1:colcon.colcon_core.package_discovery:discover_packages(recursive) check parameters
[1.131s] Level 1:colcon.colcon_core.package_discovery:discover_packages(ignore) check parameters
[1.131s] Level 1:colcon.colcon_core.package_discovery:discover_packages(path) check parameters
[1.131s] Level 1:colcon.colcon_core.package_discovery:discover_packages(colcon_meta) discover
[1.131s] Level 1:colcon.colcon_core.package_discovery:discover_packages(recursive) discover
[1.131s] INFO:colcon.colcon_core.package_discovery:Crawling recursively for packages in '/home/skulikk/robot/src'
[1.132s] Level 1:colcon.colcon_core.package_identification:_identify(.) by extensions ['ignore', 'ignore_ament_install']
[1.132s] Level 1:colcon.colcon_core.package_identification:_identify(.) by extension 'ignore'
[1.132s] Level 1:colcon.colcon_core.package_identification:_identify(.) by extension 'ignore_ament_install'
[1.133s] Level 1:colcon.colcon_core.package_identification:_identify(.) by extensions ['colcon_pkg']
[1.133s] Level 1:colcon.colcon_core.package_identification:_identify(.) by extension 'colcon_pkg'
[1.133s] Level 1:colcon.colcon_core.package_identification:_identify(.) by extensions ['colcon_meta']
[1.133s] Level 1:colcon.colcon_core.package_identification:_identify(.) by extension 'colcon_meta'
[1.133s] Level 1:colcon.colcon_core.package_identification:_identify(.) by extensions ['ros']
[1.133s] Level 1:colcon.colcon_core.package_identification:_identify(.) by extension 'ros'
[1.192s] Level 1:colcon.colcon_core.package_identification:_identify(.) by extensions ['cmake', 'python']
[1.192s] Level 1:colcon.colcon_core.package_identification:_identify(.) by extension 'cmake'
[1.192s] Level 1:colcon.colcon_core.package_identification:_identify(.) by extension 'python'
[1.193s] Level 1:colcon.colcon_core.package_identification:_identify(.) by extensions ['python_setup_py']
[1.193s] Level 1:colcon.colcon_core.package_identification:_identify(.) by extension 'python_setup_py'
[1.193s] Level 1:colcon.colcon_core.package_identification:_identify(build) by extensions ['ignore', 'ignore_ament_install']
[1.194s] Level 1:colcon.colcon_core.package_identification:_identify(build) by extension 'ignore'
[1.194s] Level 1:colcon.colcon_core.package_identification:_identify(build) ignored
[1.195s] Level 1:colcon.colcon_core.package_identification:_identify(control_pkg) by extensions ['ignore', 'ignore_ament_install']
[1.195s] Level 1:colcon.colcon_core.package_identification:_identify(control_pkg) by extension 'ignore'
[1.195s] Level 1:colcon.colcon_core.package_identification:_identify(control_pkg) by extension 'ignore_ament_install'
[1.195s] Level 1:colcon.colcon_core.package_identification:_identify(control_pkg) by extensions ['colcon_pkg']
[1.196s] Level 1:colcon.colcon_core.package_identification:_identify(control_pkg) by extension 'colcon_pkg'
[1.196s] Level 1:colcon.colcon_core.package_identification:_identify(control_pkg) by extensions ['colcon_meta']
[1.196s] Level 1:colcon.colcon_core.package_identification:_identify(control_pkg) by extension 'colcon_meta'
[1.196s] Level 1:colcon.colcon_core.package_identification:_identify(control_pkg) by extensions ['ros']
[1.196s] Level 1:colcon.colcon_core.package_identification:_identify(control_pkg) by extension 'ros'
[1.211s] DEBUG:colcon.colcon_core.package_identification:Package 'control_pkg' with type 'ros.ament_cmake' and name 'control_pkg'
[1.212s] Level 1:colcon.colcon_core.package_identification:_identify(install) by extensions ['ignore', 'ignore_ament_install']
[1.213s] Level 1:colcon.colcon_core.package_identification:_identify(install) by extension 'ignore'
[1.213s] Level 1:colcon.colcon_core.package_identification:_identify(install) ignored
[1.214s] Level 1:colcon.colcon_core.package_identification:_identify(log) by extensions ['ignore', 'ignore_ament_install']
[1.215s] Level 1:colcon.colcon_core.package_identification:_identify(log) by extension 'ignore'
[1.215s] Level 1:colcon.colcon_core.package_identification:_identify(log) ignored
[1.216s] Level 1:colcon.colcon_core.package_identification:_identify(sensors_pkg) by extensions ['ignore', 'ignore_ament_install']
[1.216s] Level 1:colcon.colcon_core.package_identification:_identify(sensors_pkg) by extension 'ignore'
[1.217s] Level 1:colcon.colcon_core.package_identification:_identify(sensors_pkg) by extension 'ignore_ament_install'
[1.217s] Level 1:colcon.colcon_core.package_identification:_identify(sensors_pkg) by extensions ['colcon_pkg']
[1.217s] Level 1:colcon.colcon_core.package_identification:_identify(sensors_pkg) by extension 'colcon_pkg'
[1.217s] Level 1:colcon.colcon_core.package_identification:_identify(sensors_pkg) by extensions ['colcon_meta']
[1.218s] Level 1:colcon.colcon_core.package_identification:_identify(sensors_pkg) by extension 'colcon_meta'
[1.218s] Level 1:colcon.colcon_core.package_identification:_identify(sensors_pkg) by extensions ['ros']
[1.218s] Level 1:colcon.colcon_core.package_identification:_identify(sensors_pkg) by extension 'ros'
[1.221s] DEBUG:colcon.colcon_core.package_identification:Package 'sensors_pkg' with type 'ros.ament_cmake' and name 'sensors_pkg'
[1.222s] Level 1:colcon.colcon_core.package_discovery:discover_packages(recursive) using defaults
[1.222s] Level 1:colcon.colcon_core.package_discovery:discover_packages(ignore) discover
[1.222s] Level 1:colcon.colcon_core.package_discovery:discover_packages(ignore) using defaults
[1.223s] Level 1:colcon.colcon_core.package_discovery:discover_packages(path) discover
[1.223s] Level 1:colcon.colcon_core.package_discovery:discover_packages(path) using defaults
[1.308s] Level 1:colcon.colcon_core.package_discovery:discover_packages(prefix_path) check parameters
[1.308s] Level 1:colcon.colcon_core.package_discovery:discover_packages(prefix_path) discover
[1.321s] DEBUG:colcon.colcon_installed_package_information.package_discovery:Found 224 installed packages in /opt/ros/humble
[1.327s] Level 1:colcon.colcon_core.package_discovery:discover_packages(prefix_path) using defaults
[1.495s] Level 5:colcon.colcon_core.verb:set package 'control_pkg' build argument 'cmake_args' from command line to 'None'
[1.496s] Level 5:colcon.colcon_core.verb:set package 'control_pkg' build argument 'cmake_target' from command line to 'None'
[1.496s] Level 5:colcon.colcon_core.verb:set package 'control_pkg' build argument 'cmake_target_skip_unavailable' from command line to 'False'
[1.496s] Level 5:colcon.colcon_core.verb:set package 'control_pkg' build argument 'cmake_clean_cache' from command line to 'False'
[1.496s] Level 5:colcon.colcon_core.verb:set package 'control_pkg' build argument 'cmake_clean_first' from command line to 'False'
[1.496s] Level 5:colcon.colcon_core.verb:set package 'control_pkg' build argument 'cmake_force_configure' from command line to 'False'
[1.496s] Level 5:colcon.colcon_core.verb:set package 'control_pkg' build argument 'ament_cmake_args' from command line to 'None'
[1.496s] Level 5:colcon.colcon_core.verb:set package 'control_pkg' build argument 'catkin_cmake_args' from command line to 'None'
[1.496s] Level 5:colcon.colcon_core.verb:set package 'control_pkg' build argument 'catkin_skip_building_tests' from command line to 'False'
[1.497s] DEBUG:colcon.colcon_core.verb:Building package 'control_pkg' with the following arguments: {'ament_cmake_args': None, 'build_base': '/home/skulikk/robot/src/build/control_pkg', 'catkin_cmake_args': None, 'catkin_skip_building_tests': False, 'cmake_args': None, 'cmake_clean_cache': False, 'cmake_clean_first': False, 'cmake_force_configure': False, 'cmake_target': None, 'cmake_target_skip_unavailable': False, 'install_base': '/home/skulikk/robot/src/install/control_pkg', 'merge_install': False, 'path': '/home/skulikk/robot/src/control_pkg', 'symlink_install': False, 'test_result_base': None}
[1.498s] Level 5:colcon.colcon_core.verb:set package 'sensors_pkg' build argument 'cmake_args' from command line to 'None'
[1.498s] Level 5:colcon.colcon_core.verb:set package 'sensors_pkg' build argument 'cmake_target' from command line to 'None'
[1.499s] Level 5:colcon.colcon_core.verb:set package 'sensors_pkg' build argument 'cmake_target_skip_unavailable' from command line to 'False'
[1.499s] Level 5:colcon.colcon_core.verb:set package 'sensors_pkg' build argument 'cmake_clean_cache' from command line to 'False'
[1.499s] Level 5:colcon.colcon_core.verb:set package 'sensors_pkg' build argument 'cmake_clean_first' from command line to 'False'
[1.499s] Level 5:colcon.colcon_core.verb:set package 'sensors_pkg' build argument 'cmake_force_configure' from command line to 'False'
[1.499s] Level 5:colcon.colcon_core.verb:set package 'sensors_pkg' build argument 'ament_cmake_args' from command line to 'None'
[1.499s] Level 5:colcon.colcon_core.verb:set package 'sensors_pkg' build argument 'catkin_cmake_args' from command line to 'None'
[1.499s] Level 5:colcon.colcon_core.verb:set package 'sensors_pkg' build argument 'catkin_skip_building_tests' from command line to 'False'
[1.499s] DEBUG:colcon.colcon_core.verb:Building package 'sensors_pkg' with the following arguments: {'ament_cmake_args': None, 'build_base': '/home/skulikk/robot/src/build/sensors_pkg', 'catkin_cmake_args': None, 'catkin_skip_building_tests': False, 'cmake_args': None, 'cmake_clean_cache': False, 'cmake_clean_first': False, 'cmake_force_configure': False, 'cmake_target': None, 'cmake_target_skip_unavailable': False, 'install_base': '/home/skulikk/robot/src/install/sensors_pkg', 'merge_install': False, 'path': '/home/skulikk/robot/src/sensors_pkg', 'symlink_install': False, 'test_result_base': None}
[1.500s] INFO:colcon.colcon_core.executor:Executing jobs using 'parallel' executor
[1.503s] DEBUG:colcon.colcon_parallel_executor.executor.parallel:run_until_complete
[1.504s] INFO:colcon.colcon_ros.task.ament_cmake.build:Building ROS package in '/home/skulikk/robot/src/control_pkg' with build type 'ament_cmake'
[1.505s] INFO:colcon.colcon_cmake.task.cmake.build:Building CMake package in '/home/skulikk/robot/src/control_pkg'
[1.514s] INFO:colcon.colcon_core.plugin_system:Skipping extension 'colcon_core.shell.bat': Not used on non-Windows systems
[1.515s] INFO:colcon.colcon_core.shell:Skip shell extension 'powershell' for command environment: Not usable outside of PowerShell
[1.515s] DEBUG:colcon.colcon_core.shell:Skip shell extension 'dsv' for command environment
[1.530s] INFO:colcon.colcon_ros.task.ament_cmake.build:Building ROS package in '/home/skulikk/robot/src/sensors_pkg' with build type 'ament_cmake'
[1.530s] INFO:colcon.colcon_cmake.task.cmake.build:Building CMake package in '/home/skulikk/robot/src/sensors_pkg'
[1.532s] INFO:colcon.colcon_core.shell:Skip shell extension 'powershell' for command environment: Not usable outside of PowerShell
[1.532s] DEBUG:colcon.colcon_core.shell:Skip shell extension 'dsv' for command environment
[1.570s] DEBUG:colcon.colcon_core.event_handler.log_command:Invoking command in '/home/skulikk/robot/src/build/control_pkg': CMAKE_PREFIX_PATH=/opt/ros/humble /usr/bin/cmake --build /home/skulikk/robot/src/build/control_pkg -- -j4 -l4
[1.594s] DEBUG:colcon.colcon_core.event_handler.log_command:Invoking command in '/home/skulikk/robot/src/build/sensors_pkg': CMAKE_PREFIX_PATH=/opt/ros/humble /usr/bin/cmake --build /home/skulikk/robot/src/build/sensors_pkg -- -j4 -l4
[1.869s] DEBUG:colcon.colcon_core.event_handler.log_command:Invoked command in '/home/skulikk/robot/src/build/control_pkg' returned '0': CMAKE_PREFIX_PATH=/opt/ros/humble /usr/bin/cmake --build /home/skulikk/robot/src/build/control_pkg -- -j4 -l4
[1.918s] DEBUG:colcon.colcon_core.event_handler.log_command:Invoking command in '/home/skulikk/robot/src/build/control_pkg': CMAKE_PREFIX_PATH=/opt/ros/humble /usr/bin/cmake --install /home/skulikk/robot/src/build/control_pkg
[1.966s] Level 1:colcon.colcon_core.environment:create_environment_scripts_only(control_pkg)
[1.968s] DEBUG:colcon.colcon_core.event_handler.log_command:Invoked command in '/home/skulikk/robot/src/build/control_pkg' returned '0': CMAKE_PREFIX_PATH=/opt/ros/humble /usr/bin/cmake --install /home/skulikk/robot/src/build/control_pkg
[1.978s] Level 1:colcon.colcon_core.environment:checking '/home/skulikk/robot/src/install/control_pkg' for CMake module files
[1.981s] Level 1:colcon.colcon_core.environment:checking '/home/skulikk/robot/src/install/control_pkg' for CMake config files
[1.984s] Level 1:colcon.colcon_core.shell:create_environment_hook('control_pkg', 'cmake_prefix_path')
[1.985s] INFO:colcon.colcon_core.shell:Creating environment hook '/home/skulikk/robot/src/install/control_pkg/share/control_pkg/hook/cmake_prefix_path.ps1'
[1.988s] INFO:colcon.colcon_core.shell:Creating environment descriptor '/home/skulikk/robot/src/install/control_pkg/share/control_pkg/hook/cmake_prefix_path.dsv'
[1.991s] INFO:colcon.colcon_core.shell:Creating environment hook '/home/skulikk/robot/src/install/control_pkg/share/control_pkg/hook/cmake_prefix_path.sh'
[1.995s] Level 1:colcon.colcon_core.environment:checking '/home/skulikk/robot/src/install/control_pkg/lib'
[1.996s] Level 1:colcon.colcon_core.environment:checking '/home/skulikk/robot/src/install/control_pkg/bin'
[1.997s] Level 1:colcon.colcon_core.environment:checking '/home/skulikk/robot/src/install/control_pkg/lib/pkgconfig/control_pkg.pc'
[1.997s] Level 1:colcon.colcon_core.environment:checking '/home/skulikk/robot/src/install/control_pkg/lib/python3.10/site-packages'
[1.998s] Level 1:colcon.colcon_core.environment:checking '/home/skulikk/robot/src/install/control_pkg/bin'
[2.000s] INFO:colcon.colcon_core.shell:Creating package script '/home/skulikk/robot/src/install/control_pkg/share/control_pkg/package.ps1'
[2.004s] INFO:colcon.colcon_core.shell:Creating package descriptor '/home/skulikk/robot/src/install/control_pkg/share/control_pkg/package.dsv'
[2.007s] INFO:colcon.colcon_core.shell:Creating package script '/home/skulikk/robot/src/install/control_pkg/share/control_pkg/package.sh'
[2.013s] INFO:colcon.colcon_core.shell:Creating package script '/home/skulikk/robot/src/install/control_pkg/share/control_pkg/package.bash'
[2.019s] INFO:colcon.colcon_core.shell:Creating package script '/home/skulikk/robot/src/install/control_pkg/share/control_pkg/package.zsh'
[2.023s] Level 1:colcon.colcon_core.environment:create_file_with_runtime_dependencies(/home/skulikk/robot/src/install/control_pkg/share/colcon-core/packages/control_pkg)
[2.026s] Level 1:colcon.colcon_core.environment:create_environment_scripts_only(control_pkg)
[2.027s] Level 1:colcon.colcon_core.environment:checking '/home/skulikk/robot/src/install/control_pkg' for CMake module files
[2.030s] Level 1:colcon.colcon_core.environment:checking '/home/skulikk/robot/src/install/control_pkg' for CMake config files
[2.032s] Level 1:colcon.colcon_core.shell:create_environment_hook('control_pkg', 'cmake_prefix_path')
[2.033s] INFO:colcon.colcon_core.shell:Creating environment hook '/home/skulikk/robot/src/install/control_pkg/share/control_pkg/hook/cmake_prefix_path.ps1'
[2.036s] INFO:colcon.colcon_core.shell:Creating environment descriptor '/home/skulikk/robot/src/install/control_pkg/share/control_pkg/hook/cmake_prefix_path.dsv'
[2.037s] INFO:colcon.colcon_core.shell:Creating environment hook '/home/skulikk/robot/src/install/control_pkg/share/control_pkg/hook/cmake_prefix_path.sh'
[2.040s] Level 1:colcon.colcon_core.environment:checking '/home/skulikk/robot/src/install/control_pkg/lib'
[2.041s] Level 1:colcon.colcon_core.environment:checking '/home/skulikk/robot/src/install/control_pkg/bin'
[2.041s] Level 1:colcon.colcon_core.environment:checking '/home/skulikk/robot/src/install/control_pkg/lib/pkgconfig/control_pkg.pc'
[2.042s] Level 1:colcon.colcon_core.environment:checking '/home/skulikk/robot/src/install/control_pkg/lib/python3.10/site-packages'
[2.043s] Level 1:colcon.colcon_core.environment:checking '/home/skulikk/robot/src/install/control_pkg/bin'
[2.044s] INFO:colcon.colcon_core.shell:Creating package script '/home/skulikk/robot/src/install/control_pkg/share/control_pkg/package.ps1'
[2.046s] INFO:colcon.colcon_core.shell:Creating package descriptor '/home/skulikk/robot/src/install/control_pkg/share/control_pkg/package.dsv'
[2.049s] INFO:colcon.colcon_core.shell:Creating package script '/home/skulikk/robot/src/install/control_pkg/share/control_pkg/package.sh'
[2.051s] INFO:colcon.colcon_core.shell:Creating package script '/home/skulikk/robot/src/install/control_pkg/share/control_pkg/package.bash'
[2.053s] INFO:colcon.colcon_core.shell:Creating package script '/home/skulikk/robot/src/install/control_pkg/share/control_pkg/package.zsh'
[2.055s] Level 1:colcon.colcon_core.environment:create_file_with_runtime_dependencies(/home/skulikk/robot/src/install/control_pkg/share/colcon-core/packages/control_pkg)
[6.274s] DEBUG:colcon.colcon_core.event_handler.log_command:Invoked command in '/home/skulikk/robot/src/build/sensors_pkg' returned '0': CMAKE_PREFIX_PATH=/opt/ros/humble /usr/bin/cmake --build /home/skulikk/robot/src/build/sensors_pkg -- -j4 -l4
[6.284s] DEBUG:colcon.colcon_core.event_handler.log_command:Invoking command in '/home/skulikk/robot/src/build/sensors_pkg': CMAKE_PREFIX_PATH=/opt/ros/humble /usr/bin/cmake --install /home/skulikk/robot/src/build/sensors_pkg
[6.367s] Level 1:colcon.colcon_core.environment:create_environment_scripts_only(sensors_pkg)
[6.369s] Level 1:colcon.colcon_core.environment:checking '/home/skulikk/robot/src/install/sensors_pkg' for CMake module files
[6.372s] Level 1:colcon.colcon_core.environment:checking '/home/skulikk/robot/src/install/sensors_pkg' for CMake config files
[6.376s] DEBUG:colcon.colcon_core.event_handler.log_command:Invoked command in '/home/skulikk/robot/src/build/sensors_pkg' returned '0': CMAKE_PREFIX_PATH=/opt/ros/humble /usr/bin/cmake --install /home/skulikk/robot/src/build/sensors_pkg
[6.380s] Level 1:colcon.colcon_core.shell:create_environment_hook('sensors_pkg', 'cmake_prefix_path')
[6.381s] INFO:colcon.colcon_core.shell:Creating environment hook '/home/skulikk/robot/src/install/sensors_pkg/share/sensors_pkg/hook/cmake_prefix_path.ps1'
[6.385s] INFO:colcon.colcon_core.shell:Creating environment descriptor '/home/skulikk/robot/src/install/sensors_pkg/share/sensors_pkg/hook/cmake_prefix_path.dsv'
[6.389s] INFO:colcon.colcon_core.shell:Creating environment hook '/home/skulikk/robot/src/install/sensors_pkg/share/sensors_pkg/hook/cmake_prefix_path.sh'
[6.395s] Level 1:colcon.colcon_core.environment:checking '/home/skulikk/robot/src/install/sensors_pkg/lib'
[6.396s] Level 1:colcon.colcon_core.environment:checking '/home/skulikk/robot/src/install/sensors_pkg/bin'
[6.397s] Level 1:colcon.colcon_core.environment:checking '/home/skulikk/robot/src/install/sensors_pkg/lib/pkgconfig/sensors_pkg.pc'
[6.400s] Level 1:colcon.colcon_core.environment:checking '/home/skulikk/robot/src/install/sensors_pkg/lib/python3.10/site-packages'
[6.404s] Level 1:colcon.colcon_core.environment:checking '/home/skulikk/robot/src/install/sensors_pkg/bin'
[6.407s] INFO:colcon.colcon_core.shell:Creating package script '/home/skulikk/robot/src/install/sensors_pkg/share/sensors_pkg/package.ps1'
[6.416s] INFO:colcon.colcon_core.shell:Creating package descriptor '/home/skulikk/robot/src/install/sensors_pkg/share/sensors_pkg/package.dsv'
[6.422s] INFO:colcon.colcon_core.shell:Creating package script '/home/skulikk/robot/src/install/sensors_pkg/share/sensors_pkg/package.sh'
[6.428s] INFO:colcon.colcon_core.shell:Creating package script '/home/skulikk/robot/src/install/sensors_pkg/share/sensors_pkg/package.bash'
[6.433s] INFO:colcon.colcon_core.shell:Creating package script '/home/skulikk/robot/src/install/sensors_pkg/share/sensors_pkg/package.zsh'
[6.438s] Level 1:colcon.colcon_core.environment:create_file_with_runtime_dependencies(/home/skulikk/robot/src/install/sensors_pkg/share/colcon-core/packages/sensors_pkg)
[6.447s] Level 1:colcon.colcon_core.environment:create_environment_scripts_only(sensors_pkg)
[6.450s] Level 1:colcon.colcon_core.environment:checking '/home/skulikk/robot/src/install/sensors_pkg' for CMake module files
[6.460s] Level 1:colcon.colcon_core.environment:checking '/home/skulikk/robot/src/install/sensors_pkg' for CMake config files
[6.468s] Level 1:colcon.colcon_core.shell:create_environment_hook('sensors_pkg', 'cmake_prefix_path')
[6.471s] INFO:colcon.colcon_core.shell:Creating environment hook '/home/skulikk/robot/src/install/sensors_pkg/share/sensors_pkg/hook/cmake_prefix_path.ps1'
[6.476s] INFO:colcon.colcon_core.shell:Creating environment descriptor '/home/skulikk/robot/src/install/sensors_pkg/share/sensors_pkg/hook/cmake_prefix_path.dsv'
[6.481s] INFO:colcon.colcon_core.shell:Creating environment hook '/home/skulikk/robot/src/install/sensors_pkg/share/sensors_pkg/hook/cmake_prefix_path.sh'
[6.488s] Level 1:colcon.colcon_core.environment:checking '/home/skulikk/robot/src/install/sensors_pkg/lib'
[6.489s] Level 1:colcon.colcon_core.environment:checking '/home/skulikk/robot/src/install/sensors_pkg/bin'
[6.490s] Level 1:colcon.colcon_core.environment:checking '/home/skulikk/robot/src/install/sensors_pkg/lib/pkgconfig/sensors_pkg.pc'
[6.493s] Level 1:colcon.colcon_core.environment:checking '/home/skulikk/robot/src/install/sensors_pkg/lib/python3.10/site-packages'
[6.496s] Level 1:colcon.colcon_core.environment:checking '/home/skulikk/robot/src/install/sensors_pkg/bin'
[6.499s] INFO:colcon.colcon_core.shell:Creating package script '/home/skulikk/robot/src/install/sensors_pkg/share/sensors_pkg/package.ps1'
[6.505s] INFO:colcon.colcon_core.shell:Creating package descriptor '/home/skulikk/robot/src/install/sensors_pkg/share/sensors_pkg/package.dsv'
[6.512s] INFO:colcon.colcon_core.shell:Creating package script '/home/skulikk/robot/src/install/sensors_pkg/share/sensors_pkg/package.sh'
[6.518s] INFO:colcon.colcon_core.shell:Creating package script '/home/skulikk/robot/src/install/sensors_pkg/share/sensors_pkg/package.bash'
[6.523s] INFO:colcon.colcon_core.shell:Creating package script '/home/skulikk/robot/src/install/sensors_pkg/share/sensors_pkg/package.zsh'
[6.529s] Level 1:colcon.colcon_core.environment:create_file_with_runtime_dependencies(/home/skulikk/robot/src/install/sensors_pkg/share/colcon-core/packages/sensors_pkg)
[6.532s] DEBUG:colcon.colcon_parallel_executor.executor.parallel:closing loop
[6.534s] DEBUG:colcon.colcon_parallel_executor.executor.parallel:loop closed
[6.535s] DEBUG:colcon.colcon_parallel_executor.executor.parallel:run_until_complete finished with '0'
[6.536s] DEBUG:colcon.colcon_core.event_reactor:joining thread
[6.596s] INFO:colcon.colcon_core.plugin_system:Skipping extension 'colcon_notification.desktop_notification.terminal_notifier': Not used on non-Darwin systems
[6.597s] INFO:colcon.colcon_core.plugin_system:Skipping extension 'colcon_notification.desktop_notification.win32': Not used on non-Windows systems
[6.598s] INFO:colcon.colcon_notification.desktop_notification:Sending desktop notification using 'notify2'
[6.690s] DEBUG:colcon.colcon_core.event_reactor:joined thread
[6.693s] INFO:colcon.colcon_core.shell:Creating prefix script '/home/skulikk/robot/src/install/local_setup.ps1'
[6.703s] INFO:colcon.colcon_core.shell:Creating prefix util module '/home/skulikk/robot/src/install/_local_setup_util_ps1.py'
[6.724s] INFO:colcon.colcon_core.shell:Creating prefix chain script '/home/skulikk/robot/src/install/setup.ps1'
[6.734s] INFO:colcon.colcon_core.shell:Creating prefix script '/home/skulikk/robot/src/install/local_setup.sh'
[6.740s] INFO:colcon.colcon_core.shell:Creating prefix util module '/home/skulikk/robot/src/install/_local_setup_util_sh.py'
[6.746s] INFO:colcon.colcon_core.shell:Creating prefix chain script '/home/skulikk/robot/src/install/setup.sh'
[6.757s] INFO:colcon.colcon_core.shell:Creating prefix script '/home/skulikk/robot/src/install/local_setup.bash'
[6.762s] INFO:colcon.colcon_core.shell:Creating prefix chain script '/home/skulikk/robot/src/install/setup.bash'
[6.772s] INFO:colcon.colcon_core.shell:Creating prefix script '/home/skulikk/robot/src/install/local_setup.zsh'
[6.777s] INFO:colcon.colcon_core.shell:Creating prefix chain script '/home/skulikk/robot/src/install/setup.zsh'
