[0.077s] Invoking command in '/home/skulikk/robot/src/build/control_pkg': CMAKE_PREFIX_PATH=${CMAKE_PREFIX_PATH}:/opt/ros/humble /usr/bin/cmake --build /home/skulikk/robot/src/build/control_pkg -- -j4 -l4
[0.437s] -- Found ament_cmake: 1.3.11 (/opt/ros/humble/share/ament_cmake/cmake)
[2.069s] -- Found rclcpp: 16.0.11 (/opt/ros/humble/share/rclcpp/cmake)
[2.457s] -- Found rosidl_generator_c: 3.1.6 (/opt/ros/humble/share/rosidl_generator_c/cmake)
[2.499s] -- Found rosidl_adapter: 3.1.6 (/opt/ros/humble/share/rosidl_adapter/cmake)
[2.593s] -- Found rosidl_generator_cpp: 3.1.6 (/opt/ros/humble/share/rosidl_generator_cpp/cmake)
[2.734s] -- Using all available rosidl_typesupport_c: rosidl_typesupport_fastrtps_c;rosidl_typesupport_introspection_c
[2.947s] -- Using all available rosidl_typesupport_cpp: rosidl_typesupport_fastrtps_cpp;rosidl_typesupport_introspection_cpp
[3.382s] -- Found rmw_implementation_cmake: 6.1.2 (/opt/ros/humble/share/rmw_implementation_cmake/cmake)
[3.406s] -- Found rmw_fastrtps_cpp: 6.2.7 (/opt/ros/humble/share/rmw_fastrtps_cpp/cmake)
[4.242s] -- Using RMW implementation 'rmw_fastrtps_cpp' as default
[4.530s] -- Found ament_lint_auto: 0.12.11 (/opt/ros/humble/share/ament_lint_auto/cmake)
[4.871s] -- Added test 'cppcheck' to perform static code analysis on C / C++ code
[4.872s] -- Configured cppcheck include dirs: $<BUILD_INTERFACE:/home/skulikk/robot/src/control_pkg/include>
[4.873s] -- Configured cppcheck exclude dirs and/or files: 
[4.877s] -- Added test 'lint_cmake' to check CMake code style
[4.885s] -- Added test 'uncrustify' to check C / C++ code style
[4.886s] -- Configured uncrustify additional arguments: 
[4.888s] -- Added test 'xmllint' to check XML markup files
[4.896s] -- Configuring done
[4.978s] -- Generating done
[4.997s] -- Build files have been written to: /home/skulikk/robot/src/build/control_pkg
[5.136s] [ 50%] [32mBuilding CXX object CMakeFiles/motor_controller_node.dir/src/motor_controller_node.cpp.o[0m
[44.147s] [100%] [32m[1mLinking CXX executable motor_controller_node[0m
[47.494s] [100%] Built target motor_controller_node
[47.587s] Invoked command in '/home/skulikk/robot/src/build/control_pkg' returned '0': CMAKE_PREFIX_PATH=${CMAKE_PREFIX_PATH}:/opt/ros/humble /usr/bin/cmake --build /home/skulikk/robot/src/build/control_pkg -- -j4 -l4
[47.609s] Invoking command in '/home/skulikk/robot/src/build/control_pkg': CMAKE_PREFIX_PATH=${CMAKE_PREFIX_PATH}:/opt/ros/humble /usr/bin/cmake --install /home/skulikk/robot/src/build/control_pkg
[47.673s] -- Install configuration: ""
[47.674s] -- Installing: /home/skulikk/robot/src/install/control_pkg/lib/control_pkg/motor_controller_node
[47.747s] -- Set runtime path of "/home/skulikk/robot/src/install/control_pkg/lib/control_pkg/motor_controller_node" to ""
[47.749s] -- Installing: /home/skulikk/robot/src/install/control_pkg/share/ament_index/resource_index/package_run_dependencies/control_pkg
[47.754s] -- Installing: /home/skulikk/robot/src/install/control_pkg/share/ament_index/resource_index/parent_prefix_path/control_pkg
[47.759s] -- Installing: /home/skulikk/robot/src/install/control_pkg/share/control_pkg/environment/ament_prefix_path.sh
[47.762s] -- Installing: /home/skulikk/robot/src/install/control_pkg/share/control_pkg/environment/ament_prefix_path.dsv
[47.765s] -- Installing: /home/skulikk/robot/src/install/control_pkg/share/control_pkg/environment/path.sh
[47.768s] -- Installing: /home/skulikk/robot/src/install/control_pkg/share/control_pkg/environment/path.dsv
[47.771s] -- Installing: /home/skulikk/robot/src/install/control_pkg/share/control_pkg/local_setup.bash
[47.774s] -- Installing: /home/skulikk/robot/src/install/control_pkg/share/control_pkg/local_setup.sh
[47.777s] -- Installing: /home/skulikk/robot/src/install/control_pkg/share/control_pkg/local_setup.zsh
[47.780s] -- Installing: /home/skulikk/robot/src/install/control_pkg/share/control_pkg/local_setup.dsv
[47.783s] -- Installing: /home/skulikk/robot/src/install/control_pkg/share/control_pkg/package.dsv
[47.788s] -- Installing: /home/skulikk/robot/src/install/control_pkg/share/ament_index/resource_index/packages/control_pkg
[47.792s] -- Installing: /home/skulikk/robot/src/install/control_pkg/share/control_pkg/cmake/control_pkgConfig.cmake
[47.795s] -- Installing: /home/skulikk/robot/src/install/control_pkg/share/control_pkg/cmake/control_pkgConfig-version.cmake
[47.799s] -- Installing: /home/skulikk/robot/src/install/control_pkg/share/control_pkg/package.xml
[47.817s] Invoked command in '/home/skulikk/robot/src/build/control_pkg' returned '0': CMAKE_PREFIX_PATH=${CMAKE_PREFIX_PATH}:/opt/ros/humble /usr/bin/cmake --install /home/skulikk/robot/src/build/control_pkg
