[0.046s] Invoking command in '/home/skulikk/robot/src/build/imu_package': CMAKE_PREFIX_PATH=/opt/ros/humble /usr/bin/cmake /home/skulikk/robot/src/imu_package -DCMAKE_INSTALL_PREFIX=/home/skulikk/robot/src/install/imu_package
[0.499s] -- The C compiler identification is GNU 11.4.0
[0.831s] -- The CXX compiler identification is GNU 11.4.0
[0.867s] -- Detecting C compiler ABI info
[1.239s] -- Detecting C compiler ABI info - done
[1.272s] -- Check for working C compiler: /usr/bin/cc - skipped
[1.273s] -- Detecting C compile features
[1.275s] -- Detecting C compile features - done
[1.292s] -- Detecting CXX compiler ABI info
[2.030s] -- Detecting CXX compiler ABI info - done
[2.120s] -- Check for working CXX compiler: /usr/bin/c++ - skipped
[2.122s] -- Detecting CXX compile features
[2.127s] -- Detecting CXX compile features - done
[2.211s] -- Found ament_cmake: 1.3.11 (/opt/ros/humble/share/ament_cmake/cmake)
[4.014s] -- Found Python3: /usr/bin/python3 (found version "3.10.12") found components: Interpreter 
[4.748s] -- Found rclcpp: 16.0.11 (/opt/ros/humble/share/rclcpp/cmake)
[5.645s] -- Found rosidl_generator_c: 3.1.6 (/opt/ros/humble/share/rosidl_generator_c/cmake)
[5.645s] -- Found rosidl_adapter: 3.1.6 (/opt/ros/humble/share/rosidl_adapter/cmake)
[5.732s] -- Found rosidl_generator_cpp: 3.1.6 (/opt/ros/humble/share/rosidl_generator_cpp/cmake)
[6.272s] -- Using all available rosidl_typesupport_c: rosidl_typesupport_fastrtps_c;rosidl_typesupport_introspection_c
[6.274s] -- Using all available rosidl_typesupport_cpp: rosidl_typesupport_fastrtps_cpp;rosidl_typesupport_introspection_cpp
[6.946s] -- Found rmw_implementation_cmake: 6.1.2 (/opt/ros/humble/share/rmw_implementation_cmake/cmake)
[7.004s] -- Found rmw_fastrtps_cpp: 6.2.7 (/opt/ros/humble/share/rmw_fastrtps_cpp/cmake)
[8.484s] -- Found OpenSSL: /usr/lib/aarch64-linux-gnu/libcrypto.so (found version "3.0.2")  
[8.688s] -- Found FastRTPS: /opt/ros/humble/include  
[8.990s] -- Using RMW implementation 'rmw_fastrtps_cpp' as default
[9.065s] -- Looking for pthread.h
[9.462s] -- Looking for pthread.h - found
[9.465s] -- Performing Test CMAKE_HAVE_LIBC_PTHREAD
[10.783s] -- Performing Test CMAKE_HAVE_LIBC_PTHREAD - Success
[10.789s] -- Found Threads: TRUE  
[12.585s] -- Found ament_lint_auto: 0.12.11 (/opt/ros/humble/share/ament_lint_auto/cmake)
[14.397s] -- Added test 'cppcheck' to perform static code analysis on C / C++ code
[14.397s] -- Configured cppcheck include dirs: $<BUILD_INTERFACE:/home/skulikk/robot/src/imu_package/include>
[14.398s] -- Configured cppcheck exclude dirs and/or files: 
[14.401s] -- Added test 'lint_cmake' to check CMake code style
[14.408s] -- Added test 'uncrustify' to check C / C++ code style
[14.408s] -- Configured uncrustify additional arguments: 
[14.410s] -- Added test 'xmllint' to check XML markup files
[14.415s] -- Configuring done
[14.469s] -- Generating done
[15.060s] -- Build files have been written to: /home/skulikk/robot/src/build/imu_package
[15.098s] Invoked command in '/home/skulikk/robot/src/build/imu_package' returned '0': CMAKE_PREFIX_PATH=/opt/ros/humble /usr/bin/cmake /home/skulikk/robot/src/imu_package -DCMAKE_INSTALL_PREFIX=/home/skulikk/robot/src/install/imu_package
[15.108s] Invoking command in '/home/skulikk/robot/src/build/imu_package': CMAKE_PREFIX_PATH=/opt/ros/humble /usr/bin/cmake --build /home/skulikk/robot/src/build/imu_package -- -j4 -l4
[15.272s] [35m[1mConsolidate compiler generated dependencies of target imu_node[0m
[15.425s] [ 50%] [32mBuilding CXX object CMakeFiles/imu_node.dir/src/imu_node.cpp.o[0m
[35.863s] [100%] [32m[1mLinking CXX executable imu_node[0m
[36.994s] [100%] Built target imu_node
[37.034s] Invoked command in '/home/skulikk/robot/src/build/imu_package' returned '0': CMAKE_PREFIX_PATH=/opt/ros/humble /usr/bin/cmake --build /home/skulikk/robot/src/build/imu_package -- -j4 -l4
[37.076s] Invoking command in '/home/skulikk/robot/src/build/imu_package': CMAKE_PREFIX_PATH=/opt/ros/humble /usr/bin/cmake --install /home/skulikk/robot/src/build/imu_package
[37.102s] -- Install configuration: ""
[37.103s] -- Installing: /home/skulikk/robot/src/install/imu_package/lib/imu_package/imu_node
[37.114s] -- Set runtime path of "/home/skulikk/robot/src/install/imu_package/lib/imu_package/imu_node" to ""
[37.115s] -- Installing: /home/skulikk/robot/src/install/imu_package/share/ament_index/resource_index/package_run_dependencies/imu_package
[37.116s] -- Installing: /home/skulikk/robot/src/install/imu_package/share/ament_index/resource_index/parent_prefix_path/imu_package
[37.118s] -- Installing: /home/skulikk/robot/src/install/imu_package/share/imu_package/environment/ament_prefix_path.sh
[37.119s] -- Installing: /home/skulikk/robot/src/install/imu_package/share/imu_package/environment/ament_prefix_path.dsv
[37.120s] -- Installing: /home/skulikk/robot/src/install/imu_package/share/imu_package/environment/path.sh
[37.122s] -- Installing: /home/skulikk/robot/src/install/imu_package/share/imu_package/environment/path.dsv
[37.123s] -- Installing: /home/skulikk/robot/src/install/imu_package/share/imu_package/local_setup.bash
[37.124s] -- Installing: /home/skulikk/robot/src/install/imu_package/share/imu_package/local_setup.sh
[37.125s] -- Installing: /home/skulikk/robot/src/install/imu_package/share/imu_package/local_setup.zsh
[37.126s] -- Installing: /home/skulikk/robot/src/install/imu_package/share/imu_package/local_setup.dsv
[37.128s] -- Installing: /home/skulikk/robot/src/install/imu_package/share/imu_package/package.dsv
[37.129s] -- Installing: /home/skulikk/robot/src/install/imu_package/share/ament_index/resource_index/packages/imu_package
[37.130s] -- Installing: /home/skulikk/robot/src/install/imu_package/share/imu_package/cmake/imu_packageConfig.cmake
[37.131s] -- Installing: /home/skulikk/robot/src/install/imu_package/share/imu_package/cmake/imu_packageConfig-version.cmake
[37.132s] -- Installing: /home/skulikk/robot/src/install/imu_package/share/imu_package/package.xml
[37.139s] Invoked command in '/home/skulikk/robot/src/build/imu_package' returned '0': CMAKE_PREFIX_PATH=/opt/ros/humble /usr/bin/cmake --install /home/skulikk/robot/src/build/imu_package
