[0.778s] DEBUG:colcon:Command line arguments: ['/usr/bin/colcon', 'build', '--symlink-install']
[0.779s] DEBUG:colcon:Parsed command line arguments: Namespace(log_base=None, log_level=None, verb_name='build', build_base='build', install_base='install', merge_install=False, symlink_install=True, test_result_base=None, continue_on_error=False, executor='parallel', parallel_workers=4, event_handlers=None, ignore_user_meta=False, metas=['./colcon.meta'], base_paths=['.'], packages_ignore=None, packages_ignore_regex=None, paths=None, packages_up_to=None, packages_up_to_regex=None, packages_above=None, packages_above_and_dependencies=None, packages_above_depth=None, packages_select_by_dep=None, packages_skip_by_dep=None, packages_skip_up_to=None, packages_select_build_failed=False, packages_skip_build_finished=False, packages_select_test_failures=False, packages_skip_test_passed=False, packages_select=None, packages_skip=None, packages_select_regex=None, packages_skip_regex=None, packages_start=None, packages_end=None, allow_overriding=[], cmake_args=None, cmake_target=None, cmake_target_skip_unavailable=False, cmake_clean_cache=False, cmake_clean_first=False, cmake_force_configure=False, ament_cmake_args=None, catkin_cmake_args=None, catkin_skip_building_tests=False, verb_parser=<colcon_defaults.argument_parser.defaults.DefaultArgumentsDecorator object at 0xffffb4a3df90>, verb_extension=<colcon_core.verb.build.BuildVerb object at 0xffffb4b4b400>, main=<bound method BuildVerb.main of <colcon_core.verb.build.BuildVerb object at 0xffffb4b4b400>>)
[3.022s] Level 1:colcon.colcon_core.package_discovery:discover_packages(colcon_meta) check parameters
[3.023s] Level 1:colcon.colcon_core.package_discovery:discover_packages(recursive) check parameters
[3.024s] Level 1:colcon.colcon_core.package_discovery:discover_packages(ignore) check parameters
[3.024s] Level 1:colcon.colcon_core.package_discovery:discover_packages(path) check parameters
[3.025s] Level 1:colcon.colcon_core.package_discovery:discover_packages(colcon_meta) discover
[3.025s] Level 1:colcon.colcon_core.package_discovery:discover_packages(recursive) discover
[3.026s] INFO:colcon.colcon_core.package_discovery:Crawling recursively for packages in '/home/skulikk/robot'
[3.027s] Level 1:colcon.colcon_core.package_identification:_identify(.) by extensions ['ignore', 'ignore_ament_install']
[3.028s] Level 1:colcon.colcon_core.package_identification:_identify(.) by extension 'ignore'
[3.029s] Level 1:colcon.colcon_core.package_identification:_identify(.) by extension 'ignore_ament_install'
[3.029s] Level 1:colcon.colcon_core.package_identification:_identify(.) by extensions ['colcon_pkg']
[3.030s] Level 1:colcon.colcon_core.package_identification:_identify(.) by extension 'colcon_pkg'
[3.030s] Level 1:colcon.colcon_core.package_identification:_identify(.) by extensions ['colcon_meta']
[3.031s] Level 1:colcon.colcon_core.package_identification:_identify(.) by extension 'colcon_meta'
[3.031s] Level 1:colcon.colcon_core.package_identification:_identify(.) by extensions ['ros']
[3.031s] Level 1:colcon.colcon_core.package_identification:_identify(.) by extension 'ros'
[3.118s] Level 1:colcon.colcon_core.package_identification:_identify(.) by extensions ['cmake', 'python']
[3.119s] Level 1:colcon.colcon_core.package_identification:_identify(.) by extension 'cmake'
[3.119s] Level 1:colcon.colcon_core.package_identification:_identify(.) by extension 'python'
[3.119s] Level 1:colcon.colcon_core.package_identification:_identify(.) by extensions ['python_setup_py']
[3.119s] Level 1:colcon.colcon_core.package_identification:_identify(.) by extension 'python_setup_py'
[3.120s] Level 1:colcon.colcon_core.package_identification:_identify(build) by extensions ['ignore', 'ignore_ament_install']
[3.120s] Level 1:colcon.colcon_core.package_identification:_identify(build) by extension 'ignore'
[3.120s] Level 1:colcon.colcon_core.package_identification:_identify(build) ignored
[3.121s] Level 1:colcon.colcon_core.package_identification:_identify(install) by extensions ['ignore', 'ignore_ament_install']
[3.121s] Level 1:colcon.colcon_core.package_identification:_identify(install) by extension 'ignore'
[3.122s] Level 1:colcon.colcon_core.package_identification:_identify(install) ignored
[3.122s] Level 1:colcon.colcon_core.package_identification:_identify(log) by extensions ['ignore', 'ignore_ament_install']
[3.123s] Level 1:colcon.colcon_core.package_identification:_identify(log) by extension 'ignore'
[3.123s] Level 1:colcon.colcon_core.package_identification:_identify(log) ignored
[3.123s] Level 1:colcon.colcon_core.package_identification:_identify(src) by extensions ['ignore', 'ignore_ament_install']
[3.123s] Level 1:colcon.colcon_core.package_identification:_identify(src) by extension 'ignore'
[3.124s] Level 1:colcon.colcon_core.package_identification:_identify(src) by extension 'ignore_ament_install'
[3.124s] Level 1:colcon.colcon_core.package_identification:_identify(src) by extensions ['colcon_pkg']
[3.124s] Level 1:colcon.colcon_core.package_identification:_identify(src) by extension 'colcon_pkg'
[3.124s] Level 1:colcon.colcon_core.package_identification:_identify(src) by extensions ['colcon_meta']
[3.124s] Level 1:colcon.colcon_core.package_identification:_identify(src) by extension 'colcon_meta'
[3.125s] Level 1:colcon.colcon_core.package_identification:_identify(src) by extensions ['ros']
[3.125s] Level 1:colcon.colcon_core.package_identification:_identify(src) by extension 'ros'
[3.125s] Level 1:colcon.colcon_core.package_identification:_identify(src) by extensions ['cmake', 'python']
[3.125s] Level 1:colcon.colcon_core.package_identification:_identify(src) by extension 'cmake'
[3.125s] Level 1:colcon.colcon_core.package_identification:_identify(src) by extension 'python'
[3.126s] Level 1:colcon.colcon_core.package_identification:_identify(src) by extensions ['python_setup_py']
[3.126s] Level 1:colcon.colcon_core.package_identification:_identify(src) by extension 'python_setup_py'
[3.126s] Level 1:colcon.colcon_core.package_identification:_identify(src/build) by extensions ['ignore', 'ignore_ament_install']
[3.127s] Level 1:colcon.colcon_core.package_identification:_identify(src/build) by extension 'ignore'
[3.127s] Level 1:colcon.colcon_core.package_identification:_identify(src/build) ignored
[3.127s] Level 1:colcon.colcon_core.package_identification:_identify(src/control_pkg) by extensions ['ignore', 'ignore_ament_install']
[3.128s] Level 1:colcon.colcon_core.package_identification:_identify(src/control_pkg) by extension 'ignore'
[3.128s] Level 1:colcon.colcon_core.package_identification:_identify(src/control_pkg) by extension 'ignore_ament_install'
[3.128s] Level 1:colcon.colcon_core.package_identification:_identify(src/control_pkg) by extensions ['colcon_pkg']
[3.128s] Level 1:colcon.colcon_core.package_identification:_identify(src/control_pkg) by extension 'colcon_pkg'
[3.128s] Level 1:colcon.colcon_core.package_identification:_identify(src/control_pkg) by extensions ['colcon_meta']
[3.128s] Level 1:colcon.colcon_core.package_identification:_identify(src/control_pkg) by extension 'colcon_meta'
[3.129s] Level 1:colcon.colcon_core.package_identification:_identify(src/control_pkg) by extensions ['ros']
[3.129s] Level 1:colcon.colcon_core.package_identification:_identify(src/control_pkg) by extension 'ros'
[3.143s] DEBUG:colcon.colcon_core.package_identification:Package 'src/control_pkg' with type 'ros.ament_cmake' and name 'control_pkg'
[3.144s] Level 1:colcon.colcon_core.package_identification:_identify(src/install) by extensions ['ignore', 'ignore_ament_install']
[3.144s] Level 1:colcon.colcon_core.package_identification:_identify(src/install) by extension 'ignore'
[3.144s] Level 1:colcon.colcon_core.package_identification:_identify(src/install) ignored
[3.145s] Level 1:colcon.colcon_core.package_identification:_identify(src/log) by extensions ['ignore', 'ignore_ament_install']
[3.145s] Level 1:colcon.colcon_core.package_identification:_identify(src/log) by extension 'ignore'
[3.146s] Level 1:colcon.colcon_core.package_identification:_identify(src/log) ignored
[3.146s] Level 1:colcon.colcon_core.package_identification:_identify(src/sensors_pkg) by extensions ['ignore', 'ignore_ament_install']
[3.147s] Level 1:colcon.colcon_core.package_identification:_identify(src/sensors_pkg) by extension 'ignore'
[3.147s] Level 1:colcon.colcon_core.package_identification:_identify(src/sensors_pkg) by extension 'ignore_ament_install'
[3.147s] Level 1:colcon.colcon_core.package_identification:_identify(src/sensors_pkg) by extensions ['colcon_pkg']
[3.147s] Level 1:colcon.colcon_core.package_identification:_identify(src/sensors_pkg) by extension 'colcon_pkg'
[3.147s] Level 1:colcon.colcon_core.package_identification:_identify(src/sensors_pkg) by extensions ['colcon_meta']
[3.148s] Level 1:colcon.colcon_core.package_identification:_identify(src/sensors_pkg) by extension 'colcon_meta'
[3.148s] Level 1:colcon.colcon_core.package_identification:_identify(src/sensors_pkg) by extensions ['ros']
[3.148s] Level 1:colcon.colcon_core.package_identification:_identify(src/sensors_pkg) by extension 'ros'
[3.151s] DEBUG:colcon.colcon_core.package_identification:Package 'src/sensors_pkg' with type 'ros.ament_cmake' and name 'sensors_pkg'
[3.151s] Level 1:colcon.colcon_core.package_discovery:discover_packages(recursive) using defaults
[3.151s] Level 1:colcon.colcon_core.package_discovery:discover_packages(ignore) discover
[3.151s] Level 1:colcon.colcon_core.package_discovery:discover_packages(ignore) using defaults
[3.151s] Level 1:colcon.colcon_core.package_discovery:discover_packages(path) discover
[3.152s] Level 1:colcon.colcon_core.package_discovery:discover_packages(path) using defaults
[3.235s] Level 1:colcon.colcon_core.package_discovery:discover_packages(prefix_path) check parameters
[3.235s] Level 1:colcon.colcon_core.package_discovery:discover_packages(prefix_path) discover
[3.244s] DEBUG:colcon.colcon_installed_package_information.package_discovery:Found 2 installed packages in /home/skulikk/robot/install
[3.251s] DEBUG:colcon.colcon_installed_package_information.package_discovery:Found 224 installed packages in /opt/ros/humble
[3.257s] Level 1:colcon.colcon_core.package_discovery:discover_packages(prefix_path) using defaults
[3.425s] Level 5:colcon.colcon_core.verb:set package 'sensors_pkg' build argument 'cmake_args' from command line to 'None'
[3.426s] Level 5:colcon.colcon_core.verb:set package 'sensors_pkg' build argument 'cmake_target' from command line to 'None'
[3.426s] Level 5:colcon.colcon_core.verb:set package 'sensors_pkg' build argument 'cmake_target_skip_unavailable' from command line to 'False'
[3.426s] Level 5:colcon.colcon_core.verb:set package 'sensors_pkg' build argument 'cmake_clean_cache' from command line to 'False'
[3.426s] Level 5:colcon.colcon_core.verb:set package 'sensors_pkg' build argument 'cmake_clean_first' from command line to 'False'
[3.426s] Level 5:colcon.colcon_core.verb:set package 'sensors_pkg' build argument 'cmake_force_configure' from command line to 'False'
[3.426s] Level 5:colcon.colcon_core.verb:set package 'sensors_pkg' build argument 'ament_cmake_args' from command line to 'None'
[3.427s] Level 5:colcon.colcon_core.verb:set package 'sensors_pkg' build argument 'catkin_cmake_args' from command line to 'None'
[3.427s] Level 5:colcon.colcon_core.verb:set package 'sensors_pkg' build argument 'catkin_skip_building_tests' from command line to 'False'
[3.427s] DEBUG:colcon.colcon_core.verb:Building package 'sensors_pkg' with the following arguments: {'ament_cmake_args': None, 'build_base': '/home/skulikk/robot/build/sensors_pkg', 'catkin_cmake_args': None, 'catkin_skip_building_tests': False, 'cmake_args': None, 'cmake_clean_cache': False, 'cmake_clean_first': False, 'cmake_force_configure': False, 'cmake_target': None, 'cmake_target_skip_unavailable': False, 'install_base': '/home/skulikk/robot/install/sensors_pkg', 'merge_install': False, 'path': '/home/skulikk/robot/src/sensors_pkg', 'symlink_install': True, 'test_result_base': None}
[3.429s] Level 5:colcon.colcon_core.verb:set package 'control_pkg' build argument 'cmake_args' from command line to 'None'
[3.429s] Level 5:colcon.colcon_core.verb:set package 'control_pkg' build argument 'cmake_target' from command line to 'None'
[3.429s] Level 5:colcon.colcon_core.verb:set package 'control_pkg' build argument 'cmake_target_skip_unavailable' from command line to 'False'
[3.430s] Level 5:colcon.colcon_core.verb:set package 'control_pkg' build argument 'cmake_clean_cache' from command line to 'False'
[3.430s] Level 5:colcon.colcon_core.verb:set package 'control_pkg' build argument 'cmake_clean_first' from command line to 'False'
[3.430s] Level 5:colcon.colcon_core.verb:set package 'control_pkg' build argument 'cmake_force_configure' from command line to 'False'
[3.430s] Level 5:colcon.colcon_core.verb:set package 'control_pkg' build argument 'ament_cmake_args' from command line to 'None'
[3.430s] Level 5:colcon.colcon_core.verb:set package 'control_pkg' build argument 'catkin_cmake_args' from command line to 'None'
[3.430s] Level 5:colcon.colcon_core.verb:set package 'control_pkg' build argument 'catkin_skip_building_tests' from command line to 'False'
[3.430s] DEBUG:colcon.colcon_core.verb:Building package 'control_pkg' with the following arguments: {'ament_cmake_args': None, 'build_base': '/home/skulikk/robot/build/control_pkg', 'catkin_cmake_args': None, 'catkin_skip_building_tests': False, 'cmake_args': None, 'cmake_clean_cache': False, 'cmake_clean_first': False, 'cmake_force_configure': False, 'cmake_target': None, 'cmake_target_skip_unavailable': False, 'install_base': '/home/skulikk/robot/install/control_pkg', 'merge_install': False, 'path': '/home/skulikk/robot/src/control_pkg', 'symlink_install': True, 'test_result_base': None}
[3.431s] INFO:colcon.colcon_core.executor:Executing jobs using 'parallel' executor
[3.434s] DEBUG:colcon.colcon_parallel_executor.executor.parallel:run_until_complete
[3.435s] INFO:colcon.colcon_ros.task.ament_cmake.build:Building ROS package in '/home/skulikk/robot/src/sensors_pkg' with build type 'ament_cmake'
[3.436s] INFO:colcon.colcon_cmake.task.cmake.build:Building CMake package in '/home/skulikk/robot/src/sensors_pkg'
[3.446s] INFO:colcon.colcon_core.plugin_system:Skipping extension 'colcon_core.shell.bat': Not used on non-Windows systems
[3.447s] INFO:colcon.colcon_core.shell:Skip shell extension 'powershell' for command environment: Not usable outside of PowerShell
[3.447s] DEBUG:colcon.colcon_core.shell:Skip shell extension 'dsv' for command environment
[3.487s] DEBUG:colcon.colcon_core.event_handler.log_command:Invoking command in '/home/skulikk/robot/build/sensors_pkg': CMAKE_PREFIX_PATH=${CMAKE_PREFIX_PATH}:/opt/ros/humble /usr/bin/cmake --build /home/skulikk/robot/build/sensors_pkg -- -j4 -l4
[9.019s] DEBUG:colcon.colcon_core.event_handler.log_command:Invoked command in '/home/skulikk/robot/build/sensors_pkg' returned '0': CMAKE_PREFIX_PATH=${CMAKE_PREFIX_PATH}:/opt/ros/humble /usr/bin/cmake --build /home/skulikk/robot/build/sensors_pkg -- -j4 -l4
[9.131s] DEBUG:colcon.colcon_core.event_handler.log_command:Invoking command in '/home/skulikk/robot/build/sensors_pkg': CMAKE_PREFIX_PATH=${CMAKE_PREFIX_PATH}:/opt/ros/humble /usr/bin/cmake --install /home/skulikk/robot/build/sensors_pkg
[10.335s] Level 1:colcon.colcon_core.environment:create_environment_scripts_only(sensors_pkg)
[10.339s] DEBUG:colcon.colcon_core.event_handler.log_command:Invoked command in '/home/skulikk/robot/build/sensors_pkg' returned '0': CMAKE_PREFIX_PATH=${CMAKE_PREFIX_PATH}:/opt/ros/humble /usr/bin/cmake --install /home/skulikk/robot/build/sensors_pkg
[10.372s] Level 1:colcon.colcon_core.environment:checking '/home/skulikk/robot/install/sensors_pkg' for CMake module files
[10.385s] Level 1:colcon.colcon_core.environment:checking '/home/skulikk/robot/install/sensors_pkg' for CMake config files
[10.411s] Level 1:colcon.colcon_core.shell:create_environment_hook('sensors_pkg', 'cmake_prefix_path')
[10.414s] INFO:colcon.colcon_core.shell:Creating environment hook '/home/skulikk/robot/install/sensors_pkg/share/sensors_pkg/hook/cmake_prefix_path.ps1'
[10.421s] INFO:colcon.colcon_core.shell:Creating environment descriptor '/home/skulikk/robot/install/sensors_pkg/share/sensors_pkg/hook/cmake_prefix_path.dsv'
[10.427s] INFO:colcon.colcon_core.shell:Creating environment hook '/home/skulikk/robot/install/sensors_pkg/share/sensors_pkg/hook/cmake_prefix_path.sh'
[10.438s] Level 1:colcon.colcon_core.environment:checking '/home/skulikk/robot/install/sensors_pkg/lib'
[10.441s] Level 1:colcon.colcon_core.shell:create_environment_hook('sensors_pkg', 'ld_library_path_lib')
[10.443s] INFO:colcon.colcon_core.shell:Creating environment hook '/home/skulikk/robot/install/sensors_pkg/share/sensors_pkg/hook/ld_library_path_lib.ps1'
[10.449s] INFO:colcon.colcon_core.shell:Creating environment descriptor '/home/skulikk/robot/install/sensors_pkg/share/sensors_pkg/hook/ld_library_path_lib.dsv'
[10.454s] INFO:colcon.colcon_core.shell:Creating environment hook '/home/skulikk/robot/install/sensors_pkg/share/sensors_pkg/hook/ld_library_path_lib.sh'
[10.459s] Level 1:colcon.colcon_core.environment:checking '/home/skulikk/robot/install/sensors_pkg/bin'
[10.460s] Level 1:colcon.colcon_core.environment:checking '/home/skulikk/robot/install/sensors_pkg/lib/pkgconfig/sensors_pkg.pc'
[10.463s] Level 1:colcon.colcon_core.environment:checking '/home/skulikk/robot/install/sensors_pkg/lib/python3.10/site-packages'
[10.466s] Level 1:colcon.colcon_core.environment:checking '/home/skulikk/robot/install/sensors_pkg/bin'
[10.470s] INFO:colcon.colcon_core.shell:Creating package script '/home/skulikk/robot/install/sensors_pkg/share/sensors_pkg/package.ps1'
[10.480s] INFO:colcon.colcon_core.shell:Creating package descriptor '/home/skulikk/robot/install/sensors_pkg/share/sensors_pkg/package.dsv'
[10.488s] INFO:colcon.colcon_core.shell:Creating package script '/home/skulikk/robot/install/sensors_pkg/share/sensors_pkg/package.sh'
[10.500s] INFO:colcon.colcon_core.shell:Creating package script '/home/skulikk/robot/install/sensors_pkg/share/sensors_pkg/package.bash'
[10.510s] INFO:colcon.colcon_core.shell:Creating package script '/home/skulikk/robot/install/sensors_pkg/share/sensors_pkg/package.zsh'
[10.519s] Level 1:colcon.colcon_core.environment:create_file_with_runtime_dependencies(/home/skulikk/robot/install/sensors_pkg/share/colcon-core/packages/sensors_pkg)
[10.523s] Level 1:colcon.colcon_core.environment:create_environment_scripts_only(sensors_pkg)
[10.524s] Level 1:colcon.colcon_core.environment:checking '/home/skulikk/robot/install/sensors_pkg' for CMake module files
[10.529s] Level 1:colcon.colcon_core.environment:checking '/home/skulikk/robot/install/sensors_pkg' for CMake config files
[10.537s] Level 1:colcon.colcon_core.shell:create_environment_hook('sensors_pkg', 'cmake_prefix_path')
[10.538s] INFO:colcon.colcon_core.shell:Creating environment hook '/home/skulikk/robot/install/sensors_pkg/share/sensors_pkg/hook/cmake_prefix_path.ps1'
[10.541s] INFO:colcon.colcon_core.shell:Creating environment descriptor '/home/skulikk/robot/install/sensors_pkg/share/sensors_pkg/hook/cmake_prefix_path.dsv'
[10.543s] INFO:colcon.colcon_core.shell:Creating environment hook '/home/skulikk/robot/install/sensors_pkg/share/sensors_pkg/hook/cmake_prefix_path.sh'
[10.547s] Level 1:colcon.colcon_core.environment:checking '/home/skulikk/robot/install/sensors_pkg/lib'
[10.548s] Level 1:colcon.colcon_core.shell:create_environment_hook('sensors_pkg', 'ld_library_path_lib')
[10.549s] INFO:colcon.colcon_core.shell:Creating environment hook '/home/skulikk/robot/install/sensors_pkg/share/sensors_pkg/hook/ld_library_path_lib.ps1'
[10.552s] INFO:colcon.colcon_core.shell:Creating environment descriptor '/home/skulikk/robot/install/sensors_pkg/share/sensors_pkg/hook/ld_library_path_lib.dsv'
[10.554s] INFO:colcon.colcon_core.shell:Creating environment hook '/home/skulikk/robot/install/sensors_pkg/share/sensors_pkg/hook/ld_library_path_lib.sh'
[10.557s] Level 1:colcon.colcon_core.environment:checking '/home/skulikk/robot/install/sensors_pkg/bin'
[10.558s] Level 1:colcon.colcon_core.environment:checking '/home/skulikk/robot/install/sensors_pkg/lib/pkgconfig/sensors_pkg.pc'
[10.559s] Level 1:colcon.colcon_core.environment:checking '/home/skulikk/robot/install/sensors_pkg/lib/python3.10/site-packages'
[10.561s] Level 1:colcon.colcon_core.environment:checking '/home/skulikk/robot/install/sensors_pkg/bin'
[10.562s] INFO:colcon.colcon_core.shell:Creating package script '/home/skulikk/robot/install/sensors_pkg/share/sensors_pkg/package.ps1'
[10.566s] INFO:colcon.colcon_core.shell:Creating package descriptor '/home/skulikk/robot/install/sensors_pkg/share/sensors_pkg/package.dsv'
[10.569s] INFO:colcon.colcon_core.shell:Creating package script '/home/skulikk/robot/install/sensors_pkg/share/sensors_pkg/package.sh'
[10.572s] INFO:colcon.colcon_core.shell:Creating package script '/home/skulikk/robot/install/sensors_pkg/share/sensors_pkg/package.bash'
[10.576s] INFO:colcon.colcon_core.shell:Creating package script '/home/skulikk/robot/install/sensors_pkg/share/sensors_pkg/package.zsh'
[10.578s] Level 1:colcon.colcon_core.environment:create_file_with_runtime_dependencies(/home/skulikk/robot/install/sensors_pkg/share/colcon-core/packages/sensors_pkg)
[10.580s] INFO:colcon.colcon_ros.task.ament_cmake.build:Building ROS package in '/home/skulikk/robot/src/control_pkg' with build type 'ament_cmake'
[10.581s] INFO:colcon.colcon_cmake.task.cmake.build:Building CMake package in '/home/skulikk/robot/src/control_pkg'
[10.582s] INFO:colcon.colcon_core.shell:Skip shell extension 'powershell' for command environment: Not usable outside of PowerShell
[10.583s] DEBUG:colcon.colcon_core.shell:Skip shell extension 'dsv' for command environment
[10.660s] DEBUG:colcon.colcon_core.event_handler.log_command:Invoking command in '/home/skulikk/robot/build/control_pkg': CMAKE_PREFIX_PATH=/home/skulikk/robot/install/sensors_pkg:/home/skulikk/robot/install/control_pkg:/opt/ros/humble /usr/bin/cmake --build /home/skulikk/robot/build/control_pkg -- -j4 -l4
[102.655s] DEBUG:colcon.colcon_core.event_handler.log_command:Invoked command in '/home/skulikk/robot/build/control_pkg' returned '0': CMAKE_PREFIX_PATH=/home/skulikk/robot/install/sensors_pkg:/home/skulikk/robot/install/control_pkg:/opt/ros/humble /usr/bin/cmake --build /home/skulikk/robot/build/control_pkg -- -j4 -l4
[102.665s] DEBUG:colcon.colcon_core.event_handler.log_command:Invoking command in '/home/skulikk/robot/build/control_pkg': CMAKE_PREFIX_PATH=/home/skulikk/robot/install/sensors_pkg:/home/skulikk/robot/install/control_pkg:/opt/ros/humble /usr/bin/cmake --install /home/skulikk/robot/build/control_pkg
[102.854s] Level 1:colcon.colcon_core.environment:create_environment_scripts_only(control_pkg)
[102.857s] Level 1:colcon.colcon_core.environment:checking '/home/skulikk/robot/install/control_pkg' for CMake module files
[102.861s] DEBUG:colcon.colcon_core.event_handler.log_command:Invoked command in '/home/skulikk/robot/build/control_pkg' returned '0': CMAKE_PREFIX_PATH=/home/skulikk/robot/install/sensors_pkg:/home/skulikk/robot/install/control_pkg:/opt/ros/humble /usr/bin/cmake --install /home/skulikk/robot/build/control_pkg
[102.871s] Level 1:colcon.colcon_core.environment:checking '/home/skulikk/robot/install/control_pkg' for CMake config files
[102.885s] Level 1:colcon.colcon_core.shell:create_environment_hook('control_pkg', 'cmake_prefix_path')
[102.888s] INFO:colcon.colcon_core.shell:Creating environment hook '/home/skulikk/robot/install/control_pkg/share/control_pkg/hook/cmake_prefix_path.ps1'
[102.894s] INFO:colcon.colcon_core.shell:Creating environment descriptor '/home/skulikk/robot/install/control_pkg/share/control_pkg/hook/cmake_prefix_path.dsv'
[102.899s] INFO:colcon.colcon_core.shell:Creating environment hook '/home/skulikk/robot/install/control_pkg/share/control_pkg/hook/cmake_prefix_path.sh'
[102.907s] Level 1:colcon.colcon_core.environment:checking '/home/skulikk/robot/install/control_pkg/lib'
[102.908s] Level 1:colcon.colcon_core.environment:checking '/home/skulikk/robot/install/control_pkg/bin'
[102.908s] Level 1:colcon.colcon_core.environment:checking '/home/skulikk/robot/install/control_pkg/lib/pkgconfig/control_pkg.pc'
[102.911s] Level 1:colcon.colcon_core.environment:checking '/home/skulikk/robot/install/control_pkg/lib/python3.10/site-packages'
[102.913s] Level 1:colcon.colcon_core.environment:checking '/home/skulikk/robot/install/control_pkg/bin'
[102.916s] INFO:colcon.colcon_core.shell:Creating package script '/home/skulikk/robot/install/control_pkg/share/control_pkg/package.ps1'
[102.922s] INFO:colcon.colcon_core.shell:Creating package descriptor '/home/skulikk/robot/install/control_pkg/share/control_pkg/package.dsv'
[102.928s] INFO:colcon.colcon_core.shell:Creating package script '/home/skulikk/robot/install/control_pkg/share/control_pkg/package.sh'
[102.934s] INFO:colcon.colcon_core.shell:Creating package script '/home/skulikk/robot/install/control_pkg/share/control_pkg/package.bash'
[102.939s] INFO:colcon.colcon_core.shell:Creating package script '/home/skulikk/robot/install/control_pkg/share/control_pkg/package.zsh'
[102.945s] Level 1:colcon.colcon_core.environment:create_file_with_runtime_dependencies(/home/skulikk/robot/install/control_pkg/share/colcon-core/packages/control_pkg)
[102.952s] Level 1:colcon.colcon_core.environment:create_environment_scripts_only(control_pkg)
[102.954s] Level 1:colcon.colcon_core.environment:checking '/home/skulikk/robot/install/control_pkg' for CMake module files
[102.962s] Level 1:colcon.colcon_core.environment:checking '/home/skulikk/robot/install/control_pkg' for CMake config files
[102.969s] Level 1:colcon.colcon_core.shell:create_environment_hook('control_pkg', 'cmake_prefix_path')
[102.972s] INFO:colcon.colcon_core.shell:Creating environment hook '/home/skulikk/robot/install/control_pkg/share/control_pkg/hook/cmake_prefix_path.ps1'
[102.978s] INFO:colcon.colcon_core.shell:Creating environment descriptor '/home/skulikk/robot/install/control_pkg/share/control_pkg/hook/cmake_prefix_path.dsv'
[102.985s] INFO:colcon.colcon_core.shell:Creating environment hook '/home/skulikk/robot/install/control_pkg/share/control_pkg/hook/cmake_prefix_path.sh'
[102.993s] Level 1:colcon.colcon_core.environment:checking '/home/skulikk/robot/install/control_pkg/lib'
[102.994s] Level 1:colcon.colcon_core.environment:checking '/home/skulikk/robot/install/control_pkg/bin'
[102.995s] Level 1:colcon.colcon_core.environment:checking '/home/skulikk/robot/install/control_pkg/lib/pkgconfig/control_pkg.pc'
[102.998s] Level 1:colcon.colcon_core.environment:checking '/home/skulikk/robot/install/control_pkg/lib/python3.10/site-packages'
[103.000s] Level 1:colcon.colcon_core.environment:checking '/home/skulikk/robot/install/control_pkg/bin'
[103.004s] INFO:colcon.colcon_core.shell:Creating package script '/home/skulikk/robot/install/control_pkg/share/control_pkg/package.ps1'
[103.010s] INFO:colcon.colcon_core.shell:Creating package descriptor '/home/skulikk/robot/install/control_pkg/share/control_pkg/package.dsv'
[103.017s] INFO:colcon.colcon_core.shell:Creating package script '/home/skulikk/robot/install/control_pkg/share/control_pkg/package.sh'
[103.024s] INFO:colcon.colcon_core.shell:Creating package script '/home/skulikk/robot/install/control_pkg/share/control_pkg/package.bash'
[103.031s] INFO:colcon.colcon_core.shell:Creating package script '/home/skulikk/robot/install/control_pkg/share/control_pkg/package.zsh'
[103.037s] Level 1:colcon.colcon_core.environment:create_file_with_runtime_dependencies(/home/skulikk/robot/install/control_pkg/share/colcon-core/packages/control_pkg)
[103.041s] DEBUG:colcon.colcon_parallel_executor.executor.parallel:closing loop
[103.044s] DEBUG:colcon.colcon_parallel_executor.executor.parallel:loop closed
[103.046s] DEBUG:colcon.colcon_parallel_executor.executor.parallel:run_until_complete finished with '0'
[103.047s] DEBUG:colcon.colcon_core.event_reactor:joining thread
[103.116s] INFO:colcon.colcon_core.plugin_system:Skipping extension 'colcon_notification.desktop_notification.terminal_notifier': Not used on non-Darwin systems
[103.117s] INFO:colcon.colcon_core.plugin_system:Skipping extension 'colcon_notification.desktop_notification.win32': Not used on non-Windows systems
[103.117s] INFO:colcon.colcon_notification.desktop_notification:Sending desktop notification using 'notify2'
[103.239s] DEBUG:colcon.colcon_core.event_reactor:joined thread
[103.243s] INFO:colcon.colcon_core.shell:Creating prefix script '/home/skulikk/robot/install/local_setup.ps1'
[103.254s] INFO:colcon.colcon_core.shell:Creating prefix util module '/home/skulikk/robot/install/_local_setup_util_ps1.py'
[103.272s] INFO:colcon.colcon_core.shell:Creating prefix chain script '/home/skulikk/robot/install/setup.ps1'
[103.287s] INFO:colcon.colcon_core.shell:Creating prefix script '/home/skulikk/robot/install/local_setup.sh'
[103.295s] INFO:colcon.colcon_core.shell:Creating prefix util module '/home/skulikk/robot/install/_local_setup_util_sh.py'
[103.302s] INFO:colcon.colcon_core.shell:Creating prefix chain script '/home/skulikk/robot/install/setup.sh'
[103.316s] INFO:colcon.colcon_core.shell:Creating prefix script '/home/skulikk/robot/install/local_setup.bash'
[103.323s] INFO:colcon.colcon_core.shell:Creating prefix chain script '/home/skulikk/robot/install/setup.bash'
[103.337s] INFO:colcon.colcon_core.shell:Creating prefix script '/home/skulikk/robot/install/local_setup.zsh'
[103.343s] INFO:colcon.colcon_core.shell:Creating prefix chain script '/home/skulikk/robot/install/setup.zsh'
