[0.071s] Invoking command in '/home/skulikk/robot/src/build/control_pkg': CMAKE_PREFIX_PATH=${CMAKE_PREFIX_PATH}:/opt/ros/humble /usr/bin/cmake --build /home/skulikk/robot/src/build/control_pkg -- -j4 -l4
[0.376s] [100%] Built target motor_controller_node
[0.431s] Invoked command in '/home/skulikk/robot/src/build/control_pkg' returned '0': CMAKE_PREFIX_PATH=${CMAKE_PREFIX_PATH}:/opt/ros/humble /usr/bin/cmake --build /home/skulikk/robot/src/build/control_pkg -- -j4 -l4
[0.471s] Invoking command in '/home/skulikk/robot/src/build/control_pkg': CMAKE_PREFIX_PATH=${CMAKE_PREFIX_PATH}:/opt/ros/humble /usr/bin/cmake --install /home/skulikk/robot/src/build/control_pkg
[0.494s] -- Install configuration: ""
[0.496s] -- Up-to-date: /home/skulikk/robot/src/install/control_pkg/lib/control_pkg/motor_controller_node
[0.498s] -- Up-to-date: /home/skulikk/robot/src/install/control_pkg/share/ament_index/resource_index/package_run_dependencies/control_pkg
[0.499s] -- Up-to-date: /home/skulikk/robot/src/install/control_pkg/share/ament_index/resource_index/parent_prefix_path/control_pkg
[0.500s] -- Up-to-date: /home/skulikk/robot/src/install/control_pkg/share/control_pkg/environment/ament_prefix_path.sh
[0.501s] -- Up-to-date: /home/skulikk/robot/src/install/control_pkg/share/control_pkg/environment/ament_prefix_path.dsv
[0.502s] -- Up-to-date: /home/skulikk/robot/src/install/control_pkg/share/control_pkg/environment/path.sh
[0.502s] -- Up-to-date: /home/skulikk/robot/src/install/control_pkg/share/control_pkg/environment/path.dsv
[0.503s] -- Up-to-date: /home/skulikk/robot/src/install/control_pkg/share/control_pkg/local_setup.bash
[0.504s] -- Up-to-date: /home/skulikk/robot/src/install/control_pkg/share/control_pkg/local_setup.sh
[0.506s] -- Up-to-date: /home/skulikk/robot/src/install/control_pkg/share/control_pkg/local_setup.zsh
[0.507s] -- Up-to-date: /home/skulikk/robot/src/install/control_pkg/share/control_pkg/local_setup.dsv
[0.508s] -- Installing: /home/skulikk/robot/src/install/control_pkg/share/control_pkg/package.dsv
[0.511s] -- Up-to-date: /home/skulikk/robot/src/install/control_pkg/share/ament_index/resource_index/packages/control_pkg
[0.525s] -- Up-to-date: /home/skulikk/robot/src/install/control_pkg/share/control_pkg/cmake/control_pkgConfig.cmake
[0.526s] -- Up-to-date: /home/skulikk/robot/src/install/control_pkg/share/control_pkg/cmake/control_pkgConfig-version.cmake
[0.526s] -- Up-to-date: /home/skulikk/robot/src/install/control_pkg/share/control_pkg/package.xml
[0.526s] Invoked command in '/home/skulikk/robot/src/build/control_pkg' returned '0': CMAKE_PREFIX_PATH=${CMAKE_PREFIX_PATH}:/opt/ros/humble /usr/bin/cmake --install /home/skulikk/robot/src/build/control_pkg
