[0.769s] DEBUG:colcon:Command line arguments: ['/usr/bin/colcon', 'build']
[0.770s] DEBUG:colcon:Parsed command line arguments: Namespace(log_base=None, log_level=None, verb_name='build', build_base='build', install_base='install', merge_install=False, symlink_install=False, test_result_base=None, continue_on_error=False, executor='parallel', parallel_workers=4, event_handlers=None, ignore_user_meta=False, metas=['./colcon.meta'], base_paths=['.'], packages_ignore=None, packages_ignore_regex=None, paths=None, packages_up_to=None, packages_up_to_regex=None, packages_above=None, packages_above_and_dependencies=None, packages_above_depth=None, packages_select_by_dep=None, packages_skip_by_dep=None, packages_skip_up_to=None, packages_select_build_failed=False, packages_skip_build_finished=False, packages_select_test_failures=False, packages_skip_test_passed=False, packages_select=None, packages_skip=None, packages_select_regex=None, packages_skip_regex=None, packages_start=None, packages_end=None, allow_overriding=[], cmake_args=None, cmake_target=None, cmake_target_skip_unavailable=False, cmake_clean_cache=False, cmake_clean_first=False, cmake_force_configure=False, ament_cmake_args=None, catkin_cmake_args=None, catkin_skip_building_tests=False, verb_parser=<colcon_defaults.argument_parser.defaults.DefaultArgumentsDecorator object at 0xffffb2c3dd20>, verb_extension=<colcon_core.verb.build.BuildVerb object at 0xffffb2d4b190>, main=<bound method BuildVerb.main of <colcon_core.verb.build.BuildVerb object at 0xffffb2d4b190>>)
[1.800s] Level 1:colcon.colcon_core.package_discovery:discover_packages(colcon_meta) check parameters
[1.801s] Level 1:colcon.colcon_core.package_discovery:discover_packages(recursive) check parameters
[1.801s] Level 1:colcon.colcon_core.package_discovery:discover_packages(ignore) check parameters
[1.802s] Level 1:colcon.colcon_core.package_discovery:discover_packages(path) check parameters
[1.802s] Level 1:colcon.colcon_core.package_discovery:discover_packages(colcon_meta) discover
[1.802s] Level 1:colcon.colcon_core.package_discovery:discover_packages(recursive) discover
[1.803s] INFO:colcon.colcon_core.package_discovery:Crawling recursively for packages in '/home/skulikk/robot/src'
[1.803s] Level 1:colcon.colcon_core.package_identification:_identify(.) by extensions ['ignore', 'ignore_ament_install']
[1.804s] Level 1:colcon.colcon_core.package_identification:_identify(.) by extension 'ignore'
[1.804s] Level 1:colcon.colcon_core.package_identification:_identify(.) by extension 'ignore_ament_install'
[1.804s] Level 1:colcon.colcon_core.package_identification:_identify(.) by extensions ['colcon_pkg']
[1.805s] Level 1:colcon.colcon_core.package_identification:_identify(.) by extension 'colcon_pkg'
[1.805s] Level 1:colcon.colcon_core.package_identification:_identify(.) by extensions ['colcon_meta']
[1.805s] Level 1:colcon.colcon_core.package_identification:_identify(.) by extension 'colcon_meta'
[1.805s] Level 1:colcon.colcon_core.package_identification:_identify(.) by extensions ['ros']
[1.806s] Level 1:colcon.colcon_core.package_identification:_identify(.) by extension 'ros'
[1.861s] Level 1:colcon.colcon_core.package_identification:_identify(.) by extensions ['cmake', 'python']
[1.861s] Level 1:colcon.colcon_core.package_identification:_identify(.) by extension 'cmake'
[1.861s] Level 1:colcon.colcon_core.package_identification:_identify(.) by extension 'python'
[1.862s] Level 1:colcon.colcon_core.package_identification:_identify(.) by extensions ['python_setup_py']
[1.862s] Level 1:colcon.colcon_core.package_identification:_identify(.) by extension 'python_setup_py'
[1.863s] Level 1:colcon.colcon_core.package_identification:_identify(build) by extensions ['ignore', 'ignore_ament_install']
[1.863s] Level 1:colcon.colcon_core.package_identification:_identify(build) by extension 'ignore'
[1.864s] Level 1:colcon.colcon_core.package_identification:_identify(build) ignored
[1.864s] Level 1:colcon.colcon_core.package_identification:_identify(control_pkg) by extensions ['ignore', 'ignore_ament_install']
[1.865s] Level 1:colcon.colcon_core.package_identification:_identify(control_pkg) by extension 'ignore'
[1.865s] Level 1:colcon.colcon_core.package_identification:_identify(control_pkg) by extension 'ignore_ament_install'
[1.866s] Level 1:colcon.colcon_core.package_identification:_identify(control_pkg) by extensions ['colcon_pkg']
[1.866s] Level 1:colcon.colcon_core.package_identification:_identify(control_pkg) by extension 'colcon_pkg'
[1.866s] Level 1:colcon.colcon_core.package_identification:_identify(control_pkg) by extensions ['colcon_meta']
[1.866s] Level 1:colcon.colcon_core.package_identification:_identify(control_pkg) by extension 'colcon_meta'
[1.867s] Level 1:colcon.colcon_core.package_identification:_identify(control_pkg) by extensions ['ros']
[1.867s] Level 1:colcon.colcon_core.package_identification:_identify(control_pkg) by extension 'ros'
[1.884s] DEBUG:colcon.colcon_core.package_identification:Package 'control_pkg' with type 'ros.ament_cmake' and name 'control_pkg'
[1.885s] Level 1:colcon.colcon_core.package_identification:_identify(install) by extensions ['ignore', 'ignore_ament_install']
[1.886s] Level 1:colcon.colcon_core.package_identification:_identify(install) by extension 'ignore'
[1.887s] Level 1:colcon.colcon_core.package_identification:_identify(install) ignored
[1.888s] Level 1:colcon.colcon_core.package_identification:_identify(log) by extensions ['ignore', 'ignore_ament_install']
[1.889s] Level 1:colcon.colcon_core.package_identification:_identify(log) by extension 'ignore'
[1.889s] Level 1:colcon.colcon_core.package_identification:_identify(log) ignored
[1.890s] Level 1:colcon.colcon_core.package_identification:_identify(sensors_pkg) by extensions ['ignore', 'ignore_ament_install']
[1.891s] Level 1:colcon.colcon_core.package_identification:_identify(sensors_pkg) by extension 'ignore'
[1.892s] Level 1:colcon.colcon_core.package_identification:_identify(sensors_pkg) by extension 'ignore_ament_install'
[1.892s] Level 1:colcon.colcon_core.package_identification:_identify(sensors_pkg) by extensions ['colcon_pkg']
[1.893s] Level 1:colcon.colcon_core.package_identification:_identify(sensors_pkg) by extension 'colcon_pkg'
[1.893s] Level 1:colcon.colcon_core.package_identification:_identify(sensors_pkg) by extensions ['colcon_meta']
[1.894s] Level 1:colcon.colcon_core.package_identification:_identify(sensors_pkg) by extension 'colcon_meta'
[1.894s] Level 1:colcon.colcon_core.package_identification:_identify(sensors_pkg) by extensions ['ros']
[1.895s] Level 1:colcon.colcon_core.package_identification:_identify(sensors_pkg) by extension 'ros'
[1.898s] DEBUG:colcon.colcon_core.package_identification:Package 'sensors_pkg' with type 'ros.ament_cmake' and name 'sensors_pkg'
[1.899s] Level 1:colcon.colcon_core.package_discovery:discover_packages(recursive) using defaults
[1.899s] Level 1:colcon.colcon_core.package_discovery:discover_packages(ignore) discover
[1.900s] Level 1:colcon.colcon_core.package_discovery:discover_packages(ignore) using defaults
[1.900s] Level 1:colcon.colcon_core.package_discovery:discover_packages(path) discover
[1.900s] Level 1:colcon.colcon_core.package_discovery:discover_packages(path) using defaults
[2.000s] Level 1:colcon.colcon_core.package_discovery:discover_packages(prefix_path) check parameters
[2.000s] Level 1:colcon.colcon_core.package_discovery:discover_packages(prefix_path) discover
[2.012s] DEBUG:colcon.colcon_installed_package_information.package_discovery:Found 3 installed packages in /home/skulikk/robot/src/install
[2.020s] DEBUG:colcon.colcon_installed_package_information.package_discovery:Found 224 installed packages in /opt/ros/humble
[2.026s] Level 1:colcon.colcon_core.package_discovery:discover_packages(prefix_path) using defaults
[2.237s] Level 5:colcon.colcon_core.verb:set package 'control_pkg' build argument 'cmake_args' from command line to 'None'
[2.237s] Level 5:colcon.colcon_core.verb:set package 'control_pkg' build argument 'cmake_target' from command line to 'None'
[2.238s] Level 5:colcon.colcon_core.verb:set package 'control_pkg' build argument 'cmake_target_skip_unavailable' from command line to 'False'
[2.238s] Level 5:colcon.colcon_core.verb:set package 'control_pkg' build argument 'cmake_clean_cache' from command line to 'False'
[2.238s] Level 5:colcon.colcon_core.verb:set package 'control_pkg' build argument 'cmake_clean_first' from command line to 'False'
[2.238s] Level 5:colcon.colcon_core.verb:set package 'control_pkg' build argument 'cmake_force_configure' from command line to 'False'
[2.238s] Level 5:colcon.colcon_core.verb:set package 'control_pkg' build argument 'ament_cmake_args' from command line to 'None'
[2.239s] Level 5:colcon.colcon_core.verb:set package 'control_pkg' build argument 'catkin_cmake_args' from command line to 'None'
[2.239s] Level 5:colcon.colcon_core.verb:set package 'control_pkg' build argument 'catkin_skip_building_tests' from command line to 'False'
[2.239s] DEBUG:colcon.colcon_core.verb:Building package 'control_pkg' with the following arguments: {'ament_cmake_args': None, 'build_base': '/home/skulikk/robot/src/build/control_pkg', 'catkin_cmake_args': None, 'catkin_skip_building_tests': False, 'cmake_args': None, 'cmake_clean_cache': False, 'cmake_clean_first': False, 'cmake_force_configure': False, 'cmake_target': None, 'cmake_target_skip_unavailable': False, 'install_base': '/home/skulikk/robot/src/install/control_pkg', 'merge_install': False, 'path': '/home/skulikk/robot/src/control_pkg', 'symlink_install': False, 'test_result_base': None}
[2.241s] Level 5:colcon.colcon_core.verb:set package 'sensors_pkg' build argument 'cmake_args' from command line to 'None'
[2.241s] Level 5:colcon.colcon_core.verb:set package 'sensors_pkg' build argument 'cmake_target' from command line to 'None'
[2.241s] Level 5:colcon.colcon_core.verb:set package 'sensors_pkg' build argument 'cmake_target_skip_unavailable' from command line to 'False'
[2.241s] Level 5:colcon.colcon_core.verb:set package 'sensors_pkg' build argument 'cmake_clean_cache' from command line to 'False'
[2.241s] Level 5:colcon.colcon_core.verb:set package 'sensors_pkg' build argument 'cmake_clean_first' from command line to 'False'
[2.242s] Level 5:colcon.colcon_core.verb:set package 'sensors_pkg' build argument 'cmake_force_configure' from command line to 'False'
[2.242s] Level 5:colcon.colcon_core.verb:set package 'sensors_pkg' build argument 'ament_cmake_args' from command line to 'None'
[2.242s] Level 5:colcon.colcon_core.verb:set package 'sensors_pkg' build argument 'catkin_cmake_args' from command line to 'None'
[2.242s] Level 5:colcon.colcon_core.verb:set package 'sensors_pkg' build argument 'catkin_skip_building_tests' from command line to 'False'
[2.242s] DEBUG:colcon.colcon_core.verb:Building package 'sensors_pkg' with the following arguments: {'ament_cmake_args': None, 'build_base': '/home/skulikk/robot/src/build/sensors_pkg', 'catkin_cmake_args': None, 'catkin_skip_building_tests': False, 'cmake_args': None, 'cmake_clean_cache': False, 'cmake_clean_first': False, 'cmake_force_configure': False, 'cmake_target': None, 'cmake_target_skip_unavailable': False, 'install_base': '/home/skulikk/robot/src/install/sensors_pkg', 'merge_install': False, 'path': '/home/skulikk/robot/src/sensors_pkg', 'symlink_install': False, 'test_result_base': None}
[2.243s] INFO:colcon.colcon_core.executor:Executing jobs using 'parallel' executor
[2.247s] DEBUG:colcon.colcon_parallel_executor.executor.parallel:run_until_complete
[2.248s] INFO:colcon.colcon_ros.task.ament_cmake.build:Building ROS package in '/home/skulikk/robot/src/control_pkg' with build type 'ament_cmake'
[2.249s] INFO:colcon.colcon_cmake.task.cmake.build:Building CMake package in '/home/skulikk/robot/src/control_pkg'
[2.261s] INFO:colcon.colcon_core.plugin_system:Skipping extension 'colcon_core.shell.bat': Not used on non-Windows systems
[2.262s] INFO:colcon.colcon_core.shell:Skip shell extension 'powershell' for command environment: Not usable outside of PowerShell
[2.262s] DEBUG:colcon.colcon_core.shell:Skip shell extension 'dsv' for command environment
[2.283s] INFO:colcon.colcon_ros.task.ament_cmake.build:Building ROS package in '/home/skulikk/robot/src/sensors_pkg' with build type 'ament_cmake'
[2.284s] INFO:colcon.colcon_cmake.task.cmake.build:Building CMake package in '/home/skulikk/robot/src/sensors_pkg'
[2.285s] INFO:colcon.colcon_core.shell:Skip shell extension 'powershell' for command environment: Not usable outside of PowerShell
[2.286s] DEBUG:colcon.colcon_core.shell:Skip shell extension 'dsv' for command environment
[2.336s] DEBUG:colcon.colcon_core.event_handler.log_command:Invoking command in '/home/skulikk/robot/src/build/control_pkg': CMAKE_PREFIX_PATH=${CMAKE_PREFIX_PATH}:/opt/ros/humble /usr/bin/cmake --build /home/skulikk/robot/src/build/control_pkg -- -j4 -l4
[2.368s] DEBUG:colcon.colcon_core.event_handler.log_command:Invoking command in '/home/skulikk/robot/src/build/sensors_pkg': CMAKE_PREFIX_PATH=${CMAKE_PREFIX_PATH}:/opt/ros/humble /usr/bin/cmake --build /home/skulikk/robot/src/build/sensors_pkg -- -j4 -l4
[2.805s] DEBUG:colcon.colcon_core.event_handler.log_command:Invoked command in '/home/skulikk/robot/src/build/control_pkg' returned '0': CMAKE_PREFIX_PATH=${CMAKE_PREFIX_PATH}:/opt/ros/humble /usr/bin/cmake --build /home/skulikk/robot/src/build/control_pkg -- -j4 -l4
[2.918s] DEBUG:colcon.colcon_core.event_handler.log_command:Invoking command in '/home/skulikk/robot/src/build/control_pkg': CMAKE_PREFIX_PATH=${CMAKE_PREFIX_PATH}:/opt/ros/humble /usr/bin/cmake --install /home/skulikk/robot/src/build/control_pkg
[3.080s] Level 1:colcon.colcon_core.environment:create_environment_scripts_only(control_pkg)
[3.100s] DEBUG:colcon.colcon_core.event_handler.log_command:Invoked command in '/home/skulikk/robot/src/build/control_pkg' returned '0': CMAKE_PREFIX_PATH=${CMAKE_PREFIX_PATH}:/opt/ros/humble /usr/bin/cmake --install /home/skulikk/robot/src/build/control_pkg
[3.124s] Level 1:colcon.colcon_core.environment:checking '/home/skulikk/robot/src/install/control_pkg' for CMake module files
[3.133s] Level 1:colcon.colcon_core.environment:checking '/home/skulikk/robot/src/install/control_pkg' for CMake config files
[3.142s] Level 1:colcon.colcon_core.shell:create_environment_hook('control_pkg', 'cmake_prefix_path')
[3.162s] INFO:colcon.colcon_core.shell:Creating environment hook '/home/skulikk/robot/src/install/control_pkg/share/control_pkg/hook/cmake_prefix_path.ps1'
[3.172s] INFO:colcon.colcon_core.shell:Creating environment descriptor '/home/skulikk/robot/src/install/control_pkg/share/control_pkg/hook/cmake_prefix_path.dsv'
[3.181s] INFO:colcon.colcon_core.shell:Creating environment hook '/home/skulikk/robot/src/install/control_pkg/share/control_pkg/hook/cmake_prefix_path.sh'
[3.195s] Level 1:colcon.colcon_core.environment:checking '/home/skulikk/robot/src/install/control_pkg/lib'
[3.199s] Level 1:colcon.colcon_core.environment:checking '/home/skulikk/robot/src/install/control_pkg/bin'
[3.200s] Level 1:colcon.colcon_core.environment:checking '/home/skulikk/robot/src/install/control_pkg/lib/pkgconfig/control_pkg.pc'
[3.204s] Level 1:colcon.colcon_core.environment:checking '/home/skulikk/robot/src/install/control_pkg/lib/python3.10/site-packages'
[3.208s] Level 1:colcon.colcon_core.environment:checking '/home/skulikk/robot/src/install/control_pkg/bin'
[3.212s] INFO:colcon.colcon_core.shell:Creating package script '/home/skulikk/robot/src/install/control_pkg/share/control_pkg/package.ps1'
[3.225s] INFO:colcon.colcon_core.shell:Creating package descriptor '/home/skulikk/robot/src/install/control_pkg/share/control_pkg/package.dsv'
[3.235s] INFO:colcon.colcon_core.shell:Creating package script '/home/skulikk/robot/src/install/control_pkg/share/control_pkg/package.sh'
[3.248s] INFO:colcon.colcon_core.shell:Creating package script '/home/skulikk/robot/src/install/control_pkg/share/control_pkg/package.bash'
[3.266s] INFO:colcon.colcon_core.shell:Creating package script '/home/skulikk/robot/src/install/control_pkg/share/control_pkg/package.zsh'
[3.279s] Level 1:colcon.colcon_core.environment:create_file_with_runtime_dependencies(/home/skulikk/robot/src/install/control_pkg/share/colcon-core/packages/control_pkg)
[3.290s] Level 1:colcon.colcon_core.environment:create_environment_scripts_only(control_pkg)
[3.295s] Level 1:colcon.colcon_core.environment:checking '/home/skulikk/robot/src/install/control_pkg' for CMake module files
[3.305s] Level 1:colcon.colcon_core.environment:checking '/home/skulikk/robot/src/install/control_pkg' for CMake config files
[3.314s] Level 1:colcon.colcon_core.shell:create_environment_hook('control_pkg', 'cmake_prefix_path')
[3.317s] INFO:colcon.colcon_core.shell:Creating environment hook '/home/skulikk/robot/src/install/control_pkg/share/control_pkg/hook/cmake_prefix_path.ps1'
[3.323s] INFO:colcon.colcon_core.shell:Creating environment descriptor '/home/skulikk/robot/src/install/control_pkg/share/control_pkg/hook/cmake_prefix_path.dsv'
[3.332s] INFO:colcon.colcon_core.shell:Creating environment hook '/home/skulikk/robot/src/install/control_pkg/share/control_pkg/hook/cmake_prefix_path.sh'
[3.342s] Level 1:colcon.colcon_core.environment:checking '/home/skulikk/robot/src/install/control_pkg/lib'
[3.344s] Level 1:colcon.colcon_core.environment:checking '/home/skulikk/robot/src/install/control_pkg/bin'
[3.345s] Level 1:colcon.colcon_core.environment:checking '/home/skulikk/robot/src/install/control_pkg/lib/pkgconfig/control_pkg.pc'
[3.349s] Level 1:colcon.colcon_core.environment:checking '/home/skulikk/robot/src/install/control_pkg/lib/python3.10/site-packages'
[3.353s] Level 1:colcon.colcon_core.environment:checking '/home/skulikk/robot/src/install/control_pkg/bin'
[3.358s] INFO:colcon.colcon_core.shell:Creating package script '/home/skulikk/robot/src/install/control_pkg/share/control_pkg/package.ps1'
[3.372s] INFO:colcon.colcon_core.shell:Creating package descriptor '/home/skulikk/robot/src/install/control_pkg/share/control_pkg/package.dsv'
[3.383s] INFO:colcon.colcon_core.shell:Creating package script '/home/skulikk/robot/src/install/control_pkg/share/control_pkg/package.sh'
[3.391s] INFO:colcon.colcon_core.shell:Creating package script '/home/skulikk/robot/src/install/control_pkg/share/control_pkg/package.bash'
[3.399s] INFO:colcon.colcon_core.shell:Creating package script '/home/skulikk/robot/src/install/control_pkg/share/control_pkg/package.zsh'
[3.416s] Level 1:colcon.colcon_core.environment:create_file_with_runtime_dependencies(/home/skulikk/robot/src/install/control_pkg/share/colcon-core/packages/control_pkg)
[23.739s] DEBUG:colcon.colcon_core.event_handler.log_command:Invoked command in '/home/skulikk/robot/src/build/sensors_pkg' returned '0': CMAKE_PREFIX_PATH=${CMAKE_PREFIX_PATH}:/opt/ros/humble /usr/bin/cmake --build /home/skulikk/robot/src/build/sensors_pkg -- -j4 -l4
[23.752s] DEBUG:colcon.colcon_core.event_handler.log_command:Invoking command in '/home/skulikk/robot/src/build/sensors_pkg': CMAKE_PREFIX_PATH=${CMAKE_PREFIX_PATH}:/opt/ros/humble /usr/bin/cmake --install /home/skulikk/robot/src/build/sensors_pkg
[23.801s] Level 1:colcon.colcon_core.environment:create_environment_scripts_only(sensors_pkg)
[23.802s] Level 1:colcon.colcon_core.environment:checking '/home/skulikk/robot/src/install/sensors_pkg' for CMake module files
[23.804s] DEBUG:colcon.colcon_core.event_handler.log_command:Invoked command in '/home/skulikk/robot/src/build/sensors_pkg' returned '0': CMAKE_PREFIX_PATH=${CMAKE_PREFIX_PATH}:/opt/ros/humble /usr/bin/cmake --install /home/skulikk/robot/src/build/sensors_pkg
[23.806s] Level 1:colcon.colcon_core.environment:checking '/home/skulikk/robot/src/install/sensors_pkg' for CMake config files
[23.808s] Level 1:colcon.colcon_core.shell:create_environment_hook('sensors_pkg', 'cmake_prefix_path')
[23.809s] INFO:colcon.colcon_core.shell:Creating environment hook '/home/skulikk/robot/src/install/sensors_pkg/share/sensors_pkg/hook/cmake_prefix_path.ps1'
[23.811s] INFO:colcon.colcon_core.shell:Creating environment descriptor '/home/skulikk/robot/src/install/sensors_pkg/share/sensors_pkg/hook/cmake_prefix_path.dsv'
[23.813s] INFO:colcon.colcon_core.shell:Creating environment hook '/home/skulikk/robot/src/install/sensors_pkg/share/sensors_pkg/hook/cmake_prefix_path.sh'
[23.816s] Level 1:colcon.colcon_core.environment:checking '/home/skulikk/robot/src/install/sensors_pkg/lib'
[23.817s] Level 1:colcon.colcon_core.environment:checking '/home/skulikk/robot/src/install/sensors_pkg/bin'
[23.818s] Level 1:colcon.colcon_core.environment:checking '/home/skulikk/robot/src/install/sensors_pkg/lib/pkgconfig/sensors_pkg.pc'
[23.819s] Level 1:colcon.colcon_core.environment:checking '/home/skulikk/robot/src/install/sensors_pkg/lib/python3.10/site-packages'
[23.819s] Level 1:colcon.colcon_core.environment:checking '/home/skulikk/robot/src/install/sensors_pkg/bin'
[23.821s] INFO:colcon.colcon_core.shell:Creating package script '/home/skulikk/robot/src/install/sensors_pkg/share/sensors_pkg/package.ps1'
[23.823s] INFO:colcon.colcon_core.shell:Creating package descriptor '/home/skulikk/robot/src/install/sensors_pkg/share/sensors_pkg/package.dsv'
[23.825s] INFO:colcon.colcon_core.shell:Creating package script '/home/skulikk/robot/src/install/sensors_pkg/share/sensors_pkg/package.sh'
[23.827s] INFO:colcon.colcon_core.shell:Creating package script '/home/skulikk/robot/src/install/sensors_pkg/share/sensors_pkg/package.bash'
[23.829s] INFO:colcon.colcon_core.shell:Creating package script '/home/skulikk/robot/src/install/sensors_pkg/share/sensors_pkg/package.zsh'
[23.831s] Level 1:colcon.colcon_core.environment:create_file_with_runtime_dependencies(/home/skulikk/robot/src/install/sensors_pkg/share/colcon-core/packages/sensors_pkg)
[23.834s] Level 1:colcon.colcon_core.environment:create_environment_scripts_only(sensors_pkg)
[23.835s] Level 1:colcon.colcon_core.environment:checking '/home/skulikk/robot/src/install/sensors_pkg' for CMake module files
[23.838s] Level 1:colcon.colcon_core.environment:checking '/home/skulikk/robot/src/install/sensors_pkg' for CMake config files
[23.840s] Level 1:colcon.colcon_core.shell:create_environment_hook('sensors_pkg', 'cmake_prefix_path')
[23.841s] INFO:colcon.colcon_core.shell:Creating environment hook '/home/skulikk/robot/src/install/sensors_pkg/share/sensors_pkg/hook/cmake_prefix_path.ps1'
[23.843s] INFO:colcon.colcon_core.shell:Creating environment descriptor '/home/skulikk/robot/src/install/sensors_pkg/share/sensors_pkg/hook/cmake_prefix_path.dsv'
[23.844s] INFO:colcon.colcon_core.shell:Creating environment hook '/home/skulikk/robot/src/install/sensors_pkg/share/sensors_pkg/hook/cmake_prefix_path.sh'
[23.847s] Level 1:colcon.colcon_core.environment:checking '/home/skulikk/robot/src/install/sensors_pkg/lib'
[23.848s] Level 1:colcon.colcon_core.environment:checking '/home/skulikk/robot/src/install/sensors_pkg/bin'
[23.848s] Level 1:colcon.colcon_core.environment:checking '/home/skulikk/robot/src/install/sensors_pkg/lib/pkgconfig/sensors_pkg.pc'
[23.849s] Level 1:colcon.colcon_core.environment:checking '/home/skulikk/robot/src/install/sensors_pkg/lib/python3.10/site-packages'
[23.850s] Level 1:colcon.colcon_core.environment:checking '/home/skulikk/robot/src/install/sensors_pkg/bin'
[23.851s] INFO:colcon.colcon_core.shell:Creating package script '/home/skulikk/robot/src/install/sensors_pkg/share/sensors_pkg/package.ps1'
[23.853s] INFO:colcon.colcon_core.shell:Creating package descriptor '/home/skulikk/robot/src/install/sensors_pkg/share/sensors_pkg/package.dsv'
[23.856s] INFO:colcon.colcon_core.shell:Creating package script '/home/skulikk/robot/src/install/sensors_pkg/share/sensors_pkg/package.sh'
[23.858s] INFO:colcon.colcon_core.shell:Creating package script '/home/skulikk/robot/src/install/sensors_pkg/share/sensors_pkg/package.bash'
[23.861s] INFO:colcon.colcon_core.shell:Creating package script '/home/skulikk/robot/src/install/sensors_pkg/share/sensors_pkg/package.zsh'
[23.864s] Level 1:colcon.colcon_core.environment:create_file_with_runtime_dependencies(/home/skulikk/robot/src/install/sensors_pkg/share/colcon-core/packages/sensors_pkg)
[23.866s] DEBUG:colcon.colcon_parallel_executor.executor.parallel:closing loop
[23.868s] DEBUG:colcon.colcon_parallel_executor.executor.parallel:loop closed
[23.868s] DEBUG:colcon.colcon_parallel_executor.executor.parallel:run_until_complete finished with '0'
[23.869s] DEBUG:colcon.colcon_core.event_reactor:joining thread
[23.893s] INFO:colcon.colcon_core.plugin_system:Skipping extension 'colcon_notification.desktop_notification.terminal_notifier': Not used on non-Darwin systems
[23.894s] INFO:colcon.colcon_core.plugin_system:Skipping extension 'colcon_notification.desktop_notification.win32': Not used on non-Windows systems
[23.894s] INFO:colcon.colcon_notification.desktop_notification:Sending desktop notification using 'notify2'
[23.954s] DEBUG:colcon.colcon_core.event_reactor:joined thread
[23.955s] INFO:colcon.colcon_core.shell:Creating prefix script '/home/skulikk/robot/src/install/local_setup.ps1'
[23.960s] INFO:colcon.colcon_core.shell:Creating prefix util module '/home/skulikk/robot/src/install/_local_setup_util_ps1.py'
[23.966s] INFO:colcon.colcon_core.shell:Creating prefix chain script '/home/skulikk/robot/src/install/setup.ps1'
[23.971s] INFO:colcon.colcon_core.shell:Creating prefix script '/home/skulikk/robot/src/install/local_setup.sh'
[23.974s] INFO:colcon.colcon_core.shell:Creating prefix util module '/home/skulikk/robot/src/install/_local_setup_util_sh.py'
[23.977s] INFO:colcon.colcon_core.shell:Creating prefix chain script '/home/skulikk/robot/src/install/setup.sh'
[23.982s] INFO:colcon.colcon_core.shell:Creating prefix script '/home/skulikk/robot/src/install/local_setup.bash'
[23.984s] INFO:colcon.colcon_core.shell:Creating prefix chain script '/home/skulikk/robot/src/install/setup.bash'
[23.989s] INFO:colcon.colcon_core.shell:Creating prefix script '/home/skulikk/robot/src/install/local_setup.zsh'
[23.991s] INFO:colcon.colcon_core.shell:Creating prefix chain script '/home/skulikk/robot/src/install/setup.zsh'
