[0.069s] Invoking command in '/home/skulikk/robot/src/build/control_pkg': CMAKE_PREFIX_PATH=${CMAKE_PREFIX_PATH}:/opt/ros/humble /usr/bin/cmake --build /home/skulikk/robot/src/build/control_pkg -- -j4 -l4
[0.329s] [100%] Built target motor_controller_node
[0.488s] Invoked command in '/home/skulikk/robot/src/build/control_pkg' returned '0': CMAKE_PREFIX_PATH=${CMAKE_PREFIX_PATH}:/opt/ros/humble /usr/bin/cmake --build /home/skulikk/robot/src/build/control_pkg -- -j4 -l4
[0.601s] Invoking command in '/home/skulikk/robot/src/build/control_pkg': CMAKE_PREFIX_PATH=${CMAKE_PREFIX_PATH}:/opt/ros/humble /usr/bin/cmake --install /home/skulikk/robot/src/build/control_pkg
[0.703s] -- Install configuration: ""
[0.707s] -- Up-to-date: /home/skulikk/robot/src/install/control_pkg/lib/control_pkg/motor_controller_node
[0.716s] -- Up-to-date: /home/skulikk/robot/src/install/control_pkg/share/ament_index/resource_index/package_run_dependencies/control_pkg
[0.741s] -- Up-to-date: /home/skulikk/robot/src/install/control_pkg/share/ament_index/resource_index/parent_prefix_path/control_pkg
[0.769s] -- Up-to-date: /home/skulikk/robot/src/install/control_pkg/share/control_pkg/environment/ament_prefix_path.sh
[0.771s] -- Up-to-date: /home/skulikk/robot/src/install/control_pkg/share/control_pkg/environment/ament_prefix_path.dsv
[0.772s] -- Up-to-date: /home/skulikk/robot/src/install/control_pkg/share/control_pkg/environment/path.sh
[0.781s] -- Up-to-date: /home/skulikk/robot/src/install/control_pkg/share/control_pkg/environment/path.dsv
[0.782s] -- Up-to-date: /home/skulikk/robot/src/install/control_pkg/share/control_pkg/local_setup.bash
[0.784s] -- Up-to-date: /home/skulikk/robot/src/install/control_pkg/share/control_pkg/local_setup.sh
[0.794s] -- Up-to-date: /home/skulikk/robot/src/install/control_pkg/share/control_pkg/local_setup.zsh
[0.796s] -- Up-to-date: /home/skulikk/robot/src/install/control_pkg/share/control_pkg/local_setup.dsv
[0.797s] -- Installing: /home/skulikk/robot/src/install/control_pkg/share/control_pkg/package.dsv
[0.805s] -- Up-to-date: /home/skulikk/robot/src/install/control_pkg/share/ament_index/resource_index/packages/control_pkg
[0.806s] -- Up-to-date: /home/skulikk/robot/src/install/control_pkg/share/control_pkg/cmake/control_pkgConfig.cmake
[0.807s] -- Up-to-date: /home/skulikk/robot/src/install/control_pkg/share/control_pkg/cmake/control_pkgConfig-version.cmake
[0.809s] -- Up-to-date: /home/skulikk/robot/src/install/control_pkg/share/control_pkg/package.xml
[0.826s] Invoked command in '/home/skulikk/robot/src/build/control_pkg' returned '0': CMAKE_PREFIX_PATH=${CMAKE_PREFIX_PATH}:/opt/ros/humble /usr/bin/cmake --install /home/skulikk/robot/src/build/control_pkg
