[0.076s] Invoking command in '/home/skulikk/robot/src/build/control_pkg': CMAKE_PREFIX_PATH=${CMAKE_PREFIX_PATH}:/opt/ros/humble /usr/bin/cmake --build /home/skulikk/robot/src/build/control_pkg -- -j4 -l4
[0.527s] [100%] Built target motor_controller_node
[0.727s] Invoked command in '/home/skulikk/robot/src/build/control_pkg' returned '0': CMAKE_PREFIX_PATH=${CMAKE_PREFIX_PATH}:/opt/ros/humble /usr/bin/cmake --build /home/skulikk/robot/src/build/control_pkg -- -j4 -l4
[0.815s] Invoking command in '/home/skulikk/robot/src/build/control_pkg': CMAKE_PREFIX_PATH=${CMAKE_PREFIX_PATH}:/opt/ros/humble /usr/bin/cmake --install /home/skulikk/robot/src/build/control_pkg
[0.913s] -- Install configuration: ""
[0.920s] -- Up-to-date: /home/skulikk/robot/src/install/control_pkg/lib/control_pkg/motor_controller_node
[0.928s] -- Up-to-date: /home/skulikk/robot/src/install/control_pkg/share/ament_index/resource_index/package_run_dependencies/control_pkg
[0.933s] -- Up-to-date: /home/skulikk/robot/src/install/control_pkg/share/ament_index/resource_index/parent_prefix_path/control_pkg
[0.941s] -- Up-to-date: /home/skulikk/robot/src/install/control_pkg/share/control_pkg/environment/ament_prefix_path.sh
[0.955s] -- Up-to-date: /home/skulikk/robot/src/install/control_pkg/share/control_pkg/environment/ament_prefix_path.dsv
[0.966s] -- Up-to-date: /home/skulikk/robot/src/install/control_pkg/share/control_pkg/environment/path.sh
[0.972s] -- Up-to-date: /home/skulikk/robot/src/install/control_pkg/share/control_pkg/environment/path.dsv
[0.979s] -- Up-to-date: /home/skulikk/robot/src/install/control_pkg/share/control_pkg/local_setup.bash
[1.000s] -- Up-to-date: /home/skulikk/robot/src/install/control_pkg/share/control_pkg/local_setup.sh
[1.001s] -- Up-to-date: /home/skulikk/robot/src/install/control_pkg/share/control_pkg/local_setup.zsh
[1.003s] -- Up-to-date: /home/skulikk/robot/src/install/control_pkg/share/control_pkg/local_setup.dsv
[1.017s] -- Installing: /home/skulikk/robot/src/install/control_pkg/share/control_pkg/package.dsv
[1.024s] -- Up-to-date: /home/skulikk/robot/src/install/control_pkg/share/ament_index/resource_index/packages/control_pkg
[1.030s] -- Up-to-date: /home/skulikk/robot/src/install/control_pkg/share/control_pkg/cmake/control_pkgConfig.cmake
[1.037s] -- Up-to-date: /home/skulikk/robot/src/install/control_pkg/share/control_pkg/cmake/control_pkgConfig-version.cmake
[1.038s] -- Up-to-date: /home/skulikk/robot/src/install/control_pkg/share/control_pkg/package.xml
[1.064s] Invoked command in '/home/skulikk/robot/src/build/control_pkg' returned '0': CMAKE_PREFIX_PATH=${CMAKE_PREFIX_PATH}:/opt/ros/humble /usr/bin/cmake --install /home/skulikk/robot/src/build/control_pkg
