[0.154s] Invoking command in '/home/skulikk/robot/src/build/control_pkg': CMAKE_PREFIX_PATH=${CMAKE_PREFIX_PATH}:/opt/ros/humble /usr/bin/cmake --build /home/skulikk/robot/src/build/control_pkg -- -j4 -l4
[0.244s] -- Found ament_cmake: 1.3.11 (/opt/ros/humble/share/ament_cmake/cmake)
[1.751s] -- Found rclcpp: 16.0.11 (/opt/ros/humble/share/rclcpp/cmake)
[2.661s] -- Found rosidl_generator_c: 3.1.6 (/opt/ros/humble/share/rosidl_generator_c/cmake)
[2.785s] -- Found rosidl_adapter: 3.1.6 (/opt/ros/humble/share/rosidl_adapter/cmake)
[3.078s] -- Found rosidl_generator_cpp: 3.1.6 (/opt/ros/humble/share/rosidl_generator_cpp/cmake)
[3.296s] -- Using all available rosidl_typesupport_c: rosidl_typesupport_fastrtps_c;rosidl_typesupport_introspection_c
[3.581s] -- Using all available rosidl_typesupport_cpp: rosidl_typesupport_fastrtps_cpp;rosidl_typesupport_introspection_cpp
[4.212s] -- Found rmw_implementation_cmake: 6.1.2 (/opt/ros/humble/share/rmw_implementation_cmake/cmake)
[4.274s] -- Found rmw_fastrtps_cpp: 6.2.7 (/opt/ros/humble/share/rmw_fastrtps_cpp/cmake)
[5.693s] -- Found OpenSSL: /usr/lib/aarch64-linux-gnu/libcrypto.so (found version "3.0.2")  
[6.243s] -- Found FastRTPS: /opt/ros/humble/include  
[7.079s] -- Using RMW implementation 'rmw_fastrtps_cpp' as default
[7.271s] -- Looking for pthread.h
[8.559s] -- Looking for pthread.h - found
[8.565s] -- Performing Test CMAKE_HAVE_LIBC_PTHREAD
[9.982s] -- Performing Test CMAKE_HAVE_LIBC_PTHREAD - Success
[10.007s] -- Found Threads: TRUE  
[10.842s] -- Found ament_lint_auto: 0.12.11 (/opt/ros/humble/share/ament_lint_auto/cmake)
[11.989s] -- Added test 'cppcheck' to perform static code analysis on C / C++ code
[11.993s] -- Configured cppcheck include dirs: $<BUILD_INTERFACE:/home/skulikk/robot/src/control_pkg/include>
[11.995s] -- Configured cppcheck exclude dirs and/or files: 
[12.010s] -- Added test 'lint_cmake' to check CMake code style
[12.038s] -- Added test 'uncrustify' to check C / C++ code style
[12.041s] -- Configured uncrustify additional arguments: 
[12.049s] -- Added test 'xmllint' to check XML markup files
[12.070s] -- Configuring done
[12.221s] -- Generating done
[12.274s] -- Build files have been written to: /home/skulikk/robot/src/build/control_pkg
[12.795s] [ 50%] [32mBuilding CXX object CMakeFiles/motor_controller_node.dir/src/motor_controller_node.cpp.o[0m
[13.278s] [01m[K/home/skulikk/robot/src/control_pkg/src/motor_controller_node.cpp:3:10:[m[K [01;31m[Kfatal error: [m[Krclcpp/rclcpp.hpp: No such file or directory
[13.279s]     3 | #include [01;31m[K"rclcpp/rclcpp.hpp"[m[K
[13.282s]       |          [01;31m[K^~~~~~~~~~~~~~~~~~~[m[K
[13.284s] compilation terminated.
[13.289s] gmake[2]: *** [CMakeFiles/motor_controller_node.dir/build.make:76: CMakeFiles/motor_controller_node.dir/src/motor_controller_node.cpp.o] Error 1
[13.301s] gmake[1]: *** [CMakeFiles/Makefile2:137: CMakeFiles/motor_controller_node.dir/all] Error 2
[13.308s] gmake: *** [Makefile:146: all] Error 2
[13.347s] Invoked command in '/home/skulikk/robot/src/build/control_pkg' returned '2': CMAKE_PREFIX_PATH=${CMAKE_PREFIX_PATH}:/opt/ros/humble /usr/bin/cmake --build /home/skulikk/robot/src/build/control_pkg -- -j4 -l4
