[1.612s] DEBUG:colcon:Command line arguments: ['/usr/bin/colcon', 'build', '--cmake-clean-cache']
[1.613s] DEBUG:colcon:Parsed command line arguments: Namespace(log_base=None, log_level=None, verb_name='build', build_base='build', install_base='install', merge_install=False, symlink_install=False, test_result_base=None, continue_on_error=False, executor='parallel', parallel_workers=4, event_handlers=None, ignore_user_meta=False, metas=['./colcon.meta'], base_paths=['.'], packages_ignore=None, packages_ignore_regex=None, paths=None, packages_up_to=None, packages_up_to_regex=None, packages_above=None, packages_above_and_dependencies=None, packages_above_depth=None, packages_select_by_dep=None, packages_skip_by_dep=None, packages_skip_up_to=None, packages_select_build_failed=False, packages_skip_build_finished=False, packages_select_test_failures=False, packages_skip_test_passed=False, packages_select=None, packages_skip=None, packages_select_regex=None, packages_skip_regex=None, packages_start=None, packages_end=None, allow_overriding=[], cmake_args=None, cmake_target=None, cmake_target_skip_unavailable=False, cmake_clean_cache=True, cmake_clean_first=False, cmake_force_configure=False, ament_cmake_args=None, catkin_cmake_args=None, catkin_skip_building_tests=False, verb_parser=<colcon_defaults.argument_parser.defaults.DefaultArgumentsDecorator object at 0xffff991f5d80>, verb_extension=<colcon_core.verb.build.BuildVerb object at 0xffff993031f0>, main=<bound method BuildVerb.main of <colcon_core.verb.build.BuildVerb object at 0xffff993031f0>>)
[3.282s] Level 1:colcon.colcon_core.package_discovery:discover_packages(colcon_meta) check parameters
[3.283s] Level 1:colcon.colcon_core.package_discovery:discover_packages(recursive) check parameters
[3.284s] Level 1:colcon.colcon_core.package_discovery:discover_packages(ignore) check parameters
[3.285s] Level 1:colcon.colcon_core.package_discovery:discover_packages(path) check parameters
[3.285s] Level 1:colcon.colcon_core.package_discovery:discover_packages(colcon_meta) discover
[3.286s] Level 1:colcon.colcon_core.package_discovery:discover_packages(recursive) discover
[3.286s] INFO:colcon.colcon_core.package_discovery:Crawling recursively for packages in '/home/skulikk/robot/src'
[3.287s] Level 1:colcon.colcon_core.package_identification:_identify(.) by extensions ['ignore', 'ignore_ament_install']
[3.288s] Level 1:colcon.colcon_core.package_identification:_identify(.) by extension 'ignore'
[3.288s] Level 1:colcon.colcon_core.package_identification:_identify(.) by extension 'ignore_ament_install'
[3.289s] Level 1:colcon.colcon_core.package_identification:_identify(.) by extensions ['colcon_pkg']
[3.289s] Level 1:colcon.colcon_core.package_identification:_identify(.) by extension 'colcon_pkg'
[3.290s] Level 1:colcon.colcon_core.package_identification:_identify(.) by extensions ['colcon_meta']
[3.290s] Level 1:colcon.colcon_core.package_identification:_identify(.) by extension 'colcon_meta'
[3.290s] Level 1:colcon.colcon_core.package_identification:_identify(.) by extensions ['ros']
[3.291s] Level 1:colcon.colcon_core.package_identification:_identify(.) by extension 'ros'
[3.385s] Level 1:colcon.colcon_core.package_identification:_identify(.) by extensions ['cmake', 'python']
[3.386s] Level 1:colcon.colcon_core.package_identification:_identify(.) by extension 'cmake'
[3.387s] Level 1:colcon.colcon_core.package_identification:_identify(.) by extension 'python'
[3.387s] Level 1:colcon.colcon_core.package_identification:_identify(.) by extensions ['python_setup_py']
[3.388s] Level 1:colcon.colcon_core.package_identification:_identify(.) by extension 'python_setup_py'
[3.389s] Level 1:colcon.colcon_core.package_identification:_identify(build) by extensions ['ignore', 'ignore_ament_install']
[3.390s] Level 1:colcon.colcon_core.package_identification:_identify(build) by extension 'ignore'
[3.390s] Level 1:colcon.colcon_core.package_identification:_identify(build) ignored
[3.391s] Level 1:colcon.colcon_core.package_identification:_identify(imu_package) by extensions ['ignore', 'ignore_ament_install']
[3.392s] Level 1:colcon.colcon_core.package_identification:_identify(imu_package) by extension 'ignore'
[3.392s] Level 1:colcon.colcon_core.package_identification:_identify(imu_package) by extension 'ignore_ament_install'
[3.393s] Level 1:colcon.colcon_core.package_identification:_identify(imu_package) by extensions ['colcon_pkg']
[3.393s] Level 1:colcon.colcon_core.package_identification:_identify(imu_package) by extension 'colcon_pkg'
[3.393s] Level 1:colcon.colcon_core.package_identification:_identify(imu_package) by extensions ['colcon_meta']
[3.393s] Level 1:colcon.colcon_core.package_identification:_identify(imu_package) by extension 'colcon_meta'
[3.394s] Level 1:colcon.colcon_core.package_identification:_identify(imu_package) by extensions ['ros']
[3.394s] Level 1:colcon.colcon_core.package_identification:_identify(imu_package) by extension 'ros'
[3.412s] DEBUG:colcon.colcon_core.package_identification:Package 'imu_package' with type 'ros.ament_cmake' and name 'imu_package'
[3.413s] Level 1:colcon.colcon_core.package_identification:_identify(install) by extensions ['ignore', 'ignore_ament_install']
[3.413s] Level 1:colcon.colcon_core.package_identification:_identify(install) by extension 'ignore'
[3.414s] Level 1:colcon.colcon_core.package_identification:_identify(install) ignored
[3.415s] Level 1:colcon.colcon_core.package_identification:_identify(log) by extensions ['ignore', 'ignore_ament_install']
[3.415s] Level 1:colcon.colcon_core.package_identification:_identify(log) by extension 'ignore'
[3.416s] Level 1:colcon.colcon_core.package_identification:_identify(log) ignored
[3.416s] Level 1:colcon.colcon_core.package_discovery:discover_packages(recursive) using defaults
[3.416s] Level 1:colcon.colcon_core.package_discovery:discover_packages(ignore) discover
[3.416s] Level 1:colcon.colcon_core.package_discovery:discover_packages(ignore) using defaults
[3.417s] Level 1:colcon.colcon_core.package_discovery:discover_packages(path) discover
[3.417s] Level 1:colcon.colcon_core.package_discovery:discover_packages(path) using defaults
[3.543s] Level 1:colcon.colcon_core.package_discovery:discover_packages(prefix_path) check parameters
[3.543s] Level 1:colcon.colcon_core.package_discovery:discover_packages(prefix_path) discover
[3.557s] DEBUG:colcon.colcon_installed_package_information.package_discovery:Found 2 installed packages in /home/skulikk/robot/install
[3.566s] DEBUG:colcon.colcon_installed_package_information.package_discovery:Found 224 installed packages in /opt/ros/humble
[3.573s] Level 1:colcon.colcon_core.package_discovery:discover_packages(prefix_path) using defaults
[3.808s] Level 5:colcon.colcon_core.verb:set package 'imu_package' build argument 'cmake_args' from command line to 'None'
[3.808s] Level 5:colcon.colcon_core.verb:set package 'imu_package' build argument 'cmake_target' from command line to 'None'
[3.808s] Level 5:colcon.colcon_core.verb:set package 'imu_package' build argument 'cmake_target_skip_unavailable' from command line to 'False'
[3.808s] Level 5:colcon.colcon_core.verb:set package 'imu_package' build argument 'cmake_clean_cache' from command line to 'True'
[3.808s] Level 5:colcon.colcon_core.verb:set package 'imu_package' build argument 'cmake_clean_first' from command line to 'False'
[3.808s] Level 5:colcon.colcon_core.verb:set package 'imu_package' build argument 'cmake_force_configure' from command line to 'False'
[3.809s] Level 5:colcon.colcon_core.verb:set package 'imu_package' build argument 'ament_cmake_args' from command line to 'None'
[3.809s] Level 5:colcon.colcon_core.verb:set package 'imu_package' build argument 'catkin_cmake_args' from command line to 'None'
[3.809s] Level 5:colcon.colcon_core.verb:set package 'imu_package' build argument 'catkin_skip_building_tests' from command line to 'False'
[3.809s] DEBUG:colcon.colcon_core.verb:Building package 'imu_package' with the following arguments: {'ament_cmake_args': None, 'build_base': '/home/skulikk/robot/src/build/imu_package', 'catkin_cmake_args': None, 'catkin_skip_building_tests': False, 'cmake_args': None, 'cmake_clean_cache': True, 'cmake_clean_first': False, 'cmake_force_configure': False, 'cmake_target': None, 'cmake_target_skip_unavailable': False, 'install_base': '/home/skulikk/robot/src/install/imu_package', 'merge_install': False, 'path': '/home/skulikk/robot/src/imu_package', 'symlink_install': False, 'test_result_base': None}
[3.810s] INFO:colcon.colcon_core.executor:Executing jobs using 'parallel' executor
[3.814s] DEBUG:colcon.colcon_parallel_executor.executor.parallel:run_until_complete
[3.815s] INFO:colcon.colcon_ros.task.ament_cmake.build:Building ROS package in '/home/skulikk/robot/src/imu_package' with build type 'ament_cmake'
[3.816s] INFO:colcon.colcon_cmake.task.cmake.build:Building CMake package in '/home/skulikk/robot/src/imu_package'
[3.828s] INFO:colcon.colcon_core.plugin_system:Skipping extension 'colcon_core.shell.bat': Not used on non-Windows systems
[3.829s] INFO:colcon.colcon_core.shell:Skip shell extension 'powershell' for command environment: Not usable outside of PowerShell
[3.829s] DEBUG:colcon.colcon_core.shell:Skip shell extension 'dsv' for command environment
[3.863s] DEBUG:colcon.colcon_core.event_handler.log_command:Invoking command in '/home/skulikk/robot/src/build/imu_package': CMAKE_PREFIX_PATH=/opt/ros/humble /usr/bin/cmake /home/skulikk/robot/src/imu_package -DCMAKE_INSTALL_PREFIX=/home/skulikk/robot/src/install/imu_package
[18.915s] DEBUG:colcon.colcon_core.event_handler.log_command:Invoked command in '/home/skulikk/robot/src/build/imu_package' returned '0': CMAKE_PREFIX_PATH=/opt/ros/humble /usr/bin/cmake /home/skulikk/robot/src/imu_package -DCMAKE_INSTALL_PREFIX=/home/skulikk/robot/src/install/imu_package
[18.925s] DEBUG:colcon.colcon_core.event_handler.log_command:Invoking command in '/home/skulikk/robot/src/build/imu_package': CMAKE_PREFIX_PATH=/opt/ros/humble /usr/bin/cmake --build /home/skulikk/robot/src/build/imu_package -- -j4 -l4
[40.851s] DEBUG:colcon.colcon_core.event_handler.log_command:Invoked command in '/home/skulikk/robot/src/build/imu_package' returned '0': CMAKE_PREFIX_PATH=/opt/ros/humble /usr/bin/cmake --build /home/skulikk/robot/src/build/imu_package -- -j4 -l4
[40.893s] DEBUG:colcon.colcon_core.event_handler.log_command:Invoking command in '/home/skulikk/robot/src/build/imu_package': CMAKE_PREFIX_PATH=/opt/ros/humble /usr/bin/cmake --install /home/skulikk/robot/src/build/imu_package
[40.954s] Level 1:colcon.colcon_core.environment:create_environment_scripts_only(imu_package)
[40.956s] DEBUG:colcon.colcon_core.event_handler.log_command:Invoked command in '/home/skulikk/robot/src/build/imu_package' returned '0': CMAKE_PREFIX_PATH=/opt/ros/humble /usr/bin/cmake --install /home/skulikk/robot/src/build/imu_package
[40.966s] Level 1:colcon.colcon_core.environment:checking '/home/skulikk/robot/src/install/imu_package' for CMake module files
[40.968s] Level 1:colcon.colcon_core.environment:checking '/home/skulikk/robot/src/install/imu_package' for CMake config files
[40.971s] Level 1:colcon.colcon_core.shell:create_environment_hook('imu_package', 'cmake_prefix_path')
[40.972s] INFO:colcon.colcon_core.shell:Creating environment hook '/home/skulikk/robot/src/install/imu_package/share/imu_package/hook/cmake_prefix_path.ps1'
[40.975s] INFO:colcon.colcon_core.shell:Creating environment descriptor '/home/skulikk/robot/src/install/imu_package/share/imu_package/hook/cmake_prefix_path.dsv'
[40.978s] INFO:colcon.colcon_core.shell:Creating environment hook '/home/skulikk/robot/src/install/imu_package/share/imu_package/hook/cmake_prefix_path.sh'
[40.983s] Level 1:colcon.colcon_core.environment:checking '/home/skulikk/robot/src/install/imu_package/lib'
[40.984s] Level 1:colcon.colcon_core.environment:checking '/home/skulikk/robot/src/install/imu_package/bin'
[40.985s] Level 1:colcon.colcon_core.environment:checking '/home/skulikk/robot/src/install/imu_package/lib/pkgconfig/imu_package.pc'
[40.986s] Level 1:colcon.colcon_core.environment:checking '/home/skulikk/robot/src/install/imu_package/lib/python3.10/site-packages'
[40.987s] Level 1:colcon.colcon_core.environment:checking '/home/skulikk/robot/src/install/imu_package/bin'
[40.989s] INFO:colcon.colcon_core.shell:Creating package script '/home/skulikk/robot/src/install/imu_package/share/imu_package/package.ps1'
[40.992s] INFO:colcon.colcon_core.shell:Creating package descriptor '/home/skulikk/robot/src/install/imu_package/share/imu_package/package.dsv'
[40.995s] INFO:colcon.colcon_core.shell:Creating package script '/home/skulikk/robot/src/install/imu_package/share/imu_package/package.sh'
[40.999s] INFO:colcon.colcon_core.shell:Creating package script '/home/skulikk/robot/src/install/imu_package/share/imu_package/package.bash'
[41.003s] INFO:colcon.colcon_core.shell:Creating package script '/home/skulikk/robot/src/install/imu_package/share/imu_package/package.zsh'
[41.007s] Level 1:colcon.colcon_core.environment:create_file_with_runtime_dependencies(/home/skulikk/robot/src/install/imu_package/share/colcon-core/packages/imu_package)
[41.010s] Level 1:colcon.colcon_core.environment:create_environment_scripts_only(imu_package)
[41.011s] Level 1:colcon.colcon_core.environment:checking '/home/skulikk/robot/src/install/imu_package' for CMake module files
[41.014s] Level 1:colcon.colcon_core.environment:checking '/home/skulikk/robot/src/install/imu_package' for CMake config files
[41.017s] Level 1:colcon.colcon_core.shell:create_environment_hook('imu_package', 'cmake_prefix_path')
[41.018s] INFO:colcon.colcon_core.shell:Creating environment hook '/home/skulikk/robot/src/install/imu_package/share/imu_package/hook/cmake_prefix_path.ps1'
[41.020s] INFO:colcon.colcon_core.shell:Creating environment descriptor '/home/skulikk/robot/src/install/imu_package/share/imu_package/hook/cmake_prefix_path.dsv'
[41.022s] INFO:colcon.colcon_core.shell:Creating environment hook '/home/skulikk/robot/src/install/imu_package/share/imu_package/hook/cmake_prefix_path.sh'
[41.026s] Level 1:colcon.colcon_core.environment:checking '/home/skulikk/robot/src/install/imu_package/lib'
[41.026s] Level 1:colcon.colcon_core.environment:checking '/home/skulikk/robot/src/install/imu_package/bin'
[41.027s] Level 1:colcon.colcon_core.environment:checking '/home/skulikk/robot/src/install/imu_package/lib/pkgconfig/imu_package.pc'
[41.028s] Level 1:colcon.colcon_core.environment:checking '/home/skulikk/robot/src/install/imu_package/lib/python3.10/site-packages'
[41.029s] Level 1:colcon.colcon_core.environment:checking '/home/skulikk/robot/src/install/imu_package/bin'
[41.030s] INFO:colcon.colcon_core.shell:Creating package script '/home/skulikk/robot/src/install/imu_package/share/imu_package/package.ps1'
[41.033s] INFO:colcon.colcon_core.shell:Creating package descriptor '/home/skulikk/robot/src/install/imu_package/share/imu_package/package.dsv'
[41.036s] INFO:colcon.colcon_core.shell:Creating package script '/home/skulikk/robot/src/install/imu_package/share/imu_package/package.sh'
[41.038s] INFO:colcon.colcon_core.shell:Creating package script '/home/skulikk/robot/src/install/imu_package/share/imu_package/package.bash'
[41.041s] INFO:colcon.colcon_core.shell:Creating package script '/home/skulikk/robot/src/install/imu_package/share/imu_package/package.zsh'
[41.044s] Level 1:colcon.colcon_core.environment:create_file_with_runtime_dependencies(/home/skulikk/robot/src/install/imu_package/share/colcon-core/packages/imu_package)
[41.046s] DEBUG:colcon.colcon_parallel_executor.executor.parallel:closing loop
[41.047s] DEBUG:colcon.colcon_parallel_executor.executor.parallel:loop closed
[41.047s] DEBUG:colcon.colcon_parallel_executor.executor.parallel:run_until_complete finished with '0'
[41.048s] DEBUG:colcon.colcon_core.event_reactor:joining thread
[41.072s] INFO:colcon.colcon_core.plugin_system:Skipping extension 'colcon_notification.desktop_notification.terminal_notifier': Not used on non-Darwin systems
[41.072s] INFO:colcon.colcon_core.plugin_system:Skipping extension 'colcon_notification.desktop_notification.win32': Not used on non-Windows systems
[41.073s] INFO:colcon.colcon_notification.desktop_notification:Sending desktop notification using 'notify2'
[41.118s] DEBUG:colcon.colcon_core.event_reactor:joined thread
[41.120s] INFO:colcon.colcon_core.shell:Creating prefix script '/home/skulikk/robot/src/install/local_setup.ps1'
[41.125s] INFO:colcon.colcon_core.shell:Creating prefix util module '/home/skulikk/robot/src/install/_local_setup_util_ps1.py'
[41.134s] INFO:colcon.colcon_core.shell:Creating prefix chain script '/home/skulikk/robot/src/install/setup.ps1'
[41.140s] INFO:colcon.colcon_core.shell:Creating prefix script '/home/skulikk/robot/src/install/local_setup.sh'
[41.143s] INFO:colcon.colcon_core.shell:Creating prefix util module '/home/skulikk/robot/src/install/_local_setup_util_sh.py'
[41.146s] INFO:colcon.colcon_core.shell:Creating prefix chain script '/home/skulikk/robot/src/install/setup.sh'
[41.151s] INFO:colcon.colcon_core.shell:Creating prefix script '/home/skulikk/robot/src/install/local_setup.bash'
[41.153s] INFO:colcon.colcon_core.shell:Creating prefix chain script '/home/skulikk/robot/src/install/setup.bash'
[41.158s] INFO:colcon.colcon_core.shell:Creating prefix script '/home/skulikk/robot/src/install/local_setup.zsh'
[41.161s] INFO:colcon.colcon_core.shell:Creating prefix chain script '/home/skulikk/robot/src/install/setup.zsh'
