[0.463s] DEBUG:colcon:Command line arguments: ['/usr/bin/colcon', 'build']
[0.464s] DEBUG:colcon:Parsed command line arguments: Namespace(log_base=None, log_level=None, verb_name='build', build_base='build', install_base='install', merge_install=False, symlink_install=False, test_result_base=None, continue_on_error=False, executor='parallel', parallel_workers=4, event_handlers=None, ignore_user_meta=False, metas=['./colcon.meta'], base_paths=['.'], packages_ignore=None, packages_ignore_regex=None, paths=None, packages_up_to=None, packages_up_to_regex=None, packages_above=None, packages_above_and_dependencies=None, packages_above_depth=None, packages_select_by_dep=None, packages_skip_by_dep=None, packages_skip_up_to=None, packages_select_build_failed=False, packages_skip_build_finished=False, packages_select_test_failures=False, packages_skip_test_passed=False, packages_select=None, packages_skip=None, packages_select_regex=None, packages_skip_regex=None, packages_start=None, packages_end=None, allow_overriding=[], cmake_args=None, cmake_target=None, cmake_target_skip_unavailable=False, cmake_clean_cache=False, cmake_clean_first=False, cmake_force_configure=False, ament_cmake_args=None, catkin_cmake_args=None, catkin_skip_building_tests=False, verb_parser=<colcon_defaults.argument_parser.defaults.DefaultArgumentsDecorator object at 0xffff8e34dd80>, verb_extension=<colcon_core.verb.build.BuildVerb object at 0xffff8e45b1f0>, main=<bound method BuildVerb.main of <colcon_core.verb.build.BuildVerb object at 0xffff8e45b1f0>>)
[1.288s] Level 1:colcon.colcon_core.package_discovery:discover_packages(colcon_meta) check parameters
[1.288s] Level 1:colcon.colcon_core.package_discovery:discover_packages(recursive) check parameters
[1.289s] Level 1:colcon.colcon_core.package_discovery:discover_packages(ignore) check parameters
[1.289s] Level 1:colcon.colcon_core.package_discovery:discover_packages(path) check parameters
[1.289s] Level 1:colcon.colcon_core.package_discovery:discover_packages(colcon_meta) discover
[1.289s] Level 1:colcon.colcon_core.package_discovery:discover_packages(recursive) discover
[1.289s] INFO:colcon.colcon_core.package_discovery:Crawling recursively for packages in '/home/skulikk/robot/src/imu_package'
[1.290s] Level 1:colcon.colcon_core.package_identification:_identify(.) by extensions ['ignore', 'ignore_ament_install']
[1.290s] Level 1:colcon.colcon_core.package_identification:_identify(.) by extension 'ignore'
[1.290s] Level 1:colcon.colcon_core.package_identification:_identify(.) by extension 'ignore_ament_install'
[1.290s] Level 1:colcon.colcon_core.package_identification:_identify(.) by extensions ['colcon_pkg']
[1.290s] Level 1:colcon.colcon_core.package_identification:_identify(.) by extension 'colcon_pkg'
[1.291s] Level 1:colcon.colcon_core.package_identification:_identify(.) by extensions ['colcon_meta']
[1.291s] Level 1:colcon.colcon_core.package_identification:_identify(.) by extension 'colcon_meta'
[1.291s] Level 1:colcon.colcon_core.package_identification:_identify(.) by extensions ['ros']
[1.291s] Level 1:colcon.colcon_core.package_identification:_identify(.) by extension 'ros'
[1.349s] DEBUG:colcon.colcon_core.package_identification:Package '.' with type 'ros.ament_cmake' and name 'imu_package'
[1.350s] Level 1:colcon.colcon_core.package_discovery:discover_packages(recursive) using defaults
[1.350s] Level 1:colcon.colcon_core.package_discovery:discover_packages(ignore) discover
[1.350s] Level 1:colcon.colcon_core.package_discovery:discover_packages(ignore) using defaults
[1.350s] Level 1:colcon.colcon_core.package_discovery:discover_packages(path) discover
[1.350s] Level 1:colcon.colcon_core.package_discovery:discover_packages(path) using defaults
[1.426s] Level 1:colcon.colcon_core.package_discovery:discover_packages(prefix_path) check parameters
[1.426s] Level 1:colcon.colcon_core.package_discovery:discover_packages(prefix_path) discover
[1.444s] DEBUG:colcon.colcon_installed_package_information.package_discovery:Found 224 installed packages in /opt/ros/humble
[1.451s] Level 1:colcon.colcon_core.package_discovery:discover_packages(prefix_path) using defaults
[1.622s] Level 5:colcon.colcon_core.verb:set package 'imu_package' build argument 'cmake_args' from command line to 'None'
[1.622s] Level 5:colcon.colcon_core.verb:set package 'imu_package' build argument 'cmake_target' from command line to 'None'
[1.623s] Level 5:colcon.colcon_core.verb:set package 'imu_package' build argument 'cmake_target_skip_unavailable' from command line to 'False'
[1.623s] Level 5:colcon.colcon_core.verb:set package 'imu_package' build argument 'cmake_clean_cache' from command line to 'False'
[1.623s] Level 5:colcon.colcon_core.verb:set package 'imu_package' build argument 'cmake_clean_first' from command line to 'False'
[1.623s] Level 5:colcon.colcon_core.verb:set package 'imu_package' build argument 'cmake_force_configure' from command line to 'False'
[1.623s] Level 5:colcon.colcon_core.verb:set package 'imu_package' build argument 'ament_cmake_args' from command line to 'None'
[1.623s] Level 5:colcon.colcon_core.verb:set package 'imu_package' build argument 'catkin_cmake_args' from command line to 'None'
[1.623s] Level 5:colcon.colcon_core.verb:set package 'imu_package' build argument 'catkin_skip_building_tests' from command line to 'False'
[1.623s] DEBUG:colcon.colcon_core.verb:Building package 'imu_package' with the following arguments: {'ament_cmake_args': None, 'build_base': '/home/skulikk/robot/src/imu_package/build/imu_package', 'catkin_cmake_args': None, 'catkin_skip_building_tests': False, 'cmake_args': None, 'cmake_clean_cache': False, 'cmake_clean_first': False, 'cmake_force_configure': False, 'cmake_target': None, 'cmake_target_skip_unavailable': False, 'install_base': '/home/skulikk/robot/src/imu_package/install/imu_package', 'merge_install': False, 'path': '/home/skulikk/robot/src/imu_package', 'symlink_install': False, 'test_result_base': None}
[1.624s] INFO:colcon.colcon_core.executor:Executing jobs using 'parallel' executor
[1.627s] DEBUG:colcon.colcon_parallel_executor.executor.parallel:run_until_complete
[1.628s] INFO:colcon.colcon_ros.task.ament_cmake.build:Building ROS package in '/home/skulikk/robot/src/imu_package' with build type 'ament_cmake'
[1.629s] INFO:colcon.colcon_cmake.task.cmake.build:Building CMake package in '/home/skulikk/robot/src/imu_package'
[1.645s] INFO:colcon.colcon_core.plugin_system:Skipping extension 'colcon_core.shell.bat': Not used on non-Windows systems
[1.646s] INFO:colcon.colcon_core.shell:Skip shell extension 'powershell' for command environment: Not usable outside of PowerShell
[1.646s] DEBUG:colcon.colcon_core.shell:Skip shell extension 'dsv' for command environment
[1.678s] DEBUG:colcon.colcon_core.event_handler.log_command:Invoking command in '/home/skulikk/robot/src/imu_package/build/imu_package': CMAKE_PREFIX_PATH=/opt/ros/humble /usr/bin/cmake /home/skulikk/robot/src/imu_package -DCMAKE_INSTALL_PREFIX=/home/skulikk/robot/src/imu_package/install/imu_package
[9.499s] DEBUG:colcon.colcon_core.event_handler.log_command:Invoked command in '/home/skulikk/robot/src/imu_package/build/imu_package' returned '0': CMAKE_PREFIX_PATH=/opt/ros/humble /usr/bin/cmake /home/skulikk/robot/src/imu_package -DCMAKE_INSTALL_PREFIX=/home/skulikk/robot/src/imu_package/install/imu_package
[9.509s] DEBUG:colcon.colcon_core.event_handler.log_command:Invoking command in '/home/skulikk/robot/src/imu_package/build/imu_package': CMAKE_PREFIX_PATH=/opt/ros/humble /usr/bin/cmake --build /home/skulikk/robot/src/imu_package/build/imu_package -- -j4 -l4
[28.821s] DEBUG:colcon.colcon_core.event_handler.log_command:Invoked command in '/home/skulikk/robot/src/imu_package/build/imu_package' returned '0': CMAKE_PREFIX_PATH=/opt/ros/humble /usr/bin/cmake --build /home/skulikk/robot/src/imu_package/build/imu_package -- -j4 -l4
[28.865s] DEBUG:colcon.colcon_core.event_handler.log_command:Invoking command in '/home/skulikk/robot/src/imu_package/build/imu_package': CMAKE_PREFIX_PATH=/opt/ros/humble /usr/bin/cmake --install /home/skulikk/robot/src/imu_package/build/imu_package
[28.938s] Level 1:colcon.colcon_core.environment:create_environment_scripts_only(imu_package)
[28.940s] DEBUG:colcon.colcon_core.event_handler.log_command:Invoked command in '/home/skulikk/robot/src/imu_package/build/imu_package' returned '0': CMAKE_PREFIX_PATH=/opt/ros/humble /usr/bin/cmake --install /home/skulikk/robot/src/imu_package/build/imu_package
[28.961s] Level 1:colcon.colcon_core.environment:checking '/home/skulikk/robot/src/imu_package/install/imu_package' for CMake module files
[28.964s] Level 1:colcon.colcon_core.environment:checking '/home/skulikk/robot/src/imu_package/install/imu_package' for CMake config files
[28.966s] Level 1:colcon.colcon_core.shell:create_environment_hook('imu_package', 'cmake_prefix_path')
[28.967s] INFO:colcon.colcon_core.shell:Creating environment hook '/home/skulikk/robot/src/imu_package/install/imu_package/share/imu_package/hook/cmake_prefix_path.ps1'
[28.970s] INFO:colcon.colcon_core.shell:Creating environment descriptor '/home/skulikk/robot/src/imu_package/install/imu_package/share/imu_package/hook/cmake_prefix_path.dsv'
[28.973s] INFO:colcon.colcon_core.shell:Creating environment hook '/home/skulikk/robot/src/imu_package/install/imu_package/share/imu_package/hook/cmake_prefix_path.sh'
[28.978s] Level 1:colcon.colcon_core.environment:checking '/home/skulikk/robot/src/imu_package/install/imu_package/lib'
[28.978s] Level 1:colcon.colcon_core.environment:checking '/home/skulikk/robot/src/imu_package/install/imu_package/bin'
[28.979s] Level 1:colcon.colcon_core.environment:checking '/home/skulikk/robot/src/imu_package/install/imu_package/lib/pkgconfig/imu_package.pc'
[28.980s] Level 1:colcon.colcon_core.environment:checking '/home/skulikk/robot/src/imu_package/install/imu_package/lib/python3.10/site-packages'
[28.981s] Level 1:colcon.colcon_core.environment:checking '/home/skulikk/robot/src/imu_package/install/imu_package/bin'
[28.982s] INFO:colcon.colcon_core.shell:Creating package script '/home/skulikk/robot/src/imu_package/install/imu_package/share/imu_package/package.ps1'
[28.986s] INFO:colcon.colcon_core.shell:Creating package descriptor '/home/skulikk/robot/src/imu_package/install/imu_package/share/imu_package/package.dsv'
[28.990s] INFO:colcon.colcon_core.shell:Creating package script '/home/skulikk/robot/src/imu_package/install/imu_package/share/imu_package/package.sh'
[28.994s] INFO:colcon.colcon_core.shell:Creating package script '/home/skulikk/robot/src/imu_package/install/imu_package/share/imu_package/package.bash'
[28.998s] INFO:colcon.colcon_core.shell:Creating package script '/home/skulikk/robot/src/imu_package/install/imu_package/share/imu_package/package.zsh'
[29.002s] Level 1:colcon.colcon_core.environment:create_file_with_runtime_dependencies(/home/skulikk/robot/src/imu_package/install/imu_package/share/colcon-core/packages/imu_package)
[29.005s] Level 1:colcon.colcon_core.environment:create_environment_scripts_only(imu_package)
[29.006s] Level 1:colcon.colcon_core.environment:checking '/home/skulikk/robot/src/imu_package/install/imu_package' for CMake module files
[29.008s] Level 1:colcon.colcon_core.environment:checking '/home/skulikk/robot/src/imu_package/install/imu_package' for CMake config files
[29.011s] Level 1:colcon.colcon_core.shell:create_environment_hook('imu_package', 'cmake_prefix_path')
[29.012s] INFO:colcon.colcon_core.shell:Creating environment hook '/home/skulikk/robot/src/imu_package/install/imu_package/share/imu_package/hook/cmake_prefix_path.ps1'
[29.014s] INFO:colcon.colcon_core.shell:Creating environment descriptor '/home/skulikk/robot/src/imu_package/install/imu_package/share/imu_package/hook/cmake_prefix_path.dsv'
[29.016s] INFO:colcon.colcon_core.shell:Creating environment hook '/home/skulikk/robot/src/imu_package/install/imu_package/share/imu_package/hook/cmake_prefix_path.sh'
[29.018s] Level 1:colcon.colcon_core.environment:checking '/home/skulikk/robot/src/imu_package/install/imu_package/lib'
[29.019s] Level 1:colcon.colcon_core.environment:checking '/home/skulikk/robot/src/imu_package/install/imu_package/bin'
[29.019s] Level 1:colcon.colcon_core.environment:checking '/home/skulikk/robot/src/imu_package/install/imu_package/lib/pkgconfig/imu_package.pc'
[29.020s] Level 1:colcon.colcon_core.environment:checking '/home/skulikk/robot/src/imu_package/install/imu_package/lib/python3.10/site-packages'
[29.021s] Level 1:colcon.colcon_core.environment:checking '/home/skulikk/robot/src/imu_package/install/imu_package/bin'
[29.022s] INFO:colcon.colcon_core.shell:Creating package script '/home/skulikk/robot/src/imu_package/install/imu_package/share/imu_package/package.ps1'
[29.024s] INFO:colcon.colcon_core.shell:Creating package descriptor '/home/skulikk/robot/src/imu_package/install/imu_package/share/imu_package/package.dsv'
[29.027s] INFO:colcon.colcon_core.shell:Creating package script '/home/skulikk/robot/src/imu_package/install/imu_package/share/imu_package/package.sh'
[29.029s] INFO:colcon.colcon_core.shell:Creating package script '/home/skulikk/robot/src/imu_package/install/imu_package/share/imu_package/package.bash'
[29.031s] INFO:colcon.colcon_core.shell:Creating package script '/home/skulikk/robot/src/imu_package/install/imu_package/share/imu_package/package.zsh'
[29.033s] Level 1:colcon.colcon_core.environment:create_file_with_runtime_dependencies(/home/skulikk/robot/src/imu_package/install/imu_package/share/colcon-core/packages/imu_package)
[29.034s] DEBUG:colcon.colcon_parallel_executor.executor.parallel:closing loop
[29.035s] DEBUG:colcon.colcon_parallel_executor.executor.parallel:loop closed
[29.036s] DEBUG:colcon.colcon_parallel_executor.executor.parallel:run_until_complete finished with '0'
[29.037s] DEBUG:colcon.colcon_core.event_reactor:joining thread
[29.065s] INFO:colcon.colcon_core.plugin_system:Skipping extension 'colcon_notification.desktop_notification.terminal_notifier': Not used on non-Darwin systems
[29.065s] INFO:colcon.colcon_core.plugin_system:Skipping extension 'colcon_notification.desktop_notification.win32': Not used on non-Windows systems
[29.065s] INFO:colcon.colcon_notification.desktop_notification:Sending desktop notification using 'notify2'
[29.135s] DEBUG:colcon.colcon_core.event_reactor:joined thread
[29.136s] INFO:colcon.colcon_core.shell:Creating prefix script '/home/skulikk/robot/src/imu_package/install/local_setup.ps1'
[29.142s] INFO:colcon.colcon_core.shell:Creating prefix util module '/home/skulikk/robot/src/imu_package/install/_local_setup_util_ps1.py'
[29.151s] INFO:colcon.colcon_core.shell:Creating prefix chain script '/home/skulikk/robot/src/imu_package/install/setup.ps1'
[29.158s] INFO:colcon.colcon_core.shell:Creating prefix script '/home/skulikk/robot/src/imu_package/install/local_setup.sh'
[29.164s] INFO:colcon.colcon_core.shell:Creating prefix util module '/home/skulikk/robot/src/imu_package/install/_local_setup_util_sh.py'
[29.172s] INFO:colcon.colcon_core.shell:Creating prefix chain script '/home/skulikk/robot/src/imu_package/install/setup.sh'
[29.179s] INFO:colcon.colcon_core.shell:Creating prefix script '/home/skulikk/robot/src/imu_package/install/local_setup.bash'
[29.184s] INFO:colcon.colcon_core.shell:Creating prefix chain script '/home/skulikk/robot/src/imu_package/install/setup.bash'
[29.191s] INFO:colcon.colcon_core.shell:Creating prefix script '/home/skulikk/robot/src/imu_package/install/local_setup.zsh'
[29.198s] INFO:colcon.colcon_core.shell:Creating prefix chain script '/home/skulikk/robot/src/imu_package/install/setup.zsh'
