[0.050s] Invoking command in '/home/skulikk/robot/src/build/imu_package': CMAKE_PREFIX_PATH=/opt/ros/humble /usr/bin/cmake /home/skulikk/robot/src/imu_package -DCMAKE_INSTALL_PREFIX=/home/skulikk/robot/src/install/imu_package
[0.329s] -- The C compiler identification is GNU 11.4.0
[0.608s] -- The CXX compiler identification is GNU 11.4.0
[0.640s] -- Detecting C compiler ABI info
[0.976s] -- Detecting C compiler ABI info - done
[1.004s] -- Check for working C compiler: /usr/bin/cc - skipped
[1.006s] -- Detecting C compile features
[1.008s] -- Detecting C compile features - done
[1.021s] -- Detecting CXX compiler ABI info
[1.369s] -- Detecting CXX compiler ABI info - done
[1.395s] -- Check for working CXX compiler: /usr/bin/c++ - skipped
[1.396s] -- Detecting CXX compile features
[1.398s] -- Detecting CXX compile features - done
[1.421s] -- Found ament_cmake: 1.3.11 (/opt/ros/humble/share/ament_cmake/cmake)
[2.118s] -- Found Python3: /usr/bin/python3 (found version "3.10.12") found components: Interpreter 
[3.472s] -- Found rclcpp: 16.0.11 (/opt/ros/humble/share/rclcpp/cmake)
[4.338s] -- Found rosidl_generator_c: 3.1.6 (/opt/ros/humble/share/rosidl_generator_c/cmake)
[4.449s] -- Found rosidl_adapter: 3.1.6 (/opt/ros/humble/share/rosidl_adapter/cmake)
[4.599s] -- Found rosidl_generator_cpp: 3.1.6 (/opt/ros/humble/share/rosidl_generator_cpp/cmake)
[4.726s] -- Using all available rosidl_typesupport_c: rosidl_typesupport_fastrtps_c;rosidl_typesupport_introspection_c
[4.816s] -- Using all available rosidl_typesupport_cpp: rosidl_typesupport_fastrtps_cpp;rosidl_typesupport_introspection_cpp
[5.069s] -- Found rmw_implementation_cmake: 6.1.2 (/opt/ros/humble/share/rmw_implementation_cmake/cmake)
[5.088s] -- Found rmw_fastrtps_cpp: 6.2.7 (/opt/ros/humble/share/rmw_fastrtps_cpp/cmake)
[5.559s] -- Found OpenSSL: /usr/lib/aarch64-linux-gnu/libcrypto.so (found version "3.0.2")  
[5.730s] -- Found FastRTPS: /opt/ros/humble/include  
[6.015s] -- Using RMW implementation 'rmw_fastrtps_cpp' as default
[6.076s] -- Looking for pthread.h
[6.423s] -- Looking for pthread.h - found
[6.425s] -- Performing Test CMAKE_HAVE_LIBC_PTHREAD
[6.774s] -- Performing Test CMAKE_HAVE_LIBC_PTHREAD - Success
[6.779s] -- Found Threads: TRUE  
[7.068s] -- Found ament_lint_auto: 0.12.11 (/opt/ros/humble/share/ament_lint_auto/cmake)
[7.463s] -- Added test 'cppcheck' to perform static code analysis on C / C++ code
[7.464s] -- Configured cppcheck include dirs: $<BUILD_INTERFACE:/home/skulikk/robot/src/imu_package/include>
[7.464s] -- Configured cppcheck exclude dirs and/or files: 
[7.467s] -- Added test 'lint_cmake' to check CMake code style
[7.474s] -- Added test 'uncrustify' to check C / C++ code style
[7.475s] -- Configured uncrustify additional arguments: 
[7.476s] -- Added test 'xmllint' to check XML markup files
[7.481s] -- Configuring done
[7.544s] -- Generating done
[7.562s] -- Build files have been written to: /home/skulikk/robot/src/build/imu_package
[7.594s] Invoked command in '/home/skulikk/robot/src/build/imu_package' returned '0': CMAKE_PREFIX_PATH=/opt/ros/humble /usr/bin/cmake /home/skulikk/robot/src/imu_package -DCMAKE_INSTALL_PREFIX=/home/skulikk/robot/src/install/imu_package
[7.604s] Invoking command in '/home/skulikk/robot/src/build/imu_package': CMAKE_PREFIX_PATH=/opt/ros/humble /usr/bin/cmake --build /home/skulikk/robot/src/build/imu_package -- -j4 -l4
[7.829s] [ 50%] [32mBuilding CXX object CMakeFiles/imu_node.dir/src/imu_node.cpp.o[0m
[9.343s] [01m[K/home/skulikk/robot/src/imu_package/src/imu_node.cpp:17:10:[m[K [01;31m[Kfatal error: [m[Kstd_msgs/msg/string.hpp: No such file or directory
[9.343s]    17 | #include [01;31m[K"std_msgs/msg/string.hpp"[m[K
[9.344s]       |          [01;31m[K^~~~~~~~~~~~~~~~~~~~~~~~~[m[K
[9.344s] compilation terminated.
[9.361s] gmake[2]: *** [CMakeFiles/imu_node.dir/build.make:76: CMakeFiles/imu_node.dir/src/imu_node.cpp.o] Error 1
[9.362s] gmake[1]: *** [CMakeFiles/Makefile2:137: CMakeFiles/imu_node.dir/all] Error 2
[9.368s] gmake: *** [Makefile:146: all] Error 2
[9.371s] Invoked command in '/home/skulikk/robot/src/build/imu_package' returned '2': CMAKE_PREFIX_PATH=/opt/ros/humble /usr/bin/cmake --build /home/skulikk/robot/src/build/imu_package -- -j4 -l4
