[0.048s] Invoking command in '/home/skulikk/robot/build/sensors_pkg': CMAKE_PREFIX_PATH=${CMAKE_PREFIX_PATH}:/opt/ros/humble /usr/bin/cmake --build /home/skulikk/robot/build/sensors_pkg -- -j4 -l4
[0.277s] [  2%] Built target sensors_pkg__cpp
[0.285s] [ 11%] Built target sensors_pkg__rosidl_generator_c
[0.359s] [ 17%] Built target imu_node
[0.393s] [ 17%] Built target ament_cmake_python_symlink_sensors_pkg
[0.565s] [ 25%] Built target sensors_pkg__rosidl_typesupport_cpp
[0.568s] [ 34%] Built target sensors_pkg__rosidl_typesupport_fastrtps_cpp
[0.626s] [ 42%] Built target sensors_pkg__rosidl_typesupport_introspection_c
[0.673s] [ 51%] Built target sensors_pkg__rosidl_typesupport_c
[0.837s] [ 60%] Built target sensors_pkg__rosidl_typesupport_introspection_cpp
[0.895s] [ 68%] Built target sensors_pkg__rosidl_typesupport_fastrtps_c
[1.113s] [ 68%] Built target sensors_pkg
[1.369s] [ 71%] Built target sensors_pkg__py
[1.475s] [ 74%] [32mBuilding CXX object CMakeFiles/encoder_node.dir/src/encoder_node.cpp.o[0m
[1.635s] [ 80%] Built target sensors_pkg__rosidl_generator_py
[1.897s] [ 85%] Built target sensors_pkg__rosidl_typesupport_fastrtps_c__pyext
[1.908s] [ 91%] Built target sensors_pkg__rosidl_typesupport_introspection_c__pyext
[2.161s] [ 97%] Built target sensors_pkg__rosidl_typesupport_c__pyext
[3.364s] running egg_info
[3.374s] writing sensors_pkg.egg-info/PKG-INFO
[3.375s] writing dependency_links to sensors_pkg.egg-info/dependency_links.txt
[3.377s] writing top-level names to sensors_pkg.egg-info/top_level.txt
[3.399s] reading manifest file 'sensors_pkg.egg-info/SOURCES.txt'
[3.419s] writing manifest file 'sensors_pkg.egg-info/SOURCES.txt'
[3.601s] [ 97%] Built target ament_cmake_python_build_sensors_pkg_egg
[19.506s] [100%] [32m[1mLinking CXX executable encoder_node[0m
[20.368s] [100%] Built target encoder_node
[20.411s] Invoked command in '/home/skulikk/robot/build/sensors_pkg' returned '0': CMAKE_PREFIX_PATH=${CMAKE_PREFIX_PATH}:/opt/ros/humble /usr/bin/cmake --build /home/skulikk/robot/build/sensors_pkg -- -j4 -l4
[20.453s] Invoking command in '/home/skulikk/robot/build/sensors_pkg': CMAKE_PREFIX_PATH=${CMAKE_PREFIX_PATH}:/opt/ros/humble /usr/bin/cmake --install /home/skulikk/robot/build/sensors_pkg
[20.485s] -- Install configuration: ""
[20.486s] -- Execute custom install script
[20.487s] -- Up-to-date symlink: /home/skulikk/robot/install/sensors_pkg/share/ament_index/resource_index/rosidl_interfaces/sensors_pkg
[20.490s] -- Up-to-date symlink: /home/skulikk/robot/install/sensors_pkg/include/sensors_pkg/sensors_pkg/msg/detail/encoder_data__functions.h
[20.491s] -- Up-to-date symlink: /home/skulikk/robot/install/sensors_pkg/include/sensors_pkg/sensors_pkg/msg/detail/encoder_data__struct.h
[20.492s] -- Up-to-date symlink: /home/skulikk/robot/install/sensors_pkg/include/sensors_pkg/sensors_pkg/msg/detail/encoder_data__type_support.h
[20.492s] -- Up-to-date symlink: /home/skulikk/robot/install/sensors_pkg/include/sensors_pkg/sensors_pkg/msg/encoder_data.h
[20.493s] -- Up-to-date symlink: /home/skulikk/robot/install/sensors_pkg/include/sensors_pkg/sensors_pkg/msg/rosidl_generator_c__visibility_control.h
[20.494s] -- Up-to-date symlink: /home/skulikk/robot/install/sensors_pkg/share/sensors_pkg/environment/library_path.sh
[20.495s] -- Up-to-date symlink: /home/skulikk/robot/install/sensors_pkg/share/sensors_pkg/environment/library_path.dsv
[20.498s] -- Up-to-date symlink: /home/skulikk/robot/install/sensors_pkg/include/sensors_pkg/sensors_pkg/msg/detail/encoder_data__rosidl_typesupport_fastrtps_c.h
[20.499s] -- Up-to-date symlink: /home/skulikk/robot/install/sensors_pkg/include/sensors_pkg/sensors_pkg/msg/rosidl_typesupport_fastrtps_c__visibility_control.h
[20.501s] -- Up-to-date symlink: /home/skulikk/robot/install/sensors_pkg/include/sensors_pkg/sensors_pkg/msg/detail/encoder_data__builder.hpp
[20.502s] -- Up-to-date symlink: /home/skulikk/robot/install/sensors_pkg/include/sensors_pkg/sensors_pkg/msg/detail/encoder_data__struct.hpp
[20.503s] -- Up-to-date symlink: /home/skulikk/robot/install/sensors_pkg/include/sensors_pkg/sensors_pkg/msg/detail/encoder_data__traits.hpp
[20.504s] -- Up-to-date symlink: /home/skulikk/robot/install/sensors_pkg/include/sensors_pkg/sensors_pkg/msg/detail/encoder_data__type_support.hpp
[20.504s] -- Up-to-date symlink: /home/skulikk/robot/install/sensors_pkg/include/sensors_pkg/sensors_pkg/msg/encoder_data.hpp
[20.505s] -- Up-to-date symlink: /home/skulikk/robot/install/sensors_pkg/include/sensors_pkg/sensors_pkg/msg/rosidl_generator_cpp__visibility_control.hpp
[20.508s] -- Up-to-date symlink: /home/skulikk/robot/install/sensors_pkg/include/sensors_pkg/sensors_pkg/msg/detail/encoder_data__rosidl_typesupport_fastrtps_cpp.hpp
[20.509s] -- Up-to-date symlink: /home/skulikk/robot/install/sensors_pkg/include/sensors_pkg/sensors_pkg/msg/rosidl_typesupport_fastrtps_cpp__visibility_control.h
[20.511s] -- Up-to-date symlink: /home/skulikk/robot/install/sensors_pkg/include/sensors_pkg/sensors_pkg/msg/detail/encoder_data__rosidl_typesupport_introspection_c.h
[20.512s] -- Up-to-date symlink: /home/skulikk/robot/install/sensors_pkg/include/sensors_pkg/sensors_pkg/msg/rosidl_typesupport_introspection_c__visibility_control.h
[20.514s] -- Up-to-date symlink: /home/skulikk/robot/install/sensors_pkg/include/sensors_pkg/sensors_pkg/msg/detail/encoder_data__rosidl_typesupport_introspection_cpp.hpp
[20.515s] -- Up-to-date symlink: /home/skulikk/robot/install/sensors_pkg/share/sensors_pkg/environment/pythonpath.sh
[20.516s] -- Up-to-date symlink: /home/skulikk/robot/install/sensors_pkg/share/sensors_pkg/environment/pythonpath.dsv
[20.518s] -- Up-to-date symlink: /home/skulikk/robot/install/sensors_pkg/local/lib/python3.10/dist-packages/sensors_pkg-0.0.0-py3.10.egg-info/PKG-INFO
[20.518s] -- Up-to-date symlink: /home/skulikk/robot/install/sensors_pkg/local/lib/python3.10/dist-packages/sensors_pkg-0.0.0-py3.10.egg-info/SOURCES.txt
[20.519s] -- Up-to-date symlink: /home/skulikk/robot/install/sensors_pkg/local/lib/python3.10/dist-packages/sensors_pkg-0.0.0-py3.10.egg-info/dependency_links.txt
[20.520s] -- Up-to-date symlink: /home/skulikk/robot/install/sensors_pkg/local/lib/python3.10/dist-packages/sensors_pkg-0.0.0-py3.10.egg-info/top_level.txt
[20.525s] -- Up-to-date symlink: /home/skulikk/robot/install/sensors_pkg/local/lib/python3.10/dist-packages/sensors_pkg/__init__.py
[20.525s] -- Up-to-date symlink: /home/skulikk/robot/install/sensors_pkg/local/lib/python3.10/dist-packages/sensors_pkg/_sensors_pkg_s.ep.rosidl_typesupport_c.c
[20.526s] -- Up-to-date symlink: /home/skulikk/robot/install/sensors_pkg/local/lib/python3.10/dist-packages/sensors_pkg/_sensors_pkg_s.ep.rosidl_typesupport_fastrtps_c.c
[20.527s] -- Up-to-date symlink: /home/skulikk/robot/install/sensors_pkg/local/lib/python3.10/dist-packages/sensors_pkg/_sensors_pkg_s.ep.rosidl_typesupport_introspection_c.c
[20.528s] -- Up-to-date symlink: /home/skulikk/robot/install/sensors_pkg/local/lib/python3.10/dist-packages/sensors_pkg/libsensors_pkg__rosidl_generator_py.so
[20.529s] -- Up-to-date symlink: /home/skulikk/robot/install/sensors_pkg/local/lib/python3.10/dist-packages/sensors_pkg/msg/__init__.py
[20.530s] -- Up-to-date symlink: /home/skulikk/robot/install/sensors_pkg/local/lib/python3.10/dist-packages/sensors_pkg/msg/_encoder_data.py
[20.531s] -- Up-to-date symlink: /home/skulikk/robot/install/sensors_pkg/local/lib/python3.10/dist-packages/sensors_pkg/msg/_encoder_data_s.c
[20.532s] -- Up-to-date symlink: /home/skulikk/robot/install/sensors_pkg/local/lib/python3.10/dist-packages/sensors_pkg/sensors_pkg_s__rosidl_typesupport_c.cpython-310-aarch64-linux-gnu.so
[20.533s] -- Up-to-date symlink: /home/skulikk/robot/install/sensors_pkg/local/lib/python3.10/dist-packages/sensors_pkg/sensors_pkg_s__rosidl_typesupport_fastrtps_c.cpython-310-aarch64-linux-gnu.so
[20.534s] -- Up-to-date symlink: /home/skulikk/robot/install/sensors_pkg/local/lib/python3.10/dist-packages/sensors_pkg/sensors_pkg_s__rosidl_typesupport_introspection_c.cpython-310-aarch64-linux-gnu.so
[20.535s] -- Up-to-date symlink: /home/skulikk/robot/install/sensors_pkg/local/lib/python3.10/dist-packages/sensors_pkg/sensors_pkg_s__rosidl_typesupport_fastrtps_c.cpython-310-aarch64-linux-gnu.so
[20.537s] -- Up-to-date symlink: /home/skulikk/robot/install/sensors_pkg/local/lib/python3.10/dist-packages/sensors_pkg/sensors_pkg_s__rosidl_typesupport_introspection_c.cpython-310-aarch64-linux-gnu.so
[20.538s] -- Up-to-date symlink: /home/skulikk/robot/install/sensors_pkg/local/lib/python3.10/dist-packages/sensors_pkg/sensors_pkg_s__rosidl_typesupport_c.cpython-310-aarch64-linux-gnu.so
[20.539s] -- Up-to-date symlink: /home/skulikk/robot/install/sensors_pkg/share/sensors_pkg/msg/EncoderData.idl
[20.540s] -- Up-to-date symlink: /home/skulikk/robot/install/sensors_pkg/share/sensors_pkg/msg/EncoderData.msg
[20.541s] -- Up-to-date symlink: /home/skulikk/robot/install/sensors_pkg/lib/sensors_pkg/imu_node
[20.542s] -- Up-to-date symlink: /home/skulikk/robot/install/sensors_pkg/lib/sensors_pkg/encoder_node
[20.544s] -- Up-to-date symlink: /home/skulikk/robot/install/sensors_pkg/share/ament_index/resource_index/package_run_dependencies/sensors_pkg
[20.545s] -- Up-to-date symlink: /home/skulikk/robot/install/sensors_pkg/share/ament_index/resource_index/parent_prefix_path/sensors_pkg
[20.546s] -- Up-to-date symlink: /home/skulikk/robot/install/sensors_pkg/share/sensors_pkg/environment/ament_prefix_path.sh
[20.547s] -- Up-to-date symlink: /home/skulikk/robot/install/sensors_pkg/share/sensors_pkg/environment/ament_prefix_path.dsv
[20.547s] -- Up-to-date symlink: /home/skulikk/robot/install/sensors_pkg/share/sensors_pkg/environment/path.sh
[20.548s] -- Up-to-date symlink: /home/skulikk/robot/install/sensors_pkg/share/sensors_pkg/environment/path.dsv
[20.549s] -- Up-to-date symlink: /home/skulikk/robot/install/sensors_pkg/share/sensors_pkg/local_setup.bash
[20.550s] -- Up-to-date symlink: /home/skulikk/robot/install/sensors_pkg/share/sensors_pkg/local_setup.sh
[20.551s] -- Up-to-date symlink: /home/skulikk/robot/install/sensors_pkg/share/sensors_pkg/local_setup.zsh
[20.552s] -- Up-to-date symlink: /home/skulikk/robot/install/sensors_pkg/share/sensors_pkg/local_setup.dsv
[20.552s] -- Symlinking: /home/skulikk/robot/install/sensors_pkg/share/sensors_pkg/package.dsv
[20.585s] -- Up-to-date symlink: /home/skulikk/robot/install/sensors_pkg/share/ament_index/resource_index/packages/sensors_pkg
[20.586s] -- Up-to-date symlink: /home/skulikk/robot/install/sensors_pkg/share/sensors_pkg/cmake/rosidl_cmake-extras.cmake
[20.587s] -- Up-to-date symlink: /home/skulikk/robot/install/sensors_pkg/share/sensors_pkg/cmake/ament_cmake_export_dependencies-extras.cmake
[20.588s] -- Up-to-date symlink: /home/skulikk/robot/install/sensors_pkg/share/sensors_pkg/cmake/ament_cmake_export_include_directories-extras.cmake
[20.589s] -- Up-to-date symlink: /home/skulikk/robot/install/sensors_pkg/share/sensors_pkg/cmake/ament_cmake_export_libraries-extras.cmake
[20.590s] -- Up-to-date symlink: /home/skulikk/robot/install/sensors_pkg/share/sensors_pkg/cmake/ament_cmake_export_targets-extras.cmake
[20.591s] -- Up-to-date symlink: /home/skulikk/robot/install/sensors_pkg/share/sensors_pkg/cmake/rosidl_cmake_export_typesupport_targets-extras.cmake
[20.592s] -- Up-to-date symlink: /home/skulikk/robot/install/sensors_pkg/share/sensors_pkg/cmake/rosidl_cmake_export_typesupport_libraries-extras.cmake
[20.593s] -- Up-to-date symlink: /home/skulikk/robot/install/sensors_pkg/share/sensors_pkg/cmake/sensors_pkgConfig.cmake
[20.594s] -- Up-to-date symlink: /home/skulikk/robot/install/sensors_pkg/share/sensors_pkg/cmake/sensors_pkgConfig-version.cmake
[20.595s] -- Up-to-date symlink: /home/skulikk/robot/install/sensors_pkg/share/sensors_pkg/package.xml
[20.596s] -- Up-to-date: /home/skulikk/robot/install/sensors_pkg/lib/libsensors_pkg__rosidl_generator_c.so
[20.598s] -- Up-to-date: /home/skulikk/robot/install/sensors_pkg/lib/libsensors_pkg__rosidl_typesupport_fastrtps_c.so
[20.600s] -- Up-to-date: /home/skulikk/robot/install/sensors_pkg/lib/libsensors_pkg__rosidl_typesupport_fastrtps_cpp.so
[20.602s] -- Up-to-date: /home/skulikk/robot/install/sensors_pkg/lib/libsensors_pkg__rosidl_typesupport_introspection_c.so
[20.604s] -- Up-to-date: /home/skulikk/robot/install/sensors_pkg/lib/libsensors_pkg__rosidl_typesupport_c.so
[20.606s] -- Up-to-date: /home/skulikk/robot/install/sensors_pkg/lib/libsensors_pkg__rosidl_typesupport_introspection_cpp.so
[20.608s] -- Up-to-date: /home/skulikk/robot/install/sensors_pkg/lib/libsensors_pkg__rosidl_typesupport_cpp.so
[20.747s] Listing '/home/skulikk/robot/install/sensors_pkg/local/lib/python3.10/dist-packages/sensors_pkg'...
[20.748s] Listing '/home/skulikk/robot/install/sensors_pkg/local/lib/python3.10/dist-packages/sensors_pkg/msg'...
[20.769s] -- Up-to-date: /home/skulikk/robot/install/sensors_pkg/lib/libsensors_pkg__rosidl_generator_py.so
[20.771s] -- Up-to-date: /home/skulikk/robot/install/sensors_pkg/share/sensors_pkg/cmake/export_sensors_pkg__rosidl_generator_cExport.cmake
[20.772s] -- Up-to-date: /home/skulikk/robot/install/sensors_pkg/share/sensors_pkg/cmake/export_sensors_pkg__rosidl_generator_cExport-noconfig.cmake
[20.773s] -- Up-to-date: /home/skulikk/robot/install/sensors_pkg/share/sensors_pkg/cmake/export_sensors_pkg__rosidl_typesupport_fastrtps_cExport.cmake
[20.773s] -- Up-to-date: /home/skulikk/robot/install/sensors_pkg/share/sensors_pkg/cmake/export_sensors_pkg__rosidl_typesupport_fastrtps_cExport-noconfig.cmake
[20.774s] -- Up-to-date: /home/skulikk/robot/install/sensors_pkg/share/sensors_pkg/cmake/export_sensors_pkg__rosidl_generator_cppExport.cmake
[20.775s] -- Up-to-date: /home/skulikk/robot/install/sensors_pkg/share/sensors_pkg/cmake/export_sensors_pkg__rosidl_typesupport_fastrtps_cppExport.cmake
[20.775s] -- Up-to-date: /home/skulikk/robot/install/sensors_pkg/share/sensors_pkg/cmake/export_sensors_pkg__rosidl_typesupport_fastrtps_cppExport-noconfig.cmake
[20.776s] -- Up-to-date: /home/skulikk/robot/install/sensors_pkg/share/sensors_pkg/cmake/sensors_pkg__rosidl_typesupport_introspection_cExport.cmake
[20.777s] -- Up-to-date: /home/skulikk/robot/install/sensors_pkg/share/sensors_pkg/cmake/sensors_pkg__rosidl_typesupport_introspection_cExport-noconfig.cmake
[20.777s] -- Up-to-date: /home/skulikk/robot/install/sensors_pkg/share/sensors_pkg/cmake/sensors_pkg__rosidl_typesupport_cExport.cmake
[20.778s] -- Up-to-date: /home/skulikk/robot/install/sensors_pkg/share/sensors_pkg/cmake/sensors_pkg__rosidl_typesupport_cExport-noconfig.cmake
[20.779s] -- Up-to-date: /home/skulikk/robot/install/sensors_pkg/share/sensors_pkg/cmake/sensors_pkg__rosidl_typesupport_introspection_cppExport.cmake
[20.779s] -- Up-to-date: /home/skulikk/robot/install/sensors_pkg/share/sensors_pkg/cmake/sensors_pkg__rosidl_typesupport_introspection_cppExport-noconfig.cmake
[20.780s] -- Up-to-date: /home/skulikk/robot/install/sensors_pkg/share/sensors_pkg/cmake/sensors_pkg__rosidl_typesupport_cppExport.cmake
[20.781s] -- Up-to-date: /home/skulikk/robot/install/sensors_pkg/share/sensors_pkg/cmake/sensors_pkg__rosidl_typesupport_cppExport-noconfig.cmake
[20.781s] -- Up-to-date: /home/skulikk/robot/install/sensors_pkg/share/sensors_pkg/cmake/export_sensors_pkg__rosidl_generator_pyExport.cmake
[20.782s] -- Up-to-date: /home/skulikk/robot/install/sensors_pkg/share/sensors_pkg/cmake/export_sensors_pkg__rosidl_generator_pyExport-noconfig.cmake
[20.789s] Invoked command in '/home/skulikk/robot/build/sensors_pkg' returned '0': CMAKE_PREFIX_PATH=${CMAKE_PREFIX_PATH}:/opt/ros/humble /usr/bin/cmake --install /home/skulikk/robot/build/sensors_pkg
