[0.042s] Invoking command in '/home/skulikk/robot/src/build/imu_package': CMAKE_PREFIX_PATH=/opt/ros/humble /usr/bin/cmake /home/skulikk/robot/src/imu_package -DCMAKE_INSTALL_PREFIX=/home/skulikk/robot/src/install/imu_package
[0.307s] -- The C compiler identification is GNU 11.4.0
[0.596s] -- The CXX compiler identification is GNU 11.4.0
[0.633s] -- Detecting C compiler ABI info
[0.967s] -- Detecting C compiler ABI info - done
[0.995s] -- Check for working C compiler: /usr/bin/cc - skipped
[0.996s] -- Detecting C compile features
[0.999s] -- Detecting C compile features - done
[1.015s] -- Detecting CXX compiler ABI info
[1.885s] -- Detecting CXX compiler ABI info - done
[1.979s] -- Check for working CXX compiler: /usr/bin/c++ - skipped
[1.982s] -- Detecting CXX compile features
[1.986s] -- Detecting CXX compile features - done
[2.056s] -- Found ament_cmake: 1.3.11 (/opt/ros/humble/share/ament_cmake/cmake)
[3.343s] -- Found Python3: /usr/bin/python3 (found version "3.10.12") found components: Interpreter 
[3.850s] -- Found ament_lint_auto: 0.12.11 (/opt/ros/humble/share/ament_lint_auto/cmake)
[4.256s] -- Added test 'cppcheck' to perform static code analysis on C / C++ code
[4.257s] -- Configured cppcheck include dirs: $<BUILD_INTERFACE:/home/skulikk/robot/src/imu_package/include>
[4.258s] -- Configured cppcheck exclude dirs and/or files: 
[4.261s] -- Added test 'lint_cmake' to check CMake code style
[4.269s] -- Added test 'uncrustify' to check C / C++ code style
[4.269s] -- Configured uncrustify additional arguments: 
[4.271s] -- Added test 'xmllint' to check XML markup files
[4.277s] -- Configuring done
[4.305s] -- Generating done
[4.317s] -- Build files have been written to: /home/skulikk/robot/src/build/imu_package
[4.331s] Invoked command in '/home/skulikk/robot/src/build/imu_package' returned '0': CMAKE_PREFIX_PATH=/opt/ros/humble /usr/bin/cmake /home/skulikk/robot/src/imu_package -DCMAKE_INSTALL_PREFIX=/home/skulikk/robot/src/install/imu_package
[4.342s] Invoking command in '/home/skulikk/robot/src/build/imu_package': CMAKE_PREFIX_PATH=/opt/ros/humble /usr/bin/cmake --build /home/skulikk/robot/src/build/imu_package -- -j4 -l4
[4.540s] [ 50%] [32mBuilding CXX object CMakeFiles/imu_node.dir/src/imu_node.cpp.o[0m
[4.771s] [01m[K/home/skulikk/robot/src/imu_package/src/imu_node.cpp:16:10:[m[K [01;31m[Kfatal error: [m[Krclcpp/rclcpp.hpp: No such file or directory
[4.772s]    16 | #include [01;31m[K"rclcpp/rclcpp.hpp"[m[K
[4.772s]       |          [01;31m[K^~~~~~~~~~~~~~~~~~~[m[K
[4.772s] compilation terminated.
[4.781s] gmake[2]: *** [CMakeFiles/imu_node.dir/build.make:76: CMakeFiles/imu_node.dir/src/imu_node.cpp.o] Error 1
[4.783s] gmake[1]: *** [CMakeFiles/Makefile2:137: CMakeFiles/imu_node.dir/all] Error 2
[4.785s] gmake: *** [Makefile:146: all] Error 2
[4.793s] Invoked command in '/home/skulikk/robot/src/build/imu_package' returned '2': CMAKE_PREFIX_PATH=/opt/ros/humble /usr/bin/cmake --build /home/skulikk/robot/src/build/imu_package -- -j4 -l4
