[0.050s] Invoking command in '/home/skulikk/robot/build/sensors_pkg': CMAKE_PREFIX_PATH=${CMAKE_PREFIX_PATH}:/opt/ros/humble /usr/bin/cmake --build /home/skulikk/robot/build/sensors_pkg -- -j4 -l4
[0.493s] [  8%] Built target sensors_pkg__rosidl_generator_c
[0.627s] [ 11%] Built target sensors_pkg__cpp
[0.783s] [ 17%] Built target imu_node
[0.879s] [ 17%] Built target ament_cmake_python_symlink_sensors_pkg
[1.085s] [ 25%] Built target sensors_pkg__rosidl_typesupport_fastrtps_c
[1.189s] [ 34%] Built target sensors_pkg__rosidl_typesupport_introspection_c
[1.302s] [ 42%] Built target sensors_pkg__rosidl_typesupport_c
[1.422s] [ 51%] Built target sensors_pkg__rosidl_typesupport_introspection_cpp
[1.624s] [ 60%] Built target sensors_pkg__rosidl_typesupport_cpp
[1.770s] [ 68%] Built target sensors_pkg__rosidl_typesupport_fastrtps_cpp
[2.048s] [ 68%] Built target sensors_pkg
[2.446s] [ 71%] Built target sensors_pkg__py
[2.572s] [ 77%] Built target encoder_node
[2.801s] [ 82%] Built target sensors_pkg__rosidl_generator_py
[3.314s] [ 88%] Built target sensors_pkg__rosidl_typesupport_c__pyext
[3.369s] [ 94%] Built target sensors_pkg__rosidl_typesupport_fastrtps_c__pyext
[3.373s] [100%] Built target sensors_pkg__rosidl_typesupport_introspection_c__pyext
[5.126s] running egg_info
[5.138s] writing sensors_pkg.egg-info/PKG-INFO
[5.147s] writing dependency_links to sensors_pkg.egg-info/dependency_links.txt
[5.148s] writing top-level names to sensors_pkg.egg-info/top_level.txt
[5.169s] reading manifest file 'sensors_pkg.egg-info/SOURCES.txt'
[5.177s] writing manifest file 'sensors_pkg.egg-info/SOURCES.txt'
[5.456s] [100%] Built target ament_cmake_python_build_sensors_pkg_egg
[5.581s] Invoked command in '/home/skulikk/robot/build/sensors_pkg' returned '0': CMAKE_PREFIX_PATH=${CMAKE_PREFIX_PATH}:/opt/ros/humble /usr/bin/cmake --build /home/skulikk/robot/build/sensors_pkg -- -j4 -l4
[5.693s] Invoking command in '/home/skulikk/robot/build/sensors_pkg': CMAKE_PREFIX_PATH=${CMAKE_PREFIX_PATH}:/opt/ros/humble /usr/bin/cmake --install /home/skulikk/robot/build/sensors_pkg
[5.791s] -- Install configuration: ""
[5.798s] -- Execute custom install script
[5.805s] -- Up-to-date symlink: /home/skulikk/robot/install/sensors_pkg/share/ament_index/resource_index/rosidl_interfaces/sensors_pkg
[5.814s] -- Up-to-date symlink: /home/skulikk/robot/install/sensors_pkg/include/sensors_pkg/sensors_pkg/msg/detail/encoder_data__functions.h
[5.819s] -- Up-to-date symlink: /home/skulikk/robot/install/sensors_pkg/include/sensors_pkg/sensors_pkg/msg/detail/encoder_data__struct.h
[5.824s] -- Up-to-date symlink: /home/skulikk/robot/install/sensors_pkg/include/sensors_pkg/sensors_pkg/msg/detail/encoder_data__type_support.h
[5.829s] -- Up-to-date symlink: /home/skulikk/robot/install/sensors_pkg/include/sensors_pkg/sensors_pkg/msg/encoder_data.h
[5.838s] -- Up-to-date symlink: /home/skulikk/robot/install/sensors_pkg/include/sensors_pkg/sensors_pkg/msg/rosidl_generator_c__visibility_control.h
[5.841s] -- Up-to-date symlink: /home/skulikk/robot/install/sensors_pkg/share/sensors_pkg/environment/library_path.sh
[5.850s] -- Up-to-date symlink: /home/skulikk/robot/install/sensors_pkg/share/sensors_pkg/environment/library_path.dsv
[5.877s] -- Up-to-date symlink: /home/skulikk/robot/install/sensors_pkg/include/sensors_pkg/sensors_pkg/msg/detail/encoder_data__rosidl_typesupport_fastrtps_c.h
[5.879s] -- Up-to-date symlink: /home/skulikk/robot/install/sensors_pkg/include/sensors_pkg/sensors_pkg/msg/rosidl_typesupport_fastrtps_c__visibility_control.h
[5.880s] -- Up-to-date symlink: /home/skulikk/robot/install/sensors_pkg/include/sensors_pkg/sensors_pkg/msg/detail/encoder_data__builder.hpp
[5.882s] -- Up-to-date symlink: /home/skulikk/robot/install/sensors_pkg/include/sensors_pkg/sensors_pkg/msg/detail/encoder_data__struct.hpp
[5.884s] -- Up-to-date symlink: /home/skulikk/robot/install/sensors_pkg/include/sensors_pkg/sensors_pkg/msg/detail/encoder_data__traits.hpp
[5.885s] -- Up-to-date symlink: /home/skulikk/robot/install/sensors_pkg/include/sensors_pkg/sensors_pkg/msg/detail/encoder_data__type_support.hpp
[5.886s] -- Up-to-date symlink: /home/skulikk/robot/install/sensors_pkg/include/sensors_pkg/sensors_pkg/msg/encoder_data.hpp
[5.887s] -- Up-to-date symlink: /home/skulikk/robot/install/sensors_pkg/include/sensors_pkg/sensors_pkg/msg/rosidl_generator_cpp__visibility_control.hpp
[5.902s] -- Up-to-date symlink: /home/skulikk/robot/install/sensors_pkg/include/sensors_pkg/sensors_pkg/msg/detail/encoder_data__rosidl_typesupport_fastrtps_cpp.hpp
[5.907s] -- Up-to-date symlink: /home/skulikk/robot/install/sensors_pkg/include/sensors_pkg/sensors_pkg/msg/rosidl_typesupport_fastrtps_cpp__visibility_control.h
[5.913s] -- Up-to-date symlink: /home/skulikk/robot/install/sensors_pkg/include/sensors_pkg/sensors_pkg/msg/detail/encoder_data__rosidl_typesupport_introspection_c.h
[5.920s] -- Up-to-date symlink: /home/skulikk/robot/install/sensors_pkg/include/sensors_pkg/sensors_pkg/msg/rosidl_typesupport_introspection_c__visibility_control.h
[5.927s] -- Up-to-date symlink: /home/skulikk/robot/install/sensors_pkg/include/sensors_pkg/sensors_pkg/msg/detail/encoder_data__rosidl_typesupport_introspection_cpp.hpp
[5.933s] -- Up-to-date symlink: /home/skulikk/robot/install/sensors_pkg/share/sensors_pkg/environment/pythonpath.sh
[5.936s] -- Up-to-date symlink: /home/skulikk/robot/install/sensors_pkg/share/sensors_pkg/environment/pythonpath.dsv
[5.942s] -- Up-to-date symlink: /home/skulikk/robot/install/sensors_pkg/local/lib/python3.10/dist-packages/sensors_pkg-0.0.0-py3.10.egg-info/PKG-INFO
[5.944s] -- Up-to-date symlink: /home/skulikk/robot/install/sensors_pkg/local/lib/python3.10/dist-packages/sensors_pkg-0.0.0-py3.10.egg-info/SOURCES.txt
[5.955s] -- Up-to-date symlink: /home/skulikk/robot/install/sensors_pkg/local/lib/python3.10/dist-packages/sensors_pkg-0.0.0-py3.10.egg-info/dependency_links.txt
[5.958s] -- Up-to-date symlink: /home/skulikk/robot/install/sensors_pkg/local/lib/python3.10/dist-packages/sensors_pkg-0.0.0-py3.10.egg-info/top_level.txt
[5.975s] -- Up-to-date symlink: /home/skulikk/robot/install/sensors_pkg/local/lib/python3.10/dist-packages/sensors_pkg/__init__.py
[5.978s] -- Up-to-date symlink: /home/skulikk/robot/install/sensors_pkg/local/lib/python3.10/dist-packages/sensors_pkg/_sensors_pkg_s.ep.rosidl_typesupport_c.c
[5.980s] -- Up-to-date symlink: /home/skulikk/robot/install/sensors_pkg/local/lib/python3.10/dist-packages/sensors_pkg/_sensors_pkg_s.ep.rosidl_typesupport_fastrtps_c.c
[5.983s] -- Up-to-date symlink: /home/skulikk/robot/install/sensors_pkg/local/lib/python3.10/dist-packages/sensors_pkg/_sensors_pkg_s.ep.rosidl_typesupport_introspection_c.c
[5.987s] -- Up-to-date symlink: /home/skulikk/robot/install/sensors_pkg/local/lib/python3.10/dist-packages/sensors_pkg/libsensors_pkg__rosidl_generator_py.so
[5.988s] -- Up-to-date symlink: /home/skulikk/robot/install/sensors_pkg/local/lib/python3.10/dist-packages/sensors_pkg/msg/__init__.py
[5.994s] -- Up-to-date symlink: /home/skulikk/robot/install/sensors_pkg/local/lib/python3.10/dist-packages/sensors_pkg/msg/_encoder_data.py
[5.997s] -- Up-to-date symlink: /home/skulikk/robot/install/sensors_pkg/local/lib/python3.10/dist-packages/sensors_pkg/msg/_encoder_data_s.c
[5.999s] -- Up-to-date symlink: /home/skulikk/robot/install/sensors_pkg/local/lib/python3.10/dist-packages/sensors_pkg/sensors_pkg_s__rosidl_typesupport_c.cpython-310-aarch64-linux-gnu.so
[6.002s] -- Up-to-date symlink: /home/skulikk/robot/install/sensors_pkg/local/lib/python3.10/dist-packages/sensors_pkg/sensors_pkg_s__rosidl_typesupport_fastrtps_c.cpython-310-aarch64-linux-gnu.so
[6.004s] -- Up-to-date symlink: /home/skulikk/robot/install/sensors_pkg/local/lib/python3.10/dist-packages/sensors_pkg/sensors_pkg_s__rosidl_typesupport_introspection_c.cpython-310-aarch64-linux-gnu.so
[6.009s] -- Up-to-date symlink: /home/skulikk/robot/install/sensors_pkg/local/lib/python3.10/dist-packages/sensors_pkg/sensors_pkg_s__rosidl_typesupport_fastrtps_c.cpython-310-aarch64-linux-gnu.so
[6.022s] -- Up-to-date symlink: /home/skulikk/robot/install/sensors_pkg/local/lib/python3.10/dist-packages/sensors_pkg/sensors_pkg_s__rosidl_typesupport_introspection_c.cpython-310-aarch64-linux-gnu.so
[6.026s] -- Up-to-date symlink: /home/skulikk/robot/install/sensors_pkg/local/lib/python3.10/dist-packages/sensors_pkg/sensors_pkg_s__rosidl_typesupport_c.cpython-310-aarch64-linux-gnu.so
[6.029s] -- Up-to-date symlink: /home/skulikk/robot/install/sensors_pkg/share/sensors_pkg/msg/EncoderData.idl
[6.031s] -- Up-to-date symlink: /home/skulikk/robot/install/sensors_pkg/share/sensors_pkg/msg/EncoderData.msg
[6.037s] -- Up-to-date symlink: /home/skulikk/robot/install/sensors_pkg/lib/sensors_pkg/imu_node
[6.044s] -- Up-to-date symlink: /home/skulikk/robot/install/sensors_pkg/lib/sensors_pkg/encoder_node
[6.046s] -- Up-to-date symlink: /home/skulikk/robot/install/sensors_pkg/share/ament_index/resource_index/package_run_dependencies/sensors_pkg
[6.050s] -- Up-to-date symlink: /home/skulikk/robot/install/sensors_pkg/share/ament_index/resource_index/parent_prefix_path/sensors_pkg
[6.058s] -- Up-to-date symlink: /home/skulikk/robot/install/sensors_pkg/share/sensors_pkg/environment/ament_prefix_path.sh
[6.059s] -- Up-to-date symlink: /home/skulikk/robot/install/sensors_pkg/share/sensors_pkg/environment/ament_prefix_path.dsv
[6.067s] -- Up-to-date symlink: /home/skulikk/robot/install/sensors_pkg/share/sensors_pkg/environment/path.sh
[6.070s] -- Up-to-date symlink: /home/skulikk/robot/install/sensors_pkg/share/sensors_pkg/environment/path.dsv
[6.072s] -- Up-to-date symlink: /home/skulikk/robot/install/sensors_pkg/share/sensors_pkg/local_setup.bash
[6.075s] -- Up-to-date symlink: /home/skulikk/robot/install/sensors_pkg/share/sensors_pkg/local_setup.sh
[6.080s] -- Up-to-date symlink: /home/skulikk/robot/install/sensors_pkg/share/sensors_pkg/local_setup.zsh
[6.087s] -- Up-to-date symlink: /home/skulikk/robot/install/sensors_pkg/share/sensors_pkg/local_setup.dsv
[6.088s] -- Symlinking: /home/skulikk/robot/install/sensors_pkg/share/sensors_pkg/package.dsv
[6.189s] -- Up-to-date symlink: /home/skulikk/robot/install/sensors_pkg/share/ament_index/resource_index/packages/sensors_pkg
[6.192s] -- Up-to-date symlink: /home/skulikk/robot/install/sensors_pkg/share/sensors_pkg/cmake/rosidl_cmake-extras.cmake
[6.198s] -- Up-to-date symlink: /home/skulikk/robot/install/sensors_pkg/share/sensors_pkg/cmake/ament_cmake_export_dependencies-extras.cmake
[6.201s] -- Up-to-date symlink: /home/skulikk/robot/install/sensors_pkg/share/sensors_pkg/cmake/ament_cmake_export_include_directories-extras.cmake
[6.205s] -- Up-to-date symlink: /home/skulikk/robot/install/sensors_pkg/share/sensors_pkg/cmake/ament_cmake_export_libraries-extras.cmake
[6.208s] -- Up-to-date symlink: /home/skulikk/robot/install/sensors_pkg/share/sensors_pkg/cmake/ament_cmake_export_targets-extras.cmake
[6.212s] -- Up-to-date symlink: /home/skulikk/robot/install/sensors_pkg/share/sensors_pkg/cmake/rosidl_cmake_export_typesupport_targets-extras.cmake
[6.216s] -- Up-to-date symlink: /home/skulikk/robot/install/sensors_pkg/share/sensors_pkg/cmake/rosidl_cmake_export_typesupport_libraries-extras.cmake
[6.220s] -- Up-to-date symlink: /home/skulikk/robot/install/sensors_pkg/share/sensors_pkg/cmake/sensors_pkgConfig.cmake
[6.222s] -- Up-to-date symlink: /home/skulikk/robot/install/sensors_pkg/share/sensors_pkg/cmake/sensors_pkgConfig-version.cmake
[6.225s] -- Up-to-date symlink: /home/skulikk/robot/install/sensors_pkg/share/sensors_pkg/package.xml
[6.230s] -- Up-to-date: /home/skulikk/robot/install/sensors_pkg/lib/libsensors_pkg__rosidl_generator_c.so
[6.236s] -- Up-to-date: /home/skulikk/robot/install/sensors_pkg/lib/libsensors_pkg__rosidl_typesupport_fastrtps_c.so
[6.243s] -- Up-to-date: /home/skulikk/robot/install/sensors_pkg/lib/libsensors_pkg__rosidl_typesupport_fastrtps_cpp.so
[6.249s] -- Up-to-date: /home/skulikk/robot/install/sensors_pkg/lib/libsensors_pkg__rosidl_typesupport_introspection_c.so
[6.255s] -- Up-to-date: /home/skulikk/robot/install/sensors_pkg/lib/libsensors_pkg__rosidl_typesupport_c.so
[6.260s] -- Up-to-date: /home/skulikk/robot/install/sensors_pkg/lib/libsensors_pkg__rosidl_typesupport_introspection_cpp.so
[6.269s] -- Up-to-date: /home/skulikk/robot/install/sensors_pkg/lib/libsensors_pkg__rosidl_typesupport_cpp.so
[6.760s] Listing '/home/skulikk/robot/install/sensors_pkg/local/lib/python3.10/dist-packages/sensors_pkg'...
[6.764s] Listing '/home/skulikk/robot/install/sensors_pkg/local/lib/python3.10/dist-packages/sensors_pkg/msg'...
[6.818s] -- Up-to-date: /home/skulikk/robot/install/sensors_pkg/lib/libsensors_pkg__rosidl_generator_py.so
[6.827s] -- Up-to-date: /home/skulikk/robot/install/sensors_pkg/share/sensors_pkg/cmake/export_sensors_pkg__rosidl_generator_cExport.cmake
[6.829s] -- Up-to-date: /home/skulikk/robot/install/sensors_pkg/share/sensors_pkg/cmake/export_sensors_pkg__rosidl_generator_cExport-noconfig.cmake
[6.831s] -- Up-to-date: /home/skulikk/robot/install/sensors_pkg/share/sensors_pkg/cmake/export_sensors_pkg__rosidl_typesupport_fastrtps_cExport.cmake
[6.833s] -- Up-to-date: /home/skulikk/robot/install/sensors_pkg/share/sensors_pkg/cmake/export_sensors_pkg__rosidl_typesupport_fastrtps_cExport-noconfig.cmake
[6.835s] -- Up-to-date: /home/skulikk/robot/install/sensors_pkg/share/sensors_pkg/cmake/export_sensors_pkg__rosidl_generator_cppExport.cmake
[6.841s] -- Up-to-date: /home/skulikk/robot/install/sensors_pkg/share/sensors_pkg/cmake/export_sensors_pkg__rosidl_typesupport_fastrtps_cppExport.cmake
[6.845s] -- Up-to-date: /home/skulikk/robot/install/sensors_pkg/share/sensors_pkg/cmake/export_sensors_pkg__rosidl_typesupport_fastrtps_cppExport-noconfig.cmake
[6.851s] -- Up-to-date: /home/skulikk/robot/install/sensors_pkg/share/sensors_pkg/cmake/sensors_pkg__rosidl_typesupport_introspection_cExport.cmake
[6.855s] -- Up-to-date: /home/skulikk/robot/install/sensors_pkg/share/sensors_pkg/cmake/sensors_pkg__rosidl_typesupport_introspection_cExport-noconfig.cmake
[6.864s] -- Up-to-date: /home/skulikk/robot/install/sensors_pkg/share/sensors_pkg/cmake/sensors_pkg__rosidl_typesupport_cExport.cmake
[6.869s] -- Up-to-date: /home/skulikk/robot/install/sensors_pkg/share/sensors_pkg/cmake/sensors_pkg__rosidl_typesupport_cExport-noconfig.cmake
[6.871s] -- Up-to-date: /home/skulikk/robot/install/sensors_pkg/share/sensors_pkg/cmake/sensors_pkg__rosidl_typesupport_introspection_cppExport.cmake
[6.873s] -- Up-to-date: /home/skulikk/robot/install/sensors_pkg/share/sensors_pkg/cmake/sensors_pkg__rosidl_typesupport_introspection_cppExport-noconfig.cmake
[6.876s] -- Up-to-date: /home/skulikk/robot/install/sensors_pkg/share/sensors_pkg/cmake/sensors_pkg__rosidl_typesupport_cppExport.cmake
[6.879s] -- Up-to-date: /home/skulikk/robot/install/sensors_pkg/share/sensors_pkg/cmake/sensors_pkg__rosidl_typesupport_cppExport-noconfig.cmake
[6.881s] -- Up-to-date: /home/skulikk/robot/install/sensors_pkg/share/sensors_pkg/cmake/export_sensors_pkg__rosidl_generator_pyExport.cmake
[6.883s] -- Up-to-date: /home/skulikk/robot/install/sensors_pkg/share/sensors_pkg/cmake/export_sensors_pkg__rosidl_generator_pyExport-noconfig.cmake
[6.901s] Invoked command in '/home/skulikk/robot/build/sensors_pkg' returned '0': CMAKE_PREFIX_PATH=${CMAKE_PREFIX_PATH}:/opt/ros/humble /usr/bin/cmake --install /home/skulikk/robot/build/sensors_pkg
