[0.413s] DEBUG:colcon:Command line arguments: ['/usr/bin/colcon', 'build', '--symlink-install']
[0.413s] DEBUG:colcon:Parsed command line arguments: Namespace(log_base=None, log_level=None, verb_name='build', build_base='build', install_base='install', merge_install=False, symlink_install=True, test_result_base=None, continue_on_error=False, executor='parallel', parallel_workers=4, event_handlers=None, ignore_user_meta=False, metas=['./colcon.meta'], base_paths=['.'], packages_ignore=None, packages_ignore_regex=None, paths=None, packages_up_to=None, packages_up_to_regex=None, packages_above=None, packages_above_and_dependencies=None, packages_above_depth=None, packages_select_by_dep=None, packages_skip_by_dep=None, packages_skip_up_to=None, packages_select_build_failed=False, packages_skip_build_finished=False, packages_select_test_failures=False, packages_skip_test_passed=False, packages_select=None, packages_skip=None, packages_select_regex=None, packages_skip_regex=None, packages_start=None, packages_end=None, allow_overriding=[], cmake_args=None, cmake_target=None, cmake_target_skip_unavailable=False, cmake_clean_cache=False, cmake_clean_first=False, cmake_force_configure=False, ament_cmake_args=None, catkin_cmake_args=None, catkin_skip_building_tests=False, verb_parser=<colcon_defaults.argument_parser.defaults.DefaultArgumentsDecorator object at 0xffff8bb3e050>, verb_extension=<colcon_core.verb.build.BuildVerb object at 0xffff8bc4b4c0>, main=<bound method BuildVerb.main of <colcon_core.verb.build.BuildVerb object at 0xffff8bc4b4c0>>)
[2.050s] Level 1:colcon.colcon_core.package_discovery:discover_packages(colcon_meta) check parameters
[2.051s] Level 1:colcon.colcon_core.package_discovery:discover_packages(recursive) check parameters
[2.132s] Level 1:colcon.colcon_core.package_discovery:discover_packages(ignore) check parameters
[2.132s] Level 1:colcon.colcon_core.package_discovery:discover_packages(path) check parameters
[2.133s] Level 1:colcon.colcon_core.package_discovery:discover_packages(colcon_meta) discover
[2.133s] Level 1:colcon.colcon_core.package_discovery:discover_packages(recursive) discover
[2.134s] INFO:colcon.colcon_core.package_discovery:Crawling recursively for packages in '/home/skulikk/robot'
[2.135s] Level 1:colcon.colcon_core.package_identification:_identify(.) by extensions ['ignore', 'ignore_ament_install']
[2.136s] Level 1:colcon.colcon_core.package_identification:_identify(.) by extension 'ignore'
[2.137s] Level 1:colcon.colcon_core.package_identification:_identify(.) by extension 'ignore_ament_install'
[2.139s] Level 1:colcon.colcon_core.package_identification:_identify(.) by extensions ['colcon_pkg']
[2.140s] Level 1:colcon.colcon_core.package_identification:_identify(.) by extension 'colcon_pkg'
[2.140s] Level 1:colcon.colcon_core.package_identification:_identify(.) by extensions ['colcon_meta']
[2.141s] Level 1:colcon.colcon_core.package_identification:_identify(.) by extension 'colcon_meta'
[2.141s] Level 1:colcon.colcon_core.package_identification:_identify(.) by extensions ['ros']
[2.141s] Level 1:colcon.colcon_core.package_identification:_identify(.) by extension 'ros'
[2.263s] Level 1:colcon.colcon_core.package_identification:_identify(.) by extensions ['cmake', 'python']
[2.263s] Level 1:colcon.colcon_core.package_identification:_identify(.) by extension 'cmake'
[2.264s] Level 1:colcon.colcon_core.package_identification:_identify(.) by extension 'python'
[2.264s] Level 1:colcon.colcon_core.package_identification:_identify(.) by extensions ['python_setup_py']
[2.265s] Level 1:colcon.colcon_core.package_identification:_identify(.) by extension 'python_setup_py'
[2.266s] Level 1:colcon.colcon_core.package_identification:_identify(build) by extensions ['ignore', 'ignore_ament_install']
[2.267s] Level 1:colcon.colcon_core.package_identification:_identify(build) by extension 'ignore'
[2.268s] Level 1:colcon.colcon_core.package_identification:_identify(build) ignored
[2.269s] Level 1:colcon.colcon_core.package_identification:_identify(install) by extensions ['ignore', 'ignore_ament_install']
[2.271s] Level 1:colcon.colcon_core.package_identification:_identify(install) by extension 'ignore'
[2.271s] Level 1:colcon.colcon_core.package_identification:_identify(install) ignored
[2.273s] Level 1:colcon.colcon_core.package_identification:_identify(log) by extensions ['ignore', 'ignore_ament_install']
[2.274s] Level 1:colcon.colcon_core.package_identification:_identify(log) by extension 'ignore'
[2.274s] Level 1:colcon.colcon_core.package_identification:_identify(log) ignored
[2.276s] Level 1:colcon.colcon_core.package_identification:_identify(src) by extensions ['ignore', 'ignore_ament_install']
[2.277s] Level 1:colcon.colcon_core.package_identification:_identify(src) by extension 'ignore'
[2.277s] Level 1:colcon.colcon_core.package_identification:_identify(src) by extension 'ignore_ament_install'
[2.278s] Level 1:colcon.colcon_core.package_identification:_identify(src) by extensions ['colcon_pkg']
[2.279s] Level 1:colcon.colcon_core.package_identification:_identify(src) by extension 'colcon_pkg'
[2.279s] Level 1:colcon.colcon_core.package_identification:_identify(src) by extensions ['colcon_meta']
[2.280s] Level 1:colcon.colcon_core.package_identification:_identify(src) by extension 'colcon_meta'
[2.281s] Level 1:colcon.colcon_core.package_identification:_identify(src) by extensions ['ros']
[2.281s] Level 1:colcon.colcon_core.package_identification:_identify(src) by extension 'ros'
[2.282s] Level 1:colcon.colcon_core.package_identification:_identify(src) by extensions ['cmake', 'python']
[2.283s] Level 1:colcon.colcon_core.package_identification:_identify(src) by extension 'cmake'
[2.284s] Level 1:colcon.colcon_core.package_identification:_identify(src) by extension 'python'
[2.284s] Level 1:colcon.colcon_core.package_identification:_identify(src) by extensions ['python_setup_py']
[2.285s] Level 1:colcon.colcon_core.package_identification:_identify(src) by extension 'python_setup_py'
[2.286s] Level 1:colcon.colcon_core.package_identification:_identify(src/build) by extensions ['ignore', 'ignore_ament_install']
[2.287s] Level 1:colcon.colcon_core.package_identification:_identify(src/build) by extension 'ignore'
[2.288s] Level 1:colcon.colcon_core.package_identification:_identify(src/build) ignored
[2.289s] Level 1:colcon.colcon_core.package_identification:_identify(src/control_pkg) by extensions ['ignore', 'ignore_ament_install']
[2.290s] Level 1:colcon.colcon_core.package_identification:_identify(src/control_pkg) by extension 'ignore'
[2.291s] Level 1:colcon.colcon_core.package_identification:_identify(src/control_pkg) by extension 'ignore_ament_install'
[2.292s] Level 1:colcon.colcon_core.package_identification:_identify(src/control_pkg) by extensions ['colcon_pkg']
[2.292s] Level 1:colcon.colcon_core.package_identification:_identify(src/control_pkg) by extension 'colcon_pkg'
[2.293s] Level 1:colcon.colcon_core.package_identification:_identify(src/control_pkg) by extensions ['colcon_meta']
[2.293s] Level 1:colcon.colcon_core.package_identification:_identify(src/control_pkg) by extension 'colcon_meta'
[2.294s] Level 1:colcon.colcon_core.package_identification:_identify(src/control_pkg) by extensions ['ros']
[2.294s] Level 1:colcon.colcon_core.package_identification:_identify(src/control_pkg) by extension 'ros'
[2.327s] DEBUG:colcon.colcon_core.package_identification:Package 'src/control_pkg' with type 'ros.ament_cmake' and name 'control_pkg'
[2.328s] Level 1:colcon.colcon_core.package_identification:_identify(src/install) by extensions ['ignore', 'ignore_ament_install']
[2.329s] Level 1:colcon.colcon_core.package_identification:_identify(src/install) by extension 'ignore'
[2.330s] Level 1:colcon.colcon_core.package_identification:_identify(src/install) ignored
[2.332s] Level 1:colcon.colcon_core.package_identification:_identify(src/log) by extensions ['ignore', 'ignore_ament_install']
[2.333s] Level 1:colcon.colcon_core.package_identification:_identify(src/log) by extension 'ignore'
[2.333s] Level 1:colcon.colcon_core.package_identification:_identify(src/log) ignored
[2.335s] Level 1:colcon.colcon_core.package_identification:_identify(src/sensors_pkg) by extensions ['ignore', 'ignore_ament_install']
[2.336s] Level 1:colcon.colcon_core.package_identification:_identify(src/sensors_pkg) by extension 'ignore'
[2.336s] Level 1:colcon.colcon_core.package_identification:_identify(src/sensors_pkg) by extension 'ignore_ament_install'
[2.337s] Level 1:colcon.colcon_core.package_identification:_identify(src/sensors_pkg) by extensions ['colcon_pkg']
[2.337s] Level 1:colcon.colcon_core.package_identification:_identify(src/sensors_pkg) by extension 'colcon_pkg'
[2.338s] Level 1:colcon.colcon_core.package_identification:_identify(src/sensors_pkg) by extensions ['colcon_meta']
[2.338s] Level 1:colcon.colcon_core.package_identification:_identify(src/sensors_pkg) by extension 'colcon_meta'
[2.339s] Level 1:colcon.colcon_core.package_identification:_identify(src/sensors_pkg) by extensions ['ros']
[2.339s] Level 1:colcon.colcon_core.package_identification:_identify(src/sensors_pkg) by extension 'ros'
[2.346s] DEBUG:colcon.colcon_core.package_identification:Package 'src/sensors_pkg' with type 'ros.ament_cmake' and name 'sensors_pkg'
[2.347s] Level 1:colcon.colcon_core.package_discovery:discover_packages(recursive) using defaults
[2.348s] Level 1:colcon.colcon_core.package_discovery:discover_packages(ignore) discover
[2.348s] Level 1:colcon.colcon_core.package_discovery:discover_packages(ignore) using defaults
[2.348s] Level 1:colcon.colcon_core.package_discovery:discover_packages(path) discover
[2.349s] Level 1:colcon.colcon_core.package_discovery:discover_packages(path) using defaults
[2.549s] Level 1:colcon.colcon_core.package_discovery:discover_packages(prefix_path) check parameters
[2.550s] Level 1:colcon.colcon_core.package_discovery:discover_packages(prefix_path) discover
[2.560s] WARNING:colcon.colcon_ros.prefix_path.ament:The path '/home/skulikk/robot/install/sensors_pkg' in the environment variable AMENT_PREFIX_PATH doesn't exist
[2.561s] WARNING:colcon.colcon_ros.prefix_path.ament:The path '/home/skulikk/robot/install/control_pkg' in the environment variable AMENT_PREFIX_PATH doesn't exist
[2.562s] WARNING:colcon.colcon_ros.prefix_path.catkin:The path '/home/skulikk/robot/install/sensors_pkg' in the environment variable CMAKE_PREFIX_PATH doesn't exist
[2.563s] WARNING:colcon.colcon_ros.prefix_path.catkin:The path '/home/skulikk/robot/install/control_pkg' in the environment variable CMAKE_PREFIX_PATH doesn't exist
[2.572s] DEBUG:colcon.colcon_installed_package_information.package_discovery:Found 0 installed packages in /home/skulikk/robot/install
[2.593s] DEBUG:colcon.colcon_installed_package_information.package_discovery:Found 224 installed packages in /opt/ros/humble
[2.608s] Level 1:colcon.colcon_core.package_discovery:discover_packages(prefix_path) using defaults
[3.038s] Level 5:colcon.colcon_core.verb:set package 'control_pkg' build argument 'cmake_args' from command line to 'None'
[3.039s] Level 5:colcon.colcon_core.verb:set package 'control_pkg' build argument 'cmake_target' from command line to 'None'
[3.039s] Level 5:colcon.colcon_core.verb:set package 'control_pkg' build argument 'cmake_target_skip_unavailable' from command line to 'False'
[3.040s] Level 5:colcon.colcon_core.verb:set package 'control_pkg' build argument 'cmake_clean_cache' from command line to 'False'
[3.040s] Level 5:colcon.colcon_core.verb:set package 'control_pkg' build argument 'cmake_clean_first' from command line to 'False'
[3.040s] Level 5:colcon.colcon_core.verb:set package 'control_pkg' build argument 'cmake_force_configure' from command line to 'False'
[3.040s] Level 5:colcon.colcon_core.verb:set package 'control_pkg' build argument 'ament_cmake_args' from command line to 'None'
[3.041s] Level 5:colcon.colcon_core.verb:set package 'control_pkg' build argument 'catkin_cmake_args' from command line to 'None'
[3.041s] Level 5:colcon.colcon_core.verb:set package 'control_pkg' build argument 'catkin_skip_building_tests' from command line to 'False'
[3.041s] DEBUG:colcon.colcon_core.verb:Building package 'control_pkg' with the following arguments: {'ament_cmake_args': None, 'build_base': '/home/skulikk/robot/build/control_pkg', 'catkin_cmake_args': None, 'catkin_skip_building_tests': False, 'cmake_args': None, 'cmake_clean_cache': False, 'cmake_clean_first': False, 'cmake_force_configure': False, 'cmake_target': None, 'cmake_target_skip_unavailable': False, 'install_base': '/home/skulikk/robot/install/control_pkg', 'merge_install': False, 'path': '/home/skulikk/robot/src/control_pkg', 'symlink_install': True, 'test_result_base': None}
[3.045s] Level 5:colcon.colcon_core.verb:set package 'sensors_pkg' build argument 'cmake_args' from command line to 'None'
[3.046s] Level 5:colcon.colcon_core.verb:set package 'sensors_pkg' build argument 'cmake_target' from command line to 'None'
[3.046s] Level 5:colcon.colcon_core.verb:set package 'sensors_pkg' build argument 'cmake_target_skip_unavailable' from command line to 'False'
[3.046s] Level 5:colcon.colcon_core.verb:set package 'sensors_pkg' build argument 'cmake_clean_cache' from command line to 'False'
[3.047s] Level 5:colcon.colcon_core.verb:set package 'sensors_pkg' build argument 'cmake_clean_first' from command line to 'False'
[3.047s] Level 5:colcon.colcon_core.verb:set package 'sensors_pkg' build argument 'cmake_force_configure' from command line to 'False'
[3.047s] Level 5:colcon.colcon_core.verb:set package 'sensors_pkg' build argument 'ament_cmake_args' from command line to 'None'
[3.048s] Level 5:colcon.colcon_core.verb:set package 'sensors_pkg' build argument 'catkin_cmake_args' from command line to 'None'
[3.048s] Level 5:colcon.colcon_core.verb:set package 'sensors_pkg' build argument 'catkin_skip_building_tests' from command line to 'False'
[3.048s] DEBUG:colcon.colcon_core.verb:Building package 'sensors_pkg' with the following arguments: {'ament_cmake_args': None, 'build_base': '/home/skulikk/robot/build/sensors_pkg', 'catkin_cmake_args': None, 'catkin_skip_building_tests': False, 'cmake_args': None, 'cmake_clean_cache': False, 'cmake_clean_first': False, 'cmake_force_configure': False, 'cmake_target': None, 'cmake_target_skip_unavailable': False, 'install_base': '/home/skulikk/robot/install/sensors_pkg', 'merge_install': False, 'path': '/home/skulikk/robot/src/sensors_pkg', 'symlink_install': True, 'test_result_base': None}
[3.050s] INFO:colcon.colcon_core.executor:Executing jobs using 'parallel' executor
[3.057s] DEBUG:colcon.colcon_parallel_executor.executor.parallel:run_until_complete
[3.058s] INFO:colcon.colcon_ros.task.ament_cmake.build:Building ROS package in '/home/skulikk/robot/src/control_pkg' with build type 'ament_cmake'
[3.060s] INFO:colcon.colcon_cmake.task.cmake.build:Building CMake package in '/home/skulikk/robot/src/control_pkg'
[3.077s] INFO:colcon.colcon_core.plugin_system:Skipping extension 'colcon_core.shell.bat': Not used on non-Windows systems
[3.078s] INFO:colcon.colcon_core.shell:Skip shell extension 'powershell' for command environment: Not usable outside of PowerShell
[3.078s] DEBUG:colcon.colcon_core.shell:Skip shell extension 'dsv' for command environment
[3.094s] INFO:colcon.colcon_ros.task.ament_cmake.build:Building ROS package in '/home/skulikk/robot/src/sensors_pkg' with build type 'ament_cmake'
[3.094s] INFO:colcon.colcon_cmake.task.cmake.build:Building CMake package in '/home/skulikk/robot/src/sensors_pkg'
[3.096s] INFO:colcon.colcon_core.shell:Skip shell extension 'powershell' for command environment: Not usable outside of PowerShell
[3.096s] DEBUG:colcon.colcon_core.shell:Skip shell extension 'dsv' for command environment
[3.123s] DEBUG:colcon.colcon_core.event_handler.log_command:Invoking command in '/home/skulikk/robot/build/control_pkg': CMAKE_PREFIX_PATH=${CMAKE_PREFIX_PATH}:/opt/ros/humble /usr/bin/cmake /home/skulikk/robot/src/control_pkg -DAMENT_CMAKE_SYMLINK_INSTALL=1 -DCMAKE_INSTALL_PREFIX=/home/skulikk/robot/install/control_pkg
[3.149s] DEBUG:colcon.colcon_core.event_handler.log_command:Invoking command in '/home/skulikk/robot/build/sensors_pkg': CMAKE_PREFIX_PATH=${CMAKE_PREFIX_PATH}:/opt/ros/humble /usr/bin/cmake /home/skulikk/robot/src/sensors_pkg -DAMENT_CMAKE_SYMLINK_INSTALL=1 -DCMAKE_INSTALL_PREFIX=/home/skulikk/robot/install/sensors_pkg
[21.613s] DEBUG:colcon.colcon_core.event_handler.log_command:Invoked command in '/home/skulikk/robot/build/control_pkg' returned '0': CMAKE_PREFIX_PATH=${CMAKE_PREFIX_PATH}:/opt/ros/humble /usr/bin/cmake /home/skulikk/robot/src/control_pkg -DAMENT_CMAKE_SYMLINK_INSTALL=1 -DCMAKE_INSTALL_PREFIX=/home/skulikk/robot/install/control_pkg
[21.620s] DEBUG:colcon.colcon_core.event_handler.log_command:Invoking command in '/home/skulikk/robot/build/control_pkg': CMAKE_PREFIX_PATH=${CMAKE_PREFIX_PATH}:/opt/ros/humble /usr/bin/cmake --build /home/skulikk/robot/build/control_pkg -- -j4 -l4
[35.025s] DEBUG:colcon.colcon_core.event_handler.log_command:Invoked command in '/home/skulikk/robot/build/sensors_pkg' returned '0': CMAKE_PREFIX_PATH=${CMAKE_PREFIX_PATH}:/opt/ros/humble /usr/bin/cmake /home/skulikk/robot/src/sensors_pkg -DAMENT_CMAKE_SYMLINK_INSTALL=1 -DCMAKE_INSTALL_PREFIX=/home/skulikk/robot/install/sensors_pkg
[35.050s] DEBUG:colcon.colcon_core.event_handler.log_command:Invoking command in '/home/skulikk/robot/build/sensors_pkg': CMAKE_PREFIX_PATH=${CMAKE_PREFIX_PATH}:/opt/ros/humble /usr/bin/cmake --build /home/skulikk/robot/build/sensors_pkg -- -j4 -l4
[128.496s] DEBUG:colcon.colcon_core.event_handler.log_command:Invoked command in '/home/skulikk/robot/build/control_pkg' returned '0': CMAKE_PREFIX_PATH=${CMAKE_PREFIX_PATH}:/opt/ros/humble /usr/bin/cmake --build /home/skulikk/robot/build/control_pkg -- -j4 -l4
[128.541s] DEBUG:colcon.colcon_core.event_handler.log_command:Invoking command in '/home/skulikk/robot/build/control_pkg': CMAKE_PREFIX_PATH=${CMAKE_PREFIX_PATH}:/opt/ros/humble /usr/bin/cmake --install /home/skulikk/robot/build/control_pkg
[129.759s] Level 1:colcon.colcon_core.environment:create_environment_scripts_only(control_pkg)
[129.765s] DEBUG:colcon.colcon_core.event_handler.log_command:Invoked command in '/home/skulikk/robot/build/control_pkg' returned '0': CMAKE_PREFIX_PATH=${CMAKE_PREFIX_PATH}:/opt/ros/humble /usr/bin/cmake --install /home/skulikk/robot/build/control_pkg
[129.853s] Level 1:colcon.colcon_core.environment:checking '/home/skulikk/robot/install/control_pkg' for CMake module files
[129.865s] Level 1:colcon.colcon_core.environment:checking '/home/skulikk/robot/install/control_pkg' for CMake config files
[129.877s] Level 1:colcon.colcon_core.shell:create_environment_hook('control_pkg', 'cmake_prefix_path')
[129.880s] INFO:colcon.colcon_core.shell:Creating environment hook '/home/skulikk/robot/install/control_pkg/share/control_pkg/hook/cmake_prefix_path.ps1'
[129.892s] INFO:colcon.colcon_core.shell:Creating environment descriptor '/home/skulikk/robot/install/control_pkg/share/control_pkg/hook/cmake_prefix_path.dsv'
[129.900s] INFO:colcon.colcon_core.shell:Creating environment hook '/home/skulikk/robot/install/control_pkg/share/control_pkg/hook/cmake_prefix_path.sh'
[129.912s] Level 1:colcon.colcon_core.environment:checking '/home/skulikk/robot/install/control_pkg/lib'
[129.914s] Level 1:colcon.colcon_core.environment:checking '/home/skulikk/robot/install/control_pkg/bin'
[129.916s] Level 1:colcon.colcon_core.environment:checking '/home/skulikk/robot/install/control_pkg/lib/pkgconfig/control_pkg.pc'
[129.920s] Level 1:colcon.colcon_core.environment:checking '/home/skulikk/robot/install/control_pkg/lib/python3.10/site-packages'
[129.924s] Level 1:colcon.colcon_core.environment:checking '/home/skulikk/robot/install/control_pkg/bin'
[129.928s] INFO:colcon.colcon_core.shell:Creating package script '/home/skulikk/robot/install/control_pkg/share/control_pkg/package.ps1'
[129.942s] INFO:colcon.colcon_core.shell:Creating package descriptor '/home/skulikk/robot/install/control_pkg/share/control_pkg/package.dsv'
[129.952s] INFO:colcon.colcon_core.shell:Creating package script '/home/skulikk/robot/install/control_pkg/share/control_pkg/package.sh'
[129.962s] INFO:colcon.colcon_core.shell:Creating package script '/home/skulikk/robot/install/control_pkg/share/control_pkg/package.bash'
[129.976s] INFO:colcon.colcon_core.shell:Creating package script '/home/skulikk/robot/install/control_pkg/share/control_pkg/package.zsh'
[129.987s] Level 1:colcon.colcon_core.environment:create_file_with_runtime_dependencies(/home/skulikk/robot/install/control_pkg/share/colcon-core/packages/control_pkg)
[129.997s] Level 1:colcon.colcon_core.environment:create_environment_scripts_only(control_pkg)
[130.000s] Level 1:colcon.colcon_core.environment:checking '/home/skulikk/robot/install/control_pkg' for CMake module files
[130.009s] Level 1:colcon.colcon_core.environment:checking '/home/skulikk/robot/install/control_pkg' for CMake config files
[130.018s] Level 1:colcon.colcon_core.shell:create_environment_hook('control_pkg', 'cmake_prefix_path')
[130.021s] INFO:colcon.colcon_core.shell:Creating environment hook '/home/skulikk/robot/install/control_pkg/share/control_pkg/hook/cmake_prefix_path.ps1'
[130.029s] INFO:colcon.colcon_core.shell:Creating environment descriptor '/home/skulikk/robot/install/control_pkg/share/control_pkg/hook/cmake_prefix_path.dsv'
[130.035s] INFO:colcon.colcon_core.shell:Creating environment hook '/home/skulikk/robot/install/control_pkg/share/control_pkg/hook/cmake_prefix_path.sh'
[130.045s] Level 1:colcon.colcon_core.environment:checking '/home/skulikk/robot/install/control_pkg/lib'
[130.047s] Level 1:colcon.colcon_core.environment:checking '/home/skulikk/robot/install/control_pkg/bin'
[130.048s] Level 1:colcon.colcon_core.environment:checking '/home/skulikk/robot/install/control_pkg/lib/pkgconfig/control_pkg.pc'
[130.052s] Level 1:colcon.colcon_core.environment:checking '/home/skulikk/robot/install/control_pkg/lib/python3.10/site-packages'
[130.055s] Level 1:colcon.colcon_core.environment:checking '/home/skulikk/robot/install/control_pkg/bin'
[130.058s] INFO:colcon.colcon_core.shell:Creating package script '/home/skulikk/robot/install/control_pkg/share/control_pkg/package.ps1'
[130.065s] INFO:colcon.colcon_core.shell:Creating package descriptor '/home/skulikk/robot/install/control_pkg/share/control_pkg/package.dsv'
[130.083s] INFO:colcon.colcon_core.shell:Creating package script '/home/skulikk/robot/install/control_pkg/share/control_pkg/package.sh'
[130.092s] INFO:colcon.colcon_core.shell:Creating package script '/home/skulikk/robot/install/control_pkg/share/control_pkg/package.bash'
[130.101s] INFO:colcon.colcon_core.shell:Creating package script '/home/skulikk/robot/install/control_pkg/share/control_pkg/package.zsh'
[130.108s] Level 1:colcon.colcon_core.environment:create_file_with_runtime_dependencies(/home/skulikk/robot/install/control_pkg/share/colcon-core/packages/control_pkg)
[152.453s] DEBUG:colcon.colcon_core.event_handler.log_command:Invoked command in '/home/skulikk/robot/build/sensors_pkg' returned '0': CMAKE_PREFIX_PATH=${CMAKE_PREFIX_PATH}:/opt/ros/humble /usr/bin/cmake --build /home/skulikk/robot/build/sensors_pkg -- -j4 -l4
[152.470s] DEBUG:colcon.colcon_core.event_handler.log_command:Invoking command in '/home/skulikk/robot/build/sensors_pkg': CMAKE_PREFIX_PATH=${CMAKE_PREFIX_PATH}:/opt/ros/humble /usr/bin/cmake --install /home/skulikk/robot/build/sensors_pkg
[156.424s] Level 1:colcon.colcon_core.environment:create_environment_scripts_only(sensors_pkg)
[156.427s] Level 1:colcon.colcon_core.environment:checking '/home/skulikk/robot/install/sensors_pkg' for CMake module files
[156.432s] DEBUG:colcon.colcon_core.event_handler.log_command:Invoked command in '/home/skulikk/robot/build/sensors_pkg' returned '0': CMAKE_PREFIX_PATH=${CMAKE_PREFIX_PATH}:/opt/ros/humble /usr/bin/cmake --install /home/skulikk/robot/build/sensors_pkg
[156.443s] Level 1:colcon.colcon_core.environment:checking '/home/skulikk/robot/install/sensors_pkg' for CMake config files
[156.466s] Level 1:colcon.colcon_core.shell:create_environment_hook('sensors_pkg', 'cmake_prefix_path')
[156.468s] INFO:colcon.colcon_core.shell:Creating environment hook '/home/skulikk/robot/install/sensors_pkg/share/sensors_pkg/hook/cmake_prefix_path.ps1'
[156.473s] INFO:colcon.colcon_core.shell:Creating environment descriptor '/home/skulikk/robot/install/sensors_pkg/share/sensors_pkg/hook/cmake_prefix_path.dsv'
[156.476s] INFO:colcon.colcon_core.shell:Creating environment hook '/home/skulikk/robot/install/sensors_pkg/share/sensors_pkg/hook/cmake_prefix_path.sh'
[156.482s] Level 1:colcon.colcon_core.environment:checking '/home/skulikk/robot/install/sensors_pkg/lib'
[156.483s] Level 1:colcon.colcon_core.shell:create_environment_hook('sensors_pkg', 'ld_library_path_lib')
[156.485s] INFO:colcon.colcon_core.shell:Creating environment hook '/home/skulikk/robot/install/sensors_pkg/share/sensors_pkg/hook/ld_library_path_lib.ps1'
[156.489s] INFO:colcon.colcon_core.shell:Creating environment descriptor '/home/skulikk/robot/install/sensors_pkg/share/sensors_pkg/hook/ld_library_path_lib.dsv'
[156.493s] INFO:colcon.colcon_core.shell:Creating environment hook '/home/skulikk/robot/install/sensors_pkg/share/sensors_pkg/hook/ld_library_path_lib.sh'
[156.497s] Level 1:colcon.colcon_core.environment:checking '/home/skulikk/robot/install/sensors_pkg/bin'
[156.498s] Level 1:colcon.colcon_core.environment:checking '/home/skulikk/robot/install/sensors_pkg/lib/pkgconfig/sensors_pkg.pc'
[156.501s] Level 1:colcon.colcon_core.environment:checking '/home/skulikk/robot/install/sensors_pkg/lib/python3.10/site-packages'
[156.503s] Level 1:colcon.colcon_core.environment:checking '/home/skulikk/robot/install/sensors_pkg/bin'
[156.506s] INFO:colcon.colcon_core.shell:Creating package script '/home/skulikk/robot/install/sensors_pkg/share/sensors_pkg/package.ps1'
[156.511s] INFO:colcon.colcon_core.shell:Creating package descriptor '/home/skulikk/robot/install/sensors_pkg/share/sensors_pkg/package.dsv'
[156.517s] INFO:colcon.colcon_core.shell:Creating package script '/home/skulikk/robot/install/sensors_pkg/share/sensors_pkg/package.sh'
[156.522s] INFO:colcon.colcon_core.shell:Creating package script '/home/skulikk/robot/install/sensors_pkg/share/sensors_pkg/package.bash'
[156.527s] INFO:colcon.colcon_core.shell:Creating package script '/home/skulikk/robot/install/sensors_pkg/share/sensors_pkg/package.zsh'
[156.531s] Level 1:colcon.colcon_core.environment:create_file_with_runtime_dependencies(/home/skulikk/robot/install/sensors_pkg/share/colcon-core/packages/sensors_pkg)
[156.538s] Level 1:colcon.colcon_core.environment:create_environment_scripts_only(sensors_pkg)
[156.540s] Level 1:colcon.colcon_core.environment:checking '/home/skulikk/robot/install/sensors_pkg' for CMake module files
[156.553s] Level 1:colcon.colcon_core.environment:checking '/home/skulikk/robot/install/sensors_pkg' for CMake config files
[156.574s] Level 1:colcon.colcon_core.shell:create_environment_hook('sensors_pkg', 'cmake_prefix_path')
[156.576s] INFO:colcon.colcon_core.shell:Creating environment hook '/home/skulikk/robot/install/sensors_pkg/share/sensors_pkg/hook/cmake_prefix_path.ps1'
[156.581s] INFO:colcon.colcon_core.shell:Creating environment descriptor '/home/skulikk/robot/install/sensors_pkg/share/sensors_pkg/hook/cmake_prefix_path.dsv'
[156.585s] INFO:colcon.colcon_core.shell:Creating environment hook '/home/skulikk/robot/install/sensors_pkg/share/sensors_pkg/hook/cmake_prefix_path.sh'
[156.593s] Level 1:colcon.colcon_core.environment:checking '/home/skulikk/robot/install/sensors_pkg/lib'
[156.594s] Level 1:colcon.colcon_core.shell:create_environment_hook('sensors_pkg', 'ld_library_path_lib')
[156.597s] INFO:colcon.colcon_core.shell:Creating environment hook '/home/skulikk/robot/install/sensors_pkg/share/sensors_pkg/hook/ld_library_path_lib.ps1'
[156.602s] INFO:colcon.colcon_core.shell:Creating environment descriptor '/home/skulikk/robot/install/sensors_pkg/share/sensors_pkg/hook/ld_library_path_lib.dsv'
[156.607s] INFO:colcon.colcon_core.shell:Creating environment hook '/home/skulikk/robot/install/sensors_pkg/share/sensors_pkg/hook/ld_library_path_lib.sh'
[156.612s] Level 1:colcon.colcon_core.environment:checking '/home/skulikk/robot/install/sensors_pkg/bin'
[156.613s] Level 1:colcon.colcon_core.environment:checking '/home/skulikk/robot/install/sensors_pkg/lib/pkgconfig/sensors_pkg.pc'
[156.616s] Level 1:colcon.colcon_core.environment:checking '/home/skulikk/robot/install/sensors_pkg/lib/python3.10/site-packages'
[156.619s] Level 1:colcon.colcon_core.environment:checking '/home/skulikk/robot/install/sensors_pkg/bin'
[156.624s] INFO:colcon.colcon_core.shell:Creating package script '/home/skulikk/robot/install/sensors_pkg/share/sensors_pkg/package.ps1'
[156.631s] INFO:colcon.colcon_core.shell:Creating package descriptor '/home/skulikk/robot/install/sensors_pkg/share/sensors_pkg/package.dsv'
[156.638s] INFO:colcon.colcon_core.shell:Creating package script '/home/skulikk/robot/install/sensors_pkg/share/sensors_pkg/package.sh'
[156.644s] INFO:colcon.colcon_core.shell:Creating package script '/home/skulikk/robot/install/sensors_pkg/share/sensors_pkg/package.bash'
[156.651s] INFO:colcon.colcon_core.shell:Creating package script '/home/skulikk/robot/install/sensors_pkg/share/sensors_pkg/package.zsh'
[156.657s] Level 1:colcon.colcon_core.environment:create_file_with_runtime_dependencies(/home/skulikk/robot/install/sensors_pkg/share/colcon-core/packages/sensors_pkg)
[156.661s] DEBUG:colcon.colcon_parallel_executor.executor.parallel:closing loop
[156.664s] DEBUG:colcon.colcon_parallel_executor.executor.parallel:loop closed
[156.666s] DEBUG:colcon.colcon_parallel_executor.executor.parallel:run_until_complete finished with '0'
[156.667s] DEBUG:colcon.colcon_core.event_reactor:joining thread
[156.754s] INFO:colcon.colcon_core.plugin_system:Skipping extension 'colcon_notification.desktop_notification.terminal_notifier': Not used on non-Darwin systems
[156.755s] INFO:colcon.colcon_core.plugin_system:Skipping extension 'colcon_notification.desktop_notification.win32': Not used on non-Windows systems
[156.756s] INFO:colcon.colcon_notification.desktop_notification:Sending desktop notification using 'notify2'
[156.969s] DEBUG:colcon.colcon_core.event_reactor:joined thread
[156.971s] INFO:colcon.colcon_core.shell:Creating prefix script '/home/skulikk/robot/install/local_setup.ps1'
[156.977s] INFO:colcon.colcon_core.shell:Creating prefix util module '/home/skulikk/robot/install/_local_setup_util_ps1.py'
[156.984s] INFO:colcon.colcon_core.shell:Creating prefix chain script '/home/skulikk/robot/install/setup.ps1'
[156.990s] INFO:colcon.colcon_core.shell:Creating prefix script '/home/skulikk/robot/install/local_setup.sh'
[156.994s] INFO:colcon.colcon_core.shell:Creating prefix util module '/home/skulikk/robot/install/_local_setup_util_sh.py'
[156.997s] INFO:colcon.colcon_core.shell:Creating prefix chain script '/home/skulikk/robot/install/setup.sh'
[157.004s] INFO:colcon.colcon_core.shell:Creating prefix script '/home/skulikk/robot/install/local_setup.bash'
[157.007s] INFO:colcon.colcon_core.shell:Creating prefix chain script '/home/skulikk/robot/install/setup.bash'
[157.013s] INFO:colcon.colcon_core.shell:Creating prefix script '/home/skulikk/robot/install/local_setup.zsh'
[157.017s] INFO:colcon.colcon_core.shell:Creating prefix chain script '/home/skulikk/robot/install/setup.zsh'
