[0.073s] Invoking command in '/home/skulikk/robot/build/control_pkg': CMAKE_PREFIX_PATH=/home/skulikk/robot/install/sensors_pkg:/home/skulikk/robot/install/control_pkg:/opt/ros/humble /usr/bin/cmake --build /home/skulikk/robot/build/control_pkg -- -j4 -l4
[0.770s] [35m[1mConsolidate compiler generated dependencies of target motor_controller_node[0m
[1.037s] [ 50%] [32mBuilding CXX object CMakeFiles/motor_controller_node.dir/src/motor_controller_node.cpp.o[0m
[88.535s] [100%] [32m[1mLinking CXX executable motor_controller_node[0m
[92.022s] [100%] Built target motor_controller_node
[92.069s] Invoked command in '/home/skulikk/robot/build/control_pkg' returned '0': CMAKE_PREFIX_PATH=/home/skulikk/robot/install/sensors_pkg:/home/skulikk/robot/install/control_pkg:/opt/ros/humble /usr/bin/cmake --build /home/skulikk/robot/build/control_pkg -- -j4 -l4
[92.079s] Invoking command in '/home/skulikk/robot/build/control_pkg': CMAKE_PREFIX_PATH=/home/skulikk/robot/install/sensors_pkg:/home/skulikk/robot/install/control_pkg:/opt/ros/humble /usr/bin/cmake --install /home/skulikk/robot/build/control_pkg
[92.112s] -- Install configuration: ""
[92.123s] -- Execute custom install script
[92.128s] -- Up-to-date symlink: /home/skulikk/robot/install/control_pkg/lib/control_pkg/motor_controller_node
[92.131s] -- Up-to-date symlink: /home/skulikk/robot/install/control_pkg/share/ament_index/resource_index/package_run_dependencies/control_pkg
[92.135s] -- Up-to-date symlink: /home/skulikk/robot/install/control_pkg/share/ament_index/resource_index/parent_prefix_path/control_pkg
[92.137s] -- Up-to-date symlink: /home/skulikk/robot/install/control_pkg/share/control_pkg/environment/ament_prefix_path.sh
[92.140s] -- Up-to-date symlink: /home/skulikk/robot/install/control_pkg/share/control_pkg/environment/ament_prefix_path.dsv
[92.142s] -- Up-to-date symlink: /home/skulikk/robot/install/control_pkg/share/control_pkg/environment/path.sh
[92.145s] -- Up-to-date symlink: /home/skulikk/robot/install/control_pkg/share/control_pkg/environment/path.dsv
[92.149s] -- Up-to-date symlink: /home/skulikk/robot/install/control_pkg/share/control_pkg/local_setup.bash
[92.152s] -- Up-to-date symlink: /home/skulikk/robot/install/control_pkg/share/control_pkg/local_setup.sh
[92.156s] -- Up-to-date symlink: /home/skulikk/robot/install/control_pkg/share/control_pkg/local_setup.zsh
[92.160s] -- Up-to-date symlink: /home/skulikk/robot/install/control_pkg/share/control_pkg/local_setup.dsv
[92.161s] -- Symlinking: /home/skulikk/robot/install/control_pkg/share/control_pkg/package.dsv
[92.249s] -- Up-to-date symlink: /home/skulikk/robot/install/control_pkg/share/ament_index/resource_index/packages/control_pkg
[92.252s] -- Up-to-date symlink: /home/skulikk/robot/install/control_pkg/share/control_pkg/cmake/control_pkgConfig.cmake
[92.255s] -- Up-to-date symlink: /home/skulikk/robot/install/control_pkg/share/control_pkg/cmake/control_pkgConfig-version.cmake
[92.258s] -- Up-to-date symlink: /home/skulikk/robot/install/control_pkg/share/control_pkg/package.xml
[92.275s] Invoked command in '/home/skulikk/robot/build/control_pkg' returned '0': CMAKE_PREFIX_PATH=/home/skulikk/robot/install/sensors_pkg:/home/skulikk/robot/install/control_pkg:/opt/ros/humble /usr/bin/cmake --install /home/skulikk/robot/build/control_pkg
