[0.120s] Invoking command in '/home/skulikk/robot/src/build/imu_package': CMAKE_PREFIX_PATH=/opt/ros/humble /usr/bin/cmake /home/skulikk/robot/src/imu_package -DCMAKE_INSTALL_PREFIX=/home/skulikk/robot/src/install/imu_package
[0.397s] -- The C compiler identification is GNU 11.4.0
[0.670s] -- The CXX compiler identification is GNU 11.4.0
[0.706s] -- Detecting C compiler ABI info
[1.036s] -- Detecting C compiler ABI info - done
[1.061s] -- Check for working C compiler: /usr/bin/cc - skipped
[1.062s] -- Detecting C compile features
[1.063s] -- Detecting C compile features - done
[1.076s] -- Detecting CXX compiler ABI info
[1.439s] -- Detecting CXX compiler ABI info - done
[1.465s] -- Check for working CXX compiler: /usr/bin/c++ - skipped
[1.466s] -- Detecting CXX compile features
[1.468s] -- Detecting CXX compile features - done
[1.491s] -- Found ament_cmake: 1.3.11 (/opt/ros/humble/share/ament_cmake/cmake)
[2.128s] -- Found Python3: /usr/bin/python3 (found version "3.10.12") found components: Interpreter 
[2.651s] -- Found rclcpp: 16.0.11 (/opt/ros/humble/share/rclcpp/cmake)
[2.934s] -- Found rosidl_generator_c: 3.1.6 (/opt/ros/humble/share/rosidl_generator_c/cmake)
[2.972s] -- Found rosidl_adapter: 3.1.6 (/opt/ros/humble/share/rosidl_adapter/cmake)
[3.021s] -- Found rosidl_generator_cpp: 3.1.6 (/opt/ros/humble/share/rosidl_generator_cpp/cmake)
[3.086s] -- Using all available rosidl_typesupport_c: rosidl_typesupport_fastrtps_c;rosidl_typesupport_introspection_c
[3.178s] -- Using all available rosidl_typesupport_cpp: rosidl_typesupport_fastrtps_cpp;rosidl_typesupport_introspection_cpp
[3.435s] -- Found rmw_implementation_cmake: 6.1.2 (/opt/ros/humble/share/rmw_implementation_cmake/cmake)
[3.454s] -- Found rmw_fastrtps_cpp: 6.2.7 (/opt/ros/humble/share/rmw_fastrtps_cpp/cmake)
[3.925s] -- Found OpenSSL: /usr/lib/aarch64-linux-gnu/libcrypto.so (found version "3.0.2")  
[4.096s] -- Found FastRTPS: /opt/ros/humble/include  
[4.378s] -- Using RMW implementation 'rmw_fastrtps_cpp' as default
[4.440s] -- Looking for pthread.h
[4.783s] -- Looking for pthread.h - found
[4.787s] -- Performing Test CMAKE_HAVE_LIBC_PTHREAD
[5.132s] -- Performing Test CMAKE_HAVE_LIBC_PTHREAD - Success
[5.138s] -- Found Threads: TRUE  
[5.413s] [31mCMake Error at CMakeLists.txt:15 (add_executable):
[5.413s]   add_executable cannot create target "imu_node" because another target with
[5.413s]   the same name already exists.  The existing target is an executable created
[5.414s]   in source directory "/home/skulikk/robot/src/imu_package".  See
[5.414s]   documentation for policy CMP0002 for more details.
[5.415s] 
[5.415s] [0m
[5.416s] [31mCMake Error at /opt/ros/humble/share/ament_cmake_target_dependencies/cmake/ament_target_dependencies.cmake:42 (message):
[5.416s]   ament_target_dependencies() the first argument must be a valid target name
[5.417s] Call Stack (most recent call first):
[5.417s]   CMakeLists.txt:21 (ament_target_dependencies)
[5.417s] 
[5.418s] [0m
[5.420s] -- Configuring incomplete, errors occurred!
[5.421s] See also "/home/skulikk/robot/src/build/imu_package/CMakeFiles/CMakeOutput.log".
[5.447s] Invoked command in '/home/skulikk/robot/src/build/imu_package' returned '1': CMAKE_PREFIX_PATH=/opt/ros/humble /usr/bin/cmake /home/skulikk/robot/src/imu_package -DCMAKE_INSTALL_PREFIX=/home/skulikk/robot/src/install/imu_package
