[0.164s] Invoking command in '/home/skulikk/robot/src/build/sensors_pkg': CMAKE_PREFIX_PATH=${CMAKE_PREFIX_PATH}:/opt/ros/humble /usr/bin/cmake /home/skulikk/robot/src/sensors_pkg -DCMAKE_INSTALL_PREFIX=/home/skulikk/robot/src/install/sensors_pkg
[0.872s] -- The C compiler identification is GNU 11.4.0
[1.634s] -- The CXX compiler identification is GNU 11.4.0
[1.720s] -- Detecting C compiler ABI info
[2.606s] -- Detecting C compiler ABI info - done
[2.633s] -- Check for working C compiler: /usr/bin/cc - skipped
[2.638s] -- Detecting C compile features
[2.646s] -- Detecting C compile features - done
[2.694s] -- Detecting CXX compiler ABI info
[3.904s] -- Detecting CXX compiler ABI info - done
[3.989s] -- Check for working CXX compiler: /usr/bin/c++ - skipped
[3.994s] -- Detecting CXX compile features
[4.003s] -- Detecting CXX compile features - done
[4.119s] -- Found ament_cmake: 1.3.11 (/opt/ros/humble/share/ament_cmake/cmake)
[5.999s] -- Found Python3: /usr/bin/python3 (found version "3.10.12") found components: Interpreter 
[7.617s] -- Found rclcpp: 16.0.11 (/opt/ros/humble/share/rclcpp/cmake)
[8.601s] -- Found rosidl_generator_c: 3.1.6 (/opt/ros/humble/share/rosidl_generator_c/cmake)
[8.736s] -- Found rosidl_adapter: 3.1.6 (/opt/ros/humble/share/rosidl_adapter/cmake)
[8.903s] -- Found rosidl_generator_cpp: 3.1.6 (/opt/ros/humble/share/rosidl_generator_cpp/cmake)
[9.191s] -- Using all available rosidl_typesupport_c: rosidl_typesupport_fastrtps_c;rosidl_typesupport_introspection_c
[9.392s] -- Using all available rosidl_typesupport_cpp: rosidl_typesupport_fastrtps_cpp;rosidl_typesupport_introspection_cpp
[10.356s] -- Found rmw_implementation_cmake: 6.1.2 (/opt/ros/humble/share/rmw_implementation_cmake/cmake)
[10.420s] -- Found rmw_fastrtps_cpp: 6.2.7 (/opt/ros/humble/share/rmw_fastrtps_cpp/cmake)
[11.827s] -- Found OpenSSL: /usr/lib/aarch64-linux-gnu/libcrypto.so (found version "3.0.2")  
[12.333s] -- Found FastRTPS: /opt/ros/humble/include  
[12.857s] -- Using RMW implementation 'rmw_fastrtps_cpp' as default
[13.004s] -- Looking for pthread.h
[13.875s] -- Looking for pthread.h - found
[13.883s] -- Performing Test CMAKE_HAVE_LIBC_PTHREAD
[14.946s] -- Performing Test CMAKE_HAVE_LIBC_PTHREAD - Success
[14.963s] -- Found Threads: TRUE  
[15.877s] -- Found ament_lint_auto: 0.12.11 (/opt/ros/humble/share/ament_lint_auto/cmake)
[17.528s] -- Added test 'cppcheck' to perform static code analysis on C / C++ code
[17.531s] -- Configured cppcheck include dirs: $<BUILD_INTERFACE:/home/skulikk/robot/src/sensors_pkg/include>
[17.533s] -- Configured cppcheck exclude dirs and/or files: 
[17.599s] -- Added test 'flake8' to check Python code syntax and style conventions
[17.719s] -- Added test 'lint_cmake' to check CMake code style
[17.782s] -- Added test 'pep257' to check Python code against some of the docstring style conventions in PEP 257
[18.256s] -- Added test 'uncrustify' to check C / C++ code style
[18.258s] -- Configured uncrustify additional arguments: 
[18.330s] -- Added test 'xmllint' to check XML markup files
[18.356s] -- Configuring done
[18.573s] -- Generating done
[19.270s] -- Build files have been written to: /home/skulikk/robot/src/build/sensors_pkg
