[0.044s] Invoking command in '/home/skulikk/robot/src/build/imu_package': /usr/bin/cmake /home/skulikk/robot/src/imu_package -DCMAKE_INSTALL_PREFIX=/home/skulikk/robot/src/install/imu_package
[1.237s] -- The C compiler identification is GNU 11.4.0
[1.953s] -- The CXX compiler identification is GNU 11.4.0
[2.025s] -- Detecting C compiler ABI info
[2.521s] -- Detecting C compiler ABI info - done
[2.557s] -- Check for working C compiler: /usr/bin/cc - skipped
[2.565s] -- Detecting C compile features
[2.565s] -- Detecting C compile features - done
[2.586s] -- Detecting CXX compiler ABI info
[3.012s] -- Detecting CXX compiler ABI info - done
[3.053s] -- Check for working CXX compiler: /usr/bin/c++ - skipped
[3.057s] -- Detecting CXX compile features
[3.061s] -- Detecting CXX compile features - done
[3.108s] -- Found ament_cmake: 1.3.11 (/opt/ros/humble/share/ament_cmake/cmake)
[3.859s] -- Found Python3: /usr/bin/python3 (found version "3.10.12") found components: Interpreter 
[4.615s] -- Found ament_lint_auto: 0.12.11 (/opt/ros/humble/share/ament_lint_auto/cmake)
[5.068s] -- Added test 'cppcheck' to perform static code analysis on C / C++ code
[5.069s] -- Configured cppcheck include dirs: $<BUILD_INTERFACE:/home/skulikk/robot/src/imu_package/include>
[5.070s] -- Configured cppcheck exclude dirs and/or files: 
[5.074s] -- Added test 'lint_cmake' to check CMake code style
[5.082s] -- Added test 'uncrustify' to check C / C++ code style
[5.082s] -- Configured uncrustify additional arguments: 
[5.085s] -- Added test 'xmllint' to check XML markup files
[5.096s] -- Configuring done
[5.132s] -- Generating done
[5.149s] -- Build files have been written to: /home/skulikk/robot/src/build/imu_package
[5.178s] Invoked command in '/home/skulikk/robot/src/build/imu_package' returned '0': /usr/bin/cmake /home/skulikk/robot/src/imu_package -DCMAKE_INSTALL_PREFIX=/home/skulikk/robot/src/install/imu_package
[5.180s] Invoking command in '/home/skulikk/robot/src/build/imu_package': /usr/bin/cmake --build /home/skulikk/robot/src/build/imu_package -- -j4 -l4
[5.711s] [ 50%] [32mBuilding CXX object CMakeFiles/imu_node.dir/src/imu_node.cpp.o[0m
[6.434s] [01m[K/home/skulikk/robot/src/imu_package/src/imu_node.cpp:16:10:[m[K [01;31m[Kfatal error: [m[Krclcpp/rclcpp.hpp: No such file or directory
[6.435s]    16 | #include [01;31m[K"rclcpp/rclcpp.hpp"[m[K
[6.437s]       |          [01;31m[K^~~~~~~~~~~~~~~~~~~[m[K
[6.439s] compilation terminated.
[6.449s] gmake[2]: *** [CMakeFiles/imu_node.dir/build.make:76: CMakeFiles/imu_node.dir/src/imu_node.cpp.o] Error 1
[6.453s] gmake[1]: *** [CMakeFiles/Makefile2:137: CMakeFiles/imu_node.dir/all] Error 2
[6.454s] gmake: *** [Makefile:146: all] Error 2
[6.468s] Invoked command in '/home/skulikk/robot/src/build/imu_package' returned '2': /usr/bin/cmake --build /home/skulikk/robot/src/build/imu_package -- -j4 -l4
