[1.043s] DEBUG:colcon:Command line arguments: ['/usr/bin/colcon', 'build']
[1.044s] DEBUG:colcon:Parsed command line arguments: Namespace(log_base=None, log_level=None, verb_name='build', build_base='build', install_base='install', merge_install=False, symlink_install=False, test_result_base=None, continue_on_error=False, executor='parallel', parallel_workers=4, event_handlers=None, ignore_user_meta=False, metas=['./colcon.meta'], base_paths=['.'], packages_ignore=None, packages_ignore_regex=None, paths=None, packages_up_to=None, packages_up_to_regex=None, packages_above=None, packages_above_and_dependencies=None, packages_above_depth=None, packages_select_by_dep=None, packages_skip_by_dep=None, packages_skip_up_to=None, packages_select_build_failed=False, packages_skip_build_finished=False, packages_select_test_failures=False, packages_skip_test_passed=False, packages_select=None, packages_skip=None, packages_select_regex=None, packages_skip_regex=None, packages_start=None, packages_end=None, allow_overriding=[], cmake_args=None, cmake_target=None, cmake_target_skip_unavailable=False, cmake_clean_cache=False, cmake_clean_first=False, cmake_force_configure=False, ament_cmake_args=None, catkin_cmake_args=None, catkin_skip_building_tests=False, verb_parser=<colcon_defaults.argument_parser.defaults.DefaultArgumentsDecorator object at 0xffff906fdd20>, verb_extension=<colcon_core.verb.build.BuildVerb object at 0xffff9080b190>, main=<bound method BuildVerb.main of <colcon_core.verb.build.BuildVerb object at 0xffff9080b190>>)
[3.458s] Level 1:colcon.colcon_core.package_discovery:discover_packages(colcon_meta) check parameters
[3.459s] Level 1:colcon.colcon_core.package_discovery:discover_packages(recursive) check parameters
[3.460s] Level 1:colcon.colcon_core.package_discovery:discover_packages(ignore) check parameters
[3.461s] Level 1:colcon.colcon_core.package_discovery:discover_packages(path) check parameters
[3.461s] Level 1:colcon.colcon_core.package_discovery:discover_packages(colcon_meta) discover
[3.462s] Level 1:colcon.colcon_core.package_discovery:discover_packages(recursive) discover
[3.462s] INFO:colcon.colcon_core.package_discovery:Crawling recursively for packages in '/home/skulikk/robot/src'
[3.464s] Level 1:colcon.colcon_core.package_identification:_identify(.) by extensions ['ignore', 'ignore_ament_install']
[3.465s] Level 1:colcon.colcon_core.package_identification:_identify(.) by extension 'ignore'
[3.466s] Level 1:colcon.colcon_core.package_identification:_identify(.) by extension 'ignore_ament_install'
[3.467s] Level 1:colcon.colcon_core.package_identification:_identify(.) by extensions ['colcon_pkg']
[3.467s] Level 1:colcon.colcon_core.package_identification:_identify(.) by extension 'colcon_pkg'
[3.468s] Level 1:colcon.colcon_core.package_identification:_identify(.) by extensions ['colcon_meta']
[3.468s] Level 1:colcon.colcon_core.package_identification:_identify(.) by extension 'colcon_meta'
[3.469s] Level 1:colcon.colcon_core.package_identification:_identify(.) by extensions ['ros']
[3.469s] Level 1:colcon.colcon_core.package_identification:_identify(.) by extension 'ros'
[3.597s] Level 1:colcon.colcon_core.package_identification:_identify(.) by extensions ['cmake', 'python']
[3.598s] Level 1:colcon.colcon_core.package_identification:_identify(.) by extension 'cmake'
[3.599s] Level 1:colcon.colcon_core.package_identification:_identify(.) by extension 'python'
[3.601s] Level 1:colcon.colcon_core.package_identification:_identify(.) by extensions ['python_setup_py']
[3.601s] Level 1:colcon.colcon_core.package_identification:_identify(.) by extension 'python_setup_py'
[3.603s] Level 1:colcon.colcon_core.package_identification:_identify(build) by extensions ['ignore', 'ignore_ament_install']
[3.604s] Level 1:colcon.colcon_core.package_identification:_identify(build) by extension 'ignore'
[3.605s] Level 1:colcon.colcon_core.package_identification:_identify(build) ignored
[3.607s] Level 1:colcon.colcon_core.package_identification:_identify(control_pkg) by extensions ['ignore', 'ignore_ament_install']
[3.608s] Level 1:colcon.colcon_core.package_identification:_identify(control_pkg) by extension 'ignore'
[3.609s] Level 1:colcon.colcon_core.package_identification:_identify(control_pkg) by extension 'ignore_ament_install'
[3.610s] Level 1:colcon.colcon_core.package_identification:_identify(control_pkg) by extensions ['colcon_pkg']
[3.611s] Level 1:colcon.colcon_core.package_identification:_identify(control_pkg) by extension 'colcon_pkg'
[3.612s] Level 1:colcon.colcon_core.package_identification:_identify(control_pkg) by extensions ['colcon_meta']
[3.613s] Level 1:colcon.colcon_core.package_identification:_identify(control_pkg) by extension 'colcon_meta'
[3.614s] Level 1:colcon.colcon_core.package_identification:_identify(control_pkg) by extensions ['ros']
[3.614s] Level 1:colcon.colcon_core.package_identification:_identify(control_pkg) by extension 'ros'
[3.653s] DEBUG:colcon.colcon_core.package_identification:Package 'control_pkg' with type 'ros.ament_cmake' and name 'control_pkg'
[3.656s] Level 1:colcon.colcon_core.package_identification:_identify(install) by extensions ['ignore', 'ignore_ament_install']
[3.657s] Level 1:colcon.colcon_core.package_identification:_identify(install) by extension 'ignore'
[3.658s] Level 1:colcon.colcon_core.package_identification:_identify(install) ignored
[3.660s] Level 1:colcon.colcon_core.package_identification:_identify(log) by extensions ['ignore', 'ignore_ament_install']
[3.662s] Level 1:colcon.colcon_core.package_identification:_identify(log) by extension 'ignore'
[3.662s] Level 1:colcon.colcon_core.package_identification:_identify(log) ignored
[3.664s] Level 1:colcon.colcon_core.package_identification:_identify(sensors_pkg) by extensions ['ignore', 'ignore_ament_install']
[3.666s] Level 1:colcon.colcon_core.package_identification:_identify(sensors_pkg) by extension 'ignore'
[3.667s] Level 1:colcon.colcon_core.package_identification:_identify(sensors_pkg) by extension 'ignore_ament_install'
[3.668s] Level 1:colcon.colcon_core.package_identification:_identify(sensors_pkg) by extensions ['colcon_pkg']
[3.669s] Level 1:colcon.colcon_core.package_identification:_identify(sensors_pkg) by extension 'colcon_pkg'
[3.670s] Level 1:colcon.colcon_core.package_identification:_identify(sensors_pkg) by extensions ['colcon_meta']
[3.670s] Level 1:colcon.colcon_core.package_identification:_identify(sensors_pkg) by extension 'colcon_meta'
[3.671s] Level 1:colcon.colcon_core.package_identification:_identify(sensors_pkg) by extensions ['ros']
[3.672s] Level 1:colcon.colcon_core.package_identification:_identify(sensors_pkg) by extension 'ros'
[3.680s] DEBUG:colcon.colcon_core.package_identification:Package 'sensors_pkg' with type 'ros.ament_cmake' and name 'sensors_pkg'
[3.681s] Level 1:colcon.colcon_core.package_discovery:discover_packages(recursive) using defaults
[3.682s] Level 1:colcon.colcon_core.package_discovery:discover_packages(ignore) discover
[3.683s] Level 1:colcon.colcon_core.package_discovery:discover_packages(ignore) using defaults
[3.683s] Level 1:colcon.colcon_core.package_discovery:discover_packages(path) discover
[3.684s] Level 1:colcon.colcon_core.package_discovery:discover_packages(path) using defaults
[3.927s] Level 1:colcon.colcon_core.package_discovery:discover_packages(prefix_path) check parameters
[3.928s] Level 1:colcon.colcon_core.package_discovery:discover_packages(prefix_path) discover
[3.945s] DEBUG:colcon.colcon_installed_package_information.package_discovery:Found 3 installed packages in /home/skulikk/robot/src/install
[3.954s] DEBUG:colcon.colcon_installed_package_information.package_discovery:Found 224 installed packages in /opt/ros/humble
[3.960s] Level 1:colcon.colcon_core.package_discovery:discover_packages(prefix_path) using defaults
[4.266s] Level 5:colcon.colcon_core.verb:set package 'control_pkg' build argument 'cmake_args' from command line to 'None'
[4.267s] Level 5:colcon.colcon_core.verb:set package 'control_pkg' build argument 'cmake_target' from command line to 'None'
[4.268s] Level 5:colcon.colcon_core.verb:set package 'control_pkg' build argument 'cmake_target_skip_unavailable' from command line to 'False'
[4.268s] Level 5:colcon.colcon_core.verb:set package 'control_pkg' build argument 'cmake_clean_cache' from command line to 'False'
[4.269s] Level 5:colcon.colcon_core.verb:set package 'control_pkg' build argument 'cmake_clean_first' from command line to 'False'
[4.269s] Level 5:colcon.colcon_core.verb:set package 'control_pkg' build argument 'cmake_force_configure' from command line to 'False'
[4.269s] Level 5:colcon.colcon_core.verb:set package 'control_pkg' build argument 'ament_cmake_args' from command line to 'None'
[4.270s] Level 5:colcon.colcon_core.verb:set package 'control_pkg' build argument 'catkin_cmake_args' from command line to 'None'
[4.270s] Level 5:colcon.colcon_core.verb:set package 'control_pkg' build argument 'catkin_skip_building_tests' from command line to 'False'
[4.271s] DEBUG:colcon.colcon_core.verb:Building package 'control_pkg' with the following arguments: {'ament_cmake_args': None, 'build_base': '/home/skulikk/robot/src/build/control_pkg', 'catkin_cmake_args': None, 'catkin_skip_building_tests': False, 'cmake_args': None, 'cmake_clean_cache': False, 'cmake_clean_first': False, 'cmake_force_configure': False, 'cmake_target': None, 'cmake_target_skip_unavailable': False, 'install_base': '/home/skulikk/robot/src/install/control_pkg', 'merge_install': False, 'path': '/home/skulikk/robot/src/control_pkg', 'symlink_install': False, 'test_result_base': None}
[4.275s] Level 5:colcon.colcon_core.verb:set package 'sensors_pkg' build argument 'cmake_args' from command line to 'None'
[4.276s] Level 5:colcon.colcon_core.verb:set package 'sensors_pkg' build argument 'cmake_target' from command line to 'None'
[4.277s] Level 5:colcon.colcon_core.verb:set package 'sensors_pkg' build argument 'cmake_target_skip_unavailable' from command line to 'False'
[4.277s] Level 5:colcon.colcon_core.verb:set package 'sensors_pkg' build argument 'cmake_clean_cache' from command line to 'False'
[4.277s] Level 5:colcon.colcon_core.verb:set package 'sensors_pkg' build argument 'cmake_clean_first' from command line to 'False'
[4.278s] Level 5:colcon.colcon_core.verb:set package 'sensors_pkg' build argument 'cmake_force_configure' from command line to 'False'
[4.278s] Level 5:colcon.colcon_core.verb:set package 'sensors_pkg' build argument 'ament_cmake_args' from command line to 'None'
[4.278s] Level 5:colcon.colcon_core.verb:set package 'sensors_pkg' build argument 'catkin_cmake_args' from command line to 'None'
[4.279s] Level 5:colcon.colcon_core.verb:set package 'sensors_pkg' build argument 'catkin_skip_building_tests' from command line to 'False'
[4.279s] DEBUG:colcon.colcon_core.verb:Building package 'sensors_pkg' with the following arguments: {'ament_cmake_args': None, 'build_base': '/home/skulikk/robot/src/build/sensors_pkg', 'catkin_cmake_args': None, 'catkin_skip_building_tests': False, 'cmake_args': None, 'cmake_clean_cache': False, 'cmake_clean_first': False, 'cmake_force_configure': False, 'cmake_target': None, 'cmake_target_skip_unavailable': False, 'install_base': '/home/skulikk/robot/src/install/sensors_pkg', 'merge_install': False, 'path': '/home/skulikk/robot/src/sensors_pkg', 'symlink_install': False, 'test_result_base': None}
[4.281s] INFO:colcon.colcon_core.executor:Executing jobs using 'parallel' executor
[4.290s] DEBUG:colcon.colcon_parallel_executor.executor.parallel:run_until_complete
[4.292s] INFO:colcon.colcon_ros.task.ament_cmake.build:Building ROS package in '/home/skulikk/robot/src/control_pkg' with build type 'ament_cmake'
[4.297s] INFO:colcon.colcon_cmake.task.cmake.build:Building CMake package in '/home/skulikk/robot/src/control_pkg'
[4.325s] INFO:colcon.colcon_core.plugin_system:Skipping extension 'colcon_core.shell.bat': Not used on non-Windows systems
[4.330s] INFO:colcon.colcon_core.shell:Skip shell extension 'powershell' for command environment: Not usable outside of PowerShell
[4.331s] DEBUG:colcon.colcon_core.shell:Skip shell extension 'dsv' for command environment
[4.389s] INFO:colcon.colcon_ros.task.ament_cmake.build:Building ROS package in '/home/skulikk/robot/src/sensors_pkg' with build type 'ament_cmake'
[4.392s] INFO:colcon.colcon_cmake.task.cmake.build:Building CMake package in '/home/skulikk/robot/src/sensors_pkg'
[4.394s] INFO:colcon.colcon_core.shell:Skip shell extension 'powershell' for command environment: Not usable outside of PowerShell
[4.396s] DEBUG:colcon.colcon_core.shell:Skip shell extension 'dsv' for command environment
[4.511s] DEBUG:colcon.colcon_core.event_handler.log_command:Invoking command in '/home/skulikk/robot/src/build/control_pkg': CMAKE_PREFIX_PATH=${CMAKE_PREFIX_PATH}:/opt/ros/humble /usr/bin/cmake --build /home/skulikk/robot/src/build/control_pkg -- -j4 -l4
[4.572s] DEBUG:colcon.colcon_core.event_handler.log_command:Invoking command in '/home/skulikk/robot/src/build/sensors_pkg': CMAKE_PREFIX_PATH=${CMAKE_PREFIX_PATH}:/opt/ros/humble /usr/bin/cmake --build /home/skulikk/robot/src/build/sensors_pkg -- -j4 -l4
[5.622s] DEBUG:colcon.colcon_core.event_handler.log_command:Invoked command in '/home/skulikk/robot/src/build/control_pkg' returned '0': CMAKE_PREFIX_PATH=${CMAKE_PREFIX_PATH}:/opt/ros/humble /usr/bin/cmake --build /home/skulikk/robot/src/build/control_pkg -- -j4 -l4
[5.778s] DEBUG:colcon.colcon_core.event_handler.log_command:Invoking command in '/home/skulikk/robot/src/build/control_pkg': CMAKE_PREFIX_PATH=${CMAKE_PREFIX_PATH}:/opt/ros/humble /usr/bin/cmake --install /home/skulikk/robot/src/build/control_pkg
[5.976s] Level 1:colcon.colcon_core.environment:create_environment_scripts_only(control_pkg)
[5.980s] DEBUG:colcon.colcon_core.event_handler.log_command:Invoked command in '/home/skulikk/robot/src/build/control_pkg' returned '0': CMAKE_PREFIX_PATH=${CMAKE_PREFIX_PATH}:/opt/ros/humble /usr/bin/cmake --install /home/skulikk/robot/src/build/control_pkg
[6.025s] Level 1:colcon.colcon_core.environment:checking '/home/skulikk/robot/src/install/control_pkg' for CMake module files
[6.039s] Level 1:colcon.colcon_core.environment:checking '/home/skulikk/robot/src/install/control_pkg' for CMake config files
[6.056s] Level 1:colcon.colcon_core.shell:create_environment_hook('control_pkg', 'cmake_prefix_path')
[6.059s] INFO:colcon.colcon_core.shell:Creating environment hook '/home/skulikk/robot/src/install/control_pkg/share/control_pkg/hook/cmake_prefix_path.ps1'
[6.066s] INFO:colcon.colcon_core.shell:Creating environment descriptor '/home/skulikk/robot/src/install/control_pkg/share/control_pkg/hook/cmake_prefix_path.dsv'
[6.076s] INFO:colcon.colcon_core.shell:Creating environment hook '/home/skulikk/robot/src/install/control_pkg/share/control_pkg/hook/cmake_prefix_path.sh'
[6.086s] Level 1:colcon.colcon_core.environment:checking '/home/skulikk/robot/src/install/control_pkg/lib'
[6.089s] Level 1:colcon.colcon_core.environment:checking '/home/skulikk/robot/src/install/control_pkg/bin'
[6.090s] Level 1:colcon.colcon_core.environment:checking '/home/skulikk/robot/src/install/control_pkg/lib/pkgconfig/control_pkg.pc'
[6.093s] Level 1:colcon.colcon_core.environment:checking '/home/skulikk/robot/src/install/control_pkg/lib/python3.10/site-packages'
[6.097s] Level 1:colcon.colcon_core.environment:checking '/home/skulikk/robot/src/install/control_pkg/bin'
[6.101s] INFO:colcon.colcon_core.shell:Creating package script '/home/skulikk/robot/src/install/control_pkg/share/control_pkg/package.ps1'
[6.114s] INFO:colcon.colcon_core.shell:Creating package descriptor '/home/skulikk/robot/src/install/control_pkg/share/control_pkg/package.dsv'
[6.123s] INFO:colcon.colcon_core.shell:Creating package script '/home/skulikk/robot/src/install/control_pkg/share/control_pkg/package.sh'
[6.135s] INFO:colcon.colcon_core.shell:Creating package script '/home/skulikk/robot/src/install/control_pkg/share/control_pkg/package.bash'
[6.149s] INFO:colcon.colcon_core.shell:Creating package script '/home/skulikk/robot/src/install/control_pkg/share/control_pkg/package.zsh'
[6.160s] Level 1:colcon.colcon_core.environment:create_file_with_runtime_dependencies(/home/skulikk/robot/src/install/control_pkg/share/colcon-core/packages/control_pkg)
[6.170s] Level 1:colcon.colcon_core.environment:create_environment_scripts_only(control_pkg)
[6.173s] Level 1:colcon.colcon_core.environment:checking '/home/skulikk/robot/src/install/control_pkg' for CMake module files
[6.182s] Level 1:colcon.colcon_core.environment:checking '/home/skulikk/robot/src/install/control_pkg' for CMake config files
[6.190s] Level 1:colcon.colcon_core.shell:create_environment_hook('control_pkg', 'cmake_prefix_path')
[6.193s] INFO:colcon.colcon_core.shell:Creating environment hook '/home/skulikk/robot/src/install/control_pkg/share/control_pkg/hook/cmake_prefix_path.ps1'
[6.201s] INFO:colcon.colcon_core.shell:Creating environment descriptor '/home/skulikk/robot/src/install/control_pkg/share/control_pkg/hook/cmake_prefix_path.dsv'
[6.207s] INFO:colcon.colcon_core.shell:Creating environment hook '/home/skulikk/robot/src/install/control_pkg/share/control_pkg/hook/cmake_prefix_path.sh'
[6.214s] Level 1:colcon.colcon_core.environment:checking '/home/skulikk/robot/src/install/control_pkg/lib'
[6.216s] Level 1:colcon.colcon_core.environment:checking '/home/skulikk/robot/src/install/control_pkg/bin'
[6.217s] Level 1:colcon.colcon_core.environment:checking '/home/skulikk/robot/src/install/control_pkg/lib/pkgconfig/control_pkg.pc'
[6.220s] Level 1:colcon.colcon_core.environment:checking '/home/skulikk/robot/src/install/control_pkg/lib/python3.10/site-packages'
[6.222s] Level 1:colcon.colcon_core.environment:checking '/home/skulikk/robot/src/install/control_pkg/bin'
[6.226s] INFO:colcon.colcon_core.shell:Creating package script '/home/skulikk/robot/src/install/control_pkg/share/control_pkg/package.ps1'
[6.234s] INFO:colcon.colcon_core.shell:Creating package descriptor '/home/skulikk/robot/src/install/control_pkg/share/control_pkg/package.dsv'
[6.241s] INFO:colcon.colcon_core.shell:Creating package script '/home/skulikk/robot/src/install/control_pkg/share/control_pkg/package.sh'
[6.249s] INFO:colcon.colcon_core.shell:Creating package script '/home/skulikk/robot/src/install/control_pkg/share/control_pkg/package.bash'
[6.256s] INFO:colcon.colcon_core.shell:Creating package script '/home/skulikk/robot/src/install/control_pkg/share/control_pkg/package.zsh'
[6.262s] Level 1:colcon.colcon_core.environment:create_file_with_runtime_dependencies(/home/skulikk/robot/src/install/control_pkg/share/colcon-core/packages/control_pkg)
[27.445s] DEBUG:colcon.colcon_core.event_handler.log_command:Invoked command in '/home/skulikk/robot/src/build/sensors_pkg' returned '0': CMAKE_PREFIX_PATH=${CMAKE_PREFIX_PATH}:/opt/ros/humble /usr/bin/cmake --build /home/skulikk/robot/src/build/sensors_pkg -- -j4 -l4
[27.455s] DEBUG:colcon.colcon_core.event_handler.log_command:Invoking command in '/home/skulikk/robot/src/build/sensors_pkg': CMAKE_PREFIX_PATH=${CMAKE_PREFIX_PATH}:/opt/ros/humble /usr/bin/cmake --install /home/skulikk/robot/src/build/sensors_pkg
[27.516s] Level 1:colcon.colcon_core.environment:create_environment_scripts_only(sensors_pkg)
[27.517s] Level 1:colcon.colcon_core.environment:checking '/home/skulikk/robot/src/install/sensors_pkg' for CMake module files
[27.519s] DEBUG:colcon.colcon_core.event_handler.log_command:Invoked command in '/home/skulikk/robot/src/build/sensors_pkg' returned '0': CMAKE_PREFIX_PATH=${CMAKE_PREFIX_PATH}:/opt/ros/humble /usr/bin/cmake --install /home/skulikk/robot/src/build/sensors_pkg
[27.522s] Level 1:colcon.colcon_core.environment:checking '/home/skulikk/robot/src/install/sensors_pkg' for CMake config files
[27.524s] Level 1:colcon.colcon_core.shell:create_environment_hook('sensors_pkg', 'cmake_prefix_path')
[27.525s] INFO:colcon.colcon_core.shell:Creating environment hook '/home/skulikk/robot/src/install/sensors_pkg/share/sensors_pkg/hook/cmake_prefix_path.ps1'
[27.528s] INFO:colcon.colcon_core.shell:Creating environment descriptor '/home/skulikk/robot/src/install/sensors_pkg/share/sensors_pkg/hook/cmake_prefix_path.dsv'
[27.530s] INFO:colcon.colcon_core.shell:Creating environment hook '/home/skulikk/robot/src/install/sensors_pkg/share/sensors_pkg/hook/cmake_prefix_path.sh'
[27.534s] Level 1:colcon.colcon_core.environment:checking '/home/skulikk/robot/src/install/sensors_pkg/lib'
[27.534s] Level 1:colcon.colcon_core.environment:checking '/home/skulikk/robot/src/install/sensors_pkg/bin'
[27.535s] Level 1:colcon.colcon_core.environment:checking '/home/skulikk/robot/src/install/sensors_pkg/lib/pkgconfig/sensors_pkg.pc'
[27.536s] Level 1:colcon.colcon_core.environment:checking '/home/skulikk/robot/src/install/sensors_pkg/lib/python3.10/site-packages'
[27.537s] Level 1:colcon.colcon_core.environment:checking '/home/skulikk/robot/src/install/sensors_pkg/bin'
[27.538s] INFO:colcon.colcon_core.shell:Creating package script '/home/skulikk/robot/src/install/sensors_pkg/share/sensors_pkg/package.ps1'
[27.540s] INFO:colcon.colcon_core.shell:Creating package descriptor '/home/skulikk/robot/src/install/sensors_pkg/share/sensors_pkg/package.dsv'
[27.543s] INFO:colcon.colcon_core.shell:Creating package script '/home/skulikk/robot/src/install/sensors_pkg/share/sensors_pkg/package.sh'
[27.545s] INFO:colcon.colcon_core.shell:Creating package script '/home/skulikk/robot/src/install/sensors_pkg/share/sensors_pkg/package.bash'
[27.547s] INFO:colcon.colcon_core.shell:Creating package script '/home/skulikk/robot/src/install/sensors_pkg/share/sensors_pkg/package.zsh'
[27.548s] Level 1:colcon.colcon_core.environment:create_file_with_runtime_dependencies(/home/skulikk/robot/src/install/sensors_pkg/share/colcon-core/packages/sensors_pkg)
[27.551s] Level 1:colcon.colcon_core.environment:create_environment_scripts_only(sensors_pkg)
[27.552s] Level 1:colcon.colcon_core.environment:checking '/home/skulikk/robot/src/install/sensors_pkg' for CMake module files
[27.555s] Level 1:colcon.colcon_core.environment:checking '/home/skulikk/robot/src/install/sensors_pkg' for CMake config files
[27.557s] Level 1:colcon.colcon_core.shell:create_environment_hook('sensors_pkg', 'cmake_prefix_path')
[27.558s] INFO:colcon.colcon_core.shell:Creating environment hook '/home/skulikk/robot/src/install/sensors_pkg/share/sensors_pkg/hook/cmake_prefix_path.ps1'
[27.560s] INFO:colcon.colcon_core.shell:Creating environment descriptor '/home/skulikk/robot/src/install/sensors_pkg/share/sensors_pkg/hook/cmake_prefix_path.dsv'
[27.562s] INFO:colcon.colcon_core.shell:Creating environment hook '/home/skulikk/robot/src/install/sensors_pkg/share/sensors_pkg/hook/cmake_prefix_path.sh'
[27.564s] Level 1:colcon.colcon_core.environment:checking '/home/skulikk/robot/src/install/sensors_pkg/lib'
[27.565s] Level 1:colcon.colcon_core.environment:checking '/home/skulikk/robot/src/install/sensors_pkg/bin'
[27.565s] Level 1:colcon.colcon_core.environment:checking '/home/skulikk/robot/src/install/sensors_pkg/lib/pkgconfig/sensors_pkg.pc'
[27.566s] Level 1:colcon.colcon_core.environment:checking '/home/skulikk/robot/src/install/sensors_pkg/lib/python3.10/site-packages'
[27.567s] Level 1:colcon.colcon_core.environment:checking '/home/skulikk/robot/src/install/sensors_pkg/bin'
[27.568s] INFO:colcon.colcon_core.shell:Creating package script '/home/skulikk/robot/src/install/sensors_pkg/share/sensors_pkg/package.ps1'
[27.570s] INFO:colcon.colcon_core.shell:Creating package descriptor '/home/skulikk/robot/src/install/sensors_pkg/share/sensors_pkg/package.dsv'
[27.573s] INFO:colcon.colcon_core.shell:Creating package script '/home/skulikk/robot/src/install/sensors_pkg/share/sensors_pkg/package.sh'
[27.576s] INFO:colcon.colcon_core.shell:Creating package script '/home/skulikk/robot/src/install/sensors_pkg/share/sensors_pkg/package.bash'
[27.578s] INFO:colcon.colcon_core.shell:Creating package script '/home/skulikk/robot/src/install/sensors_pkg/share/sensors_pkg/package.zsh'
[27.582s] Level 1:colcon.colcon_core.environment:create_file_with_runtime_dependencies(/home/skulikk/robot/src/install/sensors_pkg/share/colcon-core/packages/sensors_pkg)
[27.584s] DEBUG:colcon.colcon_parallel_executor.executor.parallel:closing loop
[27.586s] DEBUG:colcon.colcon_parallel_executor.executor.parallel:loop closed
[27.586s] DEBUG:colcon.colcon_parallel_executor.executor.parallel:run_until_complete finished with '0'
[27.587s] DEBUG:colcon.colcon_core.event_reactor:joining thread
[27.615s] INFO:colcon.colcon_core.plugin_system:Skipping extension 'colcon_notification.desktop_notification.terminal_notifier': Not used on non-Darwin systems
[27.615s] INFO:colcon.colcon_core.plugin_system:Skipping extension 'colcon_notification.desktop_notification.win32': Not used on non-Windows systems
[27.616s] INFO:colcon.colcon_notification.desktop_notification:Sending desktop notification using 'notify2'
[27.671s] DEBUG:colcon.colcon_core.event_reactor:joined thread
[27.672s] INFO:colcon.colcon_core.shell:Creating prefix script '/home/skulikk/robot/src/install/local_setup.ps1'
[27.676s] INFO:colcon.colcon_core.shell:Creating prefix util module '/home/skulikk/robot/src/install/_local_setup_util_ps1.py'
[27.684s] INFO:colcon.colcon_core.shell:Creating prefix chain script '/home/skulikk/robot/src/install/setup.ps1'
[27.690s] INFO:colcon.colcon_core.shell:Creating prefix script '/home/skulikk/robot/src/install/local_setup.sh'
[27.692s] INFO:colcon.colcon_core.shell:Creating prefix util module '/home/skulikk/robot/src/install/_local_setup_util_sh.py'
[27.695s] INFO:colcon.colcon_core.shell:Creating prefix chain script '/home/skulikk/robot/src/install/setup.sh'
[27.700s] INFO:colcon.colcon_core.shell:Creating prefix script '/home/skulikk/robot/src/install/local_setup.bash'
[27.703s] INFO:colcon.colcon_core.shell:Creating prefix chain script '/home/skulikk/robot/src/install/setup.bash'
[27.708s] INFO:colcon.colcon_core.shell:Creating prefix script '/home/skulikk/robot/src/install/local_setup.zsh'
[27.710s] INFO:colcon.colcon_core.shell:Creating prefix chain script '/home/skulikk/robot/src/install/setup.zsh'
