[0.418s] DEBUG:colcon:Command line arguments: ['/usr/bin/colcon', 'build', '--symlink-install']
[0.419s] DEBUG:colcon:Parsed command line arguments: Namespace(log_base=None, log_level=None, verb_name='build', build_base='build', install_base='install', merge_install=False, symlink_install=True, test_result_base=None, continue_on_error=False, executor='parallel', parallel_workers=4, event_handlers=None, ignore_user_meta=False, metas=['./colcon.meta'], base_paths=['.'], packages_ignore=None, packages_ignore_regex=None, paths=None, packages_up_to=None, packages_up_to_regex=None, packages_above=None, packages_above_and_dependencies=None, packages_above_depth=None, packages_select_by_dep=None, packages_skip_by_dep=None, packages_skip_up_to=None, packages_select_build_failed=False, packages_skip_build_finished=False, packages_select_test_failures=False, packages_skip_test_passed=False, packages_select=None, packages_skip=None, packages_select_regex=None, packages_skip_regex=None, packages_start=None, packages_end=None, allow_overriding=[], cmake_args=None, cmake_target=None, cmake_target_skip_unavailable=False, cmake_clean_cache=False, cmake_clean_first=False, cmake_force_configure=False, ament_cmake_args=None, catkin_cmake_args=None, catkin_skip_building_tests=False, verb_parser=<colcon_defaults.argument_parser.defaults.DefaultArgumentsDecorator object at 0xffffa32edf90>, verb_extension=<colcon_core.verb.build.BuildVerb object at 0xffffa33fb400>, main=<bound method BuildVerb.main of <colcon_core.verb.build.BuildVerb object at 0xffffa33fb400>>)
[1.071s] Level 1:colcon.colcon_core.package_discovery:discover_packages(colcon_meta) check parameters
[1.071s] Level 1:colcon.colcon_core.package_discovery:discover_packages(recursive) check parameters
[1.071s] Level 1:colcon.colcon_core.package_discovery:discover_packages(ignore) check parameters
[1.071s] Level 1:colcon.colcon_core.package_discovery:discover_packages(path) check parameters
[1.072s] Level 1:colcon.colcon_core.package_discovery:discover_packages(colcon_meta) discover
[1.072s] Level 1:colcon.colcon_core.package_discovery:discover_packages(recursive) discover
[1.072s] INFO:colcon.colcon_core.package_discovery:Crawling recursively for packages in '/home/skulikk/robot'
[1.072s] Level 1:colcon.colcon_core.package_identification:_identify(.) by extensions ['ignore', 'ignore_ament_install']
[1.073s] Level 1:colcon.colcon_core.package_identification:_identify(.) by extension 'ignore'
[1.073s] Level 1:colcon.colcon_core.package_identification:_identify(.) by extension 'ignore_ament_install'
[1.073s] Level 1:colcon.colcon_core.package_identification:_identify(.) by extensions ['colcon_pkg']
[1.074s] Level 1:colcon.colcon_core.package_identification:_identify(.) by extension 'colcon_pkg'
[1.074s] Level 1:colcon.colcon_core.package_identification:_identify(.) by extensions ['colcon_meta']
[1.074s] Level 1:colcon.colcon_core.package_identification:_identify(.) by extension 'colcon_meta'
[1.074s] Level 1:colcon.colcon_core.package_identification:_identify(.) by extensions ['ros']
[1.074s] Level 1:colcon.colcon_core.package_identification:_identify(.) by extension 'ros'
[1.119s] Level 1:colcon.colcon_core.package_identification:_identify(.) by extensions ['cmake', 'python']
[1.119s] Level 1:colcon.colcon_core.package_identification:_identify(.) by extension 'cmake'
[1.119s] Level 1:colcon.colcon_core.package_identification:_identify(.) by extension 'python'
[1.120s] Level 1:colcon.colcon_core.package_identification:_identify(.) by extensions ['python_setup_py']
[1.120s] Level 1:colcon.colcon_core.package_identification:_identify(.) by extension 'python_setup_py'
[1.120s] Level 1:colcon.colcon_core.package_identification:_identify(build) by extensions ['ignore', 'ignore_ament_install']
[1.121s] Level 1:colcon.colcon_core.package_identification:_identify(build) by extension 'ignore'
[1.121s] Level 1:colcon.colcon_core.package_identification:_identify(build) ignored
[1.122s] Level 1:colcon.colcon_core.package_identification:_identify(install) by extensions ['ignore', 'ignore_ament_install']
[1.122s] Level 1:colcon.colcon_core.package_identification:_identify(install) by extension 'ignore'
[1.122s] Level 1:colcon.colcon_core.package_identification:_identify(install) ignored
[1.123s] Level 1:colcon.colcon_core.package_identification:_identify(log) by extensions ['ignore', 'ignore_ament_install']
[1.123s] Level 1:colcon.colcon_core.package_identification:_identify(log) by extension 'ignore'
[1.123s] Level 1:colcon.colcon_core.package_identification:_identify(log) ignored
[1.124s] Level 1:colcon.colcon_core.package_identification:_identify(src) by extensions ['ignore', 'ignore_ament_install']
[1.124s] Level 1:colcon.colcon_core.package_identification:_identify(src) by extension 'ignore'
[1.124s] Level 1:colcon.colcon_core.package_identification:_identify(src) by extension 'ignore_ament_install'
[1.124s] Level 1:colcon.colcon_core.package_identification:_identify(src) by extensions ['colcon_pkg']
[1.125s] Level 1:colcon.colcon_core.package_identification:_identify(src) by extension 'colcon_pkg'
[1.125s] Level 1:colcon.colcon_core.package_identification:_identify(src) by extensions ['colcon_meta']
[1.125s] Level 1:colcon.colcon_core.package_identification:_identify(src) by extension 'colcon_meta'
[1.125s] Level 1:colcon.colcon_core.package_identification:_identify(src) by extensions ['ros']
[1.125s] Level 1:colcon.colcon_core.package_identification:_identify(src) by extension 'ros'
[1.126s] Level 1:colcon.colcon_core.package_identification:_identify(src) by extensions ['cmake', 'python']
[1.126s] Level 1:colcon.colcon_core.package_identification:_identify(src) by extension 'cmake'
[1.126s] Level 1:colcon.colcon_core.package_identification:_identify(src) by extension 'python'
[1.126s] Level 1:colcon.colcon_core.package_identification:_identify(src) by extensions ['python_setup_py']
[1.126s] Level 1:colcon.colcon_core.package_identification:_identify(src) by extension 'python_setup_py'
[1.127s] Level 1:colcon.colcon_core.package_identification:_identify(src/build) by extensions ['ignore', 'ignore_ament_install']
[1.127s] Level 1:colcon.colcon_core.package_identification:_identify(src/build) by extension 'ignore'
[1.127s] Level 1:colcon.colcon_core.package_identification:_identify(src/build) ignored
[1.128s] Level 1:colcon.colcon_core.package_identification:_identify(src/control_pkg) by extensions ['ignore', 'ignore_ament_install']
[1.128s] Level 1:colcon.colcon_core.package_identification:_identify(src/control_pkg) by extension 'ignore'
[1.128s] Level 1:colcon.colcon_core.package_identification:_identify(src/control_pkg) by extension 'ignore_ament_install'
[1.129s] Level 1:colcon.colcon_core.package_identification:_identify(src/control_pkg) by extensions ['colcon_pkg']
[1.129s] Level 1:colcon.colcon_core.package_identification:_identify(src/control_pkg) by extension 'colcon_pkg'
[1.129s] Level 1:colcon.colcon_core.package_identification:_identify(src/control_pkg) by extensions ['colcon_meta']
[1.129s] Level 1:colcon.colcon_core.package_identification:_identify(src/control_pkg) by extension 'colcon_meta'
[1.129s] Level 1:colcon.colcon_core.package_identification:_identify(src/control_pkg) by extensions ['ros']
[1.130s] Level 1:colcon.colcon_core.package_identification:_identify(src/control_pkg) by extension 'ros'
[1.144s] DEBUG:colcon.colcon_core.package_identification:Package 'src/control_pkg' with type 'ros.ament_cmake' and name 'control_pkg'
[1.145s] Level 1:colcon.colcon_core.package_identification:_identify(src/install) by extensions ['ignore', 'ignore_ament_install']
[1.145s] Level 1:colcon.colcon_core.package_identification:_identify(src/install) by extension 'ignore'
[1.145s] Level 1:colcon.colcon_core.package_identification:_identify(src/install) ignored
[1.146s] Level 1:colcon.colcon_core.package_identification:_identify(src/log) by extensions ['ignore', 'ignore_ament_install']
[1.146s] Level 1:colcon.colcon_core.package_identification:_identify(src/log) by extension 'ignore'
[1.147s] Level 1:colcon.colcon_core.package_identification:_identify(src/log) ignored
[1.147s] Level 1:colcon.colcon_core.package_identification:_identify(src/sensors_pkg) by extensions ['ignore', 'ignore_ament_install']
[1.148s] Level 1:colcon.colcon_core.package_identification:_identify(src/sensors_pkg) by extension 'ignore'
[1.148s] Level 1:colcon.colcon_core.package_identification:_identify(src/sensors_pkg) by extension 'ignore_ament_install'
[1.148s] Level 1:colcon.colcon_core.package_identification:_identify(src/sensors_pkg) by extensions ['colcon_pkg']
[1.149s] Level 1:colcon.colcon_core.package_identification:_identify(src/sensors_pkg) by extension 'colcon_pkg'
[1.149s] Level 1:colcon.colcon_core.package_identification:_identify(src/sensors_pkg) by extensions ['colcon_meta']
[1.149s] Level 1:colcon.colcon_core.package_identification:_identify(src/sensors_pkg) by extension 'colcon_meta'
[1.149s] Level 1:colcon.colcon_core.package_identification:_identify(src/sensors_pkg) by extensions ['ros']
[1.150s] Level 1:colcon.colcon_core.package_identification:_identify(src/sensors_pkg) by extension 'ros'
[1.152s] DEBUG:colcon.colcon_core.package_identification:Package 'src/sensors_pkg' with type 'ros.ament_cmake' and name 'sensors_pkg'
[1.153s] Level 1:colcon.colcon_core.package_discovery:discover_packages(recursive) using defaults
[1.153s] Level 1:colcon.colcon_core.package_discovery:discover_packages(ignore) discover
[1.153s] Level 1:colcon.colcon_core.package_discovery:discover_packages(ignore) using defaults
[1.153s] Level 1:colcon.colcon_core.package_discovery:discover_packages(path) discover
[1.153s] Level 1:colcon.colcon_core.package_discovery:discover_packages(path) using defaults
[1.228s] Level 1:colcon.colcon_core.package_discovery:discover_packages(prefix_path) check parameters
[1.228s] Level 1:colcon.colcon_core.package_discovery:discover_packages(prefix_path) discover
[1.236s] DEBUG:colcon.colcon_installed_package_information.package_discovery:Found 2 installed packages in /home/skulikk/robot/install
[1.244s] DEBUG:colcon.colcon_installed_package_information.package_discovery:Found 224 installed packages in /opt/ros/humble
[1.249s] Level 1:colcon.colcon_core.package_discovery:discover_packages(prefix_path) using defaults
[1.413s] Level 5:colcon.colcon_core.verb:set package 'sensors_pkg' build argument 'cmake_args' from command line to 'None'
[1.413s] Level 5:colcon.colcon_core.verb:set package 'sensors_pkg' build argument 'cmake_target' from command line to 'None'
[1.413s] Level 5:colcon.colcon_core.verb:set package 'sensors_pkg' build argument 'cmake_target_skip_unavailable' from command line to 'False'
[1.413s] Level 5:colcon.colcon_core.verb:set package 'sensors_pkg' build argument 'cmake_clean_cache' from command line to 'False'
[1.413s] Level 5:colcon.colcon_core.verb:set package 'sensors_pkg' build argument 'cmake_clean_first' from command line to 'False'
[1.414s] Level 5:colcon.colcon_core.verb:set package 'sensors_pkg' build argument 'cmake_force_configure' from command line to 'False'
[1.414s] Level 5:colcon.colcon_core.verb:set package 'sensors_pkg' build argument 'ament_cmake_args' from command line to 'None'
[1.414s] Level 5:colcon.colcon_core.verb:set package 'sensors_pkg' build argument 'catkin_cmake_args' from command line to 'None'
[1.414s] Level 5:colcon.colcon_core.verb:set package 'sensors_pkg' build argument 'catkin_skip_building_tests' from command line to 'False'
[1.414s] DEBUG:colcon.colcon_core.verb:Building package 'sensors_pkg' with the following arguments: {'ament_cmake_args': None, 'build_base': '/home/skulikk/robot/build/sensors_pkg', 'catkin_cmake_args': None, 'catkin_skip_building_tests': False, 'cmake_args': None, 'cmake_clean_cache': False, 'cmake_clean_first': False, 'cmake_force_configure': False, 'cmake_target': None, 'cmake_target_skip_unavailable': False, 'install_base': '/home/skulikk/robot/install/sensors_pkg', 'merge_install': False, 'path': '/home/skulikk/robot/src/sensors_pkg', 'symlink_install': True, 'test_result_base': None}
[1.416s] Level 5:colcon.colcon_core.verb:set package 'control_pkg' build argument 'cmake_args' from command line to 'None'
[1.416s] Level 5:colcon.colcon_core.verb:set package 'control_pkg' build argument 'cmake_target' from command line to 'None'
[1.416s] Level 5:colcon.colcon_core.verb:set package 'control_pkg' build argument 'cmake_target_skip_unavailable' from command line to 'False'
[1.416s] Level 5:colcon.colcon_core.verb:set package 'control_pkg' build argument 'cmake_clean_cache' from command line to 'False'
[1.416s] Level 5:colcon.colcon_core.verb:set package 'control_pkg' build argument 'cmake_clean_first' from command line to 'False'
[1.416s] Level 5:colcon.colcon_core.verb:set package 'control_pkg' build argument 'cmake_force_configure' from command line to 'False'
[1.416s] Level 5:colcon.colcon_core.verb:set package 'control_pkg' build argument 'ament_cmake_args' from command line to 'None'
[1.416s] Level 5:colcon.colcon_core.verb:set package 'control_pkg' build argument 'catkin_cmake_args' from command line to 'None'
[1.417s] Level 5:colcon.colcon_core.verb:set package 'control_pkg' build argument 'catkin_skip_building_tests' from command line to 'False'
[1.417s] DEBUG:colcon.colcon_core.verb:Building package 'control_pkg' with the following arguments: {'ament_cmake_args': None, 'build_base': '/home/skulikk/robot/build/control_pkg', 'catkin_cmake_args': None, 'catkin_skip_building_tests': False, 'cmake_args': None, 'cmake_clean_cache': False, 'cmake_clean_first': False, 'cmake_force_configure': False, 'cmake_target': None, 'cmake_target_skip_unavailable': False, 'install_base': '/home/skulikk/robot/install/control_pkg', 'merge_install': False, 'path': '/home/skulikk/robot/src/control_pkg', 'symlink_install': True, 'test_result_base': None}
[1.417s] INFO:colcon.colcon_core.executor:Executing jobs using 'parallel' executor
[1.420s] DEBUG:colcon.colcon_parallel_executor.executor.parallel:run_until_complete
[1.422s] INFO:colcon.colcon_ros.task.ament_cmake.build:Building ROS package in '/home/skulikk/robot/src/sensors_pkg' with build type 'ament_cmake'
[1.422s] INFO:colcon.colcon_cmake.task.cmake.build:Building CMake package in '/home/skulikk/robot/src/sensors_pkg'
[1.431s] INFO:colcon.colcon_core.plugin_system:Skipping extension 'colcon_core.shell.bat': Not used on non-Windows systems
[1.432s] INFO:colcon.colcon_core.shell:Skip shell extension 'powershell' for command environment: Not usable outside of PowerShell
[1.432s] DEBUG:colcon.colcon_core.shell:Skip shell extension 'dsv' for command environment
[1.471s] DEBUG:colcon.colcon_core.event_handler.log_command:Invoking command in '/home/skulikk/robot/build/sensors_pkg': CMAKE_PREFIX_PATH=${CMAKE_PREFIX_PATH}:/opt/ros/humble /usr/bin/cmake --build /home/skulikk/robot/build/sensors_pkg -- -j4 -l4
[21.835s] DEBUG:colcon.colcon_core.event_handler.log_command:Invoked command in '/home/skulikk/robot/build/sensors_pkg' returned '0': CMAKE_PREFIX_PATH=${CMAKE_PREFIX_PATH}:/opt/ros/humble /usr/bin/cmake --build /home/skulikk/robot/build/sensors_pkg -- -j4 -l4
[21.878s] DEBUG:colcon.colcon_core.event_handler.log_command:Invoking command in '/home/skulikk/robot/build/sensors_pkg': CMAKE_PREFIX_PATH=${CMAKE_PREFIX_PATH}:/opt/ros/humble /usr/bin/cmake --install /home/skulikk/robot/build/sensors_pkg
[22.211s] Level 1:colcon.colcon_core.environment:create_environment_scripts_only(sensors_pkg)
[22.212s] DEBUG:colcon.colcon_core.event_handler.log_command:Invoked command in '/home/skulikk/robot/build/sensors_pkg' returned '0': CMAKE_PREFIX_PATH=${CMAKE_PREFIX_PATH}:/opt/ros/humble /usr/bin/cmake --install /home/skulikk/robot/build/sensors_pkg
[22.223s] Level 1:colcon.colcon_core.environment:checking '/home/skulikk/robot/install/sensors_pkg' for CMake module files
[22.228s] Level 1:colcon.colcon_core.environment:checking '/home/skulikk/robot/install/sensors_pkg' for CMake config files
[22.235s] Level 1:colcon.colcon_core.shell:create_environment_hook('sensors_pkg', 'cmake_prefix_path')
[22.236s] INFO:colcon.colcon_core.shell:Creating environment hook '/home/skulikk/robot/install/sensors_pkg/share/sensors_pkg/hook/cmake_prefix_path.ps1'
[22.239s] INFO:colcon.colcon_core.shell:Creating environment descriptor '/home/skulikk/robot/install/sensors_pkg/share/sensors_pkg/hook/cmake_prefix_path.dsv'
[22.241s] INFO:colcon.colcon_core.shell:Creating environment hook '/home/skulikk/robot/install/sensors_pkg/share/sensors_pkg/hook/cmake_prefix_path.sh'
[22.245s] Level 1:colcon.colcon_core.environment:checking '/home/skulikk/robot/install/sensors_pkg/lib'
[22.246s] Level 1:colcon.colcon_core.shell:create_environment_hook('sensors_pkg', 'ld_library_path_lib')
[22.247s] INFO:colcon.colcon_core.shell:Creating environment hook '/home/skulikk/robot/install/sensors_pkg/share/sensors_pkg/hook/ld_library_path_lib.ps1'
[22.249s] INFO:colcon.colcon_core.shell:Creating environment descriptor '/home/skulikk/robot/install/sensors_pkg/share/sensors_pkg/hook/ld_library_path_lib.dsv'
[22.250s] INFO:colcon.colcon_core.shell:Creating environment hook '/home/skulikk/robot/install/sensors_pkg/share/sensors_pkg/hook/ld_library_path_lib.sh'
[22.252s] Level 1:colcon.colcon_core.environment:checking '/home/skulikk/robot/install/sensors_pkg/bin'
[22.252s] Level 1:colcon.colcon_core.environment:checking '/home/skulikk/robot/install/sensors_pkg/lib/pkgconfig/sensors_pkg.pc'
[22.253s] Level 1:colcon.colcon_core.environment:checking '/home/skulikk/robot/install/sensors_pkg/lib/python3.10/site-packages'
[22.254s] Level 1:colcon.colcon_core.environment:checking '/home/skulikk/robot/install/sensors_pkg/bin'
[22.256s] INFO:colcon.colcon_core.shell:Creating package script '/home/skulikk/robot/install/sensors_pkg/share/sensors_pkg/package.ps1'
[22.259s] INFO:colcon.colcon_core.shell:Creating package descriptor '/home/skulikk/robot/install/sensors_pkg/share/sensors_pkg/package.dsv'
[22.261s] INFO:colcon.colcon_core.shell:Creating package script '/home/skulikk/robot/install/sensors_pkg/share/sensors_pkg/package.sh'
[22.265s] INFO:colcon.colcon_core.shell:Creating package script '/home/skulikk/robot/install/sensors_pkg/share/sensors_pkg/package.bash'
[22.268s] INFO:colcon.colcon_core.shell:Creating package script '/home/skulikk/robot/install/sensors_pkg/share/sensors_pkg/package.zsh'
[22.272s] Level 1:colcon.colcon_core.environment:create_file_with_runtime_dependencies(/home/skulikk/robot/install/sensors_pkg/share/colcon-core/packages/sensors_pkg)
[22.275s] Level 1:colcon.colcon_core.environment:create_environment_scripts_only(sensors_pkg)
[22.275s] Level 1:colcon.colcon_core.environment:checking '/home/skulikk/robot/install/sensors_pkg' for CMake module files
[22.280s] Level 1:colcon.colcon_core.environment:checking '/home/skulikk/robot/install/sensors_pkg' for CMake config files
[22.287s] Level 1:colcon.colcon_core.shell:create_environment_hook('sensors_pkg', 'cmake_prefix_path')
[22.288s] INFO:colcon.colcon_core.shell:Creating environment hook '/home/skulikk/robot/install/sensors_pkg/share/sensors_pkg/hook/cmake_prefix_path.ps1'
[22.290s] INFO:colcon.colcon_core.shell:Creating environment descriptor '/home/skulikk/robot/install/sensors_pkg/share/sensors_pkg/hook/cmake_prefix_path.dsv'
[22.292s] INFO:colcon.colcon_core.shell:Creating environment hook '/home/skulikk/robot/install/sensors_pkg/share/sensors_pkg/hook/cmake_prefix_path.sh'
[22.295s] Level 1:colcon.colcon_core.environment:checking '/home/skulikk/robot/install/sensors_pkg/lib'
[22.295s] Level 1:colcon.colcon_core.shell:create_environment_hook('sensors_pkg', 'ld_library_path_lib')
[22.296s] INFO:colcon.colcon_core.shell:Creating environment hook '/home/skulikk/robot/install/sensors_pkg/share/sensors_pkg/hook/ld_library_path_lib.ps1'
[22.298s] INFO:colcon.colcon_core.shell:Creating environment descriptor '/home/skulikk/robot/install/sensors_pkg/share/sensors_pkg/hook/ld_library_path_lib.dsv'
[22.300s] INFO:colcon.colcon_core.shell:Creating environment hook '/home/skulikk/robot/install/sensors_pkg/share/sensors_pkg/hook/ld_library_path_lib.sh'
[22.302s] Level 1:colcon.colcon_core.environment:checking '/home/skulikk/robot/install/sensors_pkg/bin'
[22.302s] Level 1:colcon.colcon_core.environment:checking '/home/skulikk/robot/install/sensors_pkg/lib/pkgconfig/sensors_pkg.pc'
[22.303s] Level 1:colcon.colcon_core.environment:checking '/home/skulikk/robot/install/sensors_pkg/lib/python3.10/site-packages'
[22.304s] Level 1:colcon.colcon_core.environment:checking '/home/skulikk/robot/install/sensors_pkg/bin'
[22.306s] INFO:colcon.colcon_core.shell:Creating package script '/home/skulikk/robot/install/sensors_pkg/share/sensors_pkg/package.ps1'
[22.309s] INFO:colcon.colcon_core.shell:Creating package descriptor '/home/skulikk/robot/install/sensors_pkg/share/sensors_pkg/package.dsv'
[22.311s] INFO:colcon.colcon_core.shell:Creating package script '/home/skulikk/robot/install/sensors_pkg/share/sensors_pkg/package.sh'
[22.314s] INFO:colcon.colcon_core.shell:Creating package script '/home/skulikk/robot/install/sensors_pkg/share/sensors_pkg/package.bash'
[22.317s] INFO:colcon.colcon_core.shell:Creating package script '/home/skulikk/robot/install/sensors_pkg/share/sensors_pkg/package.zsh'
[22.319s] Level 1:colcon.colcon_core.environment:create_file_with_runtime_dependencies(/home/skulikk/robot/install/sensors_pkg/share/colcon-core/packages/sensors_pkg)
[22.320s] INFO:colcon.colcon_ros.task.ament_cmake.build:Building ROS package in '/home/skulikk/robot/src/control_pkg' with build type 'ament_cmake'
[22.321s] INFO:colcon.colcon_cmake.task.cmake.build:Building CMake package in '/home/skulikk/robot/src/control_pkg'
[22.322s] INFO:colcon.colcon_core.shell:Skip shell extension 'powershell' for command environment: Not usable outside of PowerShell
[22.322s] DEBUG:colcon.colcon_core.shell:Skip shell extension 'dsv' for command environment
[22.378s] DEBUG:colcon.colcon_core.event_handler.log_command:Invoking command in '/home/skulikk/robot/build/control_pkg': CMAKE_PREFIX_PATH=${CMAKE_PREFIX_PATH}:/opt/ros/humble /usr/bin/cmake --build /home/skulikk/robot/build/control_pkg -- -j4 -l4
[68.410s] DEBUG:colcon.colcon_core.event_handler.log_command:Invoked command in '/home/skulikk/robot/build/control_pkg' returned '0': CMAKE_PREFIX_PATH=${CMAKE_PREFIX_PATH}:/opt/ros/humble /usr/bin/cmake --build /home/skulikk/robot/build/control_pkg -- -j4 -l4
[68.419s] DEBUG:colcon.colcon_core.event_handler.log_command:Invoking command in '/home/skulikk/robot/build/control_pkg': CMAKE_PREFIX_PATH=${CMAKE_PREFIX_PATH}:/opt/ros/humble /usr/bin/cmake --install /home/skulikk/robot/build/control_pkg
[68.500s] Level 1:colcon.colcon_core.environment:create_environment_scripts_only(control_pkg)
[68.501s] Level 1:colcon.colcon_core.environment:checking '/home/skulikk/robot/install/control_pkg' for CMake module files
[68.505s] DEBUG:colcon.colcon_core.event_handler.log_command:Invoked command in '/home/skulikk/robot/build/control_pkg' returned '0': CMAKE_PREFIX_PATH=${CMAKE_PREFIX_PATH}:/opt/ros/humble /usr/bin/cmake --install /home/skulikk/robot/build/control_pkg
[68.511s] Level 1:colcon.colcon_core.environment:checking '/home/skulikk/robot/install/control_pkg' for CMake config files
[68.518s] Level 1:colcon.colcon_core.shell:create_environment_hook('control_pkg', 'cmake_prefix_path')
[68.521s] INFO:colcon.colcon_core.shell:Creating environment hook '/home/skulikk/robot/install/control_pkg/share/control_pkg/hook/cmake_prefix_path.ps1'
[68.526s] INFO:colcon.colcon_core.shell:Creating environment descriptor '/home/skulikk/robot/install/control_pkg/share/control_pkg/hook/cmake_prefix_path.dsv'
[68.531s] INFO:colcon.colcon_core.shell:Creating environment hook '/home/skulikk/robot/install/control_pkg/share/control_pkg/hook/cmake_prefix_path.sh'
[68.537s] Level 1:colcon.colcon_core.environment:checking '/home/skulikk/robot/install/control_pkg/lib'
[68.538s] Level 1:colcon.colcon_core.environment:checking '/home/skulikk/robot/install/control_pkg/bin'
[68.539s] Level 1:colcon.colcon_core.environment:checking '/home/skulikk/robot/install/control_pkg/lib/pkgconfig/control_pkg.pc'
[68.542s] Level 1:colcon.colcon_core.environment:checking '/home/skulikk/robot/install/control_pkg/lib/python3.10/site-packages'
[68.544s] Level 1:colcon.colcon_core.environment:checking '/home/skulikk/robot/install/control_pkg/bin'
[68.547s] INFO:colcon.colcon_core.shell:Creating package script '/home/skulikk/robot/install/control_pkg/share/control_pkg/package.ps1'
[68.552s] INFO:colcon.colcon_core.shell:Creating package descriptor '/home/skulikk/robot/install/control_pkg/share/control_pkg/package.dsv'
[68.557s] INFO:colcon.colcon_core.shell:Creating package script '/home/skulikk/robot/install/control_pkg/share/control_pkg/package.sh'
[68.562s] INFO:colcon.colcon_core.shell:Creating package script '/home/skulikk/robot/install/control_pkg/share/control_pkg/package.bash'
[68.566s] INFO:colcon.colcon_core.shell:Creating package script '/home/skulikk/robot/install/control_pkg/share/control_pkg/package.zsh'
[68.570s] Level 1:colcon.colcon_core.environment:create_file_with_runtime_dependencies(/home/skulikk/robot/install/control_pkg/share/colcon-core/packages/control_pkg)
[68.576s] Level 1:colcon.colcon_core.environment:create_environment_scripts_only(control_pkg)
[68.579s] Level 1:colcon.colcon_core.environment:checking '/home/skulikk/robot/install/control_pkg' for CMake module files
[68.586s] Level 1:colcon.colcon_core.environment:checking '/home/skulikk/robot/install/control_pkg' for CMake config files
[68.595s] Level 1:colcon.colcon_core.shell:create_environment_hook('control_pkg', 'cmake_prefix_path')
[68.597s] INFO:colcon.colcon_core.shell:Creating environment hook '/home/skulikk/robot/install/control_pkg/share/control_pkg/hook/cmake_prefix_path.ps1'
[68.602s] INFO:colcon.colcon_core.shell:Creating environment descriptor '/home/skulikk/robot/install/control_pkg/share/control_pkg/hook/cmake_prefix_path.dsv'
[68.606s] INFO:colcon.colcon_core.shell:Creating environment hook '/home/skulikk/robot/install/control_pkg/share/control_pkg/hook/cmake_prefix_path.sh'
[68.612s] Level 1:colcon.colcon_core.environment:checking '/home/skulikk/robot/install/control_pkg/lib'
[68.613s] Level 1:colcon.colcon_core.environment:checking '/home/skulikk/robot/install/control_pkg/bin'
[68.614s] Level 1:colcon.colcon_core.environment:checking '/home/skulikk/robot/install/control_pkg/lib/pkgconfig/control_pkg.pc'
[68.616s] Level 1:colcon.colcon_core.environment:checking '/home/skulikk/robot/install/control_pkg/lib/python3.10/site-packages'
[68.618s] Level 1:colcon.colcon_core.environment:checking '/home/skulikk/robot/install/control_pkg/bin'
[68.621s] INFO:colcon.colcon_core.shell:Creating package script '/home/skulikk/robot/install/control_pkg/share/control_pkg/package.ps1'
[68.627s] INFO:colcon.colcon_core.shell:Creating package descriptor '/home/skulikk/robot/install/control_pkg/share/control_pkg/package.dsv'
[68.632s] INFO:colcon.colcon_core.shell:Creating package script '/home/skulikk/robot/install/control_pkg/share/control_pkg/package.sh'
[68.637s] INFO:colcon.colcon_core.shell:Creating package script '/home/skulikk/robot/install/control_pkg/share/control_pkg/package.bash'
[68.642s] INFO:colcon.colcon_core.shell:Creating package script '/home/skulikk/robot/install/control_pkg/share/control_pkg/package.zsh'
[68.647s] Level 1:colcon.colcon_core.environment:create_file_with_runtime_dependencies(/home/skulikk/robot/install/control_pkg/share/colcon-core/packages/control_pkg)
[68.649s] DEBUG:colcon.colcon_parallel_executor.executor.parallel:closing loop
[68.652s] DEBUG:colcon.colcon_parallel_executor.executor.parallel:loop closed
[68.653s] DEBUG:colcon.colcon_parallel_executor.executor.parallel:run_until_complete finished with '0'
[68.653s] DEBUG:colcon.colcon_core.event_reactor:joining thread
[68.703s] INFO:colcon.colcon_core.plugin_system:Skipping extension 'colcon_notification.desktop_notification.terminal_notifier': Not used on non-Darwin systems
[68.704s] INFO:colcon.colcon_core.plugin_system:Skipping extension 'colcon_notification.desktop_notification.win32': Not used on non-Windows systems
[68.705s] INFO:colcon.colcon_notification.desktop_notification:Sending desktop notification using 'notify2'
[68.788s] DEBUG:colcon.colcon_core.event_reactor:joined thread
[68.790s] INFO:colcon.colcon_core.shell:Creating prefix script '/home/skulikk/robot/install/local_setup.ps1'
[68.800s] INFO:colcon.colcon_core.shell:Creating prefix util module '/home/skulikk/robot/install/_local_setup_util_ps1.py'
[68.816s] INFO:colcon.colcon_core.shell:Creating prefix chain script '/home/skulikk/robot/install/setup.ps1'
[68.827s] INFO:colcon.colcon_core.shell:Creating prefix script '/home/skulikk/robot/install/local_setup.sh'
[68.834s] INFO:colcon.colcon_core.shell:Creating prefix util module '/home/skulikk/robot/install/_local_setup_util_sh.py'
[68.841s] INFO:colcon.colcon_core.shell:Creating prefix chain script '/home/skulikk/robot/install/setup.sh'
[68.854s] INFO:colcon.colcon_core.shell:Creating prefix script '/home/skulikk/robot/install/local_setup.bash'
[68.859s] INFO:colcon.colcon_core.shell:Creating prefix chain script '/home/skulikk/robot/install/setup.bash'
[68.871s] INFO:colcon.colcon_core.shell:Creating prefix script '/home/skulikk/robot/install/local_setup.zsh'
[68.876s] INFO:colcon.colcon_core.shell:Creating prefix chain script '/home/skulikk/robot/install/setup.zsh'
