-- The C compiler identification is GNU 11.4.0
-- The CXX compiler identification is GNU 11.4.0
-- Detecting C compiler ABI info
-- Detecting C compiler ABI info - done
-- Check for working C compiler: /usr/bin/cc - skipped
-- Detecting C compile features
-- Detecting C compile features - done
-- Detecting CXX compiler ABI info
-- Detecting CXX compiler ABI info - done
-- Check for working CXX compiler: /usr/bin/c++ - skipped
-- Detecting CXX compile features
-- Detecting CXX compile features - done
-- Found ament_cmake: 1.3.11 (/opt/ros/humble/share/ament_cmake/cmake)
-- Found Python3: /usr/bin/python3 (found version "3.10.12") found components: Interpreter 
-- Found rclcpp: 16.0.11 (/opt/ros/humble/share/rclcpp/cmake)
-- Found rosidl_generator_c: 3.1.6 (/opt/ros/humble/share/rosidl_generator_c/cmake)
-- Found rosidl_adapter: 3.1.6 (/opt/ros/humble/share/rosidl_adapter/cmake)
-- Found rosidl_generator_cpp: 3.1.6 (/opt/ros/humble/share/rosidl_generator_cpp/cmake)
-- Using all available rosidl_typesupport_c: rosidl_typesupport_fastrtps_c;rosidl_typesupport_introspection_c
-- Using all available rosidl_typesupport_cpp: rosidl_typesupport_fastrtps_cpp;rosidl_typesupport_introspection_cpp
-- Found rmw_implementation_cmake: 6.1.2 (/opt/ros/humble/share/rmw_implementation_cmake/cmake)
-- Found rmw_fastrtps_cpp: 6.2.7 (/opt/ros/humble/share/rmw_fastrtps_cpp/cmake)
-- Found OpenSSL: /usr/lib/aarch64-linux-gnu/libcrypto.so (found version "3.0.2")  
-- Found FastRTPS: /opt/ros/humble/include  
-- Using RMW implementation 'rmw_fastrtps_cpp' as default
-- Looking for pthread.h
-- Looking for pthread.h - found
-- Performing Test CMAKE_HAVE_LIBC_PTHREAD
-- Performing Test CMAKE_HAVE_LIBC_PTHREAD - Success
-- Found Threads: TRUE  
-- Found ament_lint_auto: 0.12.11 (/opt/ros/humble/share/ament_lint_auto/cmake)
-- Added test 'cppcheck' to perform static code analysis on C / C++ code
-- Configured cppcheck include dirs: $<BUILD_INTERFACE:/home/skulikk/robot/src/imu_package/include>
-- Configured cppcheck exclude dirs and/or files: 
-- Added test 'lint_cmake' to check CMake code style
-- Added test 'uncrustify' to check C / C++ code style
-- Configured uncrustify additional arguments: 
-- Added test 'xmllint' to check XML markup files
-- Configuring done
-- Generating done
-- Build files have been written to: /home/skulikk/robot/src/imu_package/build/imu_package
[ 50%] [32mBuilding CXX object CMakeFiles/imu_node.dir/src/imu_node.cpp.o[0m
[100%] [32m[1mLinking CXX executable imu_node[0m
[100%] Built target imu_node
-- Install configuration: ""
-- Installing: /home/skulikk/robot/src/imu_package/install/imu_package/lib/imu_package/imu_node
-- Set runtime path of "/home/skulikk/robot/src/imu_package/install/imu_package/lib/imu_package/imu_node" to ""
-- Installing: /home/skulikk/robot/src/imu_package/install/imu_package/share/ament_index/resource_index/package_run_dependencies/imu_package
-- Installing: /home/skulikk/robot/src/imu_package/install/imu_package/share/ament_index/resource_index/parent_prefix_path/imu_package
-- Installing: /home/skulikk/robot/src/imu_package/install/imu_package/share/imu_package/environment/ament_prefix_path.sh
-- Installing: /home/skulikk/robot/src/imu_package/install/imu_package/share/imu_package/environment/ament_prefix_path.dsv
-- Installing: /home/skulikk/robot/src/imu_package/install/imu_package/share/imu_package/environment/path.sh
-- Installing: /home/skulikk/robot/src/imu_package/install/imu_package/share/imu_package/environment/path.dsv
-- Installing: /home/skulikk/robot/src/imu_package/install/imu_package/share/imu_package/local_setup.bash
-- Installing: /home/skulikk/robot/src/imu_package/install/imu_package/share/imu_package/local_setup.sh
-- Installing: /home/skulikk/robot/src/imu_package/install/imu_package/share/imu_package/local_setup.zsh
-- Installing: /home/skulikk/robot/src/imu_package/install/imu_package/share/imu_package/local_setup.dsv
-- Installing: /home/skulikk/robot/src/imu_package/install/imu_package/share/imu_package/package.dsv
-- Installing: /home/skulikk/robot/src/imu_package/install/imu_package/share/ament_index/resource_index/packages/imu_package
-- Installing: /home/skulikk/robot/src/imu_package/install/imu_package/share/imu_package/cmake/imu_packageConfig.cmake
-- Installing: /home/skulikk/robot/src/imu_package/install/imu_package/share/imu_package/cmake/imu_packageConfig-version.cmake
-- Installing: /home/skulikk/robot/src/imu_package/install/imu_package/share/imu_package/package.xml
