[0.049s] Invoking command in '/home/skulikk/robot/src/imu_package/build/imu_package': CMAKE_PREFIX_PATH=/opt/ros/humble /usr/bin/cmake /home/skulikk/robot/src/imu_package -DCMAKE_INSTALL_PREFIX=/home/skulikk/robot/src/imu_package/install/imu_package
[0.734s] -- The C compiler identification is GNU 11.4.0
[1.355s] -- The CXX compiler identification is GNU 11.4.0
[1.411s] -- Detecting C compiler ABI info
[1.828s] -- Detecting C compiler ABI info - done
[1.860s] -- Check for working C compiler: /usr/bin/cc - skipped
[1.864s] -- Detecting C compile features
[1.868s] -- Detecting C compile features - done
[1.884s] -- Detecting CXX compiler ABI info
[2.304s] -- Detecting CXX compiler ABI info - done
[2.333s] -- Check for working CXX compiler: /usr/bin/c++ - skipped
[2.335s] -- Detecting CXX compile features
[2.337s] -- Detecting CXX compile features - done
[2.393s] -- Found ament_cmake: 1.3.11 (/opt/ros/humble/share/ament_cmake/cmake)
[3.131s] -- Found Python3: /usr/bin/python3 (found version "3.10.12") found components: Interpreter 
[3.740s] -- Found rclcpp: 16.0.11 (/opt/ros/humble/share/rclcpp/cmake)
[4.127s] -- Found rosidl_generator_c: 3.1.6 (/opt/ros/humble/share/rosidl_generator_c/cmake)
[4.175s] -- Found rosidl_adapter: 3.1.6 (/opt/ros/humble/share/rosidl_adapter/cmake)
[4.251s] -- Found rosidl_generator_cpp: 3.1.6 (/opt/ros/humble/share/rosidl_generator_cpp/cmake)
[4.367s] -- Using all available rosidl_typesupport_c: rosidl_typesupport_fastrtps_c;rosidl_typesupport_introspection_c
[4.489s] -- Using all available rosidl_typesupport_cpp: rosidl_typesupport_fastrtps_cpp;rosidl_typesupport_introspection_cpp
[4.823s] -- Found rmw_implementation_cmake: 6.1.2 (/opt/ros/humble/share/rmw_implementation_cmake/cmake)
[4.850s] -- Found rmw_fastrtps_cpp: 6.2.7 (/opt/ros/humble/share/rmw_fastrtps_cpp/cmake)
[5.384s] -- Found OpenSSL: /usr/lib/aarch64-linux-gnu/libcrypto.so (found version "3.0.2")  
[5.560s] -- Found FastRTPS: /opt/ros/humble/include  
[5.838s] -- Using RMW implementation 'rmw_fastrtps_cpp' as default
[5.915s] -- Looking for pthread.h
[6.280s] -- Looking for pthread.h - found
[6.283s] -- Performing Test CMAKE_HAVE_LIBC_PTHREAD
[6.655s] -- Performing Test CMAKE_HAVE_LIBC_PTHREAD - Success
[6.665s] -- Found Threads: TRUE  
[7.074s] -- Found ament_lint_auto: 0.12.11 (/opt/ros/humble/share/ament_lint_auto/cmake)
[7.643s] -- Added test 'cppcheck' to perform static code analysis on C / C++ code
[7.644s] -- Configured cppcheck include dirs: $<BUILD_INTERFACE:/home/skulikk/robot/src/imu_package/include>
[7.644s] -- Configured cppcheck exclude dirs and/or files: 
[7.668s] -- Added test 'lint_cmake' to check CMake code style
[7.735s] -- Added test 'uncrustify' to check C / C++ code style
[7.736s] -- Configured uncrustify additional arguments: 
[7.746s] -- Added test 'xmllint' to check XML markup files
[7.758s] -- Configuring done
[7.819s] -- Generating done
[7.835s] -- Build files have been written to: /home/skulikk/robot/src/imu_package/build/imu_package
[7.870s] Invoked command in '/home/skulikk/robot/src/imu_package/build/imu_package' returned '0': CMAKE_PREFIX_PATH=/opt/ros/humble /usr/bin/cmake /home/skulikk/robot/src/imu_package -DCMAKE_INSTALL_PREFIX=/home/skulikk/robot/src/imu_package/install/imu_package
[7.879s] Invoking command in '/home/skulikk/robot/src/imu_package/build/imu_package': CMAKE_PREFIX_PATH=/opt/ros/humble /usr/bin/cmake --build /home/skulikk/robot/src/imu_package/build/imu_package -- -j4 -l4
[8.098s] [ 50%] [32mBuilding CXX object CMakeFiles/imu_node.dir/src/imu_node.cpp.o[0m
[26.091s] [100%] [32m[1mLinking CXX executable imu_node[0m
[27.152s] [100%] Built target imu_node
[27.191s] Invoked command in '/home/skulikk/robot/src/imu_package/build/imu_package' returned '0': CMAKE_PREFIX_PATH=/opt/ros/humble /usr/bin/cmake --build /home/skulikk/robot/src/imu_package/build/imu_package -- -j4 -l4
[27.235s] Invoking command in '/home/skulikk/robot/src/imu_package/build/imu_package': CMAKE_PREFIX_PATH=/opt/ros/humble /usr/bin/cmake --install /home/skulikk/robot/src/imu_package/build/imu_package
[27.265s] -- Install configuration: ""
[27.267s] -- Installing: /home/skulikk/robot/src/imu_package/install/imu_package/lib/imu_package/imu_node
[27.278s] -- Set runtime path of "/home/skulikk/robot/src/imu_package/install/imu_package/lib/imu_package/imu_node" to ""
[27.278s] -- Installing: /home/skulikk/robot/src/imu_package/install/imu_package/share/ament_index/resource_index/package_run_dependencies/imu_package
[27.280s] -- Installing: /home/skulikk/robot/src/imu_package/install/imu_package/share/ament_index/resource_index/parent_prefix_path/imu_package
[27.282s] -- Installing: /home/skulikk/robot/src/imu_package/install/imu_package/share/imu_package/environment/ament_prefix_path.sh
[27.283s] -- Installing: /home/skulikk/robot/src/imu_package/install/imu_package/share/imu_package/environment/ament_prefix_path.dsv
[27.285s] -- Installing: /home/skulikk/robot/src/imu_package/install/imu_package/share/imu_package/environment/path.sh
[27.286s] -- Installing: /home/skulikk/robot/src/imu_package/install/imu_package/share/imu_package/environment/path.dsv
[27.287s] -- Installing: /home/skulikk/robot/src/imu_package/install/imu_package/share/imu_package/local_setup.bash
[27.289s] -- Installing: /home/skulikk/robot/src/imu_package/install/imu_package/share/imu_package/local_setup.sh
[27.290s] -- Installing: /home/skulikk/robot/src/imu_package/install/imu_package/share/imu_package/local_setup.zsh
[27.292s] -- Installing: /home/skulikk/robot/src/imu_package/install/imu_package/share/imu_package/local_setup.dsv
[27.293s] -- Installing: /home/skulikk/robot/src/imu_package/install/imu_package/share/imu_package/package.dsv
[27.295s] -- Installing: /home/skulikk/robot/src/imu_package/install/imu_package/share/ament_index/resource_index/packages/imu_package
[27.297s] -- Installing: /home/skulikk/robot/src/imu_package/install/imu_package/share/imu_package/cmake/imu_packageConfig.cmake
[27.298s] -- Installing: /home/skulikk/robot/src/imu_package/install/imu_package/share/imu_package/cmake/imu_packageConfig-version.cmake
[27.299s] -- Installing: /home/skulikk/robot/src/imu_package/install/imu_package/share/imu_package/package.xml
[27.311s] Invoked command in '/home/skulikk/robot/src/imu_package/build/imu_package' returned '0': CMAKE_PREFIX_PATH=/opt/ros/humble /usr/bin/cmake --install /home/skulikk/robot/src/imu_package/build/imu_package
