[0.418s] DEBUG:colcon:Command line arguments: ['/usr/bin/colcon', 'build']
[0.419s] DEBUG:colcon:Parsed command line arguments: Namespace(log_base=None, log_level=None, verb_name='build', build_base='build', install_base='install', merge_install=False, symlink_install=False, test_result_base=None, continue_on_error=False, executor='parallel', parallel_workers=4, event_handlers=None, ignore_user_meta=False, metas=['./colcon.meta'], base_paths=['.'], packages_ignore=None, packages_ignore_regex=None, paths=None, packages_up_to=None, packages_up_to_regex=None, packages_above=None, packages_above_and_dependencies=None, packages_above_depth=None, packages_select_by_dep=None, packages_skip_by_dep=None, packages_skip_up_to=None, packages_select_build_failed=False, packages_skip_build_finished=False, packages_select_test_failures=False, packages_skip_test_passed=False, packages_select=None, packages_skip=None, packages_select_regex=None, packages_skip_regex=None, packages_start=None, packages_end=None, allow_overriding=[], cmake_args=None, cmake_target=None, cmake_target_skip_unavailable=False, cmake_clean_cache=False, cmake_clean_first=False, cmake_force_configure=False, ament_cmake_args=None, catkin_cmake_args=None, catkin_skip_building_tests=False, verb_parser=<colcon_defaults.argument_parser.defaults.DefaultArgumentsDecorator object at 0xffff8b1b5d20>, verb_extension=<colcon_core.verb.build.BuildVerb object at 0xffff8b2c3190>, main=<bound method BuildVerb.main of <colcon_core.verb.build.BuildVerb object at 0xffff8b2c3190>>)
[1.232s] Level 1:colcon.colcon_core.package_discovery:discover_packages(colcon_meta) check parameters
[1.232s] Level 1:colcon.colcon_core.package_discovery:discover_packages(recursive) check parameters
[1.233s] Level 1:colcon.colcon_core.package_discovery:discover_packages(ignore) check parameters
[1.233s] Level 1:colcon.colcon_core.package_discovery:discover_packages(path) check parameters
[1.233s] Level 1:colcon.colcon_core.package_discovery:discover_packages(colcon_meta) discover
[1.233s] Level 1:colcon.colcon_core.package_discovery:discover_packages(recursive) discover
[1.233s] INFO:colcon.colcon_core.package_discovery:Crawling recursively for packages in '/home/skulikk/robot/src'
[1.234s] Level 1:colcon.colcon_core.package_identification:_identify(.) by extensions ['ignore', 'ignore_ament_install']
[1.234s] Level 1:colcon.colcon_core.package_identification:_identify(.) by extension 'ignore'
[1.234s] Level 1:colcon.colcon_core.package_identification:_identify(.) by extension 'ignore_ament_install'
[1.235s] Level 1:colcon.colcon_core.package_identification:_identify(.) by extensions ['colcon_pkg']
[1.235s] Level 1:colcon.colcon_core.package_identification:_identify(.) by extension 'colcon_pkg'
[1.235s] Level 1:colcon.colcon_core.package_identification:_identify(.) by extensions ['colcon_meta']
[1.235s] Level 1:colcon.colcon_core.package_identification:_identify(.) by extension 'colcon_meta'
[1.235s] Level 1:colcon.colcon_core.package_identification:_identify(.) by extensions ['ros']
[1.235s] Level 1:colcon.colcon_core.package_identification:_identify(.) by extension 'ros'
[1.279s] Level 1:colcon.colcon_core.package_identification:_identify(.) by extensions ['cmake', 'python']
[1.280s] Level 1:colcon.colcon_core.package_identification:_identify(.) by extension 'cmake'
[1.280s] Level 1:colcon.colcon_core.package_identification:_identify(.) by extension 'python'
[1.280s] Level 1:colcon.colcon_core.package_identification:_identify(.) by extensions ['python_setup_py']
[1.280s] Level 1:colcon.colcon_core.package_identification:_identify(.) by extension 'python_setup_py'
[1.281s] Level 1:colcon.colcon_core.package_identification:_identify(build) by extensions ['ignore', 'ignore_ament_install']
[1.281s] Level 1:colcon.colcon_core.package_identification:_identify(build) by extension 'ignore'
[1.282s] Level 1:colcon.colcon_core.package_identification:_identify(build) ignored
[1.282s] Level 1:colcon.colcon_core.package_identification:_identify(control_pkg) by extensions ['ignore', 'ignore_ament_install']
[1.282s] Level 1:colcon.colcon_core.package_identification:_identify(control_pkg) by extension 'ignore'
[1.283s] Level 1:colcon.colcon_core.package_identification:_identify(control_pkg) by extension 'ignore_ament_install'
[1.283s] Level 1:colcon.colcon_core.package_identification:_identify(control_pkg) by extensions ['colcon_pkg']
[1.283s] Level 1:colcon.colcon_core.package_identification:_identify(control_pkg) by extension 'colcon_pkg'
[1.283s] Level 1:colcon.colcon_core.package_identification:_identify(control_pkg) by extensions ['colcon_meta']
[1.284s] Level 1:colcon.colcon_core.package_identification:_identify(control_pkg) by extension 'colcon_meta'
[1.284s] Level 1:colcon.colcon_core.package_identification:_identify(control_pkg) by extensions ['ros']
[1.284s] Level 1:colcon.colcon_core.package_identification:_identify(control_pkg) by extension 'ros'
[1.299s] DEBUG:colcon.colcon_core.package_identification:Package 'control_pkg' with type 'ros.ament_cmake' and name 'control_pkg'
[1.300s] Level 1:colcon.colcon_core.package_identification:_identify(install) by extensions ['ignore', 'ignore_ament_install']
[1.300s] Level 1:colcon.colcon_core.package_identification:_identify(install) by extension 'ignore'
[1.301s] Level 1:colcon.colcon_core.package_identification:_identify(install) ignored
[1.302s] Level 1:colcon.colcon_core.package_identification:_identify(log) by extensions ['ignore', 'ignore_ament_install']
[1.302s] Level 1:colcon.colcon_core.package_identification:_identify(log) by extension 'ignore'
[1.303s] Level 1:colcon.colcon_core.package_identification:_identify(log) ignored
[1.303s] Level 1:colcon.colcon_core.package_identification:_identify(sensors_pkg) by extensions ['ignore', 'ignore_ament_install']
[1.304s] Level 1:colcon.colcon_core.package_identification:_identify(sensors_pkg) by extension 'ignore'
[1.304s] Level 1:colcon.colcon_core.package_identification:_identify(sensors_pkg) by extension 'ignore_ament_install'
[1.304s] Level 1:colcon.colcon_core.package_identification:_identify(sensors_pkg) by extensions ['colcon_pkg']
[1.304s] Level 1:colcon.colcon_core.package_identification:_identify(sensors_pkg) by extension 'colcon_pkg'
[1.305s] Level 1:colcon.colcon_core.package_identification:_identify(sensors_pkg) by extensions ['colcon_meta']
[1.305s] Level 1:colcon.colcon_core.package_identification:_identify(sensors_pkg) by extension 'colcon_meta'
[1.305s] Level 1:colcon.colcon_core.package_identification:_identify(sensors_pkg) by extensions ['ros']
[1.305s] Level 1:colcon.colcon_core.package_identification:_identify(sensors_pkg) by extension 'ros'
[1.308s] DEBUG:colcon.colcon_core.package_identification:Package 'sensors_pkg' with type 'ros.ament_cmake' and name 'sensors_pkg'
[1.308s] Level 1:colcon.colcon_core.package_discovery:discover_packages(recursive) using defaults
[1.308s] Level 1:colcon.colcon_core.package_discovery:discover_packages(ignore) discover
[1.309s] Level 1:colcon.colcon_core.package_discovery:discover_packages(ignore) using defaults
[1.309s] Level 1:colcon.colcon_core.package_discovery:discover_packages(path) discover
[1.309s] Level 1:colcon.colcon_core.package_discovery:discover_packages(path) using defaults
[1.384s] Level 1:colcon.colcon_core.package_discovery:discover_packages(prefix_path) check parameters
[1.384s] Level 1:colcon.colcon_core.package_discovery:discover_packages(prefix_path) discover
[1.393s] DEBUG:colcon.colcon_installed_package_information.package_discovery:Found 3 installed packages in /home/skulikk/robot/src/install
[1.400s] DEBUG:colcon.colcon_installed_package_information.package_discovery:Found 224 installed packages in /opt/ros/humble
[1.406s] Level 1:colcon.colcon_core.package_discovery:discover_packages(prefix_path) using defaults
[1.574s] Level 5:colcon.colcon_core.verb:set package 'control_pkg' build argument 'cmake_args' from command line to 'None'
[1.574s] Level 5:colcon.colcon_core.verb:set package 'control_pkg' build argument 'cmake_target' from command line to 'None'
[1.574s] Level 5:colcon.colcon_core.verb:set package 'control_pkg' build argument 'cmake_target_skip_unavailable' from command line to 'False'
[1.574s] Level 5:colcon.colcon_core.verb:set package 'control_pkg' build argument 'cmake_clean_cache' from command line to 'False'
[1.575s] Level 5:colcon.colcon_core.verb:set package 'control_pkg' build argument 'cmake_clean_first' from command line to 'False'
[1.575s] Level 5:colcon.colcon_core.verb:set package 'control_pkg' build argument 'cmake_force_configure' from command line to 'False'
[1.575s] Level 5:colcon.colcon_core.verb:set package 'control_pkg' build argument 'ament_cmake_args' from command line to 'None'
[1.575s] Level 5:colcon.colcon_core.verb:set package 'control_pkg' build argument 'catkin_cmake_args' from command line to 'None'
[1.575s] Level 5:colcon.colcon_core.verb:set package 'control_pkg' build argument 'catkin_skip_building_tests' from command line to 'False'
[1.575s] DEBUG:colcon.colcon_core.verb:Building package 'control_pkg' with the following arguments: {'ament_cmake_args': None, 'build_base': '/home/skulikk/robot/src/build/control_pkg', 'catkin_cmake_args': None, 'catkin_skip_building_tests': False, 'cmake_args': None, 'cmake_clean_cache': False, 'cmake_clean_first': False, 'cmake_force_configure': False, 'cmake_target': None, 'cmake_target_skip_unavailable': False, 'install_base': '/home/skulikk/robot/src/install/control_pkg', 'merge_install': False, 'path': '/home/skulikk/robot/src/control_pkg', 'symlink_install': False, 'test_result_base': None}
[1.577s] Level 5:colcon.colcon_core.verb:set package 'sensors_pkg' build argument 'cmake_args' from command line to 'None'
[1.577s] Level 5:colcon.colcon_core.verb:set package 'sensors_pkg' build argument 'cmake_target' from command line to 'None'
[1.578s] Level 5:colcon.colcon_core.verb:set package 'sensors_pkg' build argument 'cmake_target_skip_unavailable' from command line to 'False'
[1.578s] Level 5:colcon.colcon_core.verb:set package 'sensors_pkg' build argument 'cmake_clean_cache' from command line to 'False'
[1.578s] Level 5:colcon.colcon_core.verb:set package 'sensors_pkg' build argument 'cmake_clean_first' from command line to 'False'
[1.578s] Level 5:colcon.colcon_core.verb:set package 'sensors_pkg' build argument 'cmake_force_configure' from command line to 'False'
[1.578s] Level 5:colcon.colcon_core.verb:set package 'sensors_pkg' build argument 'ament_cmake_args' from command line to 'None'
[1.578s] Level 5:colcon.colcon_core.verb:set package 'sensors_pkg' build argument 'catkin_cmake_args' from command line to 'None'
[1.578s] Level 5:colcon.colcon_core.verb:set package 'sensors_pkg' build argument 'catkin_skip_building_tests' from command line to 'False'
[1.578s] DEBUG:colcon.colcon_core.verb:Building package 'sensors_pkg' with the following arguments: {'ament_cmake_args': None, 'build_base': '/home/skulikk/robot/src/build/sensors_pkg', 'catkin_cmake_args': None, 'catkin_skip_building_tests': False, 'cmake_args': None, 'cmake_clean_cache': False, 'cmake_clean_first': False, 'cmake_force_configure': False, 'cmake_target': None, 'cmake_target_skip_unavailable': False, 'install_base': '/home/skulikk/robot/src/install/sensors_pkg', 'merge_install': False, 'path': '/home/skulikk/robot/src/sensors_pkg', 'symlink_install': False, 'test_result_base': None}
[1.579s] INFO:colcon.colcon_core.executor:Executing jobs using 'parallel' executor
[1.582s] DEBUG:colcon.colcon_parallel_executor.executor.parallel:run_until_complete
[1.583s] INFO:colcon.colcon_ros.task.ament_cmake.build:Building ROS package in '/home/skulikk/robot/src/control_pkg' with build type 'ament_cmake'
[1.584s] INFO:colcon.colcon_cmake.task.cmake.build:Building CMake package in '/home/skulikk/robot/src/control_pkg'
[1.593s] INFO:colcon.colcon_core.plugin_system:Skipping extension 'colcon_core.shell.bat': Not used on non-Windows systems
[1.594s] INFO:colcon.colcon_core.shell:Skip shell extension 'powershell' for command environment: Not usable outside of PowerShell
[1.594s] DEBUG:colcon.colcon_core.shell:Skip shell extension 'dsv' for command environment
[1.612s] INFO:colcon.colcon_ros.task.ament_cmake.build:Building ROS package in '/home/skulikk/robot/src/sensors_pkg' with build type 'ament_cmake'
[1.613s] INFO:colcon.colcon_cmake.task.cmake.build:Building CMake package in '/home/skulikk/robot/src/sensors_pkg'
[1.614s] INFO:colcon.colcon_core.shell:Skip shell extension 'powershell' for command environment: Not usable outside of PowerShell
[1.615s] DEBUG:colcon.colcon_core.shell:Skip shell extension 'dsv' for command environment
[1.655s] DEBUG:colcon.colcon_core.event_handler.log_command:Invoking command in '/home/skulikk/robot/src/build/control_pkg': CMAKE_PREFIX_PATH=${CMAKE_PREFIX_PATH}:/opt/ros/humble /usr/bin/cmake --build /home/skulikk/robot/src/build/control_pkg -- -j4 -l4
[1.676s] DEBUG:colcon.colcon_core.event_handler.log_command:Invoking command in '/home/skulikk/robot/src/build/sensors_pkg': CMAKE_PREFIX_PATH=${CMAKE_PREFIX_PATH}:/opt/ros/humble /usr/bin/cmake --build /home/skulikk/robot/src/build/sensors_pkg -- -j4 -l4
[2.079s] DEBUG:colcon.colcon_core.event_handler.log_command:Invoked command in '/home/skulikk/robot/src/build/control_pkg' returned '0': CMAKE_PREFIX_PATH=${CMAKE_PREFIX_PATH}:/opt/ros/humble /usr/bin/cmake --build /home/skulikk/robot/src/build/control_pkg -- -j4 -l4
[2.187s] DEBUG:colcon.colcon_core.event_handler.log_command:Invoking command in '/home/skulikk/robot/src/build/control_pkg': CMAKE_PREFIX_PATH=${CMAKE_PREFIX_PATH}:/opt/ros/humble /usr/bin/cmake --install /home/skulikk/robot/src/build/control_pkg
[2.334s] Level 1:colcon.colcon_core.environment:create_environment_scripts_only(control_pkg)
[2.402s] Level 1:colcon.colcon_core.environment:checking '/home/skulikk/robot/src/install/control_pkg' for CMake module files
[2.412s] DEBUG:colcon.colcon_core.event_handler.log_command:Invoked command in '/home/skulikk/robot/src/build/control_pkg' returned '0': CMAKE_PREFIX_PATH=${CMAKE_PREFIX_PATH}:/opt/ros/humble /usr/bin/cmake --install /home/skulikk/robot/src/build/control_pkg
[2.417s] Level 1:colcon.colcon_core.environment:checking '/home/skulikk/robot/src/install/control_pkg' for CMake config files
[2.427s] Level 1:colcon.colcon_core.shell:create_environment_hook('control_pkg', 'cmake_prefix_path')
[2.431s] INFO:colcon.colcon_core.shell:Creating environment hook '/home/skulikk/robot/src/install/control_pkg/share/control_pkg/hook/cmake_prefix_path.ps1'
[2.441s] INFO:colcon.colcon_core.shell:Creating environment descriptor '/home/skulikk/robot/src/install/control_pkg/share/control_pkg/hook/cmake_prefix_path.dsv'
[2.449s] INFO:colcon.colcon_core.shell:Creating environment hook '/home/skulikk/robot/src/install/control_pkg/share/control_pkg/hook/cmake_prefix_path.sh'
[2.464s] Level 1:colcon.colcon_core.environment:checking '/home/skulikk/robot/src/install/control_pkg/lib'
[2.467s] Level 1:colcon.colcon_core.environment:checking '/home/skulikk/robot/src/install/control_pkg/bin'
[2.468s] Level 1:colcon.colcon_core.environment:checking '/home/skulikk/robot/src/install/control_pkg/lib/pkgconfig/control_pkg.pc'
[2.473s] Level 1:colcon.colcon_core.environment:checking '/home/skulikk/robot/src/install/control_pkg/lib/python3.10/site-packages'
[2.476s] Level 1:colcon.colcon_core.environment:checking '/home/skulikk/robot/src/install/control_pkg/bin'
[2.480s] INFO:colcon.colcon_core.shell:Creating package script '/home/skulikk/robot/src/install/control_pkg/share/control_pkg/package.ps1'
[2.494s] INFO:colcon.colcon_core.shell:Creating package descriptor '/home/skulikk/robot/src/install/control_pkg/share/control_pkg/package.dsv'
[2.504s] INFO:colcon.colcon_core.shell:Creating package script '/home/skulikk/robot/src/install/control_pkg/share/control_pkg/package.sh'
[2.515s] INFO:colcon.colcon_core.shell:Creating package script '/home/skulikk/robot/src/install/control_pkg/share/control_pkg/package.bash'
[2.528s] INFO:colcon.colcon_core.shell:Creating package script '/home/skulikk/robot/src/install/control_pkg/share/control_pkg/package.zsh'
[2.540s] Level 1:colcon.colcon_core.environment:create_file_with_runtime_dependencies(/home/skulikk/robot/src/install/control_pkg/share/colcon-core/packages/control_pkg)
[2.550s] Level 1:colcon.colcon_core.environment:create_environment_scripts_only(control_pkg)
[2.553s] Level 1:colcon.colcon_core.environment:checking '/home/skulikk/robot/src/install/control_pkg' for CMake module files
[2.563s] Level 1:colcon.colcon_core.environment:checking '/home/skulikk/robot/src/install/control_pkg' for CMake config files
[2.571s] Level 1:colcon.colcon_core.shell:create_environment_hook('control_pkg', 'cmake_prefix_path')
[2.575s] INFO:colcon.colcon_core.shell:Creating environment hook '/home/skulikk/robot/src/install/control_pkg/share/control_pkg/hook/cmake_prefix_path.ps1'
[2.583s] INFO:colcon.colcon_core.shell:Creating environment descriptor '/home/skulikk/robot/src/install/control_pkg/share/control_pkg/hook/cmake_prefix_path.dsv'
[2.591s] INFO:colcon.colcon_core.shell:Creating environment hook '/home/skulikk/robot/src/install/control_pkg/share/control_pkg/hook/cmake_prefix_path.sh'
[2.600s] Level 1:colcon.colcon_core.environment:checking '/home/skulikk/robot/src/install/control_pkg/lib'
[2.602s] Level 1:colcon.colcon_core.environment:checking '/home/skulikk/robot/src/install/control_pkg/bin'
[2.603s] Level 1:colcon.colcon_core.environment:checking '/home/skulikk/robot/src/install/control_pkg/lib/pkgconfig/control_pkg.pc'
[2.607s] Level 1:colcon.colcon_core.environment:checking '/home/skulikk/robot/src/install/control_pkg/lib/python3.10/site-packages'
[2.611s] Level 1:colcon.colcon_core.environment:checking '/home/skulikk/robot/src/install/control_pkg/bin'
[2.616s] INFO:colcon.colcon_core.shell:Creating package script '/home/skulikk/robot/src/install/control_pkg/share/control_pkg/package.ps1'
[2.634s] INFO:colcon.colcon_core.shell:Creating package descriptor '/home/skulikk/robot/src/install/control_pkg/share/control_pkg/package.dsv'
[2.644s] INFO:colcon.colcon_core.shell:Creating package script '/home/skulikk/robot/src/install/control_pkg/share/control_pkg/package.sh'
[2.652s] INFO:colcon.colcon_core.shell:Creating package script '/home/skulikk/robot/src/install/control_pkg/share/control_pkg/package.bash'
[2.659s] INFO:colcon.colcon_core.shell:Creating package script '/home/skulikk/robot/src/install/control_pkg/share/control_pkg/package.zsh'
[2.667s] Level 1:colcon.colcon_core.environment:create_file_with_runtime_dependencies(/home/skulikk/robot/src/install/control_pkg/share/colcon-core/packages/control_pkg)
[25.884s] DEBUG:colcon.colcon_core.event_handler.log_command:Invoked command in '/home/skulikk/robot/src/build/sensors_pkg' returned '0': CMAKE_PREFIX_PATH=${CMAKE_PREFIX_PATH}:/opt/ros/humble /usr/bin/cmake --build /home/skulikk/robot/src/build/sensors_pkg -- -j4 -l4
[25.909s] DEBUG:colcon.colcon_core.event_handler.log_command:Invoking command in '/home/skulikk/robot/src/build/sensors_pkg': CMAKE_PREFIX_PATH=${CMAKE_PREFIX_PATH}:/opt/ros/humble /usr/bin/cmake --install /home/skulikk/robot/src/build/sensors_pkg
[26.057s] Level 1:colcon.colcon_core.environment:create_environment_scripts_only(sensors_pkg)
[26.063s] Level 1:colcon.colcon_core.environment:checking '/home/skulikk/robot/src/install/sensors_pkg' for CMake module files
[26.083s] Level 1:colcon.colcon_core.environment:checking '/home/skulikk/robot/src/install/sensors_pkg' for CMake config files
[26.089s] DEBUG:colcon.colcon_core.event_handler.log_command:Invoked command in '/home/skulikk/robot/src/build/sensors_pkg' returned '0': CMAKE_PREFIX_PATH=${CMAKE_PREFIX_PATH}:/opt/ros/humble /usr/bin/cmake --install /home/skulikk/robot/src/build/sensors_pkg
[26.096s] Level 1:colcon.colcon_core.shell:create_environment_hook('sensors_pkg', 'cmake_prefix_path')
[26.099s] INFO:colcon.colcon_core.shell:Creating environment hook '/home/skulikk/robot/src/install/sensors_pkg/share/sensors_pkg/hook/cmake_prefix_path.ps1'
[26.109s] INFO:colcon.colcon_core.shell:Creating environment descriptor '/home/skulikk/robot/src/install/sensors_pkg/share/sensors_pkg/hook/cmake_prefix_path.dsv'
[26.116s] INFO:colcon.colcon_core.shell:Creating environment hook '/home/skulikk/robot/src/install/sensors_pkg/share/sensors_pkg/hook/cmake_prefix_path.sh'
[26.125s] Level 1:colcon.colcon_core.environment:checking '/home/skulikk/robot/src/install/sensors_pkg/lib'
[26.127s] Level 1:colcon.colcon_core.environment:checking '/home/skulikk/robot/src/install/sensors_pkg/bin'
[26.128s] Level 1:colcon.colcon_core.environment:checking '/home/skulikk/robot/src/install/sensors_pkg/lib/pkgconfig/sensors_pkg.pc'
[26.131s] Level 1:colcon.colcon_core.environment:checking '/home/skulikk/robot/src/install/sensors_pkg/lib/python3.10/site-packages'
[26.133s] Level 1:colcon.colcon_core.environment:checking '/home/skulikk/robot/src/install/sensors_pkg/bin'
[26.141s] INFO:colcon.colcon_core.shell:Creating package script '/home/skulikk/robot/src/install/sensors_pkg/share/sensors_pkg/package.ps1'
[26.148s] INFO:colcon.colcon_core.shell:Creating package descriptor '/home/skulikk/robot/src/install/sensors_pkg/share/sensors_pkg/package.dsv'
[26.155s] INFO:colcon.colcon_core.shell:Creating package script '/home/skulikk/robot/src/install/sensors_pkg/share/sensors_pkg/package.sh'
[26.161s] INFO:colcon.colcon_core.shell:Creating package script '/home/skulikk/robot/src/install/sensors_pkg/share/sensors_pkg/package.bash'
[26.167s] INFO:colcon.colcon_core.shell:Creating package script '/home/skulikk/robot/src/install/sensors_pkg/share/sensors_pkg/package.zsh'
[26.173s] Level 1:colcon.colcon_core.environment:create_file_with_runtime_dependencies(/home/skulikk/robot/src/install/sensors_pkg/share/colcon-core/packages/sensors_pkg)
[26.186s] Level 1:colcon.colcon_core.environment:create_environment_scripts_only(sensors_pkg)
[26.190s] Level 1:colcon.colcon_core.environment:checking '/home/skulikk/robot/src/install/sensors_pkg' for CMake module files
[26.201s] Level 1:colcon.colcon_core.environment:checking '/home/skulikk/robot/src/install/sensors_pkg' for CMake config files
[26.210s] Level 1:colcon.colcon_core.shell:create_environment_hook('sensors_pkg', 'cmake_prefix_path')
[26.213s] INFO:colcon.colcon_core.shell:Creating environment hook '/home/skulikk/robot/src/install/sensors_pkg/share/sensors_pkg/hook/cmake_prefix_path.ps1'
[26.222s] INFO:colcon.colcon_core.shell:Creating environment descriptor '/home/skulikk/robot/src/install/sensors_pkg/share/sensors_pkg/hook/cmake_prefix_path.dsv'
[26.229s] INFO:colcon.colcon_core.shell:Creating environment hook '/home/skulikk/robot/src/install/sensors_pkg/share/sensors_pkg/hook/cmake_prefix_path.sh'
[26.238s] Level 1:colcon.colcon_core.environment:checking '/home/skulikk/robot/src/install/sensors_pkg/lib'
[26.239s] Level 1:colcon.colcon_core.environment:checking '/home/skulikk/robot/src/install/sensors_pkg/bin'
[26.242s] Level 1:colcon.colcon_core.environment:checking '/home/skulikk/robot/src/install/sensors_pkg/lib/pkgconfig/sensors_pkg.pc'
[26.246s] Level 1:colcon.colcon_core.environment:checking '/home/skulikk/robot/src/install/sensors_pkg/lib/python3.10/site-packages'
[26.248s] Level 1:colcon.colcon_core.environment:checking '/home/skulikk/robot/src/install/sensors_pkg/bin'
[26.252s] INFO:colcon.colcon_core.shell:Creating package script '/home/skulikk/robot/src/install/sensors_pkg/share/sensors_pkg/package.ps1'
[26.259s] INFO:colcon.colcon_core.shell:Creating package descriptor '/home/skulikk/robot/src/install/sensors_pkg/share/sensors_pkg/package.dsv'
[26.265s] INFO:colcon.colcon_core.shell:Creating package script '/home/skulikk/robot/src/install/sensors_pkg/share/sensors_pkg/package.sh'
[26.272s] INFO:colcon.colcon_core.shell:Creating package script '/home/skulikk/robot/src/install/sensors_pkg/share/sensors_pkg/package.bash'
[26.278s] INFO:colcon.colcon_core.shell:Creating package script '/home/skulikk/robot/src/install/sensors_pkg/share/sensors_pkg/package.zsh'
[26.287s] Level 1:colcon.colcon_core.environment:create_file_with_runtime_dependencies(/home/skulikk/robot/src/install/sensors_pkg/share/colcon-core/packages/sensors_pkg)
[26.290s] DEBUG:colcon.colcon_parallel_executor.executor.parallel:closing loop
[26.294s] DEBUG:colcon.colcon_parallel_executor.executor.parallel:loop closed
[26.294s] DEBUG:colcon.colcon_parallel_executor.executor.parallel:run_until_complete finished with '0'
[26.296s] DEBUG:colcon.colcon_core.event_reactor:joining thread
[26.363s] INFO:colcon.colcon_core.plugin_system:Skipping extension 'colcon_notification.desktop_notification.terminal_notifier': Not used on non-Darwin systems
[26.364s] INFO:colcon.colcon_core.plugin_system:Skipping extension 'colcon_notification.desktop_notification.win32': Not used on non-Windows systems
[26.365s] INFO:colcon.colcon_notification.desktop_notification:Sending desktop notification using 'notify2'
[26.497s] DEBUG:colcon.colcon_core.event_reactor:joined thread
[26.501s] INFO:colcon.colcon_core.shell:Creating prefix script '/home/skulikk/robot/src/install/local_setup.ps1'
[26.513s] INFO:colcon.colcon_core.shell:Creating prefix util module '/home/skulikk/robot/src/install/_local_setup_util_ps1.py'
[26.531s] INFO:colcon.colcon_core.shell:Creating prefix chain script '/home/skulikk/robot/src/install/setup.ps1'
[26.546s] INFO:colcon.colcon_core.shell:Creating prefix script '/home/skulikk/robot/src/install/local_setup.sh'
[26.553s] INFO:colcon.colcon_core.shell:Creating prefix util module '/home/skulikk/robot/src/install/_local_setup_util_sh.py'
[26.561s] INFO:colcon.colcon_core.shell:Creating prefix chain script '/home/skulikk/robot/src/install/setup.sh'
[26.576s] INFO:colcon.colcon_core.shell:Creating prefix script '/home/skulikk/robot/src/install/local_setup.bash'
[26.584s] INFO:colcon.colcon_core.shell:Creating prefix chain script '/home/skulikk/robot/src/install/setup.bash'
[26.830s] INFO:colcon.colcon_core.shell:Creating prefix script '/home/skulikk/robot/src/install/local_setup.zsh'
[26.838s] INFO:colcon.colcon_core.shell:Creating prefix chain script '/home/skulikk/robot/src/install/setup.zsh'
