[0.449s] DEBUG:colcon:Command line arguments: ['/usr/bin/colcon', 'build']
[0.449s] DEBUG:colcon:Parsed command line arguments: Namespace(log_base=None, log_level=None, verb_name='build', build_base='build', install_base='install', merge_install=False, symlink_install=False, test_result_base=None, continue_on_error=False, executor='parallel', parallel_workers=4, event_handlers=None, ignore_user_meta=False, metas=['./colcon.meta'], base_paths=['.'], packages_ignore=None, packages_ignore_regex=None, paths=None, packages_up_to=None, packages_up_to_regex=None, packages_above=None, packages_above_and_dependencies=None, packages_above_depth=None, packages_select_by_dep=None, packages_skip_by_dep=None, packages_skip_up_to=None, packages_select_build_failed=False, packages_skip_build_finished=False, packages_select_test_failures=False, packages_skip_test_passed=False, packages_select=None, packages_skip=None, packages_select_regex=None, packages_skip_regex=None, packages_start=None, packages_end=None, allow_overriding=[], cmake_args=None, cmake_target=None, cmake_target_skip_unavailable=False, cmake_clean_cache=False, cmake_clean_first=False, cmake_force_configure=False, ament_cmake_args=None, catkin_cmake_args=None, catkin_skip_building_tests=False, verb_parser=<colcon_defaults.argument_parser.defaults.DefaultArgumentsDecorator object at 0xffff9647dd20>, verb_extension=<colcon_core.verb.build.BuildVerb object at 0xffff9658b190>, main=<bound method BuildVerb.main of <colcon_core.verb.build.BuildVerb object at 0xffff9658b190>>)
[1.300s] Level 1:colcon.colcon_core.package_discovery:discover_packages(colcon_meta) check parameters
[1.300s] Level 1:colcon.colcon_core.package_discovery:discover_packages(recursive) check parameters
[1.300s] Level 1:colcon.colcon_core.package_discovery:discover_packages(ignore) check parameters
[1.301s] Level 1:colcon.colcon_core.package_discovery:discover_packages(path) check parameters
[1.301s] Level 1:colcon.colcon_core.package_discovery:discover_packages(colcon_meta) discover
[1.301s] Level 1:colcon.colcon_core.package_discovery:discover_packages(recursive) discover
[1.301s] INFO:colcon.colcon_core.package_discovery:Crawling recursively for packages in '/home/skulikk/robot/src'
[1.302s] Level 1:colcon.colcon_core.package_identification:_identify(.) by extensions ['ignore', 'ignore_ament_install']
[1.302s] Level 1:colcon.colcon_core.package_identification:_identify(.) by extension 'ignore'
[1.302s] Level 1:colcon.colcon_core.package_identification:_identify(.) by extension 'ignore_ament_install'
[1.303s] Level 1:colcon.colcon_core.package_identification:_identify(.) by extensions ['colcon_pkg']
[1.303s] Level 1:colcon.colcon_core.package_identification:_identify(.) by extension 'colcon_pkg'
[1.303s] Level 1:colcon.colcon_core.package_identification:_identify(.) by extensions ['colcon_meta']
[1.303s] Level 1:colcon.colcon_core.package_identification:_identify(.) by extension 'colcon_meta'
[1.303s] Level 1:colcon.colcon_core.package_identification:_identify(.) by extensions ['ros']
[1.303s] Level 1:colcon.colcon_core.package_identification:_identify(.) by extension 'ros'
[1.347s] Level 1:colcon.colcon_core.package_identification:_identify(.) by extensions ['cmake', 'python']
[1.348s] Level 1:colcon.colcon_core.package_identification:_identify(.) by extension 'cmake'
[1.348s] Level 1:colcon.colcon_core.package_identification:_identify(.) by extension 'python'
[1.348s] Level 1:colcon.colcon_core.package_identification:_identify(.) by extensions ['python_setup_py']
[1.348s] Level 1:colcon.colcon_core.package_identification:_identify(.) by extension 'python_setup_py'
[1.349s] Level 1:colcon.colcon_core.package_identification:_identify(build) by extensions ['ignore', 'ignore_ament_install']
[1.349s] Level 1:colcon.colcon_core.package_identification:_identify(build) by extension 'ignore'
[1.350s] Level 1:colcon.colcon_core.package_identification:_identify(build) ignored
[1.350s] Level 1:colcon.colcon_core.package_identification:_identify(control_pkg) by extensions ['ignore', 'ignore_ament_install']
[1.350s] Level 1:colcon.colcon_core.package_identification:_identify(control_pkg) by extension 'ignore'
[1.351s] Level 1:colcon.colcon_core.package_identification:_identify(control_pkg) by extension 'ignore_ament_install'
[1.351s] Level 1:colcon.colcon_core.package_identification:_identify(control_pkg) by extensions ['colcon_pkg']
[1.351s] Level 1:colcon.colcon_core.package_identification:_identify(control_pkg) by extension 'colcon_pkg'
[1.351s] Level 1:colcon.colcon_core.package_identification:_identify(control_pkg) by extensions ['colcon_meta']
[1.351s] Level 1:colcon.colcon_core.package_identification:_identify(control_pkg) by extension 'colcon_meta'
[1.352s] Level 1:colcon.colcon_core.package_identification:_identify(control_pkg) by extensions ['ros']
[1.352s] Level 1:colcon.colcon_core.package_identification:_identify(control_pkg) by extension 'ros'
[1.366s] DEBUG:colcon.colcon_core.package_identification:Package 'control_pkg' with type 'ros.ament_cmake' and name 'control_pkg'
[1.366s] Level 1:colcon.colcon_core.package_identification:_identify(install) by extensions ['ignore', 'ignore_ament_install']
[1.367s] Level 1:colcon.colcon_core.package_identification:_identify(install) by extension 'ignore'
[1.367s] Level 1:colcon.colcon_core.package_identification:_identify(install) ignored
[1.368s] Level 1:colcon.colcon_core.package_identification:_identify(log) by extensions ['ignore', 'ignore_ament_install']
[1.368s] Level 1:colcon.colcon_core.package_identification:_identify(log) by extension 'ignore'
[1.368s] Level 1:colcon.colcon_core.package_identification:_identify(log) ignored
[1.369s] Level 1:colcon.colcon_core.package_identification:_identify(sensors_pkg) by extensions ['ignore', 'ignore_ament_install']
[1.369s] Level 1:colcon.colcon_core.package_identification:_identify(sensors_pkg) by extension 'ignore'
[1.369s] Level 1:colcon.colcon_core.package_identification:_identify(sensors_pkg) by extension 'ignore_ament_install'
[1.369s] Level 1:colcon.colcon_core.package_identification:_identify(sensors_pkg) by extensions ['colcon_pkg']
[1.370s] Level 1:colcon.colcon_core.package_identification:_identify(sensors_pkg) by extension 'colcon_pkg'
[1.370s] Level 1:colcon.colcon_core.package_identification:_identify(sensors_pkg) by extensions ['colcon_meta']
[1.370s] Level 1:colcon.colcon_core.package_identification:_identify(sensors_pkg) by extension 'colcon_meta'
[1.370s] Level 1:colcon.colcon_core.package_identification:_identify(sensors_pkg) by extensions ['ros']
[1.370s] Level 1:colcon.colcon_core.package_identification:_identify(sensors_pkg) by extension 'ros'
[1.373s] DEBUG:colcon.colcon_core.package_identification:Package 'sensors_pkg' with type 'ros.ament_cmake' and name 'sensors_pkg'
[1.373s] Level 1:colcon.colcon_core.package_discovery:discover_packages(recursive) using defaults
[1.373s] Level 1:colcon.colcon_core.package_discovery:discover_packages(ignore) discover
[1.373s] Level 1:colcon.colcon_core.package_discovery:discover_packages(ignore) using defaults
[1.374s] Level 1:colcon.colcon_core.package_discovery:discover_packages(path) discover
[1.374s] Level 1:colcon.colcon_core.package_discovery:discover_packages(path) using defaults
[1.450s] Level 1:colcon.colcon_core.package_discovery:discover_packages(prefix_path) check parameters
[1.451s] Level 1:colcon.colcon_core.package_discovery:discover_packages(prefix_path) discover
[1.462s] DEBUG:colcon.colcon_installed_package_information.package_discovery:Found 3 installed packages in /home/skulikk/robot/src/install
[1.470s] DEBUG:colcon.colcon_installed_package_information.package_discovery:Found 224 installed packages in /opt/ros/humble
[1.475s] Level 1:colcon.colcon_core.package_discovery:discover_packages(prefix_path) using defaults
[1.662s] Level 5:colcon.colcon_core.verb:set package 'control_pkg' build argument 'cmake_args' from command line to 'None'
[1.662s] Level 5:colcon.colcon_core.verb:set package 'control_pkg' build argument 'cmake_target' from command line to 'None'
[1.662s] Level 5:colcon.colcon_core.verb:set package 'control_pkg' build argument 'cmake_target_skip_unavailable' from command line to 'False'
[1.662s] Level 5:colcon.colcon_core.verb:set package 'control_pkg' build argument 'cmake_clean_cache' from command line to 'False'
[1.663s] Level 5:colcon.colcon_core.verb:set package 'control_pkg' build argument 'cmake_clean_first' from command line to 'False'
[1.663s] Level 5:colcon.colcon_core.verb:set package 'control_pkg' build argument 'cmake_force_configure' from command line to 'False'
[1.663s] Level 5:colcon.colcon_core.verb:set package 'control_pkg' build argument 'ament_cmake_args' from command line to 'None'
[1.663s] Level 5:colcon.colcon_core.verb:set package 'control_pkg' build argument 'catkin_cmake_args' from command line to 'None'
[1.663s] Level 5:colcon.colcon_core.verb:set package 'control_pkg' build argument 'catkin_skip_building_tests' from command line to 'False'
[1.663s] DEBUG:colcon.colcon_core.verb:Building package 'control_pkg' with the following arguments: {'ament_cmake_args': None, 'build_base': '/home/skulikk/robot/src/build/control_pkg', 'catkin_cmake_args': None, 'catkin_skip_building_tests': False, 'cmake_args': None, 'cmake_clean_cache': False, 'cmake_clean_first': False, 'cmake_force_configure': False, 'cmake_target': None, 'cmake_target_skip_unavailable': False, 'install_base': '/home/skulikk/robot/src/install/control_pkg', 'merge_install': False, 'path': '/home/skulikk/robot/src/control_pkg', 'symlink_install': False, 'test_result_base': None}
[1.665s] Level 5:colcon.colcon_core.verb:set package 'sensors_pkg' build argument 'cmake_args' from command line to 'None'
[1.665s] Level 5:colcon.colcon_core.verb:set package 'sensors_pkg' build argument 'cmake_target' from command line to 'None'
[1.665s] Level 5:colcon.colcon_core.verb:set package 'sensors_pkg' build argument 'cmake_target_skip_unavailable' from command line to 'False'
[1.665s] Level 5:colcon.colcon_core.verb:set package 'sensors_pkg' build argument 'cmake_clean_cache' from command line to 'False'
[1.665s] Level 5:colcon.colcon_core.verb:set package 'sensors_pkg' build argument 'cmake_clean_first' from command line to 'False'
[1.665s] Level 5:colcon.colcon_core.verb:set package 'sensors_pkg' build argument 'cmake_force_configure' from command line to 'False'
[1.665s] Level 5:colcon.colcon_core.verb:set package 'sensors_pkg' build argument 'ament_cmake_args' from command line to 'None'
[1.666s] Level 5:colcon.colcon_core.verb:set package 'sensors_pkg' build argument 'catkin_cmake_args' from command line to 'None'
[1.666s] Level 5:colcon.colcon_core.verb:set package 'sensors_pkg' build argument 'catkin_skip_building_tests' from command line to 'False'
[1.666s] DEBUG:colcon.colcon_core.verb:Building package 'sensors_pkg' with the following arguments: {'ament_cmake_args': None, 'build_base': '/home/skulikk/robot/src/build/sensors_pkg', 'catkin_cmake_args': None, 'catkin_skip_building_tests': False, 'cmake_args': None, 'cmake_clean_cache': False, 'cmake_clean_first': False, 'cmake_force_configure': False, 'cmake_target': None, 'cmake_target_skip_unavailable': False, 'install_base': '/home/skulikk/robot/src/install/sensors_pkg', 'merge_install': False, 'path': '/home/skulikk/robot/src/sensors_pkg', 'symlink_install': False, 'test_result_base': None}
[1.666s] INFO:colcon.colcon_core.executor:Executing jobs using 'parallel' executor
[1.670s] DEBUG:colcon.colcon_parallel_executor.executor.parallel:run_until_complete
[1.671s] INFO:colcon.colcon_ros.task.ament_cmake.build:Building ROS package in '/home/skulikk/robot/src/control_pkg' with build type 'ament_cmake'
[1.671s] INFO:colcon.colcon_cmake.task.cmake.build:Building CMake package in '/home/skulikk/robot/src/control_pkg'
[1.681s] INFO:colcon.colcon_core.plugin_system:Skipping extension 'colcon_core.shell.bat': Not used on non-Windows systems
[1.682s] INFO:colcon.colcon_core.shell:Skip shell extension 'powershell' for command environment: Not usable outside of PowerShell
[1.683s] DEBUG:colcon.colcon_core.shell:Skip shell extension 'dsv' for command environment
[1.701s] INFO:colcon.colcon_ros.task.ament_cmake.build:Building ROS package in '/home/skulikk/robot/src/sensors_pkg' with build type 'ament_cmake'
[1.702s] INFO:colcon.colcon_cmake.task.cmake.build:Building CMake package in '/home/skulikk/robot/src/sensors_pkg'
[1.703s] INFO:colcon.colcon_core.shell:Skip shell extension 'powershell' for command environment: Not usable outside of PowerShell
[1.703s] DEBUG:colcon.colcon_core.shell:Skip shell extension 'dsv' for command environment
[1.746s] DEBUG:colcon.colcon_core.event_handler.log_command:Invoking command in '/home/skulikk/robot/src/build/control_pkg': CMAKE_PREFIX_PATH=${CMAKE_PREFIX_PATH}:/opt/ros/humble /usr/bin/cmake --build /home/skulikk/robot/src/build/control_pkg -- -j4 -l4
[1.767s] DEBUG:colcon.colcon_core.event_handler.log_command:Invoking command in '/home/skulikk/robot/src/build/sensors_pkg': CMAKE_PREFIX_PATH=${CMAKE_PREFIX_PATH}:/opt/ros/humble /usr/bin/cmake --build /home/skulikk/robot/src/build/sensors_pkg -- -j4 -l4
[2.126s] DEBUG:colcon.colcon_core.event_handler.log_command:Invoked command in '/home/skulikk/robot/src/build/control_pkg' returned '0': CMAKE_PREFIX_PATH=${CMAKE_PREFIX_PATH}:/opt/ros/humble /usr/bin/cmake --build /home/skulikk/robot/src/build/control_pkg -- -j4 -l4
[2.248s] DEBUG:colcon.colcon_core.event_handler.log_command:Invoking command in '/home/skulikk/robot/src/build/control_pkg': CMAKE_PREFIX_PATH=${CMAKE_PREFIX_PATH}:/opt/ros/humble /usr/bin/cmake --install /home/skulikk/robot/src/build/control_pkg
[2.426s] Level 1:colcon.colcon_core.environment:create_environment_scripts_only(control_pkg)
[2.439s] DEBUG:colcon.colcon_core.event_handler.log_command:Invoked command in '/home/skulikk/robot/src/build/control_pkg' returned '0': CMAKE_PREFIX_PATH=${CMAKE_PREFIX_PATH}:/opt/ros/humble /usr/bin/cmake --install /home/skulikk/robot/src/build/control_pkg
[2.467s] Level 1:colcon.colcon_core.environment:checking '/home/skulikk/robot/src/install/control_pkg' for CMake module files
[2.477s] Level 1:colcon.colcon_core.environment:checking '/home/skulikk/robot/src/install/control_pkg' for CMake config files
[2.487s] Level 1:colcon.colcon_core.shell:create_environment_hook('control_pkg', 'cmake_prefix_path')
[2.490s] INFO:colcon.colcon_core.shell:Creating environment hook '/home/skulikk/robot/src/install/control_pkg/share/control_pkg/hook/cmake_prefix_path.ps1'
[2.500s] INFO:colcon.colcon_core.shell:Creating environment descriptor '/home/skulikk/robot/src/install/control_pkg/share/control_pkg/hook/cmake_prefix_path.dsv'
[2.507s] INFO:colcon.colcon_core.shell:Creating environment hook '/home/skulikk/robot/src/install/control_pkg/share/control_pkg/hook/cmake_prefix_path.sh'
[2.519s] Level 1:colcon.colcon_core.environment:checking '/home/skulikk/robot/src/install/control_pkg/lib'
[2.522s] Level 1:colcon.colcon_core.environment:checking '/home/skulikk/robot/src/install/control_pkg/bin'
[2.523s] Level 1:colcon.colcon_core.environment:checking '/home/skulikk/robot/src/install/control_pkg/lib/pkgconfig/control_pkg.pc'
[2.526s] Level 1:colcon.colcon_core.environment:checking '/home/skulikk/robot/src/install/control_pkg/lib/python3.10/site-packages'
[2.529s] Level 1:colcon.colcon_core.environment:checking '/home/skulikk/robot/src/install/control_pkg/bin'
[2.534s] INFO:colcon.colcon_core.shell:Creating package script '/home/skulikk/robot/src/install/control_pkg/share/control_pkg/package.ps1'
[2.545s] INFO:colcon.colcon_core.shell:Creating package descriptor '/home/skulikk/robot/src/install/control_pkg/share/control_pkg/package.dsv'
[2.559s] INFO:colcon.colcon_core.shell:Creating package script '/home/skulikk/robot/src/install/control_pkg/share/control_pkg/package.sh'
[2.579s] INFO:colcon.colcon_core.shell:Creating package script '/home/skulikk/robot/src/install/control_pkg/share/control_pkg/package.bash'
[2.592s] INFO:colcon.colcon_core.shell:Creating package script '/home/skulikk/robot/src/install/control_pkg/share/control_pkg/package.zsh'
[2.611s] Level 1:colcon.colcon_core.environment:create_file_with_runtime_dependencies(/home/skulikk/robot/src/install/control_pkg/share/colcon-core/packages/control_pkg)
[2.622s] Level 1:colcon.colcon_core.environment:create_environment_scripts_only(control_pkg)
[2.626s] Level 1:colcon.colcon_core.environment:checking '/home/skulikk/robot/src/install/control_pkg' for CMake module files
[2.641s] Level 1:colcon.colcon_core.environment:checking '/home/skulikk/robot/src/install/control_pkg' for CMake config files
[2.650s] Level 1:colcon.colcon_core.shell:create_environment_hook('control_pkg', 'cmake_prefix_path')
[2.654s] INFO:colcon.colcon_core.shell:Creating environment hook '/home/skulikk/robot/src/install/control_pkg/share/control_pkg/hook/cmake_prefix_path.ps1'
[2.662s] INFO:colcon.colcon_core.shell:Creating environment descriptor '/home/skulikk/robot/src/install/control_pkg/share/control_pkg/hook/cmake_prefix_path.dsv'
[2.670s] INFO:colcon.colcon_core.shell:Creating environment hook '/home/skulikk/robot/src/install/control_pkg/share/control_pkg/hook/cmake_prefix_path.sh'
[2.681s] Level 1:colcon.colcon_core.environment:checking '/home/skulikk/robot/src/install/control_pkg/lib'
[2.682s] Level 1:colcon.colcon_core.environment:checking '/home/skulikk/robot/src/install/control_pkg/bin'
[2.683s] Level 1:colcon.colcon_core.environment:checking '/home/skulikk/robot/src/install/control_pkg/lib/pkgconfig/control_pkg.pc'
[2.690s] Level 1:colcon.colcon_core.environment:checking '/home/skulikk/robot/src/install/control_pkg/lib/python3.10/site-packages'
[2.694s] Level 1:colcon.colcon_core.environment:checking '/home/skulikk/robot/src/install/control_pkg/bin'
[2.703s] INFO:colcon.colcon_core.shell:Creating package script '/home/skulikk/robot/src/install/control_pkg/share/control_pkg/package.ps1'
[2.715s] INFO:colcon.colcon_core.shell:Creating package descriptor '/home/skulikk/robot/src/install/control_pkg/share/control_pkg/package.dsv'
[2.726s] INFO:colcon.colcon_core.shell:Creating package script '/home/skulikk/robot/src/install/control_pkg/share/control_pkg/package.sh'
[2.733s] INFO:colcon.colcon_core.shell:Creating package script '/home/skulikk/robot/src/install/control_pkg/share/control_pkg/package.bash'
[2.740s] INFO:colcon.colcon_core.shell:Creating package script '/home/skulikk/robot/src/install/control_pkg/share/control_pkg/package.zsh'
[2.747s] Level 1:colcon.colcon_core.environment:create_file_with_runtime_dependencies(/home/skulikk/robot/src/install/control_pkg/share/colcon-core/packages/control_pkg)
[25.866s] DEBUG:colcon.colcon_core.event_handler.log_command:Invoked command in '/home/skulikk/robot/src/build/sensors_pkg' returned '0': CMAKE_PREFIX_PATH=${CMAKE_PREFIX_PATH}:/opt/ros/humble /usr/bin/cmake --build /home/skulikk/robot/src/build/sensors_pkg -- -j4 -l4
[25.881s] DEBUG:colcon.colcon_core.event_handler.log_command:Invoking command in '/home/skulikk/robot/src/build/sensors_pkg': CMAKE_PREFIX_PATH=${CMAKE_PREFIX_PATH}:/opt/ros/humble /usr/bin/cmake --install /home/skulikk/robot/src/build/sensors_pkg
[26.042s] Level 1:colcon.colcon_core.environment:create_environment_scripts_only(sensors_pkg)
[26.045s] Level 1:colcon.colcon_core.environment:checking '/home/skulikk/robot/src/install/sensors_pkg' for CMake module files
[26.049s] DEBUG:colcon.colcon_core.event_handler.log_command:Invoked command in '/home/skulikk/robot/src/build/sensors_pkg' returned '0': CMAKE_PREFIX_PATH=${CMAKE_PREFIX_PATH}:/opt/ros/humble /usr/bin/cmake --install /home/skulikk/robot/src/build/sensors_pkg
[26.057s] Level 1:colcon.colcon_core.environment:checking '/home/skulikk/robot/src/install/sensors_pkg' for CMake config files
[26.064s] Level 1:colcon.colcon_core.shell:create_environment_hook('sensors_pkg', 'cmake_prefix_path')
[26.067s] INFO:colcon.colcon_core.shell:Creating environment hook '/home/skulikk/robot/src/install/sensors_pkg/share/sensors_pkg/hook/cmake_prefix_path.ps1'
[26.072s] INFO:colcon.colcon_core.shell:Creating environment descriptor '/home/skulikk/robot/src/install/sensors_pkg/share/sensors_pkg/hook/cmake_prefix_path.dsv'
[26.078s] INFO:colcon.colcon_core.shell:Creating environment hook '/home/skulikk/robot/src/install/sensors_pkg/share/sensors_pkg/hook/cmake_prefix_path.sh'
[26.085s] Level 1:colcon.colcon_core.environment:checking '/home/skulikk/robot/src/install/sensors_pkg/lib'
[26.087s] Level 1:colcon.colcon_core.environment:checking '/home/skulikk/robot/src/install/sensors_pkg/bin'
[26.087s] Level 1:colcon.colcon_core.environment:checking '/home/skulikk/robot/src/install/sensors_pkg/lib/pkgconfig/sensors_pkg.pc'
[26.090s] Level 1:colcon.colcon_core.environment:checking '/home/skulikk/robot/src/install/sensors_pkg/lib/python3.10/site-packages'
[26.093s] Level 1:colcon.colcon_core.environment:checking '/home/skulikk/robot/src/install/sensors_pkg/bin'
[26.096s] INFO:colcon.colcon_core.shell:Creating package script '/home/skulikk/robot/src/install/sensors_pkg/share/sensors_pkg/package.ps1'
[26.102s] INFO:colcon.colcon_core.shell:Creating package descriptor '/home/skulikk/robot/src/install/sensors_pkg/share/sensors_pkg/package.dsv'
[26.107s] INFO:colcon.colcon_core.shell:Creating package script '/home/skulikk/robot/src/install/sensors_pkg/share/sensors_pkg/package.sh'
[26.112s] INFO:colcon.colcon_core.shell:Creating package script '/home/skulikk/robot/src/install/sensors_pkg/share/sensors_pkg/package.bash'
[26.117s] INFO:colcon.colcon_core.shell:Creating package script '/home/skulikk/robot/src/install/sensors_pkg/share/sensors_pkg/package.zsh'
[26.121s] Level 1:colcon.colcon_core.environment:create_file_with_runtime_dependencies(/home/skulikk/robot/src/install/sensors_pkg/share/colcon-core/packages/sensors_pkg)
[26.129s] Level 1:colcon.colcon_core.environment:create_environment_scripts_only(sensors_pkg)
[26.131s] Level 1:colcon.colcon_core.environment:checking '/home/skulikk/robot/src/install/sensors_pkg' for CMake module files
[26.140s] Level 1:colcon.colcon_core.environment:checking '/home/skulikk/robot/src/install/sensors_pkg' for CMake config files
[26.146s] Level 1:colcon.colcon_core.shell:create_environment_hook('sensors_pkg', 'cmake_prefix_path')
[26.149s] INFO:colcon.colcon_core.shell:Creating environment hook '/home/skulikk/robot/src/install/sensors_pkg/share/sensors_pkg/hook/cmake_prefix_path.ps1'
[26.154s] INFO:colcon.colcon_core.shell:Creating environment descriptor '/home/skulikk/robot/src/install/sensors_pkg/share/sensors_pkg/hook/cmake_prefix_path.dsv'
[26.159s] INFO:colcon.colcon_core.shell:Creating environment hook '/home/skulikk/robot/src/install/sensors_pkg/share/sensors_pkg/hook/cmake_prefix_path.sh'
[26.168s] Level 1:colcon.colcon_core.environment:checking '/home/skulikk/robot/src/install/sensors_pkg/lib'
[26.170s] Level 1:colcon.colcon_core.environment:checking '/home/skulikk/robot/src/install/sensors_pkg/bin'
[26.171s] Level 1:colcon.colcon_core.environment:checking '/home/skulikk/robot/src/install/sensors_pkg/lib/pkgconfig/sensors_pkg.pc'
[26.174s] Level 1:colcon.colcon_core.environment:checking '/home/skulikk/robot/src/install/sensors_pkg/lib/python3.10/site-packages'
[26.176s] Level 1:colcon.colcon_core.environment:checking '/home/skulikk/robot/src/install/sensors_pkg/bin'
[26.180s] INFO:colcon.colcon_core.shell:Creating package script '/home/skulikk/robot/src/install/sensors_pkg/share/sensors_pkg/package.ps1'
[26.187s] INFO:colcon.colcon_core.shell:Creating package descriptor '/home/skulikk/robot/src/install/sensors_pkg/share/sensors_pkg/package.dsv'
[26.195s] INFO:colcon.colcon_core.shell:Creating package script '/home/skulikk/robot/src/install/sensors_pkg/share/sensors_pkg/package.sh'
[26.202s] INFO:colcon.colcon_core.shell:Creating package script '/home/skulikk/robot/src/install/sensors_pkg/share/sensors_pkg/package.bash'
[26.208s] INFO:colcon.colcon_core.shell:Creating package script '/home/skulikk/robot/src/install/sensors_pkg/share/sensors_pkg/package.zsh'
[26.214s] Level 1:colcon.colcon_core.environment:create_file_with_runtime_dependencies(/home/skulikk/robot/src/install/sensors_pkg/share/colcon-core/packages/sensors_pkg)
[26.219s] DEBUG:colcon.colcon_parallel_executor.executor.parallel:closing loop
[26.221s] DEBUG:colcon.colcon_parallel_executor.executor.parallel:loop closed
[26.222s] DEBUG:colcon.colcon_parallel_executor.executor.parallel:run_until_complete finished with '0'
[26.225s] DEBUG:colcon.colcon_core.event_reactor:joining thread
[26.289s] INFO:colcon.colcon_core.plugin_system:Skipping extension 'colcon_notification.desktop_notification.terminal_notifier': Not used on non-Darwin systems
[26.290s] INFO:colcon.colcon_core.plugin_system:Skipping extension 'colcon_notification.desktop_notification.win32': Not used on non-Windows systems
[26.291s] INFO:colcon.colcon_notification.desktop_notification:Sending desktop notification using 'notify2'
[26.413s] DEBUG:colcon.colcon_core.event_reactor:joined thread
[26.416s] INFO:colcon.colcon_core.shell:Creating prefix script '/home/skulikk/robot/src/install/local_setup.ps1'
[26.441s] INFO:colcon.colcon_core.shell:Creating prefix util module '/home/skulikk/robot/src/install/_local_setup_util_ps1.py'
[26.461s] INFO:colcon.colcon_core.shell:Creating prefix chain script '/home/skulikk/robot/src/install/setup.ps1'
[26.477s] INFO:colcon.colcon_core.shell:Creating prefix script '/home/skulikk/robot/src/install/local_setup.sh'
[26.484s] INFO:colcon.colcon_core.shell:Creating prefix util module '/home/skulikk/robot/src/install/_local_setup_util_sh.py'
[26.491s] INFO:colcon.colcon_core.shell:Creating prefix chain script '/home/skulikk/robot/src/install/setup.sh'
[26.507s] INFO:colcon.colcon_core.shell:Creating prefix script '/home/skulikk/robot/src/install/local_setup.bash'
[26.513s] INFO:colcon.colcon_core.shell:Creating prefix chain script '/home/skulikk/robot/src/install/setup.bash'
[26.527s] INFO:colcon.colcon_core.shell:Creating prefix script '/home/skulikk/robot/src/install/local_setup.zsh'
[26.534s] INFO:colcon.colcon_core.shell:Creating prefix chain script '/home/skulikk/robot/src/install/setup.zsh'
