[0.052s] Invoking command in '/home/skulikk/robot/src/build/imu_package': CMAKE_PREFIX_PATH=/opt/ros/humble /usr/bin/cmake /home/skulikk/robot/src/imu_package -DCMAKE_INSTALL_PREFIX=/home/skulikk/robot/src/install/imu_package
[0.312s] -- The C compiler identification is GNU 11.4.0
[0.825s] -- The CXX compiler identification is GNU 11.4.0
[0.904s] -- Detecting C compiler ABI info
[1.745s] -- Detecting C compiler ABI info - done
[1.825s] -- Check for working C compiler: /usr/bin/cc - skipped
[1.828s] -- Detecting C compile features
[1.831s] -- Detecting C compile features - done
[1.865s] -- Detecting CXX compiler ABI info
[2.650s] -- Detecting CXX compiler ABI info - done
[2.675s] -- Check for working CXX compiler: /usr/bin/c++ - skipped
[2.676s] -- Detecting CXX compile features
[2.678s] -- Detecting CXX compile features - done
[2.702s] -- Found ament_cmake: 1.3.11 (/opt/ros/humble/share/ament_cmake/cmake)
[3.331s] -- Found Python3: /usr/bin/python3 (found version "3.10.12") found components: Interpreter 
[3.856s] -- Found rclcpp: 16.0.11 (/opt/ros/humble/share/rclcpp/cmake)
[4.232s] -- Found rosidl_generator_c: 3.1.6 (/opt/ros/humble/share/rosidl_generator_c/cmake)
[4.281s] -- Found rosidl_adapter: 3.1.6 (/opt/ros/humble/share/rosidl_adapter/cmake)
[4.352s] -- Found rosidl_generator_cpp: 3.1.6 (/opt/ros/humble/share/rosidl_generator_cpp/cmake)
[4.444s] -- Using all available rosidl_typesupport_c: rosidl_typesupport_fastrtps_c;rosidl_typesupport_introspection_c
[4.565s] -- Using all available rosidl_typesupport_cpp: rosidl_typesupport_fastrtps_cpp;rosidl_typesupport_introspection_cpp
[4.910s] -- Found rmw_implementation_cmake: 6.1.2 (/opt/ros/humble/share/rmw_implementation_cmake/cmake)
[4.936s] -- Found rmw_fastrtps_cpp: 6.2.7 (/opt/ros/humble/share/rmw_fastrtps_cpp/cmake)
[5.493s] -- Found OpenSSL: /usr/lib/aarch64-linux-gnu/libcrypto.so (found version "3.0.2")  
[5.674s] -- Found FastRTPS: /opt/ros/humble/include  
[6.000s] -- Using RMW implementation 'rmw_fastrtps_cpp' as default
[6.075s] -- Looking for pthread.h
[6.418s] -- Looking for pthread.h - found
[6.420s] -- Performing Test CMAKE_HAVE_LIBC_PTHREAD
[6.773s] -- Performing Test CMAKE_HAVE_LIBC_PTHREAD - Success
[6.778s] -- Found Threads: TRUE  
[7.154s] [31mCMake Error at CMakeLists.txt:15 (add_executable):
[7.155s]   add_executable cannot create target "imu_node" because another target with
[7.156s]   the same name already exists.  The existing target is an executable created
[7.156s]   in source directory "/home/skulikk/robot/src/imu_package".  See
[7.156s]   documentation for policy CMP0002 for more details.
[7.157s] 
[7.157s] [0m
[7.171s] -- Found ament_lint_auto: 0.12.11 (/opt/ros/humble/share/ament_lint_auto/cmake)
[7.572s] -- Added test 'cppcheck' to perform static code analysis on C / C++ code
[7.573s] -- Configured cppcheck include dirs: $<BUILD_INTERFACE:/home/skulikk/robot/src/imu_package/include>
[7.573s] -- Configured cppcheck exclude dirs and/or files: 
[7.578s] -- Added test 'lint_cmake' to check CMake code style
[7.584s] -- Added test 'uncrustify' to check C / C++ code style
[7.585s] -- Configured uncrustify additional arguments: 
[7.586s] -- Added test 'xmllint' to check XML markup files
[7.591s] -- Configuring incomplete, errors occurred!
[7.592s] See also "/home/skulikk/robot/src/build/imu_package/CMakeFiles/CMakeOutput.log".
[7.622s] Invoked command in '/home/skulikk/robot/src/build/imu_package' returned '1': CMAKE_PREFIX_PATH=/opt/ros/humble /usr/bin/cmake /home/skulikk/robot/src/imu_package -DCMAKE_INSTALL_PREFIX=/home/skulikk/robot/src/install/imu_package
