[0.420s] DEBUG:colcon:Command line arguments: ['/usr/bin/colcon', 'build', '--symlink-install']
[0.420s] DEBUG:colcon:Parsed command line arguments: Namespace(log_base=None, log_level=None, verb_name='build', build_base='build', install_base='install', merge_install=False, symlink_install=True, test_result_base=None, continue_on_error=False, executor='parallel', parallel_workers=4, event_handlers=None, ignore_user_meta=False, metas=['./colcon.meta'], base_paths=['.'], packages_ignore=None, packages_ignore_regex=None, paths=None, packages_up_to=None, packages_up_to_regex=None, packages_above=None, packages_above_and_dependencies=None, packages_above_depth=None, packages_select_by_dep=None, packages_skip_by_dep=None, packages_skip_up_to=None, packages_select_build_failed=False, packages_skip_build_finished=False, packages_select_test_failures=False, packages_skip_test_passed=False, packages_select=None, packages_skip=None, packages_select_regex=None, packages_skip_regex=None, packages_start=None, packages_end=None, allow_overriding=[], cmake_args=None, cmake_target=None, cmake_target_skip_unavailable=False, cmake_clean_cache=False, cmake_clean_first=False, cmake_force_configure=False, ament_cmake_args=None, catkin_cmake_args=None, catkin_skip_building_tests=False, verb_parser=<colcon_defaults.argument_parser.defaults.DefaultArgumentsDecorator object at 0xffff9b98df90>, verb_extension=<colcon_core.verb.build.BuildVerb object at 0xffff9ba9b400>, main=<bound method BuildVerb.main of <colcon_core.verb.build.BuildVerb object at 0xffff9ba9b400>>)
[1.069s] Level 1:colcon.colcon_core.package_discovery:discover_packages(colcon_meta) check parameters
[1.070s] Level 1:colcon.colcon_core.package_discovery:discover_packages(recursive) check parameters
[1.070s] Level 1:colcon.colcon_core.package_discovery:discover_packages(ignore) check parameters
[1.070s] Level 1:colcon.colcon_core.package_discovery:discover_packages(path) check parameters
[1.070s] Level 1:colcon.colcon_core.package_discovery:discover_packages(colcon_meta) discover
[1.071s] Level 1:colcon.colcon_core.package_discovery:discover_packages(recursive) discover
[1.071s] INFO:colcon.colcon_core.package_discovery:Crawling recursively for packages in '/home/skulikk/robot'
[1.072s] Level 1:colcon.colcon_core.package_identification:_identify(.) by extensions ['ignore', 'ignore_ament_install']
[1.072s] Level 1:colcon.colcon_core.package_identification:_identify(.) by extension 'ignore'
[1.073s] Level 1:colcon.colcon_core.package_identification:_identify(.) by extension 'ignore_ament_install'
[1.073s] Level 1:colcon.colcon_core.package_identification:_identify(.) by extensions ['colcon_pkg']
[1.073s] Level 1:colcon.colcon_core.package_identification:_identify(.) by extension 'colcon_pkg'
[1.074s] Level 1:colcon.colcon_core.package_identification:_identify(.) by extensions ['colcon_meta']
[1.074s] Level 1:colcon.colcon_core.package_identification:_identify(.) by extension 'colcon_meta'
[1.074s] Level 1:colcon.colcon_core.package_identification:_identify(.) by extensions ['ros']
[1.074s] Level 1:colcon.colcon_core.package_identification:_identify(.) by extension 'ros'
[1.119s] Level 1:colcon.colcon_core.package_identification:_identify(.) by extensions ['cmake', 'python']
[1.120s] Level 1:colcon.colcon_core.package_identification:_identify(.) by extension 'cmake'
[1.120s] Level 1:colcon.colcon_core.package_identification:_identify(.) by extension 'python'
[1.120s] Level 1:colcon.colcon_core.package_identification:_identify(.) by extensions ['python_setup_py']
[1.120s] Level 1:colcon.colcon_core.package_identification:_identify(.) by extension 'python_setup_py'
[1.121s] Level 1:colcon.colcon_core.package_identification:_identify(build) by extensions ['ignore', 'ignore_ament_install']
[1.121s] Level 1:colcon.colcon_core.package_identification:_identify(build) by extension 'ignore'
[1.122s] Level 1:colcon.colcon_core.package_identification:_identify(build) ignored
[1.122s] Level 1:colcon.colcon_core.package_identification:_identify(install) by extensions ['ignore', 'ignore_ament_install']
[1.123s] Level 1:colcon.colcon_core.package_identification:_identify(install) by extension 'ignore'
[1.123s] Level 1:colcon.colcon_core.package_identification:_identify(install) ignored
[1.123s] Level 1:colcon.colcon_core.package_identification:_identify(log) by extensions ['ignore', 'ignore_ament_install']
[1.124s] Level 1:colcon.colcon_core.package_identification:_identify(log) by extension 'ignore'
[1.124s] Level 1:colcon.colcon_core.package_identification:_identify(log) ignored
[1.124s] Level 1:colcon.colcon_core.package_identification:_identify(src) by extensions ['ignore', 'ignore_ament_install']
[1.125s] Level 1:colcon.colcon_core.package_identification:_identify(src) by extension 'ignore'
[1.125s] Level 1:colcon.colcon_core.package_identification:_identify(src) by extension 'ignore_ament_install'
[1.125s] Level 1:colcon.colcon_core.package_identification:_identify(src) by extensions ['colcon_pkg']
[1.125s] Level 1:colcon.colcon_core.package_identification:_identify(src) by extension 'colcon_pkg'
[1.125s] Level 1:colcon.colcon_core.package_identification:_identify(src) by extensions ['colcon_meta']
[1.126s] Level 1:colcon.colcon_core.package_identification:_identify(src) by extension 'colcon_meta'
[1.126s] Level 1:colcon.colcon_core.package_identification:_identify(src) by extensions ['ros']
[1.126s] Level 1:colcon.colcon_core.package_identification:_identify(src) by extension 'ros'
[1.127s] Level 1:colcon.colcon_core.package_identification:_identify(src) by extensions ['cmake', 'python']
[1.127s] Level 1:colcon.colcon_core.package_identification:_identify(src) by extension 'cmake'
[1.127s] Level 1:colcon.colcon_core.package_identification:_identify(src) by extension 'python'
[1.127s] Level 1:colcon.colcon_core.package_identification:_identify(src) by extensions ['python_setup_py']
[1.127s] Level 1:colcon.colcon_core.package_identification:_identify(src) by extension 'python_setup_py'
[1.128s] Level 1:colcon.colcon_core.package_identification:_identify(src/build) by extensions ['ignore', 'ignore_ament_install']
[1.128s] Level 1:colcon.colcon_core.package_identification:_identify(src/build) by extension 'ignore'
[1.128s] Level 1:colcon.colcon_core.package_identification:_identify(src/build) ignored
[1.129s] Level 1:colcon.colcon_core.package_identification:_identify(src/control_pkg) by extensions ['ignore', 'ignore_ament_install']
[1.129s] Level 1:colcon.colcon_core.package_identification:_identify(src/control_pkg) by extension 'ignore'
[1.129s] Level 1:colcon.colcon_core.package_identification:_identify(src/control_pkg) by extension 'ignore_ament_install'
[1.130s] Level 1:colcon.colcon_core.package_identification:_identify(src/control_pkg) by extensions ['colcon_pkg']
[1.130s] Level 1:colcon.colcon_core.package_identification:_identify(src/control_pkg) by extension 'colcon_pkg'
[1.130s] Level 1:colcon.colcon_core.package_identification:_identify(src/control_pkg) by extensions ['colcon_meta']
[1.130s] Level 1:colcon.colcon_core.package_identification:_identify(src/control_pkg) by extension 'colcon_meta'
[1.130s] Level 1:colcon.colcon_core.package_identification:_identify(src/control_pkg) by extensions ['ros']
[1.130s] Level 1:colcon.colcon_core.package_identification:_identify(src/control_pkg) by extension 'ros'
[1.144s] DEBUG:colcon.colcon_core.package_identification:Package 'src/control_pkg' with type 'ros.ament_cmake' and name 'control_pkg'
[1.145s] Level 1:colcon.colcon_core.package_identification:_identify(src/install) by extensions ['ignore', 'ignore_ament_install']
[1.145s] Level 1:colcon.colcon_core.package_identification:_identify(src/install) by extension 'ignore'
[1.146s] Level 1:colcon.colcon_core.package_identification:_identify(src/install) ignored
[1.146s] Level 1:colcon.colcon_core.package_identification:_identify(src/log) by extensions ['ignore', 'ignore_ament_install']
[1.147s] Level 1:colcon.colcon_core.package_identification:_identify(src/log) by extension 'ignore'
[1.147s] Level 1:colcon.colcon_core.package_identification:_identify(src/log) ignored
[1.148s] Level 1:colcon.colcon_core.package_identification:_identify(src/sensors_pkg) by extensions ['ignore', 'ignore_ament_install']
[1.148s] Level 1:colcon.colcon_core.package_identification:_identify(src/sensors_pkg) by extension 'ignore'
[1.149s] Level 1:colcon.colcon_core.package_identification:_identify(src/sensors_pkg) by extension 'ignore_ament_install'
[1.149s] Level 1:colcon.colcon_core.package_identification:_identify(src/sensors_pkg) by extensions ['colcon_pkg']
[1.149s] Level 1:colcon.colcon_core.package_identification:_identify(src/sensors_pkg) by extension 'colcon_pkg'
[1.150s] Level 1:colcon.colcon_core.package_identification:_identify(src/sensors_pkg) by extensions ['colcon_meta']
[1.150s] Level 1:colcon.colcon_core.package_identification:_identify(src/sensors_pkg) by extension 'colcon_meta'
[1.150s] Level 1:colcon.colcon_core.package_identification:_identify(src/sensors_pkg) by extensions ['ros']
[1.150s] Level 1:colcon.colcon_core.package_identification:_identify(src/sensors_pkg) by extension 'ros'
[1.153s] DEBUG:colcon.colcon_core.package_identification:Package 'src/sensors_pkg' with type 'ros.ament_cmake' and name 'sensors_pkg'
[1.153s] Level 1:colcon.colcon_core.package_discovery:discover_packages(recursive) using defaults
[1.154s] Level 1:colcon.colcon_core.package_discovery:discover_packages(ignore) discover
[1.154s] Level 1:colcon.colcon_core.package_discovery:discover_packages(ignore) using defaults
[1.154s] Level 1:colcon.colcon_core.package_discovery:discover_packages(path) discover
[1.154s] Level 1:colcon.colcon_core.package_discovery:discover_packages(path) using defaults
[1.228s] Level 1:colcon.colcon_core.package_discovery:discover_packages(prefix_path) check parameters
[1.228s] Level 1:colcon.colcon_core.package_discovery:discover_packages(prefix_path) discover
[1.238s] DEBUG:colcon.colcon_installed_package_information.package_discovery:Found 2 installed packages in /home/skulikk/robot/install
[1.245s] DEBUG:colcon.colcon_installed_package_information.package_discovery:Found 224 installed packages in /opt/ros/humble
[1.250s] Level 1:colcon.colcon_core.package_discovery:discover_packages(prefix_path) using defaults
[1.414s] Level 5:colcon.colcon_core.verb:set package 'control_pkg' build argument 'cmake_args' from command line to 'None'
[1.414s] Level 5:colcon.colcon_core.verb:set package 'control_pkg' build argument 'cmake_target' from command line to 'None'
[1.414s] Level 5:colcon.colcon_core.verb:set package 'control_pkg' build argument 'cmake_target_skip_unavailable' from command line to 'False'
[1.414s] Level 5:colcon.colcon_core.verb:set package 'control_pkg' build argument 'cmake_clean_cache' from command line to 'False'
[1.414s] Level 5:colcon.colcon_core.verb:set package 'control_pkg' build argument 'cmake_clean_first' from command line to 'False'
[1.414s] Level 5:colcon.colcon_core.verb:set package 'control_pkg' build argument 'cmake_force_configure' from command line to 'False'
[1.415s] Level 5:colcon.colcon_core.verb:set package 'control_pkg' build argument 'ament_cmake_args' from command line to 'None'
[1.415s] Level 5:colcon.colcon_core.verb:set package 'control_pkg' build argument 'catkin_cmake_args' from command line to 'None'
[1.415s] Level 5:colcon.colcon_core.verb:set package 'control_pkg' build argument 'catkin_skip_building_tests' from command line to 'False'
[1.415s] DEBUG:colcon.colcon_core.verb:Building package 'control_pkg' with the following arguments: {'ament_cmake_args': None, 'build_base': '/home/skulikk/robot/build/control_pkg', 'catkin_cmake_args': None, 'catkin_skip_building_tests': False, 'cmake_args': None, 'cmake_clean_cache': False, 'cmake_clean_first': False, 'cmake_force_configure': False, 'cmake_target': None, 'cmake_target_skip_unavailable': False, 'install_base': '/home/skulikk/robot/install/control_pkg', 'merge_install': False, 'path': '/home/skulikk/robot/src/control_pkg', 'symlink_install': True, 'test_result_base': None}
[1.416s] Level 5:colcon.colcon_core.verb:set package 'sensors_pkg' build argument 'cmake_args' from command line to 'None'
[1.417s] Level 5:colcon.colcon_core.verb:set package 'sensors_pkg' build argument 'cmake_target' from command line to 'None'
[1.417s] Level 5:colcon.colcon_core.verb:set package 'sensors_pkg' build argument 'cmake_target_skip_unavailable' from command line to 'False'
[1.417s] Level 5:colcon.colcon_core.verb:set package 'sensors_pkg' build argument 'cmake_clean_cache' from command line to 'False'
[1.417s] Level 5:colcon.colcon_core.verb:set package 'sensors_pkg' build argument 'cmake_clean_first' from command line to 'False'
[1.417s] Level 5:colcon.colcon_core.verb:set package 'sensors_pkg' build argument 'cmake_force_configure' from command line to 'False'
[1.417s] Level 5:colcon.colcon_core.verb:set package 'sensors_pkg' build argument 'ament_cmake_args' from command line to 'None'
[1.417s] Level 5:colcon.colcon_core.verb:set package 'sensors_pkg' build argument 'catkin_cmake_args' from command line to 'None'
[1.417s] Level 5:colcon.colcon_core.verb:set package 'sensors_pkg' build argument 'catkin_skip_building_tests' from command line to 'False'
[1.417s] DEBUG:colcon.colcon_core.verb:Building package 'sensors_pkg' with the following arguments: {'ament_cmake_args': None, 'build_base': '/home/skulikk/robot/build/sensors_pkg', 'catkin_cmake_args': None, 'catkin_skip_building_tests': False, 'cmake_args': None, 'cmake_clean_cache': False, 'cmake_clean_first': False, 'cmake_force_configure': False, 'cmake_target': None, 'cmake_target_skip_unavailable': False, 'install_base': '/home/skulikk/robot/install/sensors_pkg', 'merge_install': False, 'path': '/home/skulikk/robot/src/sensors_pkg', 'symlink_install': True, 'test_result_base': None}
[1.418s] INFO:colcon.colcon_core.executor:Executing jobs using 'parallel' executor
[1.421s] DEBUG:colcon.colcon_parallel_executor.executor.parallel:run_until_complete
[1.422s] INFO:colcon.colcon_ros.task.ament_cmake.build:Building ROS package in '/home/skulikk/robot/src/control_pkg' with build type 'ament_cmake'
[1.423s] INFO:colcon.colcon_cmake.task.cmake.build:Building CMake package in '/home/skulikk/robot/src/control_pkg'
[1.433s] INFO:colcon.colcon_core.plugin_system:Skipping extension 'colcon_core.shell.bat': Not used on non-Windows systems
[1.434s] INFO:colcon.colcon_core.shell:Skip shell extension 'powershell' for command environment: Not usable outside of PowerShell
[1.434s] DEBUG:colcon.colcon_core.shell:Skip shell extension 'dsv' for command environment
[1.451s] INFO:colcon.colcon_ros.task.ament_cmake.build:Building ROS package in '/home/skulikk/robot/src/sensors_pkg' with build type 'ament_cmake'
[1.452s] INFO:colcon.colcon_cmake.task.cmake.build:Building CMake package in '/home/skulikk/robot/src/sensors_pkg'
[1.453s] INFO:colcon.colcon_core.shell:Skip shell extension 'powershell' for command environment: Not usable outside of PowerShell
[1.454s] DEBUG:colcon.colcon_core.shell:Skip shell extension 'dsv' for command environment
[1.486s] DEBUG:colcon.colcon_core.event_handler.log_command:Invoking command in '/home/skulikk/robot/build/control_pkg': CMAKE_PREFIX_PATH=${CMAKE_PREFIX_PATH}:/opt/ros/humble /usr/bin/cmake --build /home/skulikk/robot/build/control_pkg -- -j4 -l4
[1.514s] DEBUG:colcon.colcon_core.event_handler.log_command:Invoking command in '/home/skulikk/robot/build/sensors_pkg': CMAKE_PREFIX_PATH=${CMAKE_PREFIX_PATH}:/opt/ros/humble /usr/bin/cmake --build /home/skulikk/robot/build/sensors_pkg -- -j4 -l4
[2.053s] DEBUG:colcon.colcon_core.event_handler.log_command:Invoked command in '/home/skulikk/robot/build/control_pkg' returned '0': CMAKE_PREFIX_PATH=${CMAKE_PREFIX_PATH}:/opt/ros/humble /usr/bin/cmake --build /home/skulikk/robot/build/control_pkg -- -j4 -l4
[2.161s] DEBUG:colcon.colcon_core.event_handler.log_command:Invoking command in '/home/skulikk/robot/build/control_pkg': CMAKE_PREFIX_PATH=${CMAKE_PREFIX_PATH}:/opt/ros/humble /usr/bin/cmake --install /home/skulikk/robot/build/control_pkg
[2.491s] Level 1:colcon.colcon_core.environment:create_environment_scripts_only(control_pkg)
[2.497s] DEBUG:colcon.colcon_core.event_handler.log_command:Invoked command in '/home/skulikk/robot/build/control_pkg' returned '0': CMAKE_PREFIX_PATH=${CMAKE_PREFIX_PATH}:/opt/ros/humble /usr/bin/cmake --install /home/skulikk/robot/build/control_pkg
[2.537s] Level 1:colcon.colcon_core.environment:checking '/home/skulikk/robot/install/control_pkg' for CMake module files
[2.548s] Level 1:colcon.colcon_core.environment:checking '/home/skulikk/robot/install/control_pkg' for CMake config files
[2.557s] Level 1:colcon.colcon_core.shell:create_environment_hook('control_pkg', 'cmake_prefix_path')
[2.561s] INFO:colcon.colcon_core.shell:Creating environment hook '/home/skulikk/robot/install/control_pkg/share/control_pkg/hook/cmake_prefix_path.ps1'
[2.570s] INFO:colcon.colcon_core.shell:Creating environment descriptor '/home/skulikk/robot/install/control_pkg/share/control_pkg/hook/cmake_prefix_path.dsv'
[2.580s] INFO:colcon.colcon_core.shell:Creating environment hook '/home/skulikk/robot/install/control_pkg/share/control_pkg/hook/cmake_prefix_path.sh'
[2.594s] Level 1:colcon.colcon_core.environment:checking '/home/skulikk/robot/install/control_pkg/lib'
[2.598s] Level 1:colcon.colcon_core.environment:checking '/home/skulikk/robot/install/control_pkg/bin'
[2.601s] Level 1:colcon.colcon_core.environment:checking '/home/skulikk/robot/install/control_pkg/lib/pkgconfig/control_pkg.pc'
[2.605s] Level 1:colcon.colcon_core.environment:checking '/home/skulikk/robot/install/control_pkg/lib/python3.10/site-packages'
[2.609s] Level 1:colcon.colcon_core.environment:checking '/home/skulikk/robot/install/control_pkg/bin'
[2.614s] INFO:colcon.colcon_core.shell:Creating package script '/home/skulikk/robot/install/control_pkg/share/control_pkg/package.ps1'
[2.631s] INFO:colcon.colcon_core.shell:Creating package descriptor '/home/skulikk/robot/install/control_pkg/share/control_pkg/package.dsv'
[2.650s] INFO:colcon.colcon_core.shell:Creating package script '/home/skulikk/robot/install/control_pkg/share/control_pkg/package.sh'
[2.659s] INFO:colcon.colcon_core.shell:Creating package script '/home/skulikk/robot/install/control_pkg/share/control_pkg/package.bash'
[2.670s] INFO:colcon.colcon_core.shell:Creating package script '/home/skulikk/robot/install/control_pkg/share/control_pkg/package.zsh'
[2.679s] Level 1:colcon.colcon_core.environment:create_file_with_runtime_dependencies(/home/skulikk/robot/install/control_pkg/share/colcon-core/packages/control_pkg)
[2.686s] Level 1:colcon.colcon_core.environment:create_environment_scripts_only(control_pkg)
[2.688s] Level 1:colcon.colcon_core.environment:checking '/home/skulikk/robot/install/control_pkg' for CMake module files
[2.696s] Level 1:colcon.colcon_core.environment:checking '/home/skulikk/robot/install/control_pkg' for CMake config files
[2.706s] Level 1:colcon.colcon_core.shell:create_environment_hook('control_pkg', 'cmake_prefix_path')
[2.708s] INFO:colcon.colcon_core.shell:Creating environment hook '/home/skulikk/robot/install/control_pkg/share/control_pkg/hook/cmake_prefix_path.ps1'
[2.713s] INFO:colcon.colcon_core.shell:Creating environment descriptor '/home/skulikk/robot/install/control_pkg/share/control_pkg/hook/cmake_prefix_path.dsv'
[2.718s] INFO:colcon.colcon_core.shell:Creating environment hook '/home/skulikk/robot/install/control_pkg/share/control_pkg/hook/cmake_prefix_path.sh'
[2.726s] Level 1:colcon.colcon_core.environment:checking '/home/skulikk/robot/install/control_pkg/lib'
[2.727s] Level 1:colcon.colcon_core.environment:checking '/home/skulikk/robot/install/control_pkg/bin'
[2.728s] Level 1:colcon.colcon_core.environment:checking '/home/skulikk/robot/install/control_pkg/lib/pkgconfig/control_pkg.pc'
[2.731s] Level 1:colcon.colcon_core.environment:checking '/home/skulikk/robot/install/control_pkg/lib/python3.10/site-packages'
[2.734s] Level 1:colcon.colcon_core.environment:checking '/home/skulikk/robot/install/control_pkg/bin'
[2.739s] INFO:colcon.colcon_core.shell:Creating package script '/home/skulikk/robot/install/control_pkg/share/control_pkg/package.ps1'
[2.748s] INFO:colcon.colcon_core.shell:Creating package descriptor '/home/skulikk/robot/install/control_pkg/share/control_pkg/package.dsv'
[2.756s] INFO:colcon.colcon_core.shell:Creating package script '/home/skulikk/robot/install/control_pkg/share/control_pkg/package.sh'
[2.764s] INFO:colcon.colcon_core.shell:Creating package script '/home/skulikk/robot/install/control_pkg/share/control_pkg/package.bash'
[2.771s] INFO:colcon.colcon_core.shell:Creating package script '/home/skulikk/robot/install/control_pkg/share/control_pkg/package.zsh'
[2.777s] Level 1:colcon.colcon_core.environment:create_file_with_runtime_dependencies(/home/skulikk/robot/install/control_pkg/share/colcon-core/packages/control_pkg)
[23.803s] DEBUG:colcon.colcon_core.event_handler.log_command:Invoked command in '/home/skulikk/robot/build/sensors_pkg' returned '0': CMAKE_PREFIX_PATH=${CMAKE_PREFIX_PATH}:/opt/ros/humble /usr/bin/cmake --build /home/skulikk/robot/build/sensors_pkg -- -j4 -l4
[23.814s] DEBUG:colcon.colcon_core.event_handler.log_command:Invoking command in '/home/skulikk/robot/build/sensors_pkg': CMAKE_PREFIX_PATH=${CMAKE_PREFIX_PATH}:/opt/ros/humble /usr/bin/cmake --install /home/skulikk/robot/build/sensors_pkg
[24.318s] Level 1:colcon.colcon_core.environment:create_environment_scripts_only(sensors_pkg)
[24.321s] Level 1:colcon.colcon_core.environment:checking '/home/skulikk/robot/install/sensors_pkg' for CMake module files
[24.325s] DEBUG:colcon.colcon_core.event_handler.log_command:Invoked command in '/home/skulikk/robot/build/sensors_pkg' returned '0': CMAKE_PREFIX_PATH=${CMAKE_PREFIX_PATH}:/opt/ros/humble /usr/bin/cmake --install /home/skulikk/robot/build/sensors_pkg
[24.335s] Level 1:colcon.colcon_core.environment:checking '/home/skulikk/robot/install/sensors_pkg' for CMake config files
[24.359s] Level 1:colcon.colcon_core.shell:create_environment_hook('sensors_pkg', 'cmake_prefix_path')
[24.361s] INFO:colcon.colcon_core.shell:Creating environment hook '/home/skulikk/robot/install/sensors_pkg/share/sensors_pkg/hook/cmake_prefix_path.ps1'
[24.366s] INFO:colcon.colcon_core.shell:Creating environment descriptor '/home/skulikk/robot/install/sensors_pkg/share/sensors_pkg/hook/cmake_prefix_path.dsv'
[24.370s] INFO:colcon.colcon_core.shell:Creating environment hook '/home/skulikk/robot/install/sensors_pkg/share/sensors_pkg/hook/cmake_prefix_path.sh'
[24.376s] Level 1:colcon.colcon_core.environment:checking '/home/skulikk/robot/install/sensors_pkg/lib'
[24.378s] Level 1:colcon.colcon_core.shell:create_environment_hook('sensors_pkg', 'ld_library_path_lib')
[24.380s] INFO:colcon.colcon_core.shell:Creating environment hook '/home/skulikk/robot/install/sensors_pkg/share/sensors_pkg/hook/ld_library_path_lib.ps1'
[24.385s] INFO:colcon.colcon_core.shell:Creating environment descriptor '/home/skulikk/robot/install/sensors_pkg/share/sensors_pkg/hook/ld_library_path_lib.dsv'
[24.389s] INFO:colcon.colcon_core.shell:Creating environment hook '/home/skulikk/robot/install/sensors_pkg/share/sensors_pkg/hook/ld_library_path_lib.sh'
[24.393s] Level 1:colcon.colcon_core.environment:checking '/home/skulikk/robot/install/sensors_pkg/bin'
[24.394s] Level 1:colcon.colcon_core.environment:checking '/home/skulikk/robot/install/sensors_pkg/lib/pkgconfig/sensors_pkg.pc'
[24.396s] Level 1:colcon.colcon_core.environment:checking '/home/skulikk/robot/install/sensors_pkg/lib/python3.10/site-packages'
[24.399s] Level 1:colcon.colcon_core.environment:checking '/home/skulikk/robot/install/sensors_pkg/bin'
[24.402s] INFO:colcon.colcon_core.shell:Creating package script '/home/skulikk/robot/install/sensors_pkg/share/sensors_pkg/package.ps1'
[24.407s] INFO:colcon.colcon_core.shell:Creating package descriptor '/home/skulikk/robot/install/sensors_pkg/share/sensors_pkg/package.dsv'
[24.412s] INFO:colcon.colcon_core.shell:Creating package script '/home/skulikk/robot/install/sensors_pkg/share/sensors_pkg/package.sh'
[24.417s] INFO:colcon.colcon_core.shell:Creating package script '/home/skulikk/robot/install/sensors_pkg/share/sensors_pkg/package.bash'
[24.422s] INFO:colcon.colcon_core.shell:Creating package script '/home/skulikk/robot/install/sensors_pkg/share/sensors_pkg/package.zsh'
[24.426s] Level 1:colcon.colcon_core.environment:create_file_with_runtime_dependencies(/home/skulikk/robot/install/sensors_pkg/share/colcon-core/packages/sensors_pkg)
[24.433s] Level 1:colcon.colcon_core.environment:create_environment_scripts_only(sensors_pkg)
[24.435s] Level 1:colcon.colcon_core.environment:checking '/home/skulikk/robot/install/sensors_pkg' for CMake module files
[24.449s] Level 1:colcon.colcon_core.environment:checking '/home/skulikk/robot/install/sensors_pkg' for CMake config files
[24.471s] Level 1:colcon.colcon_core.shell:create_environment_hook('sensors_pkg', 'cmake_prefix_path')
[24.473s] INFO:colcon.colcon_core.shell:Creating environment hook '/home/skulikk/robot/install/sensors_pkg/share/sensors_pkg/hook/cmake_prefix_path.ps1'
[24.478s] INFO:colcon.colcon_core.shell:Creating environment descriptor '/home/skulikk/robot/install/sensors_pkg/share/sensors_pkg/hook/cmake_prefix_path.dsv'
[24.482s] INFO:colcon.colcon_core.shell:Creating environment hook '/home/skulikk/robot/install/sensors_pkg/share/sensors_pkg/hook/cmake_prefix_path.sh'
[24.488s] Level 1:colcon.colcon_core.environment:checking '/home/skulikk/robot/install/sensors_pkg/lib'
[24.489s] Level 1:colcon.colcon_core.shell:create_environment_hook('sensors_pkg', 'ld_library_path_lib')
[24.492s] INFO:colcon.colcon_core.shell:Creating environment hook '/home/skulikk/robot/install/sensors_pkg/share/sensors_pkg/hook/ld_library_path_lib.ps1'
[24.496s] INFO:colcon.colcon_core.shell:Creating environment descriptor '/home/skulikk/robot/install/sensors_pkg/share/sensors_pkg/hook/ld_library_path_lib.dsv'
[24.500s] INFO:colcon.colcon_core.shell:Creating environment hook '/home/skulikk/robot/install/sensors_pkg/share/sensors_pkg/hook/ld_library_path_lib.sh'
[24.504s] Level 1:colcon.colcon_core.environment:checking '/home/skulikk/robot/install/sensors_pkg/bin'
[24.505s] Level 1:colcon.colcon_core.environment:checking '/home/skulikk/robot/install/sensors_pkg/lib/pkgconfig/sensors_pkg.pc'
[24.507s] Level 1:colcon.colcon_core.environment:checking '/home/skulikk/robot/install/sensors_pkg/lib/python3.10/site-packages'
[24.510s] Level 1:colcon.colcon_core.environment:checking '/home/skulikk/robot/install/sensors_pkg/bin'
[24.513s] INFO:colcon.colcon_core.shell:Creating package script '/home/skulikk/robot/install/sensors_pkg/share/sensors_pkg/package.ps1'
[24.519s] INFO:colcon.colcon_core.shell:Creating package descriptor '/home/skulikk/robot/install/sensors_pkg/share/sensors_pkg/package.dsv'
[24.525s] INFO:colcon.colcon_core.shell:Creating package script '/home/skulikk/robot/install/sensors_pkg/share/sensors_pkg/package.sh'
[24.530s] INFO:colcon.colcon_core.shell:Creating package script '/home/skulikk/robot/install/sensors_pkg/share/sensors_pkg/package.bash'
[24.535s] INFO:colcon.colcon_core.shell:Creating package script '/home/skulikk/robot/install/sensors_pkg/share/sensors_pkg/package.zsh'
[24.541s] Level 1:colcon.colcon_core.environment:create_file_with_runtime_dependencies(/home/skulikk/robot/install/sensors_pkg/share/colcon-core/packages/sensors_pkg)
[24.544s] DEBUG:colcon.colcon_parallel_executor.executor.parallel:closing loop
[24.547s] DEBUG:colcon.colcon_parallel_executor.executor.parallel:loop closed
[24.548s] DEBUG:colcon.colcon_parallel_executor.executor.parallel:run_until_complete finished with '0'
[24.549s] DEBUG:colcon.colcon_core.event_reactor:joining thread
[24.599s] INFO:colcon.colcon_core.plugin_system:Skipping extension 'colcon_notification.desktop_notification.terminal_notifier': Not used on non-Darwin systems
[24.600s] INFO:colcon.colcon_core.plugin_system:Skipping extension 'colcon_notification.desktop_notification.win32': Not used on non-Windows systems
[24.600s] INFO:colcon.colcon_notification.desktop_notification:Sending desktop notification using 'notify2'
[24.687s] DEBUG:colcon.colcon_core.event_reactor:joined thread
[24.690s] INFO:colcon.colcon_core.shell:Creating prefix script '/home/skulikk/robot/install/local_setup.ps1'
[24.699s] INFO:colcon.colcon_core.shell:Creating prefix util module '/home/skulikk/robot/install/_local_setup_util_ps1.py'
[24.715s] INFO:colcon.colcon_core.shell:Creating prefix chain script '/home/skulikk/robot/install/setup.ps1'
[24.727s] INFO:colcon.colcon_core.shell:Creating prefix script '/home/skulikk/robot/install/local_setup.sh'
[24.734s] INFO:colcon.colcon_core.shell:Creating prefix util module '/home/skulikk/robot/install/_local_setup_util_sh.py'
[24.741s] INFO:colcon.colcon_core.shell:Creating prefix chain script '/home/skulikk/robot/install/setup.sh'
[24.754s] INFO:colcon.colcon_core.shell:Creating prefix script '/home/skulikk/robot/install/local_setup.bash'
[24.759s] INFO:colcon.colcon_core.shell:Creating prefix chain script '/home/skulikk/robot/install/setup.bash'
[24.771s] INFO:colcon.colcon_core.shell:Creating prefix script '/home/skulikk/robot/install/local_setup.zsh'
[24.777s] INFO:colcon.colcon_core.shell:Creating prefix chain script '/home/skulikk/robot/install/setup.zsh'
