[0.053s] Invoking command in '/home/skulikk/robot/build/control_pkg': CMAKE_PREFIX_PATH=${CMAKE_PREFIX_PATH}:/opt/ros/humble /usr/bin/cmake --build /home/skulikk/robot/build/control_pkg -- -j4 -l4
[0.217s] [35m[1mConsolidate compiler generated dependencies of target motor_controller_node[0m
[0.312s] [ 50%] [32mBuilding CXX object CMakeFiles/motor_controller_node.dir/src/motor_controller_node.cpp.o[0m
[43.780s] [100%] [32m[1mLinking CXX executable motor_controller_node[0m
[46.046s] [100%] Built target motor_controller_node
[46.085s] Invoked command in '/home/skulikk/robot/build/control_pkg' returned '0': CMAKE_PREFIX_PATH=${CMAKE_PREFIX_PATH}:/opt/ros/humble /usr/bin/cmake --build /home/skulikk/robot/build/control_pkg -- -j4 -l4
[46.094s] Invoking command in '/home/skulikk/robot/build/control_pkg': CMAKE_PREFIX_PATH=${CMAKE_PREFIX_PATH}:/opt/ros/humble /usr/bin/cmake --install /home/skulikk/robot/build/control_pkg
[46.121s] -- Install configuration: ""
[46.123s] -- Execute custom install script
[46.125s] -- Up-to-date symlink: /home/skulikk/robot/install/control_pkg/lib/control_pkg/motor_controller_node
[46.126s] -- Up-to-date symlink: /home/skulikk/robot/install/control_pkg/share/ament_index/resource_index/package_run_dependencies/control_pkg
[46.127s] -- Up-to-date symlink: /home/skulikk/robot/install/control_pkg/share/ament_index/resource_index/parent_prefix_path/control_pkg
[46.128s] -- Up-to-date symlink: /home/skulikk/robot/install/control_pkg/share/control_pkg/environment/ament_prefix_path.sh
[46.129s] -- Up-to-date symlink: /home/skulikk/robot/install/control_pkg/share/control_pkg/environment/ament_prefix_path.dsv
[46.130s] -- Up-to-date symlink: /home/skulikk/robot/install/control_pkg/share/control_pkg/environment/path.sh
[46.131s] -- Up-to-date symlink: /home/skulikk/robot/install/control_pkg/share/control_pkg/environment/path.dsv
[46.131s] -- Up-to-date symlink: /home/skulikk/robot/install/control_pkg/share/control_pkg/local_setup.bash
[46.132s] -- Up-to-date symlink: /home/skulikk/robot/install/control_pkg/share/control_pkg/local_setup.sh
[46.133s] -- Up-to-date symlink: /home/skulikk/robot/install/control_pkg/share/control_pkg/local_setup.zsh
[46.134s] -- Up-to-date symlink: /home/skulikk/robot/install/control_pkg/share/control_pkg/local_setup.dsv
[46.135s] -- Symlinking: /home/skulikk/robot/install/control_pkg/share/control_pkg/package.dsv
[46.168s] -- Up-to-date symlink: /home/skulikk/robot/install/control_pkg/share/ament_index/resource_index/packages/control_pkg
[46.169s] -- Up-to-date symlink: /home/skulikk/robot/install/control_pkg/share/control_pkg/cmake/control_pkgConfig.cmake
[46.169s] -- Up-to-date symlink: /home/skulikk/robot/install/control_pkg/share/control_pkg/cmake/control_pkgConfig-version.cmake
[46.171s] -- Up-to-date symlink: /home/skulikk/robot/install/control_pkg/share/control_pkg/package.xml
[46.179s] Invoked command in '/home/skulikk/robot/build/control_pkg' returned '0': CMAKE_PREFIX_PATH=${CMAKE_PREFIX_PATH}:/opt/ros/humble /usr/bin/cmake --install /home/skulikk/robot/build/control_pkg
