-- Found ament_cmake: 1.3.11 (/opt/ros/humble/share/ament_cmake/cmake)
-- Found rclcpp: 16.0.11 (/opt/ros/humble/share/rclcpp/cmake)
-- Found rosidl_generator_c: 3.1.6 (/opt/ros/humble/share/rosidl_generator_c/cmake)
-- Found rosidl_adapter: 3.1.6 (/opt/ros/humble/share/rosidl_adapter/cmake)
-- Found rosidl_generator_cpp: 3.1.6 (/opt/ros/humble/share/rosidl_generator_cpp/cmake)
-- Using all available rosidl_typesupport_c: rosidl_typesupport_fastrtps_c;rosidl_typesupport_introspection_c
-- Using all available rosidl_typesupport_cpp: rosidl_typesupport_fastrtps_cpp;rosidl_typesupport_introspection_cpp
-- Found rmw_implementation_cmake: 6.1.2 (/opt/ros/humble/share/rmw_implementation_cmake/cmake)
-- Found rmw_fastrtps_cpp: 6.2.7 (/opt/ros/humble/share/rmw_fastrtps_cpp/cmake)
-- Using RMW implementation 'rmw_fastrtps_cpp' as default
-- Found ament_lint_auto: 0.12.11 (/opt/ros/humble/share/ament_lint_auto/cmake)
-- Added test 'cppcheck' to perform static code analysis on C / C++ code
-- Configured cppcheck include dirs: $<BUILD_INTERFACE:/home/skulikk/robot/src/sensors_pkg/include>
-- Configured cppcheck exclude dirs and/or files: 
-- Added test 'flake8' to check Python code syntax and style conventions
-- Added test 'lint_cmake' to check CMake code style
-- Added test 'pep257' to check Python code against some of the docstring style conventions in PEP 257
-- Added test 'uncrustify' to check C / C++ code style
-- Configured uncrustify additional arguments: 
-- Added test 'xmllint' to check XML markup files
-- Configuring done
-- Generating done
-- Build files have been written to: /home/skulikk/robot/src/build/sensors_pkg
[35m[1mConsolidate compiler generated dependencies of target imu_node[0m
[35m[1mConsolidate compiler generated dependencies of target encoder_node[0m
[ 25%] [32m[1mLinking CXX executable imu_node[0m
[ 75%] Built target encoder_node
[100%] Built target imu_node
-- Install configuration: ""
-- Installing: /home/skulikk/robot/src/install/sensors_pkg/lib/sensors_pkg/imu_node
-- Set runtime path of "/home/skulikk/robot/src/install/sensors_pkg/lib/sensors_pkg/imu_node" to ""
-- Up-to-date: /home/skulikk/robot/src/install/sensors_pkg/lib/sensors_pkg/encoder_node
-- Up-to-date: /home/skulikk/robot/src/install/sensors_pkg/share/ament_index/resource_index/package_run_dependencies/sensors_pkg
-- Installing: /home/skulikk/robot/src/install/sensors_pkg/share/ament_index/resource_index/parent_prefix_path/sensors_pkg
-- Up-to-date: /home/skulikk/robot/src/install/sensors_pkg/share/sensors_pkg/environment/ament_prefix_path.sh
-- Installing: /home/skulikk/robot/src/install/sensors_pkg/share/sensors_pkg/environment/ament_prefix_path.dsv
-- Up-to-date: /home/skulikk/robot/src/install/sensors_pkg/share/sensors_pkg/environment/path.sh
-- Installing: /home/skulikk/robot/src/install/sensors_pkg/share/sensors_pkg/environment/path.dsv
-- Up-to-date: /home/skulikk/robot/src/install/sensors_pkg/share/sensors_pkg/local_setup.bash
-- Up-to-date: /home/skulikk/robot/src/install/sensors_pkg/share/sensors_pkg/local_setup.sh
-- Up-to-date: /home/skulikk/robot/src/install/sensors_pkg/share/sensors_pkg/local_setup.zsh
-- Installing: /home/skulikk/robot/src/install/sensors_pkg/share/sensors_pkg/local_setup.dsv
-- Installing: /home/skulikk/robot/src/install/sensors_pkg/share/sensors_pkg/package.dsv
-- Up-to-date: /home/skulikk/robot/src/install/sensors_pkg/share/ament_index/resource_index/packages/sensors_pkg
-- Up-to-date: /home/skulikk/robot/src/install/sensors_pkg/share/sensors_pkg/cmake/sensors_pkgConfig.cmake
-- Up-to-date: /home/skulikk/robot/src/install/sensors_pkg/share/sensors_pkg/cmake/sensors_pkgConfig-version.cmake
-- Up-to-date: /home/skulikk/robot/src/install/sensors_pkg/share/sensors_pkg/package.xml
