[0.063s] Invoking command in '/home/skulikk/robot/src/build/sensors_pkg': CMAKE_PREFIX_PATH=/opt/ros/humble /usr/bin/cmake --build /home/skulikk/robot/src/build/sensors_pkg -- -j4 -l4
[0.185s] -- Found ament_cmake: 1.3.11 (/opt/ros/humble/share/ament_cmake/cmake)
[0.914s] -- Found rclcpp: 16.0.11 (/opt/ros/humble/share/rclcpp/cmake)
[1.135s] -- Found rosidl_generator_c: 3.1.6 (/opt/ros/humble/share/rosidl_generator_c/cmake)
[1.153s] -- Found rosidl_adapter: 3.1.6 (/opt/ros/humble/share/rosidl_adapter/cmake)
[1.195s] -- Found rosidl_generator_cpp: 3.1.6 (/opt/ros/humble/share/rosidl_generator_cpp/cmake)
[1.254s] -- Using all available rosidl_typesupport_c: rosidl_typesupport_fastrtps_c;rosidl_typesupport_introspection_c
[1.327s] -- Using all available rosidl_typesupport_cpp: rosidl_typesupport_fastrtps_cpp;rosidl_typesupport_introspection_cpp
[1.613s] -- Found rmw_implementation_cmake: 6.1.2 (/opt/ros/humble/share/rmw_implementation_cmake/cmake)
[1.627s] -- Found rmw_fastrtps_cpp: 6.2.7 (/opt/ros/humble/share/rmw_fastrtps_cpp/cmake)
[2.360s] -- Using RMW implementation 'rmw_fastrtps_cpp' as default
[2.656s] -- Found ament_lint_auto: 0.12.11 (/opt/ros/humble/share/ament_lint_auto/cmake)
[3.143s] -- Added test 'cppcheck' to perform static code analysis on C / C++ code
[3.144s] -- Configured cppcheck include dirs: $<BUILD_INTERFACE:/home/skulikk/robot/src/sensors_pkg/include>
[3.144s] -- Configured cppcheck exclude dirs and/or files: 
[3.162s] -- Added test 'flake8' to check Python code syntax and style conventions
[3.199s] -- Added test 'lint_cmake' to check CMake code style
[3.218s] -- Added test 'pep257' to check Python code against some of the docstring style conventions in PEP 257
[3.354s] -- Added test 'uncrustify' to check C / C++ code style
[3.355s] -- Configured uncrustify additional arguments: 
[3.373s] -- Added test 'xmllint' to check XML markup files
[3.382s] -- Configuring done
[3.486s] -- Generating done
[3.511s] -- Build files have been written to: /home/skulikk/robot/src/build/sensors_pkg
[3.616s] [35m[1mConsolidate compiler generated dependencies of target imu_node[0m
[3.617s] [35m[1mConsolidate compiler generated dependencies of target encoder_node[0m
[3.718s] [ 25%] [32m[1mLinking CXX executable imu_node[0m
[3.721s] [ 75%] Built target encoder_node
[4.703s] [100%] Built target imu_node
[4.743s] Invoked command in '/home/skulikk/robot/src/build/sensors_pkg' returned '0': CMAKE_PREFIX_PATH=/opt/ros/humble /usr/bin/cmake --build /home/skulikk/robot/src/build/sensors_pkg -- -j4 -l4
[4.752s] Invoking command in '/home/skulikk/robot/src/build/sensors_pkg': CMAKE_PREFIX_PATH=/opt/ros/humble /usr/bin/cmake --install /home/skulikk/robot/src/build/sensors_pkg
[4.780s] -- Install configuration: ""
[4.784s] -- Installing: /home/skulikk/robot/src/install/sensors_pkg/lib/sensors_pkg/imu_node
[4.797s] -- Set runtime path of "/home/skulikk/robot/src/install/sensors_pkg/lib/sensors_pkg/imu_node" to ""
[4.802s] -- Up-to-date: /home/skulikk/robot/src/install/sensors_pkg/lib/sensors_pkg/encoder_node
[4.804s] -- Up-to-date: /home/skulikk/robot/src/install/sensors_pkg/share/ament_index/resource_index/package_run_dependencies/sensors_pkg
[4.805s] -- Installing: /home/skulikk/robot/src/install/sensors_pkg/share/ament_index/resource_index/parent_prefix_path/sensors_pkg
[4.811s] -- Up-to-date: /home/skulikk/robot/src/install/sensors_pkg/share/sensors_pkg/environment/ament_prefix_path.sh
[4.814s] -- Installing: /home/skulikk/robot/src/install/sensors_pkg/share/sensors_pkg/environment/ament_prefix_path.dsv
[4.814s] -- Up-to-date: /home/skulikk/robot/src/install/sensors_pkg/share/sensors_pkg/environment/path.sh
[4.819s] -- Installing: /home/skulikk/robot/src/install/sensors_pkg/share/sensors_pkg/environment/path.dsv
[4.821s] -- Up-to-date: /home/skulikk/robot/src/install/sensors_pkg/share/sensors_pkg/local_setup.bash
[4.830s] -- Up-to-date: /home/skulikk/robot/src/install/sensors_pkg/share/sensors_pkg/local_setup.sh
[4.831s] -- Up-to-date: /home/skulikk/robot/src/install/sensors_pkg/share/sensors_pkg/local_setup.zsh
[4.832s] -- Installing: /home/skulikk/robot/src/install/sensors_pkg/share/sensors_pkg/local_setup.dsv
[4.833s] -- Installing: /home/skulikk/robot/src/install/sensors_pkg/share/sensors_pkg/package.dsv
[4.833s] -- Up-to-date: /home/skulikk/robot/src/install/sensors_pkg/share/ament_index/resource_index/packages/sensors_pkg
[4.834s] -- Up-to-date: /home/skulikk/robot/src/install/sensors_pkg/share/sensors_pkg/cmake/sensors_pkgConfig.cmake
[4.835s] -- Up-to-date: /home/skulikk/robot/src/install/sensors_pkg/share/sensors_pkg/cmake/sensors_pkgConfig-version.cmake
[4.844s] -- Up-to-date: /home/skulikk/robot/src/install/sensors_pkg/share/sensors_pkg/package.xml
[4.845s] Invoked command in '/home/skulikk/robot/src/build/sensors_pkg' returned '0': CMAKE_PREFIX_PATH=/opt/ros/humble /usr/bin/cmake --install /home/skulikk/robot/src/build/sensors_pkg
